-------- Log file system.log -------

Executable: /Users/mohammadzishanshadab/opt/anaconda3/bin/vplanet
Version: Unknown
System Name: system
Primary Input File: vpl.in
Body File #1: star.in
Allow files to be overwitten: Yes
Mass Units: Grams
Length Units: Meters
Time Units: Seconds
Angle Units: Radians

------- FORMATTING -----
Verbosity Level: 0
Crossover Decade for Scientific Notation: 4
Number of Digits After Decimal: 6
Integration Method: Runge-Kutta4
Direction: Forward
Time Step: 3.155760e+07
Stop Time: 3.155760e+17
Output Interval: 3.155760e+13
Use Variable Timestep: Yes
dEta: 0.010000
Minimum Value of ecc and obl: 1.000000e-10


---- INITIAL SYSTEM PROPERTIES ----
(Age) System Age [sec]: 1.577880e+14 
(Time) Simulation Time [sec]: 0.000000 
(TotAngMom) Total Angular Momentum [kg*m^2/sec]: 8.491314e+41 
(TotEnergy) Total System Energy [kg*m^2/sec^2]: -6.770344e+39 
(PotEnergy) Body's non-orbital Potential Energy [kg*m^2/sec^2]: -6.801219e+39 
(KinEnergy) Body's non-orbital Kinetic Energy [kg*m^2/sec^2]: 3.087529e+37 
(DeltaTime) Average Timestep Over Last Output Interval [sec]: 0.000000 

----- BODY: star ----
Active Modules: STELLAR
Module Bit Sum: 65
Color: 000000
(Mass) Mass [kg]: 2.763898e+29 
(Radius) Radius [m]: 4.497933e+08 
(RadGyra) Radius of Gyration/Moment of Inertia Constant []: 0.456962 
(RotAngMom) Rotational Angular Momentum [kg*m^2/sec]: 8.491314e+41 
(RotVel) Rotational Velocity [m/sec]: 3.270989e+04 
(BodyType) Type of Body (0 == planet) []: 0.000000 
(RotRate) Rotational Frequency [/sec]: 7.272205e-05 
(RotPer) Rotational Period [sec]: 8.640000e+04 
(Density) Average Density [kg/m^3]: 725.094115 
(HZLimitDryRunaway) Semi-major axis of Dry Runaway HZ Limit [m]: 2.556329e+10 
(HZLimRecVenus) Recent Venus HZ Limit [m]: 2.294238e+10 
(HZLimRunaway) Runaway Greenhouse HZ Limit [m]: 3.023255e+10 
(HZLimMoistGreenhouse) Moist Greenhouse HZ Limit [m]: 3.035655e+10 
(HZLimMaxGreenhouse) Maximum Greenhouse HZ Limit [m]: 5.790074e+10 
(HZLimEarlyMars) Early Mars HZ Limit [m]: 6.314675e+10 
(Instellation) Orbit-averaged INcident STELLar radiATION [kg*m^2/sec^2/(m^2*sec)]: -1.000000 
(CriticalSemiMajorAxis) Holman & Wiegert (1999) P-type Critical Semi-major Axis [m]: -1.000000 
(LXUVTot) Total XUV Luminosity [LSUN]: 4.253274e-05 
(LostEnergy) Body's Total Lost Energy [kg*m^2/sec^2]: 5.562685e-309 
(LostAngMom) Lost Angular Momentum due to Magnetic Braking [kg*m^2/sec]: 5.562685e-309 
----- STELLAR PARAMETERS (star)------
(Luminosity) Luminosity [LSUN]: 0.035444 
(LXUVStellar) Base X-ray/XUV Luminosity [kg*m^2/sec^3]: 1.635809e+22 
(Temperature) Effective Temperature [K]: 3115.577189 
(LXUVFrac) Fraction of luminosity in XUV []: 0.001200 
(RossbyNumber) Rossby Number []: 0.015694 
(DRotPerDtStellar) Time Rate of Change of Rotation Period in STELLAR []: -1.146424e-10 
Output Order: Time[year] Luminosity[LSUN] LXUVTot[LSUN] Radius[m] Temperature[K] HZLimRecVenus[m] HZLimRunaway[m] HZLimMaxGreenhouse[m] HZLimEarlyMars[m]
Grid Output Order:



---- FINAL SYSTEM PROPERTIES ----
(Age) System Age [sec]: 3.098325e+17 
(Time) Simulation Time [sec]: 3.096747e+17 
(TotAngMom) Total Angular Momentum [kg*m^2/sec]: 8.500588e+41 
(TotEnergy) Total System Energy [kg*m^2/sec^2]: -6.803058e+39 
(PotEnergy) Body's non-orbital Potential Energy [kg*m^2/sec^2]: -2.672267e+40 
(KinEnergy) Body's non-orbital Kinetic Energy [kg*m^2/sec^2]: 2.593286e+32 
(DeltaTime) Average Timestep Over Last Output Interval [sec]: 1.453611e+08 

----- BODY: star ----
Active Modules: STELLAR
Module Bit Sum: 65
Color: 000000
(Mass) Mass [kg]: 2.763898e+29 
(Radius) Radius [m]: 1.144774e+08 
(RadGyra) Radius of Gyration/Moment of Inertia Constant []: 0.462395 
(RotAngMom) Rotational Angular Momentum [kg*m^2/sec]: 6.337737e+38 
(RotVel) Rotational Velocity [m/sec]: 93.684130 
(BodyType) Type of Body (0 == planet) []: 0.000000 
(RotRate) Rotational Frequency [/sec]: 8.183633e-07 
(RotPer) Rotational Period [sec]: 7.677746e+06 
(Density) Average Density [kg/m^3]: 4.398188e+04 
(HZLimitDryRunaway) Semi-major axis of Dry Runaway HZ Limit [m]: 6.360013e+09 
(HZLimRecVenus) Recent Venus HZ Limit [m]: 5.711024e+09 
(HZLimRunaway) Runaway Greenhouse HZ Limit [m]: 7.523866e+09 
(HZLimMoistGreenhouse) Moist Greenhouse HZ Limit [m]: 7.556628e+09 
(HZLimMaxGreenhouse) Maximum Greenhouse HZ Limit [m]: 1.442930e+10 
(HZLimEarlyMars) Early Mars HZ Limit [m]: 1.573664e+10 
(Instellation) Orbit-averaged INcident STELLar radiATION [kg*m^2/sec^2/(m^2*sec)]: -1.000000 
(CriticalSemiMajorAxis) Holman & Wiegert (1999) P-type Critical Semi-major Axis [m]: -1.000000 
(LXUVTot) Total XUV Luminosity [LSUN]: 6.498630e-07 
(LostEnergy) Body's Total Lost Energy [kg*m^2/sec^2]: 1.991961e+40 
(LostAngMom) Lost Angular Momentum due to Magnetic Braking [kg*m^2/sec]: 8.494250e+41 
----- STELLAR PARAMETERS (star)------
(Luminosity) Luminosity [LSUN]: 0.002194 
(LXUVStellar) Base X-ray/XUV Luminosity [kg*m^2/sec^3]: 2.499373e+20 
(Temperature) Effective Temperature [K]: 3085.959508 
(LXUVFrac) Fraction of luminosity in XUV []: 0.000296 
(RossbyNumber) Rossby Number []: 1.373587 
(DRotPerDtStellar) Time Rate of Change of Rotation Period in STELLAR []: 1.125776e-11 
Output Order: Time[year] Luminosity[LSUN] LXUVTot[LSUN] Radius[m] Temperature[K] HZLimRecVenus[m] HZLimRunaway[m] HZLimMaxGreenhouse[m] HZLimEarlyMars[m]
Grid Output Order:
