-------- Log file LP791-18.log -------

Executable: /Users/noahvowell/opt/anaconda3/envs/exo/bin/vplanet
Version: Unknown
System Name: LP791-18
Primary Input File: vpl.in
Body File #1: star.in
Body File #2: b.in
Body File #3: c.in
Body File #4: d.in
Allow files to be overwitten: Yes
Mass Units: Grams
Length Units: Meters
Time Units: Seconds
Angle Units: Radians

------- FORMATTING -----
Verbosity Level: 5
Crossover Decade for Scientific Notation: 4
Number of Digits After Decimal: 6
Integration Method: Runge-Kutta4
Direction: Forward
Time Step: 3.155760e+07
Stop Time: 3.155760e+12
Output Interval: 3.155760e+09
Use Variable Timestep: Yes
dEta: 0.010000
Minimum Value of ecc and obl: 1.000000e-10


---- INITIAL SYSTEM PROPERTIES ----
(Age) System Age [sec]: 3.155760e+13 
(Time) Simulation Time [sec]: 0.000000 
(TotAngMom) Total Angular Momentum [kg*m^2/sec]: 1.336589e+41 
(TotEnergy) Total System Energy [kg*m^2/sec^2]: -2.225554e+40 
(PotEnergy) Body's non-orbital Potential Energy [kg*m^2/sec^2]: -2.226407e+40 
(KinEnergy) Body's non-orbital Kinetic Energy [kg*m^2/sec^2]: 8.692379e+36 
(DeltaTime) Average Timestep Over Last Output Interval [sec]: 0.000000 

----- BODY: star ----
Active Modules: 
Module Bit Sum: 1
Color: 000000
(Mass) Mass [kg]: 2.628390e+29 
(Radius) Radius [m]: 1.242598e+08 
(RadGyra) Radius of Gyration/Moment of Inertia Constant []: 0.450000 
(BodyType) Type of Body (0 == planet) []: 0.000000 
(Density) Average Density [kg/m^3]: 3.270460e+04 
(HZLimitDryRunaway) Semi-major axis of Dry Runaway HZ Limit [m]: -1.000000 
(HZLimRecVenus) Recent Venus HZ Limit []: -1.000000 
(HZLimRunaway) Runaway Greenhouse HZ Limit []: -1.000000 
(HZLimMoistGreenhouse) Moist Greenhouse HZ Limit []: -1.000000 
(HZLimMaxGreenhouse) Maximum Greenhouse HZ Limit []: -1.000000 
(HZLimEarlyMars) Early Mars HZ Limit []: -1.000000 
(Instellation) Orbit-averaged INcident STELLar radiATION [kg*m^2/sec^2/(m^2*sec)]: -1.000000 
Output Order:
Grid Output Order:

----- BODY: b ----
Active Modules: DistOrb
Module Bit Sum: 17
Color: 000000
(Mass) Mass [kg]: 9.626257e+24 
(Radius) Radius [m]: 7.738480e+06 
(RadGyra) Radius of Gyration/Moment of Inertia Constant []: 0.400000 
(RotKinEnergy) Body's Rotational Energy [kg*m^2/sec^2]: 2.438884e+29 
(RotVel) Rotational Velocity [m/sec]: 562.758179 
(BodyType) Type of Body (0 == planet) []: 0.000000 
(Density) Average Density [kg/m^3]: 4959.087564 
(HEcc) Poincare's h (=e*sin(varpi) []: 0.001374 
(HZLimitDryRunaway) Semi-major axis of Dry Runaway HZ Limit [m]: -1.000000 
(HZLimRecVenus) Recent Venus HZ Limit []: -1.000000 
(HZLimRunaway) Runaway Greenhouse HZ Limit []: -1.000000 
(HZLimMoistGreenhouse) Moist Greenhouse HZ Limit []: -1.000000 
(HZLimMaxGreenhouse) Maximum Greenhouse HZ Limit []: -1.000000 
(HZLimEarlyMars) Early Mars HZ Limit []: -1.000000 
(Instellation) Orbit-averaged INcident STELLar radiATION [kg*m^2/sec^2/(m^2*sec)]: -1.000000 
(KEcc) Poincare's k (=e*cos(varpi) []: 0.002061 
(Eccentricity) Orbital Eccentricity []: 0.002477 
(OrbEnergy) Body's Total Orbital Energy [kg*m^2/sec^2]: -5.866643e+34 
(MeanMotion) Orbital Mean Motion [/sec]: 7.671089e-05 
(OrbPeriod) Orbital Period [sec]: 8.190734e+04 
(SemiMajorAxis) Semi-major Axis [m]: 1.439236e+09 
(OrbAngMom) Orbital Angular Momentum [kg*m^2/sec]: 1.529542e+39 
(ArgP) Body's argument of pericenter [rad]: 0.314353 
(Inc) Body's Inclination [rad]: 0.040931 
(LongA) Body's Longitude of ascending node [rad]: 0.273706 
(MeanLongitude) Orbital Mean Longitude [rad]: 0.588060 
(LongP) Body's Longitude of pericenter [rad]: 0.588060 
(TotOrbEnergy) System's Total Orbital Energy [kg*m^2/sec^2]: -1.551035e+35 
(OrbPotEnergy) Body's Orbital Potential Energy [kg*m^2/sec^2]: -1.173329e+35 
----- DISTORB PARAMETERS (b)------
(Sinc) Body's sin(Inc/2) in DistOrb []: 0.020464 
(Pinc) Body's Poincare p in DistOrb []: 0.005532 
(Qinc) Body's Poincare q in DistOrb []: 0.019703 
(DIncDtDistOrb) Body's inclination derivative in DistOrb [rad/sec]: -2.999965e-12 
(DSincDtDistOrb) Body's sin(Inc/2) derivative in DistOrb [/sec]: -1.499668e-12 
(DLongADtDistOrb) Body's longitude of ascending node derivative in DistOrb [rad/sec]: -6.700032e-10 
(DLongPDtDistOrb) Body's longitude of pericenter derivative in DistOrb [rad/sec]: 1.265553e-10 
(DHeccDtDistOrb) Body's Poincare h derivative in DistOrb [/sec]: -1.145948e-12 
(DKeccDtDistOrb) Body's Poincare k in DistOrb [/sec]: -2.283755e-12 
(DPincDtDistOrb) Body's Poincare p in DistOrb [/sec]: -1.360613e-11 
(DQincDtDistOrb) Body's Poincare q in DistOrb [/sec]: 2.262307e-12 
Output Order: Time[year] TotEnergy[ergs] TotAngMom[kg*m^2/s] LongP[deg] SemiMajorAxis[au] Eccentricity[] Inc[deg] LongA[deg]
Grid Output Order:

----- BODY: c ----
Active Modules: DistOrb
Module Bit Sum: 17
Color: 000000
(Mass) Mass [kg]: 4.277229e+25 
(Radius) Radius [m]: 1.498049e+07 
(RadGyra) Radius of Gyration/Moment of Inertia Constant []: 0.400000 
(RotKinEnergy) Body's Rotational Energy [kg*m^2/sec^2]: 4.061038e+30 
(RotVel) Rotational Velocity [m/sec]: 1089.412307 
(BodyType) Type of Body (0 == planet) []: 0.000000 
(Density) Average Density [kg/m^3]: 3037.354320 
(HEcc) Poincare's h (=e*sin(varpi) []: -0.008771 
(HZLimitDryRunaway) Semi-major axis of Dry Runaway HZ Limit [m]: -1.000000 
(HZLimRecVenus) Recent Venus HZ Limit []: -1.000000 
(HZLimRunaway) Runaway Greenhouse HZ Limit []: -1.000000 
(HZLimMoistGreenhouse) Moist Greenhouse HZ Limit []: -1.000000 
(HZLimMaxGreenhouse) Maximum Greenhouse HZ Limit []: -1.000000 
(HZLimEarlyMars) Early Mars HZ Limit []: -1.000000 
(Instellation) Orbit-averaged INcident STELLar radiATION [kg*m^2/sec^2/(m^2*sec)]: -1.000000 
(KEcc) Poincare's k (=e*cos(varpi) []: 0.005106 
(Eccentricity) Orbital Eccentricity []: 0.010149 
(OrbEnergy) Body's Total Orbital Energy [kg*m^2/sec^2]: -8.614304e+34 
(MeanMotion) Orbital Mean Motion [/sec]: 1.457379e-05 
(OrbPeriod) Orbital Period [sec]: 4.311290e+05 
(SemiMajorAxis) Semi-major Axis [m]: 4.355185e+09 
(OrbAngMom) Orbital Angular Momentum [kg*m^2/sec]: 1.182103e+40 
(ArgP) Body's argument of pericenter [rad]: 2.265525 
(Inc) Body's Inclination [rad]: 0.006904 
(LongA) Body's Longitude of ascending node [rad]: 2.974001 
(MeanLongitude) Orbital Mean Longitude [rad]: -1.043659 
(LongP) Body's Longitude of pericenter [rad]: 5.239526 
(TotOrbEnergy) System's Total Orbital Energy [kg*m^2/sec^2]: -1.551035e+35 
(OrbPotEnergy) Body's Orbital Potential Energy [kg*m^2/sec^2]: -1.722861e+35 
----- DISTORB PARAMETERS (c)------
(Sinc) Body's sin(Inc/2) in DistOrb []: 0.003452 
(Pinc) Body's Poincare p in DistOrb []: 0.000576 
(Qinc) Body's Poincare q in DistOrb []: -0.003404 
(DIncDtDistOrb) Body's inclination derivative in DistOrb [rad/sec]: 2.227728e-12 
(DSincDtDistOrb) Body's sin(Inc/2) derivative in DistOrb [/sec]: 1.113857e-12 
(DLongADtDistOrb) Body's longitude of ascending node derivative in DistOrb [rad/sec]: -1.265022e-10 
(DLongPDtDistOrb) Body's longitude of pericenter derivative in DistOrb [rad/sec]: 1.226771e-10 
(DHeccDtDistOrb) Body's Poincare h derivative in DistOrb [/sec]: -1.350254e-12 
(DKeccDtDistOrb) Body's Poincare k in DistOrb [/sec]: 2.226592e-12 
(DPincDtDistOrb) Body's Poincare p in DistOrb [/sec]: 6.163898e-13 
(DQincDtDistOrb) Body's Poincare q in DistOrb [/sec]: -1.025405e-12 
Output Order: Time[year] LongP[deg] SemiMajorAxis[au] Eccentricity[] Inc[deg] LongA[deg]
Grid Output Order:

----- BODY: d ----
Active Modules: DistOrb
Module Bit Sum: 17
Color: 000000
(Mass) Mass [kg]: 3.438448e+24 
(Radius) Radius [m]: 6.406428e+06 
(RadGyra) Radius of Gyration/Moment of Inertia Constant []: 0.400000 
(RotKinEnergy) Body's Rotational Energy [kg*m^2/sec^2]: 5.970580e+28 
(RotVel) Rotational Velocity [m/sec]: 465.888576 
(BodyType) Type of Body (0 == planet) []: 0.000000 
(Density) Average Density [kg/m^3]: 3121.950594 
(HEcc) Poincare's h (=e*sin(varpi) []: -0.000352 
(HZLimitDryRunaway) Semi-major axis of Dry Runaway HZ Limit [m]: -1.000000 
(HZLimRecVenus) Recent Venus HZ Limit []: -1.000000 
(HZLimRunaway) Runaway Greenhouse HZ Limit []: -1.000000 
(HZLimMoistGreenhouse) Moist Greenhouse HZ Limit []: -1.000000 
(HZLimMaxGreenhouse) Maximum Greenhouse HZ Limit []: -1.000000 
(HZLimEarlyMars) Early Mars HZ Limit []: -1.000000 
(Instellation) Orbit-averaged INcident STELLar radiATION [kg*m^2/sec^2/(m^2*sec)]: -1.000000 
(KEcc) Poincare's k (=e*cos(varpi) []: 0.016438 
(Eccentricity) Orbital Eccentricity []: 0.016442 
(OrbEnergy) Body's Total Orbital Energy [kg*m^2/sec^2]: -1.029405e+34 
(MeanMotion) Orbital Mean Motion [/sec]: 2.641127e-05 
(OrbPeriod) Orbital Period [sec]: 2.378979e+05 
(SemiMajorAxis) Semi-major Axis [m]: 2.929816e+09 
(OrbAngMom) Orbital Angular Momentum [kg*m^2/sec]: 7.794140e+38 
(ArgP) Body's argument of pericenter [rad]: 3.701268 
(Inc) Body's Inclination [rad]: 0.015634 
(LongA) Body's Longitude of ascending node [rad]: 2.560494 
(MeanLongitude) Orbital Mean Longitude [rad]: -0.021423 
(LongP) Body's Longitude of pericenter [rad]: 6.261762 
(TotOrbEnergy) System's Total Orbital Energy [kg*m^2/sec^2]: -1.551035e+35 
(OrbPotEnergy) Body's Orbital Potential Energy [kg*m^2/sec^2]: -2.058810e+34 
----- DISTORB PARAMETERS (d)------
(Sinc) Body's sin(Inc/2) in DistOrb []: 0.007817 
(Pinc) Body's Poincare p in DistOrb []: 0.004291 
(Qinc) Body's Poincare q in DistOrb []: -0.006534 
(DIncDtDistOrb) Body's inclination derivative in DistOrb [rad/sec]: 4.617173e-13 
(DSincDtDistOrb) Body's sin(Inc/2) derivative in DistOrb [/sec]: 2.308516e-13 
(DLongADtDistOrb) Body's longitude of ascending node derivative in DistOrb [rad/sec]: -2.635238e-09 
(DLongPDtDistOrb) Body's longitude of pericenter derivative in DistOrb [rad/sec]: 2.567229e-09 
(DHeccDtDistOrb) Body's Poincare h derivative in DistOrb [/sec]: 4.264219e-11 
(DKeccDtDistOrb) Body's Poincare k in DistOrb [/sec]: -1.973228e-11 
(DPincDtDistOrb) Body's Poincare p in DistOrb [/sec]: 1.734510e-11 
(DQincDtDistOrb) Body's Poincare q in DistOrb [/sec]: 1.111503e-11 
Output Order: Time[year] LongP[deg] SemiMajorAxis[au] Eccentricity[] Inc[deg] LongA[deg]
Grid Output Order:



---- FINAL SYSTEM PROPERTIES ----
(Age) System Age [sec]: 3.471336e+13 
(Time) Simulation Time [sec]: 3.155760e+12 
(TotAngMom) Total Angular Momentum [kg*m^2/sec]: 1.336589e+41 
(TotEnergy) Total System Energy [kg*m^2/sec^2]: -2.225554e+40 
(PotEnergy) Body's non-orbital Potential Energy [kg*m^2/sec^2]: -2.226407e+40 
(KinEnergy) Body's non-orbital Kinetic Energy [kg*m^2/sec^2]: 8.692379e+36 
(DeltaTime) Average Timestep Over Last Output Interval [sec]: 3139.834758 

----- BODY: star ----
Active Modules: 
Module Bit Sum: 1
Color: 000000
(Mass) Mass [kg]: 2.628390e+29 
(Radius) Radius [m]: 1.242598e+08 
(RadGyra) Radius of Gyration/Moment of Inertia Constant []: 0.450000 
(BodyType) Type of Body (0 == planet) []: 0.000000 
(Density) Average Density [kg/m^3]: 3.270460e+04 
(HZLimitDryRunaway) Semi-major axis of Dry Runaway HZ Limit [m]: -1.000000 
(HZLimRecVenus) Recent Venus HZ Limit []: -1.000000 
(HZLimRunaway) Runaway Greenhouse HZ Limit []: -1.000000 
(HZLimMoistGreenhouse) Moist Greenhouse HZ Limit []: -1.000000 
(HZLimMaxGreenhouse) Maximum Greenhouse HZ Limit []: -1.000000 
(HZLimEarlyMars) Early Mars HZ Limit []: -1.000000 
(Instellation) Orbit-averaged INcident STELLar radiATION [kg*m^2/sec^2/(m^2*sec)]: -1.000000 
Output Order:
Grid Output Order:

----- BODY: b ----
Active Modules: DistOrb
Module Bit Sum: 17
Color: 000000
(Mass) Mass [kg]: 9.626257e+24 
(Radius) Radius [m]: 7.738480e+06 
(RadGyra) Radius of Gyration/Moment of Inertia Constant []: 0.400000 
(RotKinEnergy) Body's Rotational Energy [kg*m^2/sec^2]: 2.438884e+29 
(RotVel) Rotational Velocity [m/sec]: 562.758179 
(BodyType) Type of Body (0 == planet) []: 0.000000 
(Density) Average Density [kg/m^3]: 4959.087564 
(HEcc) Poincare's h (=e*sin(varpi) []: 0.006808 
(HZLimitDryRunaway) Semi-major axis of Dry Runaway HZ Limit [m]: -1.000000 
(HZLimRecVenus) Recent Venus HZ Limit []: -1.000000 
(HZLimRunaway) Runaway Greenhouse HZ Limit []: -1.000000 
(HZLimMoistGreenhouse) Moist Greenhouse HZ Limit []: -1.000000 
(HZLimMaxGreenhouse) Maximum Greenhouse HZ Limit []: -1.000000 
(HZLimEarlyMars) Early Mars HZ Limit []: -1.000000 
(Instellation) Orbit-averaged INcident STELLar radiATION [kg*m^2/sec^2/(m^2*sec)]: -1.000000 
(KEcc) Poincare's k (=e*cos(varpi) []: -0.003570 
(Eccentricity) Orbital Eccentricity []: 0.007687 
(OrbEnergy) Body's Total Orbital Energy [kg*m^2/sec^2]: -5.866643e+34 
(MeanMotion) Orbital Mean Motion [/sec]: 7.671089e-05 
(OrbPeriod) Orbital Period [sec]: 8.190734e+04 
(SemiMajorAxis) Semi-major Axis [m]: 1.439236e+09 
(OrbAngMom) Orbital Angular Momentum [kg*m^2/sec]: 1.529501e+39 
(ArgP) Body's argument of pericenter [rad]: 2.270707 
(Inc) Body's Inclination [rad]: 0.038903 
(LongA) Body's Longitude of ascending node [rad]: 6.066199 
(MeanLongitude) Orbital Mean Longitude [rad]: 2.053720 
(LongP) Body's Longitude of pericenter [rad]: 2.053720 
(TotOrbEnergy) System's Total Orbital Energy [kg*m^2/sec^2]: -1.551035e+35 
(OrbPotEnergy) Body's Orbital Potential Energy [kg*m^2/sec^2]: -1.173329e+35 
----- DISTORB PARAMETERS (b)------
(Sinc) Body's sin(Inc/2) in DistOrb []: 0.019450 
(Pinc) Body's Poincare p in DistOrb []: -0.004187 
(Qinc) Body's Poincare q in DistOrb []: 0.018994 
(DIncDtDistOrb) Body's inclination derivative in DistOrb [rad/sec]: -8.710223e-13 
(DSincDtDistOrb) Body's sin(Inc/2) derivative in DistOrb [/sec]: -4.354288e-13 
(DLongADtDistOrb) Body's longitude of ascending node derivative in DistOrb [rad/sec]: -6.369707e-10 
(DLongPDtDistOrb) Body's longitude of pericenter derivative in DistOrb [rad/sec]: 2.380422e-10 
(DHeccDtDistOrb) Body's Poincare h derivative in DistOrb [/sec]: -2.792355e-12 
(DKeccDtDistOrb) Body's Poincare k in DistOrb [/sec]: -6.020571e-13 
(DPincDtDistOrb) Body's Poincare p in DistOrb [/sec]: -1.200491e-11 
(DQincDtDistOrb) Body's Poincare q in DistOrb [/sec]: -3.092457e-12 
Output Order: Time[year] TotEnergy[ergs] TotAngMom[kg*m^2/s] LongP[deg] SemiMajorAxis[au] Eccentricity[] Inc[deg] LongA[deg]
Grid Output Order:

----- BODY: c ----
Active Modules: DistOrb
Module Bit Sum: 17
Color: 000000
(Mass) Mass [kg]: 4.277229e+25 
(Radius) Radius [m]: 1.498049e+07 
(RadGyra) Radius of Gyration/Moment of Inertia Constant []: 0.400000 
(RotKinEnergy) Body's Rotational Energy [kg*m^2/sec^2]: 4.061038e+30 
(RotVel) Rotational Velocity [m/sec]: 1089.412307 
(BodyType) Type of Body (0 == planet) []: 0.000000 
(Density) Average Density [kg/m^3]: 3037.354320 
(HEcc) Poincare's h (=e*sin(varpi) []: 0.008455 
(HZLimitDryRunaway) Semi-major axis of Dry Runaway HZ Limit [m]: -1.000000 
(HZLimRecVenus) Recent Venus HZ Limit []: -1.000000 
(HZLimRunaway) Runaway Greenhouse HZ Limit []: -1.000000 
(HZLimMoistGreenhouse) Moist Greenhouse HZ Limit []: -1.000000 
(HZLimMaxGreenhouse) Maximum Greenhouse HZ Limit []: -1.000000 
(HZLimEarlyMars) Early Mars HZ Limit []: -1.000000 
(Instellation) Orbit-averaged INcident STELLar radiATION [kg*m^2/sec^2/(m^2*sec)]: -1.000000 
(KEcc) Poincare's k (=e*cos(varpi) []: 0.003831 
(Eccentricity) Orbital Eccentricity []: 0.009282 
(OrbEnergy) Body's Total Orbital Energy [kg*m^2/sec^2]: -8.614304e+34 
(MeanMotion) Orbital Mean Motion [/sec]: 1.457379e-05 
(OrbPeriod) Orbital Period [sec]: 4.311290e+05 
(SemiMajorAxis) Semi-major Axis [m]: 4.355185e+09 
(OrbAngMom) Orbital Angular Momentum [kg*m^2/sec]: 1.182113e+40 
(ArgP) Body's argument of pericenter [rad]: 4.797847 
(Inc) Body's Inclination [rad]: 0.009042 
(LongA) Body's Longitude of ascending node [rad]: 2.630650 
(MeanLongitude) Orbital Mean Longitude [rad]: 1.145311 
(LongP) Body's Longitude of pericenter [rad]: 1.145311 
(TotOrbEnergy) System's Total Orbital Energy [kg*m^2/sec^2]: -1.551035e+35 
(OrbPotEnergy) Body's Orbital Potential Energy [kg*m^2/sec^2]: -1.722861e+35 
----- DISTORB PARAMETERS (c)------
(Sinc) Body's sin(Inc/2) in DistOrb []: 0.004521 
(Pinc) Body's Poincare p in DistOrb []: 0.002211 
(Qinc) Body's Poincare q in DistOrb []: -0.003943 
(DIncDtDistOrb) Body's inclination derivative in DistOrb [rad/sec]: 7.118343e-13 
(DSincDtDistOrb) Body's sin(Inc/2) derivative in DistOrb [/sec]: 3.559135e-13 
(DLongADtDistOrb) Body's longitude of ascending node derivative in DistOrb [rad/sec]: -6.314137e-10 
(DLongPDtDistOrb) Body's longitude of pericenter derivative in DistOrb [rad/sec]: -8.170095e-11 
(DHeccDtDistOrb) Body's Poincare h derivative in DistOrb [/sec]: 8.901235e-13 
(DKeccDtDistOrb) Body's Poincare k in DistOrb [/sec]: 1.235997e-12 
(DPincDtDistOrb) Body's Poincare p in DistOrb [/sec]: 2.664001e-12 
(DQincDtDistOrb) Body's Poincare q in DistOrb [/sec]: 1.085408e-12 
Output Order: Time[year] LongP[deg] SemiMajorAxis[au] Eccentricity[] Inc[deg] LongA[deg]
Grid Output Order:

----- BODY: d ----
Active Modules: DistOrb
Module Bit Sum: 17
Color: 000000
(Mass) Mass [kg]: 3.438448e+24 
(Radius) Radius [m]: 6.406428e+06 
(RadGyra) Radius of Gyration/Moment of Inertia Constant []: 0.400000 
(RotKinEnergy) Body's Rotational Energy [kg*m^2/sec^2]: 5.970580e+28 
(RotVel) Rotational Velocity [m/sec]: 465.888576 
(BodyType) Type of Body (0 == planet) []: 0.000000 
(Density) Average Density [kg/m^3]: 3121.950594 
(HEcc) Poincare's h (=e*sin(varpi) []: 0.020508 
(HZLimitDryRunaway) Semi-major axis of Dry Runaway HZ Limit [m]: -1.000000 
(HZLimRecVenus) Recent Venus HZ Limit []: -1.000000 
(HZLimRunaway) Runaway Greenhouse HZ Limit []: -1.000000 
(HZLimMoistGreenhouse) Moist Greenhouse HZ Limit []: -1.000000 
(HZLimMaxGreenhouse) Maximum Greenhouse HZ Limit []: -1.000000 
(HZLimEarlyMars) Early Mars HZ Limit []: -1.000000 
(Instellation) Orbit-averaged INcident STELLar radiATION [kg*m^2/sec^2/(m^2*sec)]: -1.000000 
(KEcc) Poincare's k (=e*cos(varpi) []: 0.001103 
(Eccentricity) Orbital Eccentricity []: 0.020538 
(OrbEnergy) Body's Total Orbital Energy [kg*m^2/sec^2]: -1.029405e+34 
(MeanMotion) Orbital Mean Motion [/sec]: 2.641127e-05 
(OrbPeriod) Orbital Period [sec]: 2.378979e+05 
(SemiMajorAxis) Semi-major Axis [m]: 2.929816e+09 
(OrbAngMom) Orbital Angular Momentum [kg*m^2/sec]: 7.793550e+38 
(ArgP) Body's argument of pericenter [rad]: 1.958933 
(Inc) Body's Inclination [rad]: 0.006732 
(LongA) Body's Longitude of ascending node [rad]: 5.841321 
(MeanLongitude) Orbital Mean Longitude [rad]: 1.517068 
(LongP) Body's Longitude of pericenter [rad]: 1.517068 
(TotOrbEnergy) System's Total Orbital Energy [kg*m^2/sec^2]: -1.551035e+35 
(OrbPotEnergy) Body's Orbital Potential Energy [kg*m^2/sec^2]: -2.058810e+34 
----- DISTORB PARAMETERS (d)------
(Sinc) Body's sin(Inc/2) in DistOrb []: 0.003366 
(Pinc) Body's Poincare p in DistOrb []: -0.001439 
(Qinc) Body's Poincare q in DistOrb []: 0.003043 
(DIncDtDistOrb) Body's inclination derivative in DistOrb [rad/sec]: -4.386058e-12 
(DSincDtDistOrb) Body's sin(Inc/2) derivative in DistOrb [/sec]: -2.193016e-12 
(DLongADtDistOrb) Body's longitude of ascending node derivative in DistOrb [rad/sec]: -5.848369e-09 
(DLongPDtDistOrb) Body's longitude of pericenter derivative in DistOrb [rad/sec]: 2.288901e-09 
(DHeccDtDistOrb) Body's Poincare h derivative in DistOrb [/sec]: -4.987855e-12 
(DKeccDtDistOrb) Body's Poincare k in DistOrb [/sec]: -4.734575e-11 
(DPincDtDistOrb) Body's Poincare p in DistOrb [/sec]: -1.685596e-11 
(DQincDtDistOrb) Body's Poincare q in DistOrb [/sec]: -1.039990e-11 
Output Order: Time[year] LongP[deg] SemiMajorAxis[au] Eccentricity[] Inc[deg] LongA[deg]
Grid Output Order:
