-------- Log file LP791-18.log -------

Executable: /Users/noahvowell/opt/anaconda3/envs/exo/bin/vplanet
Version: Unknown
System Name: LP791-18
Primary Input File: vpl.in
Body File #1: star.in
Body File #2: b.in
Body File #3: c.in
Body File #4: d.in
Allow files to be overwitten: Yes
Mass Units: Grams
Length Units: Meters
Time Units: Seconds
Angle Units: Radians

------- FORMATTING -----
Verbosity Level: 5
Crossover Decade for Scientific Notation: 4
Number of Digits After Decimal: 6
Integration Method: Runge-Kutta4
Direction: Forward
Time Step: 3.155760e+07
Stop Time: 3.155760e+12
Output Interval: 3.155760e+09
Use Variable Timestep: Yes
dEta: 0.010000
Minimum Value of ecc and obl: 1.000000e-10


---- INITIAL SYSTEM PROPERTIES ----
(Age) System Age [sec]: 3.155760e+13 
(Time) Simulation Time [sec]: 0.000000 
(TotAngMom) Total Angular Momentum [kg*m^2/sec]: 1.516989e+41 
(TotEnergy) Total System Energy [kg*m^2/sec^2]: -2.395794e+40 
(PotEnergy) Body's non-orbital Potential Energy [kg*m^2/sec^2]: -2.396781e+40 
(KinEnergy) Body's non-orbital Kinetic Energy [kg*m^2/sec^2]: 1.003773e+37 
(DeltaTime) Average Timestep Over Last Output Interval [sec]: 0.000000 

----- BODY: star ----
Active Modules: 
Module Bit Sum: 1
Color: 000000
(Mass) Mass [kg]: 2.786113e+29 
(Radius) Radius [m]: 1.296954e+08 
(RadGyra) Radius of Gyration/Moment of Inertia Constant []: 0.450000 
(BodyType) Type of Body (0 == planet) []: 0.000000 
(Density) Average Density [kg/m^3]: 3.048849e+04 
(HZLimitDryRunaway) Semi-major axis of Dry Runaway HZ Limit [m]: -1.000000 
(HZLimRecVenus) Recent Venus HZ Limit []: -1.000000 
(HZLimRunaway) Runaway Greenhouse HZ Limit []: -1.000000 
(HZLimMoistGreenhouse) Moist Greenhouse HZ Limit []: -1.000000 
(HZLimMaxGreenhouse) Maximum Greenhouse HZ Limit []: -1.000000 
(HZLimEarlyMars) Early Mars HZ Limit []: -1.000000 
(Instellation) Orbit-averaged INcident STELLar radiATION [kg*m^2/sec^2/(m^2*sec)]: -1.000000 
Output Order:
Grid Output Order:

----- BODY: b ----
Active Modules: DistOrb
Module Bit Sum: 17
Color: 000000
(Mass) Mass [kg]: 1.225383e+25 
(Radius) Radius [m]: 7.359950e+06 
(RadGyra) Radius of Gyration/Moment of Inertia Constant []: 0.400000 
(RotKinEnergy) Body's Rotational Energy [kg*m^2/sec^2]: 2.808302e+29 
(RotVel) Rotational Velocity [m/sec]: 535.230696 
(BodyType) Type of Body (0 == planet) []: 0.000000 
(Density) Average Density [kg/m^3]: 7337.676306 
(HEcc) Poincare's h (=e*sin(varpi) []: 0.012227 
(HZLimitDryRunaway) Semi-major axis of Dry Runaway HZ Limit [m]: -1.000000 
(HZLimRecVenus) Recent Venus HZ Limit []: -1.000000 
(HZLimRunaway) Runaway Greenhouse HZ Limit []: -1.000000 
(HZLimMoistGreenhouse) Moist Greenhouse HZ Limit []: -1.000000 
(HZLimMaxGreenhouse) Maximum Greenhouse HZ Limit []: -1.000000 
(HZLimEarlyMars) Early Mars HZ Limit []: -1.000000 
(Instellation) Orbit-averaged INcident STELLar radiATION [kg*m^2/sec^2/(m^2*sec)]: -1.000000 
(KEcc) Poincare's k (=e*cos(varpi) []: -0.001762 
(Eccentricity) Orbital Eccentricity []: 0.012353 
(OrbEnergy) Body's Total Orbital Energy [kg*m^2/sec^2]: -7.763832e+34 
(MeanMotion) Orbital Mean Motion [/sec]: 7.671104e-05 
(OrbPeriod) Orbital Period [sec]: 8.190718e+04 
(SemiMajorAxis) Semi-major Axis [m]: 1.467469e+09 
(OrbAngMom) Orbital Angular Momentum [kg*m^2/sec]: 2.024021e+39 
(ArgP) Body's argument of pericenter [rad]: 5.209878 
(Inc) Body's Inclination [rad]: 0.027735 
(LongA) Body's Longitude of ascending node [rad]: 2.787254 
(MeanLongitude) Orbital Mean Longitude [rad]: 1.713947 
(LongP) Body's Longitude of pericenter [rad]: 1.713947 
(TotOrbEnergy) System's Total Orbital Energy [kg*m^2/sec^2]: -1.643543e+35 
(OrbPotEnergy) Body's Orbital Potential Energy [kg*m^2/sec^2]: -1.552766e+35 
----- DISTORB PARAMETERS (b)------
(Sinc) Body's sin(Inc/2) in DistOrb []: 0.013867 
(Pinc) Body's Poincare p in DistOrb []: 0.004811 
(Qinc) Body's Poincare q in DistOrb []: -0.013006 
(DIncDtDistOrb) Body's inclination derivative in DistOrb [rad/sec]: -5.403493e-14 
(DSincDtDistOrb) Body's sin(Inc/2) derivative in DistOrb [/sec]: -2.701487e-14 
(DLongADtDistOrb) Body's longitude of ascending node derivative in DistOrb [rad/sec]: -5.000177e-10 
(DLongPDtDistOrb) Body's longitude of pericenter derivative in DistOrb [rad/sec]: 6.146469e-10 
(DHeccDtDistOrb) Body's Poincare h derivative in DistOrb [/sec]: -1.206185e-12 
(DKeccDtDistOrb) Body's Poincare k in DistOrb [/sec]: -7.497497e-12 
(DPincDtDistOrb) Body's Poincare p in DistOrb [/sec]: 6.493693e-12 
(DQincDtDistOrb) Body's Poincare q in DistOrb [/sec]: 2.431166e-12 
Output Order: Time[year] TotEnergy[ergs] TotAngMom[kg*m^2/s] LongP[deg] SemiMajorAxis[au] Eccentricity[] Inc[deg] LongA[deg]
Grid Output Order:

----- BODY: c ----
Active Modules: DistOrb
Module Bit Sum: 17
Color: 000000
(Mass) Mass [kg]: 3.945823e+25 
(Radius) Radius [m]: 1.509646e+07 
(RadGyra) Radius of Gyration/Moment of Inertia Constant []: 0.400000 
(RotKinEnergy) Body's Rotational Energy [kg*m^2/sec^2]: 3.804611e+30 
(RotVel) Rotational Velocity [m/sec]: 1097.845774 
(BodyType) Type of Body (0 == planet) []: 0.000000 
(Density) Average Density [kg/m^3]: 2737.936455 
(HEcc) Poincare's h (=e*sin(varpi) []: -0.018195 
(HZLimitDryRunaway) Semi-major axis of Dry Runaway HZ Limit [m]: -1.000000 
(HZLimRecVenus) Recent Venus HZ Limit []: -1.000000 
(HZLimRunaway) Runaway Greenhouse HZ Limit []: -1.000000 
(HZLimMoistGreenhouse) Moist Greenhouse HZ Limit []: -1.000000 
(HZLimMaxGreenhouse) Maximum Greenhouse HZ Limit []: -1.000000 
(HZLimEarlyMars) Early Mars HZ Limit []: -1.000000 
(Instellation) Orbit-averaged INcident STELLar radiATION [kg*m^2/sec^2/(m^2*sec)]: -1.000000 
(KEcc) Poincare's k (=e*cos(varpi) []: 0.005892 
(Eccentricity) Orbital Eccentricity []: 0.019125 
(OrbEnergy) Body's Total Orbital Energy [kg*m^2/sec^2]: -8.261724e+34 
(MeanMotion) Orbital Mean Motion [/sec]: 1.457378e-05 
(OrbPeriod) Orbital Period [sec]: 4.311294e+05 
(SemiMajorAxis) Semi-major Axis [m]: 4.440584e+09 
(OrbAngMom) Orbital Angular Momentum [kg*m^2/sec]: 1.133572e+40 
(ArgP) Body's argument of pericenter [rad]: 4.939390 
(Inc) Body's Inclination [rad]: 0.002956 
(LongA) Body's Longitude of ascending node [rad]: 0.086151 
(MeanLongitude) Orbital Mean Longitude [rad]: -1.257644 
(LongP) Body's Longitude of pericenter [rad]: 5.025542 
(TotOrbEnergy) System's Total Orbital Energy [kg*m^2/sec^2]: -1.643543e+35 
(OrbPotEnergy) Body's Orbital Potential Energy [kg*m^2/sec^2]: -1.652345e+35 
----- DISTORB PARAMETERS (c)------
(Sinc) Body's sin(Inc/2) in DistOrb []: 0.001478 
(Pinc) Body's Poincare p in DistOrb []: 0.000127 
(Qinc) Body's Poincare q in DistOrb []: 0.001473 
(DIncDtDistOrb) Body's inclination derivative in DistOrb [rad/sec]: 5.926587e-13 
(DSincDtDistOrb) Body's sin(Inc/2) derivative in DistOrb [/sec]: 2.963290e-13 
(DLongADtDistOrb) Body's longitude of ascending node derivative in DistOrb [rad/sec]: -2.807515e-10 
(DLongPDtDistOrb) Body's longitude of pericenter derivative in DistOrb [rad/sec]: 1.956249e-10 
(DHeccDtDistOrb) Body's Poincare h derivative in DistOrb [/sec]: 1.636325e-12 
(DKeccDtDistOrb) Body's Poincare k in DistOrb [/sec]: 3.402734e-12 
(DPincDtDistOrb) Body's Poincare p in DistOrb [/sec]: -3.879710e-13 
(DQincDtDistOrb) Body's Poincare q in DistOrb [/sec]: 3.309392e-13 
Output Order: Time[year] LongP[deg] SemiMajorAxis[au] Eccentricity[] Inc[deg] LongA[deg]
Grid Output Order:

----- BODY: d ----
Active Modules: DistOrb
Module Bit Sum: 17
Color: 000000
(Mass) Mass [kg]: 1.316903e+24 
(Radius) Radius [m]: 6.403128e+06 
(RadGyra) Radius of Gyration/Moment of Inertia Constant []: 0.400000 
(RotKinEnergy) Body's Rotational Energy [kg*m^2/sec^2]: 2.284339e+28 
(RotVel) Rotational Velocity [m/sec]: 465.648624 
(BodyType) Type of Body (0 == planet) []: 0.000000 
(Density) Average Density [kg/m^3]: 1197.536173 
(HEcc) Poincare's h (=e*sin(varpi) []: 0.009589 
(HZLimitDryRunaway) Semi-major axis of Dry Runaway HZ Limit [m]: -1.000000 
(HZLimRecVenus) Recent Venus HZ Limit []: -1.000000 
(HZLimRunaway) Runaway Greenhouse HZ Limit []: -1.000000 
(HZLimMoistGreenhouse) Moist Greenhouse HZ Limit []: -1.000000 
(HZLimMaxGreenhouse) Maximum Greenhouse HZ Limit []: -1.000000 
(HZLimEarlyMars) Early Mars HZ Limit []: -1.000000 
(Instellation) Orbit-averaged INcident STELLar radiATION [kg*m^2/sec^2/(m^2*sec)]: -1.000000 
(KEcc) Poincare's k (=e*cos(varpi) []: -0.013346 
(Eccentricity) Orbital Eccentricity []: 0.016433 
(OrbEnergy) Body's Total Orbital Energy [kg*m^2/sec^2]: -4.098745e+33 
(MeanMotion) Orbital Mean Motion [/sec]: 2.641121e-05 
(OrbPeriod) Orbital Period [sec]: 2.378984e+05 
(SemiMajorAxis) Semi-major Axis [m]: 2.987282e+09 
(OrbAngMom) Orbital Angular Momentum [kg*m^2/sec]: 3.103372e+38 
(ArgP) Body's argument of pericenter [rad]: 3.273565 
(Inc) Body's Inclination [rad]: 0.024887 
(LongA) Body's Longitude of ascending node [rad]: 5.528207 
(MeanLongitude) Orbital Mean Longitude [rad]: 2.518587 
(LongP) Body's Longitude of pericenter [rad]: 2.518587 
(TotOrbEnergy) System's Total Orbital Energy [kg*m^2/sec^2]: -1.643543e+35 
(OrbPotEnergy) Body's Orbital Potential Energy [kg*m^2/sec^2]: -8.197489e+33 
----- DISTORB PARAMETERS (d)------
(Sinc) Body's sin(Inc/2) in DistOrb []: 0.012443 
(Pinc) Body's Poincare p in DistOrb []: -0.008527 
(Qinc) Body's Poincare q in DistOrb []: 0.009062 
(DIncDtDistOrb) Body's inclination derivative in DistOrb [rad/sec]: -2.079371e-12 
(DSincDtDistOrb) Body's sin(Inc/2) derivative in DistOrb [/sec]: -1.039605e-12 
(DLongADtDistOrb) Body's longitude of ascending node derivative in DistOrb [rad/sec]: -3.188348e-09 
(DLongPDtDistOrb) Body's longitude of pericenter derivative in DistOrb [rad/sec]: 4.907439e-09 
(DHeccDtDistOrb) Body's Poincare h derivative in DistOrb [/sec]: -5.260833e-11 
(DKeccDtDistOrb) Body's Poincare k in DistOrb [/sec]: -6.499128e-11 
(DPincDtDistOrb) Body's Poincare p in DistOrb [/sec]: -2.818138e-11 
(DQincDtDistOrb) Body's Poincare q in DistOrb [/sec]: -2.794441e-11 
Output Order: Time[year] LongP[deg] SemiMajorAxis[au] Eccentricity[] Inc[deg] LongA[deg]
Grid Output Order:



---- FINAL SYSTEM PROPERTIES ----
(Age) System Age [sec]: 3.471336e+13 
(Time) Simulation Time [sec]: 3.155760e+12 
(TotAngMom) Total Angular Momentum [kg*m^2/sec]: 1.516989e+41 
(TotEnergy) Total System Energy [kg*m^2/sec^2]: -2.395794e+40 
(PotEnergy) Body's non-orbital Potential Energy [kg*m^2/sec^2]: -2.396781e+40 
(KinEnergy) Body's non-orbital Kinetic Energy [kg*m^2/sec^2]: 1.003773e+37 
(DeltaTime) Average Timestep Over Last Output Interval [sec]: 3824.296796 

----- BODY: star ----
Active Modules: 
Module Bit Sum: 1
Color: 000000
(Mass) Mass [kg]: 2.786113e+29 
(Radius) Radius [m]: 1.296954e+08 
(RadGyra) Radius of Gyration/Moment of Inertia Constant []: 0.450000 
(BodyType) Type of Body (0 == planet) []: 0.000000 
(Density) Average Density [kg/m^3]: 3.048849e+04 
(HZLimitDryRunaway) Semi-major axis of Dry Runaway HZ Limit [m]: -1.000000 
(HZLimRecVenus) Recent Venus HZ Limit []: -1.000000 
(HZLimRunaway) Runaway Greenhouse HZ Limit []: -1.000000 
(HZLimMoistGreenhouse) Moist Greenhouse HZ Limit []: -1.000000 
(HZLimMaxGreenhouse) Maximum Greenhouse HZ Limit []: -1.000000 
(HZLimEarlyMars) Early Mars HZ Limit []: -1.000000 
(Instellation) Orbit-averaged INcident STELLar radiATION [kg*m^2/sec^2/(m^2*sec)]: -1.000000 
Output Order:
Grid Output Order:

----- BODY: b ----
Active Modules: DistOrb
Module Bit Sum: 17
Color: 000000
(Mass) Mass [kg]: 1.225383e+25 
(Radius) Radius [m]: 7.359950e+06 
(RadGyra) Radius of Gyration/Moment of Inertia Constant []: 0.400000 
(RotKinEnergy) Body's Rotational Energy [kg*m^2/sec^2]: 2.808302e+29 
(RotVel) Rotational Velocity [m/sec]: 535.230696 
(BodyType) Type of Body (0 == planet) []: 0.000000 
(Density) Average Density [kg/m^3]: 7337.676306 
(HEcc) Poincare's h (=e*sin(varpi) []: 0.009865 
(HZLimitDryRunaway) Semi-major axis of Dry Runaway HZ Limit [m]: -1.000000 
(HZLimRecVenus) Recent Venus HZ Limit []: -1.000000 
(HZLimRunaway) Runaway Greenhouse HZ Limit []: -1.000000 
(HZLimMoistGreenhouse) Moist Greenhouse HZ Limit []: -1.000000 
(HZLimMaxGreenhouse) Maximum Greenhouse HZ Limit []: -1.000000 
(HZLimEarlyMars) Early Mars HZ Limit []: -1.000000 
(Instellation) Orbit-averaged INcident STELLar radiATION [kg*m^2/sec^2/(m^2*sec)]: -1.000000 
(KEcc) Poincare's k (=e*cos(varpi) []: -0.008124 
(Eccentricity) Orbital Eccentricity []: 0.012780 
(OrbEnergy) Body's Total Orbital Energy [kg*m^2/sec^2]: -7.763832e+34 
(MeanMotion) Orbital Mean Motion [/sec]: 7.671104e-05 
(OrbPeriod) Orbital Period [sec]: 8.190718e+04 
(SemiMajorAxis) Semi-major Axis [m]: 1.467469e+09 
(OrbAngMom) Orbital Angular Momentum [kg*m^2/sec]: 2.024011e+39 
(ArgP) Body's argument of pericenter [rad]: 4.540597 
(Inc) Body's Inclination [rad]: 0.026339 
(LongA) Body's Longitude of ascending node [rad]: 4.002298 
(MeanLongitude) Orbital Mean Longitude [rad]: 2.259710 
(LongP) Body's Longitude of pericenter [rad]: 2.259710 
(TotOrbEnergy) System's Total Orbital Energy [kg*m^2/sec^2]: -1.643543e+35 
(OrbPotEnergy) Body's Orbital Potential Energy [kg*m^2/sec^2]: -1.552766e+35 
----- DISTORB PARAMETERS (b)------
(Sinc) Body's sin(Inc/2) in DistOrb []: 0.013169 
(Pinc) Body's Poincare p in DistOrb []: -0.009986 
(Qinc) Body's Poincare q in DistOrb []: -0.008585 
(DIncDtDistOrb) Body's inclination derivative in DistOrb [rad/sec]: 9.421792e-13 
(DSincDtDistOrb) Body's sin(Inc/2) derivative in DistOrb [/sec]: 4.710488e-13 
(DLongADtDistOrb) Body's longitude of ascending node derivative in DistOrb [rad/sec]: -5.306969e-10 
(DLongPDtDistOrb) Body's longitude of pericenter derivative in DistOrb [rad/sec]: 6.045637e-10 
(DHeccDtDistOrb) Body's Poincare h derivative in DistOrb [/sec]: -5.244021e-12 
(DKeccDtDistOrb) Body's Poincare k in DistOrb [/sec]: -5.690230e-12 
(DPincDtDistOrb) Body's Poincare p in DistOrb [/sec]: 4.198762e-12 
(DQincDtDistOrb) Body's Poincare q in DistOrb [/sec]: -5.606638e-12 
Output Order: Time[year] TotEnergy[ergs] TotAngMom[kg*m^2/s] LongP[deg] SemiMajorAxis[au] Eccentricity[] Inc[deg] LongA[deg]
Grid Output Order:

----- BODY: c ----
Active Modules: DistOrb
Module Bit Sum: 17
Color: 000000
(Mass) Mass [kg]: 3.945823e+25 
(Radius) Radius [m]: 1.509646e+07 
(RadGyra) Radius of Gyration/Moment of Inertia Constant []: 0.400000 
(RotKinEnergy) Body's Rotational Energy [kg*m^2/sec^2]: 3.804611e+30 
(RotVel) Rotational Velocity [m/sec]: 1097.845774 
(BodyType) Type of Body (0 == planet) []: 0.000000 
(Density) Average Density [kg/m^3]: 2737.936455 
(HEcc) Poincare's h (=e*sin(varpi) []: -0.012608 
(HZLimitDryRunaway) Semi-major axis of Dry Runaway HZ Limit [m]: -1.000000 
(HZLimRecVenus) Recent Venus HZ Limit []: -1.000000 
(HZLimRunaway) Runaway Greenhouse HZ Limit []: -1.000000 
(HZLimMoistGreenhouse) Moist Greenhouse HZ Limit []: -1.000000 
(HZLimMaxGreenhouse) Maximum Greenhouse HZ Limit []: -1.000000 
(HZLimEarlyMars) Early Mars HZ Limit []: -1.000000 
(Instellation) Orbit-averaged INcident STELLar radiATION [kg*m^2/sec^2/(m^2*sec)]: -1.000000 
(KEcc) Poincare's k (=e*cos(varpi) []: 0.014417 
(Eccentricity) Orbital Eccentricity []: 0.019153 
(OrbEnergy) Body's Total Orbital Energy [kg*m^2/sec^2]: -8.261724e+34 
(MeanMotion) Orbital Mean Motion [/sec]: 1.457378e-05 
(OrbPeriod) Orbital Period [sec]: 4.311294e+05 
(SemiMajorAxis) Semi-major Axis [m]: 4.440584e+09 
(OrbAngMom) Orbital Angular Momentum [kg*m^2/sec]: 1.133571e+40 
(ArgP) Body's argument of pericenter [rad]: 4.328470 
(Inc) Body's Inclination [rad]: 0.004732 
(LongA) Body's Longitude of ascending node [rad]: 1.236160 
(MeanLongitude) Orbital Mean Longitude [rad]: -0.718555 
(LongP) Body's Longitude of pericenter [rad]: 5.564630 
(TotOrbEnergy) System's Total Orbital Energy [kg*m^2/sec^2]: -1.643543e+35 
(OrbPotEnergy) Body's Orbital Potential Energy [kg*m^2/sec^2]: -1.652345e+35 
----- DISTORB PARAMETERS (c)------
(Sinc) Body's sin(Inc/2) in DistOrb []: 0.002366 
(Pinc) Body's Poincare p in DistOrb []: 0.002235 
(Qinc) Body's Poincare q in DistOrb []: 0.000777 
(DIncDtDistOrb) Body's inclination derivative in DistOrb [rad/sec]: -3.721404e-13 
(DSincDtDistOrb) Body's sin(Inc/2) derivative in DistOrb [/sec]: -1.860697e-13 
(DLongADtDistOrb) Body's longitude of ascending node derivative in DistOrb [rad/sec]: -9.437236e-11 
(DLongPDtDistOrb) Body's longitude of pericenter derivative in DistOrb [rad/sec]: 1.943365e-10 
(DHeccDtDistOrb) Body's Poincare h derivative in DistOrb [/sec]: 2.710466e-12 
(DKeccDtDistOrb) Body's Poincare k in DistOrb [/sec]: 2.554647e-12 
(DPincDtDistOrb) Body's Poincare p in DistOrb [/sec]: -2.490810e-13 
(DQincDtDistOrb) Body's Poincare q in DistOrb [/sec]: 1.497900e-13 
Output Order: Time[year] LongP[deg] SemiMajorAxis[au] Eccentricity[] Inc[deg] LongA[deg]
Grid Output Order:

----- BODY: d ----
Active Modules: DistOrb
Module Bit Sum: 17
Color: 000000
(Mass) Mass [kg]: 1.316903e+24 
(Radius) Radius [m]: 6.403128e+06 
(RadGyra) Radius of Gyration/Moment of Inertia Constant []: 0.400000 
(RotKinEnergy) Body's Rotational Energy [kg*m^2/sec^2]: 2.284339e+28 
(RotVel) Rotational Velocity [m/sec]: 465.648624 
(BodyType) Type of Body (0 == planet) []: 0.000000 
(Density) Average Density [kg/m^3]: 1197.536173 
(HEcc) Poincare's h (=e*sin(varpi) []: 0.009463 
(HZLimitDryRunaway) Semi-major axis of Dry Runaway HZ Limit [m]: -1.000000 
(HZLimRecVenus) Recent Venus HZ Limit []: -1.000000 
(HZLimRunaway) Runaway Greenhouse HZ Limit []: -1.000000 
(HZLimMoistGreenhouse) Moist Greenhouse HZ Limit []: -1.000000 
(HZLimMaxGreenhouse) Maximum Greenhouse HZ Limit []: -1.000000 
(HZLimEarlyMars) Early Mars HZ Limit []: -1.000000 
(Instellation) Orbit-averaged INcident STELLar radiATION [kg*m^2/sec^2/(m^2*sec)]: -1.000000 
(KEcc) Poincare's k (=e*cos(varpi) []: -0.008667 
(Eccentricity) Orbital Eccentricity []: 0.012832 
(OrbEnergy) Body's Total Orbital Energy [kg*m^2/sec^2]: -4.098745e+33 
(MeanMotion) Orbital Mean Motion [/sec]: 2.641121e-05 
(OrbPeriod) Orbital Period [sec]: 2.378984e+05 
(SemiMajorAxis) Semi-major Axis [m]: 2.987282e+09 
(OrbAngMom) Orbital Angular Momentum [kg*m^2/sec]: 3.103535e+38 
(ArgP) Body's argument of pericenter [rad]: 1.216255 
(Inc) Body's Inclination [rad]: 0.024701 
(LongA) Body's Longitude of ascending node [rad]: 1.096078 
(MeanLongitude) Orbital Mean Longitude [rad]: 2.312333 
(LongP) Body's Longitude of pericenter [rad]: 2.312333 
(TotOrbEnergy) System's Total Orbital Energy [kg*m^2/sec^2]: -1.643543e+35 
(OrbPotEnergy) Body's Orbital Potential Energy [kg*m^2/sec^2]: -8.197489e+33 
----- DISTORB PARAMETERS (d)------
(Sinc) Body's sin(Inc/2) in DistOrb []: 0.012350 
(Pinc) Body's Poincare p in DistOrb []: 0.010984 
(Qinc) Body's Poincare q in DistOrb []: 0.005645 
(DIncDtDistOrb) Body's inclination derivative in DistOrb [rad/sec]: -4.101658e-12 
(DSincDtDistOrb) Body's sin(Inc/2) derivative in DistOrb [/sec]: -2.050672e-12 
(DLongADtDistOrb) Body's longitude of ascending node derivative in DistOrb [rad/sec]: -2.915946e-09 
(DLongPDtDistOrb) Body's longitude of pericenter derivative in DistOrb [rad/sec]: 5.931044e-09 
(DHeccDtDistOrb) Body's Poincare h derivative in DistOrb [/sec]: -5.470493e-11 
(DKeccDtDistOrb) Body's Poincare k in DistOrb [/sec]: -5.310409e-11 
(DPincDtDistOrb) Body's Poincare p in DistOrb [/sec]: -1.828468e-11 
(DQincDtDistOrb) Body's Poincare q in DistOrb [/sec]: 3.109276e-11 
Output Order: Time[year] LongP[deg] SemiMajorAxis[au] Eccentricity[] Inc[deg] LongA[deg]
Grid Output Order:
