-------- Log file LP791-18.log -------

Executable: /home/solontoi/anaconda3/envs/vplanet/bin/vplanet
Version: Unknown
System Name: LP791-18
Primary Input File: vpl.in
Body File #1: star.in
Body File #2: b.in
Body File #3: c.in
Body File #4: d.in
Allow files to be overwitten: Yes
Mass Units: Grams
Length Units: Meters
Time Units: Seconds
Angle Units: Radians

------- FORMATTING -----
Verbosity Level: 5
Crossover Decade for Scientific Notation: 4
Number of Digits After Decimal: 6
Integration Method: Runge-Kutta4
Direction: Forward
Time Step: 3.155760e+07
Stop Time: 3.155760e+15
Output Interval: 3.155760e+12
Use Variable Timestep: Yes
dEta: 0.100000
Minimum Value of ecc and obl: 1.000000e-10


---- INITIAL SYSTEM PROPERTIES ----
(Age) System Age [sec]: 3.155760e+13 
(Time) Simulation Time [sec]: 0.000000 
(TotAngMom) Total Angular Momentum [kg*m^2/sec]: 1.491517e+41 
(TotEnergy) Total System Energy [kg*m^2/sec^2]: -2.434062e+40 
(PotEnergy) Body's non-orbital Potential Energy [kg*m^2/sec^2]: -2.435027e+40 
(KinEnergy) Body's non-orbital Kinetic Energy [kg*m^2/sec^2]: 9.821485e+36 
(DeltaTime) Average Timestep Over Last Output Interval [sec]: 0.000000 

----- BODY: star ----
Active Modules: EqTide
Module Bit Sum: 3
Color: 000000
(Mass) Mass [kg]: 2.791626e+29 
(Obliquity) Obliquity [rad]: 0.000000 
(PrecA) Body's precession angle [rad]: 0.000000 
(Xobl) Body's sin(obliquity)*cos(precession angle) []: 0.000000 
(Yobl) Body's sin(obliquity)*sin(precession angle) []: 0.000000 
(Zobl) Body's cos(obliquity) []: 1.000000 
(Radius) Radius [m]: 1.281641e+08 
(RadGyra) Radius of Gyration/Moment of Inertia Constant []: 0.450000 
(RotAngMom) Rotational Angular Momentum [kg*m^2/sec]: 1.350551e+41 
(RotKinEnergy) Body's Rotational Energy [kg*m^2/sec^2]: 9.821485e+36 
(RotVel) Rotational Velocity [m/sec]: 1.864071e+04 
(BodyType) Type of Body (0 == planet) []: 0.000000 
(RotRate) Rotational Frequency [/sec]: 0.000145 
(RotPer) Rotational Period [days]: 0.500000 
(Density) Average Density [kg/m^3]: 3.165699e+04 
(SurfEnFluxTotal) Total Surface Energy Flux [kg*m^2/sec^2/(m^2*sec)]: 0.006459 
(TidalQ) Tidal Q []: 1.000000e+06 
(ImK2) Im(k_2) []: -5.000000e-07 
(K2) k_2 []: 0.500000 
(K2Man) Real Love Number k2 Mantle []: 0.010000 
(Imk2Man) Imaginary Love Number k2 Mantle []: 0.000000 
(TidalQMantle) Mantle's Tidal Q []: 100.000000 
(HEcc) Poincare's h (=e*sin(varpi) []: 0.000000 
(HZLimitDryRunaway) Semi-major axis of Dry Runaway HZ Limit [m]: -1.000000 
(HZLimRecVenus) Recent Venus HZ Limit []: -1.000000 
(HZLimRunaway) Runaway Greenhouse HZ Limit []: -1.000000 
(HZLimMoistGreenhouse) Moist Greenhouse HZ Limit []: -1.000000 
(HZLimMaxGreenhouse) Maximum Greenhouse HZ Limit []: -1.000000 
(HZLimEarlyMars) Early Mars HZ Limit []: -1.000000 
(Instellation) Orbit-averaged INcident STELLar radiATION [kg*m^2/sec^2/(m^2*sec)]: -1.000000 
(KEcc) Poincare's k (=e*cos(varpi) []: 0.000000 
(Eccentricity) Orbital Eccentricity []: -1.000000 
(OrbEnergy) Body's Total Orbital Energy [kg*m^2/sec^2]: 0.000000 
(MeanMotion) Orbital Mean Motion [/sec]: -1.000000 
(OrbPeriod) Orbital Period [sec]: -1.000000 
(SemiMajorAxis) Semi-major Axis [m]: -1.000000 
(CriticalSemiMajorAxis) Holman & Wiegert (1999) P-type Critical Semi-major Axis [m]: -1.000000 
(COPP) Climate Obliquity Precession Parameter []: 0.000000 
(OrbAngMom) Orbital Angular Momentum [kg*m^2/sec]: 0.000000 
(LongP) Body's Longitude of pericenter [rad]: 0.000000 
(TotOrbEnergy) System's Total Orbital Energy [kg*m^2/sec^2]: -1.630451e+35 
(OrbPotEnergy) Body's Orbital Potential Energy [kg*m^2/sec^2]: -1.000000 
(LostEnergy) Body's Total Lost Energy [kg*m^2/sec^2]: 5.562685e-309 
----- EQTIDE PARAMETERS (star)------
(LockTime) Time when body tidally locked. [sec]: -1.000000 
(BodyDsemiDtEqtide) In EqTide, the total change in semi-major axis is due to dissipation in both bodies. This output parameter returns the change due to current body. []: -1.000000 
(BodyDeccDt) In EqTide, the total change in eccentricity is due to towrues on both bodies. This output parameter returns the change due to current body. []: -1.000000 
(DOblDtEqtide) Time Rate of Change of Obliquity in EqTide [rad/sec]: 0.000000 
(DRotPerDtEqtide) Time Rate of Change of Rotation Period in EqTide []: 6.252152e-18 
(DRotRateDtEqtide) Time Rate of Change of Rotational Frequency in EqTide [/sec^2]: -2.104951e-26 
(EqRotRateDiscrete) CPL2 Discrete Equilibrium Spin Rate [/sec]: 7.518249e-05 
(EqRotPerDiscrete) CPL2 Discrete Equilibrium Spin Period [sec]: 8.357246e+04 
(EqRotRateCont) CPL2 Continuous Equilibrium Spin Rate [/sec]: 8.149064e-05 
(EqRotPerCont) CPL2 Continuous Equilibrium Rotation Period [sec]: 7.710316e+04 
(EqRotPer) Equilibrium Rotation Period [sec]: 8.357246e+04 
(EqTidePower) Equilibrium Power from Tides [/sec]: 0.000000 
(GammaRot) Gamma_Rotation [sec]: -1.000000 
(GammaOrb) Gamma_Orbital [sec]: -1.000000 
(OceanK2) Ocean's Love number k_2 []: 0.010000 
(EnvTidalQ) Envelope Tidal Q []: -1.000000 
(OceanTidalQ) Ocean Tidal Q []: -1.000000 
(TideLock) Tidally Locked? []: 0.000000 
(RotTimeEqtide) Timescale for Rotational Evolution in EqTide [sec]: 7.085586e+21 
(EnvK2) Envelope's Love number k_2 []: 0.010000 
(OblTimeEqtide) Timescale for Obliquity Evolution in EqTide []: -1.000000 
(PowerEqtide) Internal Power due to Tides in EqTide [kg*m^2/sec^3]: 1.333279e+15 
(SurfEnFluxEqtide) Surface Energy Flux due to Tides in EqTide [kg*m^2/sec^2/(m^2*sec)]: 0.006459 
Tidal Perturbers: b, c, d
Output Order: Time[year] RotPer[days]
Grid Output Order:

----- BODY: b ----
Active Modules: EqTide
Module Bit Sum: 3
Color: 000000
(Mass) Mass [kg]: 1.061949e+25 
(Obliquity) Obliquity [rad]: 0.000000 
(PrecA) Body's precession angle [rad]: 0.000000 
(Xobl) Body's sin(obliquity)*cos(precession angle) []: 0.000000 
(Yobl) Body's sin(obliquity)*sin(precession angle) []: 0.000000 
(Zobl) Body's cos(obliquity) []: 1.000000 
(Radius) Radius [m]: 7.712178e+06 
(RadGyra) Radius of Gyration/Moment of Inertia Constant []: 0.400000 
(RotAngMom) Rotational Angular Momentum [kg*m^2/sec]: 7.349264e+33 
(RotKinEnergy) Body's Rotational Energy [kg*m^2/sec^2]: 2.672268e+29 
(RotVel) Rotational Velocity [m/sec]: 560.845419 
(BodyType) Type of Body (0 == planet) []: 0.000000 
(RotRate) Rotational Frequency [/sec]: 7.272205e-05 
(RotPer) Rotational Period [days]: 1.000000 
(Density) Average Density [kg/m^3]: 5526.929169 
(SurfEnFluxTotal) Total Surface Energy Flux [W/m^2]: 6.778733e+04 
(TidalQ) Tidal Q []: 842.152620 
(ImK2) Im(k_2) []: -0.000356 
(K2) k_2 []: 0.300000 
(K2Man) Real Love Number k2 Mantle []: 0.010000 
(Imk2Man) Imaginary Love Number k2 Mantle []: 0.000000 
(TidalQMantle) Mantle's Tidal Q []: 100.000000 
(HEcc) Poincare's h (=e*sin(varpi) []: 0.000000 
(HZLimitDryRunaway) Semi-major axis of Dry Runaway HZ Limit [m]: -1.000000 
(HZLimRecVenus) Recent Venus HZ Limit []: -1.000000 
(HZLimRunaway) Runaway Greenhouse HZ Limit []: -1.000000 
(HZLimMoistGreenhouse) Moist Greenhouse HZ Limit []: -1.000000 
(HZLimMaxGreenhouse) Maximum Greenhouse HZ Limit []: -1.000000 
(HZLimEarlyMars) Early Mars HZ Limit []: -1.000000 
(Instellation) Orbit-averaged INcident STELLar radiATION [kg*m^2/sec^2/(m^2*sec)]: -1.000000 
(KEcc) Poincare's k (=e*cos(varpi) []: 0.093979 
(Eccentricity) Orbital Eccentricity []: 0.093979 
(OrbEnergy) Body's Total Orbital Energy [kg*m^2/sec^2]: -6.647429e+34 
(MeanMotion) Orbital Mean Motion [/sec]: 7.518249e-05 
(OrbPeriod) Orbital Period [sec]: 8.357246e+04 
(SemiMajorAxis) Semi-major Axis [m]: 1.488270e+09 
(CriticalSemiMajorAxis) Holman & Wiegert (1999) P-type Critical Semi-major Axis [m]: -1.000000 
(COPP) Climate Obliquity Precession Parameter []: 0.000000 
(OrbAngMom) Orbital Angular Momentum [kg*m^2/sec]: 1.760519e+39 
(LongP) Body's Longitude of pericenter [rad]: 0.000000 
(TotOrbEnergy) System's Total Orbital Energy [kg*m^2/sec^2]: -1.630451e+35 
(OrbPotEnergy) Body's Orbital Potential Energy [kg*m^2/sec^2]: -1.329486e+35 
(LostEnergy) Body's Total Lost Energy [kg*m^2/sec^2]: 5.562685e-309 
----- EQTIDE PARAMETERS (b)------
(TidalRadius) In EqTide, the value of the radius that enters the tidal evolution equations. This parameter is distinct from others, such as the radius of XUV absorption or a pressure level in an atmosphere. [m]: 7.712178e+06 
(DsemiDtEqtide) Total da/dt from EqTide [m/sec]: -1.319807e-05 
(DeccDtEqtide) Total de/dt from EqTide [/sec]: -2.410530e-15 
(DMeanMotionDtEqtide) Total dMeanMotion/dt from EqTide [/sec^2]: 1.000085e-18 
(DOrbPerDtEqtide) Total dOrbPer/dt from EqTide []: -1.111689e-09 
(EccTimeEqtide) Timescale for Eccentricity Evolution (e/[de/dt]) in EqTide [sec]: 3.898685e+13 
(SemiTimeEqtide) Timescale for Semi-major Axis Evolution (a/[da/dt]) in EqTide [sec]: 1.127642e+14 
(DHEccDtEqtide) Time Rate of Change of Poincare's h in EqTide [/sec]: -0.000000 
(DKEccDtEqtide) Time Rate of Change of Poincare's k in EqTide [/sec]: -2.410530e-15 
(DXoblDtEqtide) Time Rate of Change of Laskar's X in EqTide [/sec]: 0.000000 
(DYoblDtEqtide) Time Rate of Change of Laskar's Y in EqTide [/sec]: 0.000000 
(DZoblDtEqtide) Time Rate of Change of Laskar's Z in EqTide [/sec]: 0.000000 
(LockTime) Time when body tidally locked. [sec]: -1.000000 
(BodyDsemiDtEqtide) In EqTide, the total change in semi-major axis is due to dissipation in both bodies. This output parameter returns the change due to current body. []: -1.000000 
(BodyDeccDt) In EqTide, the total change in eccentricity is due to towrues on both bodies. This output parameter returns the change due to current body. []: -1.000000 
(DOblDtEqtide) Time Rate of Change of Obliquity in EqTide [rad/sec]: 0.000000 
(DRotPerDtEqtide) Time Rate of Change of Rotation Period in EqTide []: -8.710817e-05 
(DRotRateDtEqtide) Time Rate of Change of Rotational Frequency in EqTide [/sec^2]: 7.331811e-14 
(EqRotRateDiscrete) CPL2 Discrete Equilibrium Spin Rate [/sec]: 7.518249e-05 
(EqRotPerDiscrete) CPL2 Discrete Equilibrium Spin Period [sec]: 8.357246e+04 
(EqRotRateCont) CPL2 Continuous Equilibrium Spin Rate [/sec]: 8.149064e-05 
(EqRotPerCont) CPL2 Continuous Equilibrium Rotation Period [sec]: 7.710316e+04 
(EqRotPer) Equilibrium Rotation Period [sec]: 8.357246e+04 
(EqTidePower) Equilibrium Power from Tides [/sec]: 0.000000 
(GammaRot) Gamma_Rotation [sec]: -1.000000 
(GammaOrb) Gamma_Orbital [sec]: -1.000000 
(OceanK2) Ocean's Love number k_2 []: 0.010000 
(EnvTidalQ) Envelope Tidal Q []: -1.000000 
(OceanTidalQ) Ocean Tidal Q []: -1.000000 
(TideLock) Tidally Locked? []: 0.000000 
(RotTimeEqtide) Timescale for Rotational Evolution in EqTide [sec]: 9.918703e+08 
(EnvK2) Envelope's Love number k_2 []: 0.010000 
(OblTimeEqtide) Timescale for Obliquity Evolution in EqTide []: -1.000000 
(PowerEqtide) Internal Power due to Tides in EqTide [kg*m^2/sec^3]: 5.066552e+19 
(SurfEnFluxEqtide) Surface Energy Flux due to Tides in EqTide [kg*m^2/sec^2/(m^2*sec)]: 6.778733e+04 
Tidal Perturbers: star
Output Order: Time[year] TotEnergy[ergs] TotAngMom[kg*m^2/s] RotPer[days] SemiMajorAxis[au] Eccentricity[] SurfEnFluxTotal[W/m^2]
Grid Output Order:

----- BODY: c ----
Active Modules: EqTide
Module Bit Sum: 3
Color: 000000
(Mass) Mass [kg]: 3.759411e+25 
(Obliquity) Obliquity [rad]: 0.000000 
(PrecA) Body's precession angle [rad]: 0.000000 
(Xobl) Body's sin(obliquity)*cos(precession angle) []: 0.000000 
(Yobl) Body's sin(obliquity)*sin(precession angle) []: 0.000000 
(Zobl) Body's cos(obliquity) []: 1.000000 
(Radius) Radius [m]: 1.609373e+07 
(RadGyra) Radius of Gyration/Moment of Inertia Constant []: 0.400000 
(RotAngMom) Rotational Angular Momentum [kg*m^2/sec]: 1.132973e+35 
(RotKinEnergy) Body's Rotational Energy [kg*m^2/sec^2]: 4.119604e+30 
(RotVel) Rotational Velocity [m/sec]: 1170.369162 
(BodyType) Type of Body (0 == planet) []: 0.000000 
(RotRate) Rotational Frequency [/sec]: 7.272205e-05 
(RotPer) Rotational Period [days]: 1.000000 
(Density) Average Density [kg/m^3]: 2153.083807 
(SurfEnFluxTotal) Total Surface Energy Flux [W/m^2]: 59.971298 
(TidalQ) Tidal Q []: 9.147522e+04 
(ImK2) Im(k_2) []: -3.279577e-06 
(K2) k_2 []: 0.300000 
(K2Man) Real Love Number k2 Mantle []: 0.010000 
(Imk2Man) Imaginary Love Number k2 Mantle []: 0.000000 
(TidalQMantle) Mantle's Tidal Q []: 100.000000 
(HEcc) Poincare's h (=e*sin(varpi) []: 0.000000 
(HZLimitDryRunaway) Semi-major axis of Dry Runaway HZ Limit [m]: -1.000000 
(HZLimRecVenus) Recent Venus HZ Limit []: -1.000000 
(HZLimRunaway) Runaway Greenhouse HZ Limit []: -1.000000 
(HZLimMoistGreenhouse) Moist Greenhouse HZ Limit []: -1.000000 
(HZLimMaxGreenhouse) Maximum Greenhouse HZ Limit []: -1.000000 
(HZLimEarlyMars) Early Mars HZ Limit []: -1.000000 
(Instellation) Orbit-averaged INcident STELLar radiATION [kg*m^2/sec^2/(m^2*sec)]: -1.000000 
(KEcc) Poincare's k (=e*cos(varpi) []: 0.080628 
(Eccentricity) Orbital Eccentricity []: 0.080628 
(OrbEnergy) Body's Total Orbital Energy [kg*m^2/sec^2]: -7.734073e+34 
(MeanMotion) Orbital Mean Motion [/sec]: 1.416594e-05 
(OrbPeriod) Orbital Period [sec]: 4.435418e+05 
(SemiMajorAxis) Semi-major Axis [m]: 4.528383e+09 
(CriticalSemiMajorAxis) Holman & Wiegert (1999) P-type Critical Semi-major Axis [m]: -1.000000 
(COPP) Climate Obliquity Precession Parameter []: 0.000000 
(OrbAngMom) Orbital Angular Momentum [kg*m^2/sec]: 1.088370e+40 
(LongP) Body's Longitude of pericenter [rad]: 0.000000 
(TotOrbEnergy) System's Total Orbital Energy [kg*m^2/sec^2]: -1.630451e+35 
(OrbPotEnergy) Body's Orbital Potential Energy [kg*m^2/sec^2]: -1.546815e+35 
(LostEnergy) Body's Total Lost Energy [kg*m^2/sec^2]: 5.562685e-309 
----- EQTIDE PARAMETERS (c)------
(TidalRadius) In EqTide, the value of the radius that enters the tidal evolution equations. This parameter is distinct from others, such as the radius of XUV absorption or a pressure level in an atmosphere. [m]: 1.609373e+07 
(DsemiDtEqtide) Total da/dt from EqTide [m/sec]: 2.877755e-09 
(DeccDtEqtide) Total de/dt from EqTide [/sec]: 1.123766e-19 
(DMeanMotionDtEqtide) Total dMeanMotion/dt from EqTide [/sec^2]: -1.350353e-23 
(DOrbPerDtEqtide) Total dOrbPer/dt from EqTide []: 4.228015e-13 
(EccTimeEqtide) Timescale for Eccentricity Evolution (e/[de/dt]) in EqTide [sec]: 7.174774e+17 
(SemiTimeEqtide) Timescale for Semi-major Axis Evolution (a/[da/dt]) in EqTide [sec]: 1.573582e+18 
(DHEccDtEqtide) Time Rate of Change of Poincare's h in EqTide [/sec]: 0.000000 
(DKEccDtEqtide) Time Rate of Change of Poincare's k in EqTide [/sec]: 1.123766e-19 
(DXoblDtEqtide) Time Rate of Change of Laskar's X in EqTide [/sec]: 0.000000 
(DYoblDtEqtide) Time Rate of Change of Laskar's Y in EqTide [/sec]: 0.000000 
(DZoblDtEqtide) Time Rate of Change of Laskar's Z in EqTide [/sec]: 0.000000 
(LockTime) Time when body tidally locked. [sec]: -1.000000 
(BodyDsemiDtEqtide) In EqTide, the total change in semi-major axis is due to dissipation in both bodies. This output parameter returns the change due to current body. []: -1.000000 
(BodyDeccDt) In EqTide, the total change in eccentricity is due to towrues on both bodies. This output parameter returns the change due to current body. []: -1.000000 
(DOblDtEqtide) Time Rate of Change of Obliquity in EqTide [rad/sec]: 0.000000 
(DRotPerDtEqtide) Time Rate of Change of Rotation Period in EqTide []: 2.562250e-09 
(DRotRateDtEqtide) Time Rate of Change of Rotational Frequency in EqTide [/sec^2]: -2.156621e-18 
(EqRotRateDiscrete) CPL2 Discrete Equilibrium Spin Rate [/sec]: 1.416594e-05 
(EqRotPerDiscrete) CPL2 Discrete Equilibrium Spin Period [sec]: 4.435418e+05 
(EqRotRateCont) CPL2 Continuous Equilibrium Spin Rate [/sec]: 1.504079e-05 
(EqRotPerCont) CPL2 Continuous Equilibrium Rotation Period [sec]: 4.177429e+05 
(EqRotPer) Equilibrium Rotation Period [sec]: 4.435418e+05 
(EqTidePower) Equilibrium Power from Tides [/sec]: 0.000000 
(GammaRot) Gamma_Rotation [sec]: -1.000000 
(GammaOrb) Gamma_Orbital [sec]: -1.000000 
(OceanK2) Ocean's Love number k_2 []: 0.010000 
(EnvTidalQ) Envelope Tidal Q []: -1.000000 
(OceanTidalQ) Ocean Tidal Q []: -1.000000 
(TideLock) Tidally Locked? []: 0.000000 
(RotTimeEqtide) Timescale for Rotational Evolution in EqTide [sec]: 3.372036e+13 
(EnvK2) Envelope's Love number k_2 []: 0.010000 
(OblTimeEqtide) Timescale for Obliquity Evolution in EqTide []: -1.000000 
(PowerEqtide) Internal Power due to Tides in EqTide [kg*m^2/sec^3]: 1.951942e+17 
(SurfEnFluxEqtide) Surface Energy Flux due to Tides in EqTide [kg*m^2/sec^2/(m^2*sec)]: 59.971298 
Tidal Perturbers: star
Output Order: Time[year] RotPer[days] SemiMajorAxis[au] Eccentricity[] SurfEnFluxTotal[W/m^2]
Grid Output Order:

----- BODY: d ----
Active Modules: EqTide
Module Bit Sum: 3
Color: 000000
(Mass) Mass [kg]: 6.162261e+24 
(Obliquity) Obliquity [rad]: 0.000000 
(PrecA) Body's precession angle [rad]: 0.000000 
(Xobl) Body's sin(obliquity)*cos(precession angle) []: 0.000000 
(Yobl) Body's sin(obliquity)*sin(precession angle) []: 0.000000 
(Zobl) Body's cos(obliquity) []: 1.000000 
(Radius) Radius [m]: 6.582333e+06 
(RadGyra) Radius of Gyration/Moment of Inertia Constant []: 0.400000 
(RotAngMom) Rotational Angular Momentum [kg*m^2/sec]: 3.106604e+33 
(RotKinEnergy) Body's Rotational Energy [kg*m^2/sec^2]: 1.129593e+29 
(RotVel) Rotational Velocity [m/sec]: 478.680750 
(BodyType) Type of Body (0 == planet) []: 0.000000 
(RotRate) Rotational Frequency [/sec]: 7.272205e-05 
(RotPer) Rotational Period [days]: 1.000000 
(Density) Average Density [kg/m^3]: 5158.363860 
(SurfEnFluxTotal) Total Surface Energy Flux [W/m^2]: 3.868819e+04 
(TidalQ) Tidal Q []: 90.349131 
(ImK2) Im(k_2) []: -0.003320 
(K2) k_2 []: 0.300000 
(K2Man) Real Love Number k2 Mantle []: 0.010000 
(Imk2Man) Imaginary Love Number k2 Mantle []: 0.000000 
(TidalQMantle) Mantle's Tidal Q []: 100.000000 
(HEcc) Poincare's h (=e*sin(varpi) []: 0.000000 
(HZLimitDryRunaway) Semi-major axis of Dry Runaway HZ Limit [m]: -1.000000 
(HZLimRecVenus) Recent Venus HZ Limit []: -1.000000 
(HZLimRunaway) Runaway Greenhouse HZ Limit []: -1.000000 
(HZLimMoistGreenhouse) Moist Greenhouse HZ Limit []: -1.000000 
(HZLimMaxGreenhouse) Maximum Greenhouse HZ Limit []: -1.000000 
(HZLimEarlyMars) Early Mars HZ Limit []: -1.000000 
(Instellation) Orbit-averaged INcident STELLar radiATION [kg*m^2/sec^2/(m^2*sec)]: -1.000000 
(KEcc) Poincare's k (=e*cos(varpi) []: 0.039195 
(Eccentricity) Orbital Eccentricity []: 0.039195 
(OrbEnergy) Body's Total Orbital Energy [kg*m^2/sec^2]: -1.923012e+34 
(MeanMotion) Orbital Mean Motion [/sec]: 2.646373e-05 
(OrbPeriod) Orbital Period [sec]: 2.374263e+05 
(SemiMajorAxis) Semi-major Axis [m]: 2.985312e+09 
(CriticalSemiMajorAxis) Holman & Wiegert (1999) P-type Critical Semi-major Axis [m]: -1.000000 
(COPP) Climate Obliquity Precession Parameter []: 0.000000 
(OrbAngMom) Orbital Angular Momentum [kg*m^2/sec]: 1.452202e+39 
(LongP) Body's Longitude of pericenter [rad]: 0.000000 
(TotOrbEnergy) System's Total Orbital Energy [kg*m^2/sec^2]: -1.630451e+35 
(OrbPotEnergy) Body's Orbital Potential Energy [kg*m^2/sec^2]: -3.846025e+34 
(LostEnergy) Body's Total Lost Energy [kg*m^2/sec^2]: 5.562685e-309 
----- EQTIDE PARAMETERS (d)------
(TidalRadius) In EqTide, the value of the radius that enters the tidal evolution equations. This parameter is distinct from others, such as the radius of XUV absorption or a pressure level in an atmosphere. [m]: 6.582333e+06 
(DsemiDtEqtide) Total da/dt from EqTide [m/sec]: 1.894312e-06 
(DeccDtEqtide) Total de/dt from EqTide [/sec]: 5.793315e-17 
(DMeanMotionDtEqtide) Total dMeanMotion/dt from EqTide [/sec^2]: -2.518861e-20 
(DOrbPerDtEqtide) Total dOrbPer/dt from EqTide []: 2.259861e-10 
(EccTimeEqtide) Timescale for Eccentricity Evolution (e/[de/dt]) in EqTide [sec]: 6.765483e+14 
(SemiTimeEqtide) Timescale for Semi-major Axis Evolution (a/[da/dt]) in EqTide [sec]: 1.575935e+15 
(DHEccDtEqtide) Time Rate of Change of Poincare's h in EqTide [/sec]: 0.000000 
(DKEccDtEqtide) Time Rate of Change of Poincare's k in EqTide [/sec]: 5.793315e-17 
(DXoblDtEqtide) Time Rate of Change of Laskar's X in EqTide [/sec]: 0.000000 
(DYoblDtEqtide) Time Rate of Change of Laskar's Y in EqTide [/sec]: 0.000000 
(DZoblDtEqtide) Time Rate of Change of Laskar's Z in EqTide [/sec]: 0.000000 
(LockTime) Time when body tidally locked. [sec]: -1.000000 
(BodyDsemiDtEqtide) In EqTide, the total change in semi-major axis is due to dissipation in both bodies. This output parameter returns the change due to current body. []: -1.000000 
(BodyDeccDt) In EqTide, the total change in eccentricity is due to towrues on both bodies. This output parameter returns the change due to current body. []: -1.000000 
(DOblDtEqtide) Time Rate of Change of Obliquity in EqTide [rad/sec]: 0.000000 
(DRotPerDtEqtide) Time Rate of Change of Rotation Period in EqTide []: 1.272247e-05 
(DRotRateDtEqtide) Time Rate of Change of Rotational Frequency in EqTide [/sec^2]: -1.070838e-14 
(EqRotRateDiscrete) CPL2 Discrete Equilibrium Spin Rate [/sec]: 2.646373e-05 
(EqRotPerDiscrete) CPL2 Discrete Equilibrium Spin Period [sec]: 2.374263e+05 
(EqRotRateCont) CPL2 Continuous Equilibrium Spin Rate [/sec]: 2.684994e-05 
(EqRotPerCont) CPL2 Continuous Equilibrium Rotation Period [sec]: 2.340111e+05 
(EqRotPer) Equilibrium Rotation Period [sec]: 2.374263e+05 
(EqTidePower) Equilibrium Power from Tides [/sec]: 0.000000 
(GammaRot) Gamma_Rotation [sec]: -1.000000 
(GammaOrb) Gamma_Orbital [sec]: -1.000000 
(OceanK2) Ocean's Love number k_2 []: 0.010000 
(EnvTidalQ) Envelope Tidal Q []: -1.000000 
(OceanTidalQ) Ocean Tidal Q []: -1.000000 
(TideLock) Tidally Locked? []: 0.000000 
(RotTimeEqtide) Timescale for Rotational Evolution in EqTide [sec]: 6.791133e+09 
(EnvK2) Envelope's Love number k_2 []: 0.010000 
(OblTimeEqtide) Timescale for Obliquity Evolution in EqTide []: -1.000000 
(PowerEqtide) Internal Power due to Tides in EqTide [kg*m^2/sec^3]: 2.106435e+19 
(SurfEnFluxEqtide) Surface Energy Flux due to Tides in EqTide [kg*m^2/sec^2/(m^2*sec)]: 3.868819e+04 
Tidal Perturbers: star
Output Order: Time[year] RotPer[days] SemiMajorAxis[au] Eccentricity[] SurfEnFluxTotal[W/m^2]
Grid Output Order:



---- FINAL SYSTEM PROPERTIES ----
(Age) System Age [sec]: 3.187318e+15 
(Time) Simulation Time [sec]: 3.155760e+15 
(TotAngMom) Total Angular Momentum [kg*m^2/sec]: 1.491517e+41 
(TotEnergy) Total System Energy [kg*m^2/sec^2]: -2.434062e+40 
(PotEnergy) Body's non-orbital Potential Energy [kg*m^2/sec^2]: -2.435027e+40 
(KinEnergy) Body's non-orbital Kinetic Energy [kg*m^2/sec^2]: 9.821476e+36 
(DeltaTime) Average Timestep Over Last Output Interval [sec]: 3.019866e+09 

----- BODY: star ----
Active Modules: EqTide
Module Bit Sum: 3
Color: 000000
(Mass) Mass [kg]: 2.791626e+29 
(Obliquity) Obliquity [rad]: 0.000000 
(PrecA) Body's precession angle [rad]: 0.000000 
(Xobl) Body's sin(obliquity)*cos(precession angle) []: 0.000000 
(Yobl) Body's sin(obliquity)*sin(precession angle) []: 0.000000 
(Zobl) Body's cos(obliquity) []: 1.000000 
(Radius) Radius [m]: 1.281641e+08 
(RadGyra) Radius of Gyration/Moment of Inertia Constant []: 0.450000 
(RotAngMom) Rotational Angular Momentum [kg*m^2/sec]: 1.350551e+41 
(RotKinEnergy) Body's Rotational Energy [kg*m^2/sec^2]: 9.821476e+36 
(RotVel) Rotational Velocity [m/sec]: 1.864070e+04 
(BodyType) Type of Body (0 == planet) []: 0.000000 
(RotRate) Rotational Frequency [/sec]: 0.000145 
(RotPer) Rotational Period [days]: 0.500000 
(Density) Average Density [kg/m^3]: 3.165699e+04 
(SurfEnFluxTotal) Total Surface Energy Flux [kg*m^2/sec^2/(m^2*sec)]: 0.006596 
(TidalQ) Tidal Q []: 1.000000e+06 
(ImK2) Im(k_2) []: -5.000000e-07 
(K2) k_2 []: 0.500000 
(K2Man) Real Love Number k2 Mantle []: 0.010000 
(Imk2Man) Imaginary Love Number k2 Mantle []: 0.000000 
(TidalQMantle) Mantle's Tidal Q []: 100.000000 
(HEcc) Poincare's h (=e*sin(varpi) []: 0.000000 
(HZLimitDryRunaway) Semi-major axis of Dry Runaway HZ Limit [m]: -1.000000 
(HZLimRecVenus) Recent Venus HZ Limit []: -1.000000 
(HZLimRunaway) Runaway Greenhouse HZ Limit []: -1.000000 
(HZLimMoistGreenhouse) Moist Greenhouse HZ Limit []: -1.000000 
(HZLimMaxGreenhouse) Maximum Greenhouse HZ Limit []: -1.000000 
(HZLimEarlyMars) Early Mars HZ Limit []: -1.000000 
(Instellation) Orbit-averaged INcident STELLar radiATION [kg*m^2/sec^2/(m^2*sec)]: -1.000000 
(KEcc) Poincare's k (=e*cos(varpi) []: 0.000000 
(Eccentricity) Orbital Eccentricity []: -1.000000 
(OrbEnergy) Body's Total Orbital Energy [kg*m^2/sec^2]: 0.000000 
(MeanMotion) Orbital Mean Motion [/sec]: -1.000000 
(OrbPeriod) Orbital Period [sec]: -1.000000 
(SemiMajorAxis) Semi-major Axis [m]: -1.000000 
(CriticalSemiMajorAxis) Holman & Wiegert (1999) P-type Critical Semi-major Axis [m]: -1.000000 
(COPP) Climate Obliquity Precession Parameter []: 0.000000 
(OrbAngMom) Orbital Angular Momentum [kg*m^2/sec]: 0.000000 
(LongP) Body's Longitude of pericenter [rad]: 0.000000 
(TotOrbEnergy) System's Total Orbital Energy [kg*m^2/sec^2]: -1.636649e+35 
(OrbPotEnergy) Body's Orbital Potential Energy [kg*m^2/sec^2]: -1.000000 
(LostEnergy) Body's Total Lost Energy [kg*m^2/sec^2]: 4.296950e+30 
----- EQTIDE PARAMETERS (star)------
(LockTime) Time when body tidally locked. [sec]: -1.000000 
(BodyDsemiDtEqtide) In EqTide, the total change in semi-major axis is due to dissipation in both bodies. This output parameter returns the change due to current body. []: -1.000000 
(BodyDeccDt) In EqTide, the total change in eccentricity is due to towrues on both bodies. This output parameter returns the change due to current body. []: -1.000000 
(DOblDtEqtide) Time Rate of Change of Obliquity in EqTide [rad/sec]: 0.000000 
(DRotPerDtEqtide) Time Rate of Change of Rotation Period in EqTide []: 6.181698e-18 
(DRotRateDtEqtide) Time Rate of Change of Rotational Frequency in EqTide [/sec^2]: -2.081229e-26 
(EqRotRateDiscrete) CPL2 Discrete Equilibrium Spin Rate [/sec]: 7.617741e-05 
(EqRotPerDiscrete) CPL2 Discrete Equilibrium Spin Period [sec]: 8.248095e+04 
(EqRotRateCont) CPL2 Continuous Equilibrium Spin Rate [/sec]: 7.617741e-05 
(EqRotPerCont) CPL2 Continuous Equilibrium Rotation Period [sec]: 8.248095e+04 
(EqRotPer) Equilibrium Rotation Period [sec]: 8.248095e+04 
(EqTidePower) Equilibrium Power from Tides [/sec]: 0.000000 
(GammaRot) Gamma_Rotation [sec]: -1.000000 
(GammaOrb) Gamma_Orbital [sec]: -1.000000 
(OceanK2) Ocean's Love number k_2 []: 0.010000 
(EnvTidalQ) Envelope Tidal Q []: -1.000000 
(OceanTidalQ) Ocean Tidal Q []: -1.000000 
(TideLock) Tidally Locked? []: 0.000000 
(RotTimeEqtide) Timescale for Rotational Evolution in EqTide [sec]: 7.168242e+21 
(EnvK2) Envelope's Love number k_2 []: 0.010000 
(OblTimeEqtide) Timescale for Obliquity Evolution in EqTide []: -1.000000 
(PowerEqtide) Internal Power due to Tides in EqTide [kg*m^2/sec^3]: 1.361590e+15 
(SurfEnFluxEqtide) Surface Energy Flux due to Tides in EqTide [kg*m^2/sec^2/(m^2*sec)]: 0.006596 
Tidal Perturbers: b, c, d
Output Order: Time[year] RotPer[days]
Grid Output Order:

----- BODY: b ----
Active Modules: EqTide
Module Bit Sum: 3
Color: 000000
(Mass) Mass [kg]: 1.061949e+25 
(Obliquity) Obliquity [rad]: 0.000000 
(PrecA) Body's precession angle [rad]: 0.000000 
(Xobl) Body's sin(obliquity)*cos(precession angle) []: 0.000000 
(Yobl) Body's sin(obliquity)*sin(precession angle) []: 0.000000 
(Zobl) Body's cos(obliquity) []: 1.000000 
(Radius) Radius [m]: 7.712178e+06 
(RadGyra) Radius of Gyration/Moment of Inertia Constant []: 0.400000 
(RotAngMom) Rotational Angular Momentum [kg*m^2/sec]: 7.698462e+33 
(RotKinEnergy) Body's Rotational Energy [kg*m^2/sec^2]: 2.932244e+29 
(RotVel) Rotational Velocity [m/sec]: 587.493759 
(BodyType) Type of Body (0 == planet) []: 0.000000 
(RotRate) Rotational Frequency [/sec]: 7.617741e-05 
(RotPer) Rotational Period [days]: 0.954641 
(Density) Average Density [kg/m^3]: 5526.929169 
(SurfEnFluxTotal) Total Surface Energy Flux [W/m^2]: 0.000000 
(TidalQ) Tidal Q []: 842.152620 
(ImK2) Im(k_2) []: -0.000356 
(K2) k_2 []: 0.300000 
(K2Man) Real Love Number k2 Mantle []: 0.010000 
(Imk2Man) Imaginary Love Number k2 Mantle []: 0.000000 
(TidalQMantle) Mantle's Tidal Q []: 100.000000 
(HEcc) Poincare's h (=e*sin(varpi) []: 0.000000 
(HZLimitDryRunaway) Semi-major axis of Dry Runaway HZ Limit [m]: -1.000000 
(HZLimRecVenus) Recent Venus HZ Limit []: -1.000000 
(HZLimRunaway) Runaway Greenhouse HZ Limit []: -1.000000 
(HZLimMoistGreenhouse) Moist Greenhouse HZ Limit []: -1.000000 
(HZLimMaxGreenhouse) Maximum Greenhouse HZ Limit []: -1.000000 
(HZLimEarlyMars) Early Mars HZ Limit []: -1.000000 
(Instellation) Orbit-averaged INcident STELLar radiATION [kg*m^2/sec^2/(m^2*sec)]: -1.000000 
(KEcc) Poincare's k (=e*cos(varpi) []: 0.000000 
(Eccentricity) Orbital Eccentricity []: 0.000000 
(OrbEnergy) Body's Total Orbital Energy [kg*m^2/sec^2]: -6.705946e+34 
(MeanMotion) Orbital Mean Motion [/sec]: 7.617741e-05 
(OrbPeriod) Orbital Period [sec]: 8.248095e+04 
(SemiMajorAxis) Semi-major Axis [m]: 1.475283e+09 
(CriticalSemiMajorAxis) Holman & Wiegert (1999) P-type Critical Semi-major Axis [m]: -1.000000 
(COPP) Climate Obliquity Precession Parameter []: 0.000000 
(OrbAngMom) Orbital Angular Momentum [kg*m^2/sec]: 1.760613e+39 
(LongP) Body's Longitude of pericenter [rad]: 0.000000 
(TotOrbEnergy) System's Total Orbital Energy [kg*m^2/sec^2]: -1.636649e+35 
(OrbPotEnergy) Body's Orbital Potential Energy [kg*m^2/sec^2]: -1.341189e+35 
(LostEnergy) Body's Total Lost Energy [kg*m^2/sec^2]: 5.897128e+32 
----- EQTIDE PARAMETERS (b)------
(TidalRadius) In EqTide, the value of the radius that enters the tidal evolution equations. This parameter is distinct from others, such as the radius of XUV absorption or a pressure level in an atmosphere. [m]: 7.712178e+06 
(DsemiDtEqtide) Total da/dt from EqTide [m/sec]: 3.173179e-11 
(DeccDtEqtide) Total de/dt from EqTide [/sec]: -0.000000 
(DMeanMotionDtEqtide) Total dMeanMotion/dt from EqTide [/sec^2]: -2.457745e-24 
(DOrbPerDtEqtide) Total dOrbPer/dt from EqTide []: 2.661118e-15 
(EccTimeEqtide) Timescale for Eccentricity Evolution (e/[de/dt]) in EqTide [sec]: 0.000000 
(SemiTimeEqtide) Timescale for Semi-major Axis Evolution (a/[da/dt]) in EqTide [sec]: 4.649227e+19 
(DHEccDtEqtide) Time Rate of Change of Poincare's h in EqTide [/sec]: -0.000000 
(DKEccDtEqtide) Time Rate of Change of Poincare's k in EqTide [/sec]: -0.000000 
(DXoblDtEqtide) Time Rate of Change of Laskar's X in EqTide [/sec]: 0.000000 
(DYoblDtEqtide) Time Rate of Change of Laskar's Y in EqTide [/sec]: 0.000000 
(DZoblDtEqtide) Time Rate of Change of Laskar's Z in EqTide [/sec]: 0.000000 
(LockTime) Time when body tidally locked. [sec]: 1.993640e+08 
(BodyDsemiDtEqtide) In EqTide, the total change in semi-major axis is due to dissipation in both bodies. This output parameter returns the change due to current body. []: -1.000000 
(BodyDeccDt) In EqTide, the total change in eccentricity is due to towrues on both bodies. This output parameter returns the change due to current body. []: -1.000000 
(DOblDtEqtide) Time Rate of Change of Obliquity in EqTide [rad/sec]: 0.000000 
(DRotPerDtEqtide) Time Rate of Change of Rotation Period in EqTide []: -6.022987e-300 
(DRotRateDtEqtide) Time Rate of Change of Rotational Frequency in EqTide [/sec^2]: 5.562685e-309 
(EqRotRateDiscrete) CPL2 Discrete Equilibrium Spin Rate [/sec]: 7.617741e-05 
(EqRotPerDiscrete) CPL2 Discrete Equilibrium Spin Period [sec]: 8.248095e+04 
(EqRotRateCont) CPL2 Continuous Equilibrium Spin Rate [/sec]: 7.617741e-05 
(EqRotPerCont) CPL2 Continuous Equilibrium Rotation Period [sec]: 8.248095e+04 
(EqRotPer) Equilibrium Rotation Period [sec]: 8.248095e+04 
(EqTidePower) Equilibrium Power from Tides [/sec]: 0.000000 
(GammaRot) Gamma_Rotation [sec]: -1.000000 
(GammaOrb) Gamma_Orbital [sec]: -1.000000 
(OceanK2) Ocean's Love number k_2 []: 0.010000 
(EnvTidalQ) Envelope Tidal Q []: -1.000000 
(OceanTidalQ) Ocean Tidal Q []: -1.000000 
(TideLock) Tidally Locked? []: 1.000000 
(RotTimeEqtide) Timescale for Rotational Evolution in EqTide [sec]: 1.369436e+304 
(EnvK2) Envelope's Love number k_2 []: 0.010000 
(OblTimeEqtide) Timescale for Obliquity Evolution in EqTide []: -1.000000 
(PowerEqtide) Internal Power due to Tides in EqTide [kg*m^2/sec^3]: 0.000000 
(SurfEnFluxEqtide) Surface Energy Flux due to Tides in EqTide [kg*m^2/sec^2/(m^2*sec)]: 0.000000 
Tidal Perturbers: star
Output Order: Time[year] TotEnergy[ergs] TotAngMom[kg*m^2/s] RotPer[days] SemiMajorAxis[au] Eccentricity[] SurfEnFluxTotal[W/m^2]
Grid Output Order:

----- BODY: c ----
Active Modules: EqTide
Module Bit Sum: 3
Color: 000000
(Mass) Mass [kg]: 3.759411e+25 
(Obliquity) Obliquity [rad]: 0.000000 
(PrecA) Body's precession angle [rad]: 0.000000 
(Xobl) Body's sin(obliquity)*cos(precession angle) []: 0.000000 
(Yobl) Body's sin(obliquity)*sin(precession angle) []: 0.000000 
(Zobl) Body's cos(obliquity) []: 1.000000 
(Radius) Radius [m]: 1.609373e+07 
(RadGyra) Radius of Gyration/Moment of Inertia Constant []: 0.400000 
(RotAngMom) Rotational Angular Momentum [kg*m^2/sec]: 2.207198e+34 
(RotKinEnergy) Body's Rotational Energy [kg*m^2/sec^2]: 1.563506e+29 
(RotVel) Rotational Velocity [m/sec]: 228.005267 
(BodyType) Type of Body (0 == planet) []: 0.000000 
(RotRate) Rotational Frequency [/sec]: 1.416733e-05 
(RotPer) Rotational Period [days]: 5.133079 
(Density) Average Density [kg/m^3]: 2153.083807 
(SurfEnFluxTotal) Total Surface Energy Flux [W/m^2]: 0.626753 
(TidalQ) Tidal Q []: 9.147522e+04 
(ImK2) Im(k_2) []: -3.279577e-06 
(K2) k_2 []: 0.300000 
(K2Man) Real Love Number k2 Mantle []: 0.010000 
(Imk2Man) Imaginary Love Number k2 Mantle []: 0.000000 
(TidalQMantle) Mantle's Tidal Q []: 100.000000 
(HEcc) Poincare's h (=e*sin(varpi) []: 0.000000 
(HZLimitDryRunaway) Semi-major axis of Dry Runaway HZ Limit [m]: -1.000000 
(HZLimRecVenus) Recent Venus HZ Limit []: -1.000000 
(HZLimRunaway) Runaway Greenhouse HZ Limit []: -1.000000 
(HZLimMoistGreenhouse) Moist Greenhouse HZ Limit []: -1.000000 
(HZLimMaxGreenhouse) Maximum Greenhouse HZ Limit []: -1.000000 
(HZLimEarlyMars) Early Mars HZ Limit []: -1.000000 
(Instellation) Orbit-averaged INcident STELLar radiATION [kg*m^2/sec^2/(m^2*sec)]: -1.000000 
(KEcc) Poincare's k (=e*cos(varpi) []: 0.080113 
(Eccentricity) Orbital Eccentricity []: 0.080113 
(OrbEnergy) Body's Total Orbital Energy [kg*m^2/sec^2]: -7.734581e+34 
(MeanMotion) Orbital Mean Motion [/sec]: 1.416733e-05 
(OrbPeriod) Orbital Period [sec]: 4.434981e+05 
(SemiMajorAxis) Semi-major Axis [m]: 4.528086e+09 
(CriticalSemiMajorAxis) Holman & Wiegert (1999) P-type Critical Semi-major Axis [m]: -1.000000 
(COPP) Climate Obliquity Precession Parameter []: 0.000000 
(OrbAngMom) Orbital Angular Momentum [kg*m^2/sec]: 1.088380e+40 
(LongP) Body's Longitude of pericenter [rad]: 0.000000 
(TotOrbEnergy) System's Total Orbital Energy [kg*m^2/sec^2]: -1.636649e+35 
(OrbPotEnergy) Body's Orbital Potential Energy [kg*m^2/sec^2]: -1.546916e+35 
(LostEnergy) Body's Total Lost Energy [kg*m^2/sec^2]: 9.061499e+30 
----- EQTIDE PARAMETERS (c)------
(TidalRadius) In EqTide, the value of the radius that enters the tidal evolution equations. This parameter is distinct from others, such as the radius of XUV absorption or a pressure level in an atmosphere. [m]: 1.609373e+07 
(DsemiDtEqtide) Total da/dt from EqTide [m/sec]: -1.191709e-10 
(DeccDtEqtide) Total de/dt from EqTide [/sec]: -1.645970e-19 
(DMeanMotionDtEqtide) Total dMeanMotion/dt from EqTide [/sec^2]: 5.592875e-25 
(DOrbPerDtEqtide) Total dOrbPer/dt from EqTide []: -1.750809e-14 
(EccTimeEqtide) Timescale for Eccentricity Evolution (e/[de/dt]) in EqTide [sec]: 4.867240e+17 
(SemiTimeEqtide) Timescale for Semi-major Axis Evolution (a/[da/dt]) in EqTide [sec]: 3.799656e+19 
(DHEccDtEqtide) Time Rate of Change of Poincare's h in EqTide [/sec]: -0.000000 
(DKEccDtEqtide) Time Rate of Change of Poincare's k in EqTide [/sec]: -1.645970e-19 
(DXoblDtEqtide) Time Rate of Change of Laskar's X in EqTide [/sec]: 0.000000 
(DYoblDtEqtide) Time Rate of Change of Laskar's Y in EqTide [/sec]: 0.000000 
(DZoblDtEqtide) Time Rate of Change of Laskar's Z in EqTide [/sec]: 0.000000 
(LockTime) Time when body tidally locked. [sec]: 2.718307e+13 
(BodyDsemiDtEqtide) In EqTide, the total change in semi-major axis is due to dissipation in both bodies. This output parameter returns the change due to current body. []: -1.000000 
(BodyDeccDt) In EqTide, the total change in eccentricity is due to towrues on both bodies. This output parameter returns the change due to current body. []: -1.000000 
(DOblDtEqtide) Time Rate of Change of Obliquity in EqTide [rad/sec]: 0.000000 
(DRotPerDtEqtide) Time Rate of Change of Rotation Period in EqTide []: -1.741358e-298 
(DRotRateDtEqtide) Time Rate of Change of Rotational Frequency in EqTide [/sec^2]: 5.562685e-309 
(EqRotRateDiscrete) CPL2 Discrete Equilibrium Spin Rate [/sec]: 1.416733e-05 
(EqRotPerDiscrete) CPL2 Discrete Equilibrium Spin Period [sec]: 4.434981e+05 
(EqRotRateCont) CPL2 Continuous Equilibrium Spin Rate [/sec]: 1.503115e-05 
(EqRotPerCont) CPL2 Continuous Equilibrium Rotation Period [sec]: 4.180109e+05 
(EqRotPer) Equilibrium Rotation Period [sec]: 4.434981e+05 
(EqTidePower) Equilibrium Power from Tides [/sec]: 0.000000 
(GammaRot) Gamma_Rotation [sec]: -1.000000 
(GammaOrb) Gamma_Orbital [sec]: -1.000000 
(OceanK2) Ocean's Love number k_2 []: 0.010000 
(EnvTidalQ) Envelope Tidal Q []: -1.000000 
(OceanTidalQ) Ocean Tidal Q []: -1.000000 
(TideLock) Tidally Locked? []: 1.000000 
(RotTimeEqtide) Timescale for Rotational Evolution in EqTide [sec]: 2.546852e+303 
(EnvK2) Envelope's Love number k_2 []: 0.010000 
(OblTimeEqtide) Timescale for Obliquity Evolution in EqTide []: -1.000000 
(PowerEqtide) Internal Power due to Tides in EqTide [kg*m^2/sec^3]: 2.039950e+15 
(SurfEnFluxEqtide) Surface Energy Flux due to Tides in EqTide [kg*m^2/sec^2/(m^2*sec)]: 0.626753 
Tidal Perturbers: star
Output Order: Time[year] RotPer[days] SemiMajorAxis[au] Eccentricity[] SurfEnFluxTotal[W/m^2]
Grid Output Order:

----- BODY: d ----
Active Modules: EqTide
Module Bit Sum: 3
Color: 000000
(Mass) Mass [kg]: 6.162261e+24 
(Obliquity) Obliquity [rad]: 0.000000 
(PrecA) Body's precession angle [rad]: 0.000000 
(Xobl) Body's sin(obliquity)*cos(precession angle) []: 0.000000 
(Yobl) Body's sin(obliquity)*sin(precession angle) []: 0.000000 
(Zobl) Body's cos(obliquity) []: 1.000000 
(Radius) Radius [m]: 6.582333e+06 
(RadGyra) Radius of Gyration/Moment of Inertia Constant []: 0.400000 
(RotAngMom) Rotational Angular Momentum [kg*m^2/sec]: 1.133103e+33 
(RotKinEnergy) Body's Rotational Energy [kg*m^2/sec^2]: 1.502759e+28 
(RotVel) Rotational Velocity [m/sec]: 174.594127 
(BodyType) Type of Body (0 == planet) []: 0.000000 
(RotRate) Rotational Frequency [/sec]: 2.652466e-05 
(RotPer) Rotational Period [days]: 2.741677 
(Density) Average Density [kg/m^3]: 5158.363860 
(SurfEnFluxTotal) Total Surface Energy Flux [W/m^2]: 0.000225 
(TidalQ) Tidal Q []: 90.349131 
(ImK2) Im(k_2) []: -0.003320 
(K2) k_2 []: 0.300000 
(K2Man) Real Love Number k2 Mantle []: 0.010000 
(Imk2Man) Imaginary Love Number k2 Mantle []: 0.000000 
(TidalQMantle) Mantle's Tidal Q []: 100.000000 
(HEcc) Poincare's h (=e*sin(varpi) []: 0.000000 
(HZLimitDryRunaway) Semi-major axis of Dry Runaway HZ Limit [m]: -1.000000 
(HZLimRecVenus) Recent Venus HZ Limit []: -1.000000 
(HZLimRunaway) Runaway Greenhouse HZ Limit []: -1.000000 
(HZLimMoistGreenhouse) Moist Greenhouse HZ Limit []: -1.000000 
(HZLimMaxGreenhouse) Maximum Greenhouse HZ Limit []: -1.000000 
(HZLimEarlyMars) Early Mars HZ Limit []: -1.000000 
(Instellation) Orbit-averaged INcident STELLar radiATION [kg*m^2/sec^2/(m^2*sec)]: -1.000000 
(KEcc) Poincare's k (=e*cos(varpi) []: 3.803323e-05 
(Eccentricity) Orbital Eccentricity []: 3.803323e-05 
(OrbEnergy) Body's Total Orbital Energy [kg*m^2/sec^2]: -1.925963e+34 
(MeanMotion) Orbital Mean Motion [/sec]: 2.652466e-05 
(OrbPeriod) Orbital Period [sec]: 2.368809e+05 
(SemiMajorAxis) Semi-major Axis [m]: 2.980739e+09 
(CriticalSemiMajorAxis) Holman & Wiegert (1999) P-type Critical Semi-major Axis [m]: -1.000000 
(COPP) Climate Obliquity Precession Parameter []: 0.000000 
(OrbAngMom) Orbital Angular Momentum [kg*m^2/sec]: 1.452205e+39 
(LongP) Body's Longitude of pericenter [rad]: 0.000000 
(TotOrbEnergy) System's Total Orbital Energy [kg*m^2/sec^2]: -1.636649e+35 
(OrbPotEnergy) Body's Orbital Potential Energy [kg*m^2/sec^2]: -3.851925e+34 
(LostEnergy) Body's Total Lost Energy [kg*m^2/sec^2]: 2.961314e+31 
----- EQTIDE PARAMETERS (d)------
(TidalRadius) In EqTide, the value of the radius that enters the tidal evolution equations. This parameter is distinct from others, such as the radius of XUV absorption or a pressure level in an atmosphere. [m]: 6.582333e+06 
(DsemiDtEqtide) Total da/dt from EqTide [m/sec]: 3.657615e-13 
(DeccDtEqtide) Total de/dt from EqTide [/sec]: -8.367512e-20 
(DMeanMotionDtEqtide) Total dMeanMotion/dt from EqTide [/sec^2]: -4.882196e-27 
(DOrbPerDtEqtide) Total dOrbPer/dt from EqTide []: 4.360090e-17 
(EccTimeEqtide) Timescale for Eccentricity Evolution (e/[de/dt]) in EqTide [sec]: 4.545344e+14 
(SemiTimeEqtide) Timescale for Semi-major Axis Evolution (a/[da/dt]) in EqTide [sec]: 8.149404e+21 
(DHEccDtEqtide) Time Rate of Change of Poincare's h in EqTide [/sec]: -0.000000 
(DKEccDtEqtide) Time Rate of Change of Poincare's k in EqTide [/sec]: -8.367512e-20 
(DXoblDtEqtide) Time Rate of Change of Laskar's X in EqTide [/sec]: 0.000000 
(DYoblDtEqtide) Time Rate of Change of Laskar's Y in EqTide [/sec]: 0.000000 
(DZoblDtEqtide) Time Rate of Change of Laskar's Z in EqTide [/sec]: 0.000000 
(LockTime) Time when body tidally locked. [sec]: 9.597724e+09 
(BodyDsemiDtEqtide) In EqTide, the total change in semi-major axis is due to dissipation in both bodies. This output parameter returns the change due to current body. []: -1.000000 
(BodyDeccDt) In EqTide, the total change in eccentricity is due to towrues on both bodies. This output parameter returns the change due to current body. []: -1.000000 
(DOblDtEqtide) Time Rate of Change of Obliquity in EqTide [rad/sec]: 0.000000 
(DRotPerDtEqtide) Time Rate of Change of Rotation Period in EqTide []: -4.967807e-299 
(DRotRateDtEqtide) Time Rate of Change of Rotational Frequency in EqTide [/sec^2]: 5.562685e-309 
(EqRotRateDiscrete) CPL2 Discrete Equilibrium Spin Rate [/sec]: 2.652466e-05 
(EqRotPerDiscrete) CPL2 Discrete Equilibrium Spin Period [sec]: 2.368809e+05 
(EqRotRateCont) CPL2 Continuous Equilibrium Spin Rate [/sec]: 2.652466e-05 
(EqRotPerCont) CPL2 Continuous Equilibrium Rotation Period [sec]: 2.368809e+05 
(EqRotPer) Equilibrium Rotation Period [sec]: 2.368809e+05 
(EqTidePower) Equilibrium Power from Tides [/sec]: -0.000000 
(GammaRot) Gamma_Rotation [sec]: -1.000000 
(GammaOrb) Gamma_Orbital [sec]: -1.000000 
(OceanK2) Ocean's Love number k_2 []: 0.010000 
(EnvTidalQ) Envelope Tidal Q []: -1.000000 
(OceanTidalQ) Ocean Tidal Q []: -1.000000 
(TideLock) Tidally Locked? []: 1.000000 
(RotTimeEqtide) Timescale for Rotational Evolution in EqTide [sec]: 4.768320e+303 
(EnvK2) Envelope's Love number k_2 []: 0.010000 
(OblTimeEqtide) Timescale for Obliquity Evolution in EqTide []: -1.000000 
(PowerEqtide) Internal Power due to Tides in EqTide [kg*m^2/sec^3]: 1.225850e+11 
(SurfEnFluxEqtide) Surface Energy Flux due to Tides in EqTide [kg*m^2/sec^2/(m^2*sec)]: 0.000225 
Tidal Perturbers: star
Output Order: Time[year] RotPer[days] SemiMajorAxis[au] Eccentricity[] SurfEnFluxTotal[W/m^2]
Grid Output Order:
