-------- Log file LP791System.log -------

Executable: /home/evan/mambaforge/bin/vplanet
Version: Unknown
System Name: LP791System
Primary Input File: /home/evan/code/LP791-18/WaterLoss/SneedEvan/vpl.in
Body File #1: LP791.in
Body File #2: b.in
Body File #3: d.in
Allow files to be overwitten: Yes
Mass Units: Grams
Length Units: Meters
Time Units: Seconds
Angle Units: Radians

------- FORMATTING -----
Verbosity Level: 5
Crossover Decade for Scientific Notation: 4
Number of Digits After Decimal: 6
Integration Method: Runge-Kutta4
Direction: Forward
Time Step: 3.155760e+07
Stop Time: 3.155760e+17
Output Interval: 3.155760e+12
Use Variable Timestep: Yes
dEta: 0.100000
Minimum Value of ecc and obl: 1.000000e-10


---- INITIAL SYSTEM PROPERTIES ----
(Age) System Age [sec]: 1.577880e+15 
(Time) Simulation Time [sec]: 0.000000 
(TotAngMom) Total Angular Momentum [kg*m^2/sec]: 1.604285e+41 
(TotEnergy) Total System Energy [kg*m^2/sec^2]: -1.597000e+40 
(PotEnergy) Body's non-orbital Potential Energy [kg*m^2/sec^2]: -1.597563e+40 
(KinEnergy) Body's non-orbital Kinetic Energy [kg*m^2/sec^2]: 5.715454e+36 
(DeltaTime) Average Timestep Over Last Output Interval [sec]: 0.000000 

----- BODY: LP791 ----
Active Modules: STELLAR
Module Bit Sum: 65
Color: c91111
(Mass) Mass [kg]: 2.763898e+29 
(Radius) Radius [Rearth]: 30.022756 
(RadGyra) Radius of Gyration/Moment of Inertia Constant []: 0.461818 
(RotAngMom) Rotational Angular Momentum [kg*m^2/sec]: 1.571863e+41 
(RotVel) Rotational Velocity [m/sec]: 1.392541e+04 
(BodyType) Type of Body (0 == planet) []: 0.000000 
(RotRate) Rotational Frequency [/sec]: 7.272205e-05 
(RotPer) Rotational Period [sec]: 8.640000e+04 
(Density) Average Density [kg/m^3]: 9397.402123 
(HZLimitDryRunaway) Semi-major axis of Dry Runaway HZ Limit [m]: 1.115349e+10 
(HZLimRecVenus) Recent Venus HZ Limit [m]: 1.000241e+10 
(HZLimRunaway) Runaway Greenhouse HZ Limit [m]: 1.318543e+10 
(HZLimMoistGreenhouse) Moist Greenhouse HZ Limit [m]: 1.323484e+10 
(HZLimMaxGreenhouse) Maximum Greenhouse HZ Limit [m]: 2.520464e+10 
(HZLimEarlyMars) Early Mars HZ Limit [m]: 2.748831e+10 
(Instellation) Orbit-averaged INcident STELLar radiATION [kg*m^2/sec^2/(m^2*sec)]: -1.000000 
(CriticalSemiMajorAxis) Holman & Wiegert (1999) P-type Critical Semi-major Axis [m]: -1.000000 
(LXUVTot) Total XUV Luminosity [kg*m^2/sec^2/(m^2*sec)]: 2.595015e+21 
(LostEnergy) Body's Total Lost Energy [kg*m^2/sec^2]: 5.562685e-309 
(LostAngMom) Lost Angular Momentum due to Magnetic Braking [kg*m^2/sec]: 5.562685e-309 
----- STELLAR PARAMETERS (LP791)------
(Luminosity) Luminosity [LSUN]: 0.006747 
(LXUVStellar) Base X-ray/XUV Luminosity [LSUN]: 6.747308e-06 
(Temperature) Effective Temperature [K]: 3156.333782 
(LXUVFrac) Fraction of luminosity in XUV []: 0.001000 
(RossbyNumber) Rossby Number []: 0.016025 
(DRotPerDtStellar) Time Rate of Change of Rotation Period in STELLAR []: -2.031441e-11 
Output Order: Age[year] Luminosity[LSUN] LXUVStellar[LSUN] Radius[Rearth] Temperature[K]
Grid Output Order:

----- BODY: b ----
Active Modules: AtmEsc
Module Bit Sum: 9
Color: 13aed5
(Mass) Mass [kg]: 1.206382e+25 
(Radius) Radius [m]: 7.730257e+06 
(RadGyra) Radius of Gyration/Moment of Inertia Constant []: 0.500000 
(BodyType) Type of Body (0 == planet) []: 0.000000 
(Density) Average Density [kg/m^3]: 6234.681228 
(HZLimitDryRunaway) Semi-major axis of Dry Runaway HZ Limit [m]: 1.115349e+10 
(HZLimRecVenus) Recent Venus HZ Limit [m]: 1.000241e+10 
(HZLimRunaway) Runaway Greenhouse HZ Limit [m]: 1.318543e+10 
(HZLimMoistGreenhouse) Moist Greenhouse HZ Limit [m]: 1.323484e+10 
(HZLimMaxGreenhouse) Maximum Greenhouse HZ Limit [m]: 2.520464e+10 
(HZLimEarlyMars) Early Mars HZ Limit [m]: 2.748831e+10 
(Instellation) Orbit-averaged INcident STELLar radiATION [kg*m^2/sec^2/(m^2*sec)]: 9.640759e+04 
(MeanMotion) Orbital Mean Motion [/sec]: 7.671118e-05 
(OrbPeriod) Orbital Period [sec]: 8.190704e+04 
(SemiMajorAxis) Semi-major Axis [m]: 1.463556e+09 
(LXUVTot) Total XUV Luminosity [kg*m^2/sec^2/(m^2*sec)]: -1.000000 
----- ATMESC PARAMETERS (b)------
(SurfWaterMass) Surface water mass [TO]: 10.000000 
(EnvelopeMass) Envelope mass [kg]: 0.000000 
(OxygenMass) Oxygen mass in the atmosphere [bars]: 0.000000 
(RGLimit) Runaway greenhouse semi-major axis [AU]: 0.084097 
(XO) Atomic oxygen mixing ratio in upper atmosphere []: 0.333333 
(EtaO) Oxygen eta parameter (Luger and Barnes 2015) []: 0.461012 
(PlanetRadius) Planet radius [m]: 7.730257e+06 
(OxygenMantleMass) Mass of oxygen in mantle [kg]: 0.000000 
(RadXUV) XUV radius separating hydro. dyn. escape and equilibrium [m]: -1.000000 
(RadSolid) Radius to the solid surface [m]: -1.000000 
(PresXUV) Pressure at base of thermosphere []: 5.000000 
(ScaleHeight) Scale height in Lehmer & Catling (2016) model [m]: -1.000000 
(ThermTemp) Isothermal atmospheric temperature [K]: 400.000000 
(AtmGasConst) Atmospheric gas constant []: 4124.000000 
(PresSurf) Surface pressure due to atmosphere [Pa]: -1.000000 
(DEnvMassDt) Envelope Mass Loss Rate [kg/s]: 0.000000 
(FXUV) XUV flux [W/m^2]: 96.407592 
(AtmXAbsEffH2O) XUV atmospheric escape efficiency for H2O []: 0.010936 
(RocheRadius) Roche Lobe Radius [m]: 3.572919e+07 
(BondiRadius) Bondi Radius [m]: 8.522100e+08 
(HEscapeRegime) Integer flag for H envelope escape regime []: 8.000000 
(RRCriticalFlux) Critical XUV Flux that separates RR and energy-limited escape [W/m^2]: 57.006636 
(CrossoverMass) Crossover mass, defines oxygen is escaping if mc > mo [kg]: 4.787327e-26 
(WaterEscapeRegime) What water escape regime the code is currently in []: 3.000000 
(FXUVCRITDRAG) Critical Drag XUV flux [W/m^2]: 11.164565 
(HREFFLUX) The Hydrogen Reference Flux (m^-2 s^-1) [m^-2 s^-1]: 1.512905e+18 
(XO2) Molecular oxygen mixing ratio in atmosphere []: 0.000000 
(XH2O) Water mixing ratio in upper atmosphere []: 1.000000 
(HDiffFlux) The Hydrogen Diffusion Flux (m^-2 s^-1) [m^-2 s^-1]: 1.739376e+17 
(HRefODragMod) Multiply by H ref flux to get flux with drag []: 0.213306 
(KTide) Mass loss enhancement due to stellar gravity []: 0.680528 
(RGDuration) Runaway Greenhouse Duration [years]: 0.00000e+00
Output Order: Time[year] SurfWaterMass[TO] RGLimit[AU] OxygenMass[bars]
Grid Output Order:

----- BODY: d ----
Active Modules: AtmEsc
Module Bit Sum: 9
Color: 13aed5
(Mass) Mass [kg]: 5.374967e+24 
(Radius) Radius [m]: 6.582199e+06 
(RadGyra) Radius of Gyration/Moment of Inertia Constant []: 0.500000 
(BodyType) Type of Body (0 == planet) []: 0.000000 
(Density) Average Density [kg/m^3]: 4499.602620 
(HZLimitDryRunaway) Semi-major axis of Dry Runaway HZ Limit [m]: 1.115349e+10 
(HZLimRecVenus) Recent Venus HZ Limit [m]: 1.000241e+10 
(HZLimRunaway) Runaway Greenhouse HZ Limit [m]: 1.318543e+10 
(HZLimMoistGreenhouse) Moist Greenhouse HZ Limit [m]: 1.323484e+10 
(HZLimMaxGreenhouse) Maximum Greenhouse HZ Limit [m]: 2.520464e+10 
(HZLimEarlyMars) Early Mars HZ Limit [m]: 2.748831e+10 
(Instellation) Orbit-averaged INcident STELLar radiATION [kg*m^2/sec^2/(m^2*sec)]: 2.326456e+04 
(MeanMotion) Orbital Mean Motion [/sec]: 2.641138e-05 
(OrbPeriod) Orbital Period [sec]: 2.378969e+05 
(SemiMajorAxis) Semi-major Axis [m]: 2.979323e+09 
(LXUVTot) Total XUV Luminosity [kg*m^2/sec^2/(m^2*sec)]: -1.000000 
----- ATMESC PARAMETERS (d)------
(SurfWaterMass) Surface water mass [TO]: 10.000000 
(EnvelopeMass) Envelope mass [kg]: 0.000000 
(OxygenMass) Oxygen mass in the atmosphere [bars]: 0.000000 
(RGLimit) Runaway greenhouse semi-major axis [AU]: 0.085697 
(XO) Atomic oxygen mixing ratio in upper atmosphere []: 0.333333 
(EtaO) Oxygen eta parameter (Luger and Barnes 2015) []: 0.587463 
(PlanetRadius) Planet radius [m]: 6.582199e+06 
(OxygenMantleMass) Mass of oxygen in mantle [kg]: 0.000000 
(RadXUV) XUV radius separating hydro. dyn. escape and equilibrium [m]: -1.000000 
(RadSolid) Radius to the solid surface [m]: -1.000000 
(PresXUV) Pressure at base of thermosphere []: 5.000000 
(ScaleHeight) Scale height in Lehmer & Catling (2016) model [m]: -1.000000 
(ThermTemp) Isothermal atmospheric temperature [K]: 400.000000 
(AtmGasConst) Atmospheric gas constant []: 4124.000000 
(PresSurf) Surface pressure due to atmosphere [Pa]: -1.000000 
(DEnvMassDt) Envelope Mass Loss Rate [kg/s]: 0.000000 
(FXUV) XUV flux [W/m^2]: 23.264562 
(AtmXAbsEffH2O) XUV atmospheric escape efficiency for H2O []: 0.023147 
(RocheRadius) Roche Lobe Radius [m]: 5.555141e+07 
(BondiRadius) Bondi Radius [m]: 2.661238e+08 
(HEscapeRegime) Integer flag for H envelope escape regime []: 8.000000 
(RRCriticalFlux) Critical XUV Flux that separates RR and energy-limited escape [W/m^2]: 26.815635 
(CrossoverMass) Crossover mass, defines oxygen is escaping if mc > mo [kg]: 6.203842e-26 
(WaterEscapeRegime) What water escape regime the code is currently in []: 3.000000 
(FXUVCRITDRAG) Critical Drag XUV flux [W/m^2]: 1.696108 
(HREFFLUX) The Hydrogen Reference Flux (m^-2 s^-1) [m^-2 s^-1]: 1.476796e+18 
(XO2) Molecular oxygen mixing ratio in atmosphere []: 0.000000 
(XH2O) Water mixing ratio in upper atmosphere []: 1.000000 
(HDiffFlux) The Hydrogen Diffusion Flux (m^-2 s^-1) [m^-2 s^-1]: 1.068884e+17 
(HRefODragMod) Multiply by H ref flux to get flux with drag []: 0.175448 
(KTide) Mass loss enhancement due to stellar gravity []: 0.823099 
(RGDuration) Runaway Greenhouse Duration [years]: 0.00000e+00
Output Order: Time[year] SurfWaterMass[TO] RGLimit[AU] OxygenMass[bars]
Grid Output Order:



---- FINAL SYSTEM PROPERTIES ----
(Age) System Age [sec]: 3.098073e+17 
(Time) Simulation Time [sec]: 3.082294e+17 
(TotAngMom) Total Angular Momentum [kg*m^2/sec]: 1.604651e+41 
(TotEnergy) Total System Energy [kg*m^2/sec^2]: -1.599919e+40 
(PotEnergy) Body's non-orbital Potential Energy [kg*m^2/sec^2]: -2.672267e+40 
(KinEnergy) Body's non-orbital Kinetic Energy [kg*m^2/sec^2]: 2.444309e+32 
(DeltaTime) Average Timestep Over Last Output Interval [sec]: 2.799322e+07 

----- BODY: LP791 ----
Active Modules: STELLAR
Module Bit Sum: 65
Color: c91111
(Mass) Mass [kg]: 2.763898e+29 
(Radius) Radius [Rearth]: 17.948517 
(RadGyra) Radius of Gyration/Moment of Inertia Constant []: 0.462395 
(RotAngMom) Rotational Angular Momentum [kg*m^2/sec]: 6.153003e+38 
(RotVel) Rotational Velocity [m/sec]: 90.953396 
(BodyType) Type of Body (0 == planet) []: 0.000000 
(RotRate) Rotational Frequency [/sec]: 7.945094e-07 
(RotPer) Rotational Period [sec]: 7.908258e+06 
(Density) Average Density [kg/m^3]: 4.398188e+04 
(HZLimitDryRunaway) Semi-major axis of Dry Runaway HZ Limit [m]: 6.360013e+09 
(HZLimRecVenus) Recent Venus HZ Limit [m]: 5.711025e+09 
(HZLimRunaway) Runaway Greenhouse HZ Limit [m]: 7.523867e+09 
(HZLimMoistGreenhouse) Moist Greenhouse HZ Limit [m]: 7.556628e+09 
(HZLimMaxGreenhouse) Maximum Greenhouse HZ Limit [m]: 1.442931e+10 
(HZLimEarlyMars) Early Mars HZ Limit [m]: 1.573664e+10 
(Instellation) Orbit-averaged INcident STELLar radiATION [kg*m^2/sec^2/(m^2*sec)]: -1.000000 
(CriticalSemiMajorAxis) Holman & Wiegert (1999) P-type Critical Semi-major Axis [m]: -1.000000 
(LXUVTot) Total XUV Luminosity [kg*m^2/sec^2/(m^2*sec)]: 2.223392e+20 
(LostEnergy) Body's Total Lost Energy [kg*m^2/sec^2]: 1.072357e+40 
(LostAngMom) Lost Angular Momentum due to Magnetic Braking [kg*m^2/sec]: 1.566075e+41 
----- STELLAR PARAMETERS (LP791)------
(Luminosity) Luminosity [LSUN]: 0.002194 
(LXUVStellar) Base X-ray/XUV Luminosity [LSUN]: 5.781052e-07 
(Temperature) Effective Temperature [K]: 3085.959668 
(LXUVFrac) Fraction of luminosity in XUV []: 0.000264 
(RossbyNumber) Rossby Number []: 1.414827 
(DRotPerDtStellar) Time Rate of Change of Rotation Period in STELLAR []: 1.030174e-11 
Output Order: Age[year] Luminosity[LSUN] LXUVStellar[LSUN] Radius[Rearth] Temperature[K]
Grid Output Order:

----- BODY: b ----
Active Modules: AtmEsc
Module Bit Sum: 9
Color: 13aed5
(Mass) Mass [kg]: 1.206382e+25 
(Radius) Radius [m]: 7.730257e+06 
(RadGyra) Radius of Gyration/Moment of Inertia Constant []: 0.500000 
(BodyType) Type of Body (0 == planet) []: 0.000000 
(Density) Average Density [kg/m^3]: 6234.681228 
(HZLimitDryRunaway) Semi-major axis of Dry Runaway HZ Limit [m]: 6.360013e+09 
(HZLimRecVenus) Recent Venus HZ Limit [m]: 5.711025e+09 
(HZLimRunaway) Runaway Greenhouse HZ Limit [m]: 7.523867e+09 
(HZLimMoistGreenhouse) Moist Greenhouse HZ Limit [m]: 7.556628e+09 
(HZLimMaxGreenhouse) Maximum Greenhouse HZ Limit [m]: 1.442931e+10 
(HZLimEarlyMars) Early Mars HZ Limit [m]: 1.573664e+10 
(Instellation) Orbit-averaged INcident STELLar radiATION [kg*m^2/sec^2/(m^2*sec)]: 3.134768e+04 
(MeanMotion) Orbital Mean Motion [/sec]: 7.671118e-05 
(OrbPeriod) Orbital Period [sec]: 8.190704e+04 
(SemiMajorAxis) Semi-major Axis [m]: 1.463556e+09 
(LXUVTot) Total XUV Luminosity [kg*m^2/sec^2/(m^2*sec)]: -1.000000 
----- ATMESC PARAMETERS (b)------
(SurfWaterMass) Surface water mass [TO]: 0.000000 
(EnvelopeMass) Envelope mass [kg]: 0.000000 
(OxygenMass) Oxygen mass in the atmosphere [bars]: 1486.797022 
(RGLimit) Runaway greenhouse semi-major axis [AU]: 0.047987 
(XO) Atomic oxygen mixing ratio in upper atmosphere []: 1.000000 
(EtaO) Oxygen eta parameter (Luger and Barnes 2015) []: 0.000000 
(PlanetRadius) Planet radius [m]: 7.730257e+06 
(OxygenMantleMass) Mass of oxygen in mantle [kg]: 0.000000 
(RadXUV) XUV radius separating hydro. dyn. escape and equilibrium [m]: -1.000000 
(RadSolid) Radius to the solid surface [m]: -1.000000 
(PresXUV) Pressure at base of thermosphere []: 5.000000 
(ScaleHeight) Scale height in Lehmer & Catling (2016) model [m]: -1.000000 
(ThermTemp) Isothermal atmospheric temperature [K]: 400.000000 
(AtmGasConst) Atmospheric gas constant []: 4124.000000 
(PresSurf) Surface pressure due to atmosphere [Pa]: -1.000000 
(DEnvMassDt) Envelope Mass Loss Rate [kg/s]: 0.000000 
(FXUV) XUV flux [W/m^2]: 8.260142 
(AtmXAbsEffH2O) XUV atmospheric escape efficiency for H2O []: 0.036211 
(RocheRadius) Roche Lobe Radius [m]: 3.572919e+07 
(BondiRadius) Bondi Radius [m]: 1.127328e+09 
(HEscapeRegime) Integer flag for H envelope escape regime []: 8.000000 
(RRCriticalFlux) Critical XUV Flux that separates RR and energy-limited escape [W/m^2]: 57.006636 
(CrossoverMass) Crossover mass, defines oxygen is escaping if mc > mo [kg]: 0.000000 
(WaterEscapeRegime) What water escape regime the code is currently in []: 8.000000 
(FXUVCRITDRAG) Critical Drag XUV flux [W/m^2]: 0.000000 
(HREFFLUX) The Hydrogen Reference Flux (m^-2 s^-1) [m^-2 s^-1]: 4.292149e+17 
(XO2) Molecular oxygen mixing ratio in atmosphere []: 1.000000 
(XH2O) Water mixing ratio in upper atmosphere []: 0.000000 
(HDiffFlux) The Hydrogen Diffusion Flux (m^-2 s^-1) [m^-2 s^-1]: 0.000000 
(HRefODragMod) Multiply by H ref flux to get flux with drag []: 0.000000 
(KTide) Mass loss enhancement due to stellar gravity []: 0.680528 
(RGDuration) Runaway Greenhouse Duration [years]: 0.00000e+00
Output Order: Time[year] SurfWaterMass[TO] RGLimit[AU] OxygenMass[bars]
Grid Output Order:

----- BODY: d ----
Active Modules: AtmEsc
Module Bit Sum: 9
Color: 13aed5
(Mass) Mass [kg]: 5.374967e+24 
(Radius) Radius [m]: 6.582199e+06 
(RadGyra) Radius of Gyration/Moment of Inertia Constant []: 0.500000 
(BodyType) Type of Body (0 == planet) []: 0.000000 
(Density) Average Density [kg/m^3]: 4499.602620 
(HZLimitDryRunaway) Semi-major axis of Dry Runaway HZ Limit [m]: 6.360013e+09 
(HZLimRecVenus) Recent Venus HZ Limit [m]: 5.711025e+09 
(HZLimRunaway) Runaway Greenhouse HZ Limit [m]: 7.523867e+09 
(HZLimMoistGreenhouse) Moist Greenhouse HZ Limit [m]: 7.556628e+09 
(HZLimMaxGreenhouse) Maximum Greenhouse HZ Limit [m]: 1.442931e+10 
(HZLimEarlyMars) Early Mars HZ Limit [m]: 1.573664e+10 
(Instellation) Orbit-averaged INcident STELLar radiATION [kg*m^2/sec^2/(m^2*sec)]: 7564.653096 
(MeanMotion) Orbital Mean Motion [/sec]: 2.641138e-05 
(OrbPeriod) Orbital Period [sec]: 2.378969e+05 
(SemiMajorAxis) Semi-major Axis [m]: 2.979323e+09 
(LXUVTot) Total XUV Luminosity [kg*m^2/sec^2/(m^2*sec)]: -1.000000 
----- ATMESC PARAMETERS (d)------
(SurfWaterMass) Surface water mass [TO]: 0.004520 
(EnvelopeMass) Envelope mass [kg]: 0.000000 
(OxygenMass) Oxygen mass in the atmosphere [bars]: 1093.544525 
(RGLimit) Runaway greenhouse semi-major axis [AU]: 0.048901 
(XO) Atomic oxygen mixing ratio in upper atmosphere []: 0.998450 
(EtaO) Oxygen eta parameter (Luger and Barnes 2015) []: 0.000000 
(PlanetRadius) Planet radius [m]: 6.582199e+06 
(OxygenMantleMass) Mass of oxygen in mantle [kg]: 0.000000 
(RadXUV) XUV radius separating hydro. dyn. escape and equilibrium [m]: -1.000000 
(RadSolid) Radius to the solid surface [m]: -1.000000 
(PresXUV) Pressure at base of thermosphere []: 5.000000 
(ScaleHeight) Scale height in Lehmer & Catling (2016) model [m]: -1.000000 
(ThermTemp) Isothermal atmospheric temperature [K]: 400.000000 
(AtmGasConst) Atmospheric gas constant []: 4124.000000 
(PresSurf) Surface pressure due to atmosphere [Pa]: -1.000000 
(DEnvMassDt) Envelope Mass Loss Rate [kg/s]: 0.000000 
(FXUV) XUV flux [W/m^2]: 1.993293 
(AtmXAbsEffH2O) XUV atmospheric escape efficiency for H2O []: 0.059122 
(RocheRadius) Roche Lobe Radius [m]: 5.555141e+07 
(BondiRadius) Bondi Radius [m]: 3.520362e+08 
(HEscapeRegime) Integer flag for H envelope escape regime []: 8.000000 
(RRCriticalFlux) Critical XUV Flux that separates RR and energy-limited escape [W/m^2]: 26.815635 
(CrossoverMass) Crossover mass, defines oxygen is escaping if mc > mo [kg]: 0.000000 
(WaterEscapeRegime) What water escape regime the code is currently in []: 8.000000 
(FXUVCRITDRAG) Critical Drag XUV flux [W/m^2]: 0.001544 
(HREFFLUX) The Hydrogen Reference Flux (m^-2 s^-1) [m^-2 s^-1]: 3.231891e+17 
(XO2) Molecular oxygen mixing ratio in atmosphere []: 0.998449 
(XH2O) Water mixing ratio in upper atmosphere []: 0.001551 
(HDiffFlux) The Hydrogen Diffusion Flux (m^-2 s^-1) [m^-2 s^-1]: 2.484830e+14 
(HRefODragMod) Multiply by H ref flux to get flux with drag []: 6.063259e-06 
(KTide) Mass loss enhancement due to stellar gravity []: 0.823099 
(RGDuration) Runaway Greenhouse Duration [years]: 0.00000e+00
Output Order: Time[year] SurfWaterMass[TO] RGLimit[AU] OxygenMass[bars]
Grid Output Order:
