-------- Log file LP791-18.log -------

Executable: /Users/noahvowell/opt/anaconda3/envs/exo/bin/vplanet
Version: Unknown
System Name: LP791-18
Primary Input File: vpl.in
Body File #1: star.in
Body File #2: b.in
Body File #3: c.in
Body File #4: d.in
Allow files to be overwitten: Yes
Mass Units: Grams
Length Units: Meters
Time Units: Seconds
Angle Units: Radians

------- FORMATTING -----
Verbosity Level: 5
Crossover Decade for Scientific Notation: 4
Number of Digits After Decimal: 6
Integration Method: Runge-Kutta4
Direction: Forward
Time Step: 3.155760e+07
Stop Time: 3.155760e+12
Output Interval: 3.155760e+09
Use Variable Timestep: Yes
dEta: 0.010000
Minimum Value of ecc and obl: 1.000000e-10


---- INITIAL SYSTEM PROPERTIES ----
(Age) System Age [sec]: 3.155760e+13 
(Time) Simulation Time [sec]: 0.000000 
(TotAngMom) Total Angular Momentum [kg*m^2/sec]: 1.380239e+41 
(TotEnergy) Total System Energy [kg*m^2/sec^2]: -2.282942e+40 
(PotEnergy) Body's non-orbital Potential Energy [kg*m^2/sec^2]: -2.283828e+40 
(KinEnergy) Body's non-orbital Kinetic Energy [kg*m^2/sec^2]: 9.031584e+36 
(DeltaTime) Average Timestep Over Last Output Interval [sec]: 0.000000 

----- BODY: star ----
Active Modules: 
Module Bit Sum: 1
Color: 000000
(Mass) Mass [kg]: 2.675706e+29 
(Radius) Radius [m]: 1.255362e+08 
(RadGyra) Radius of Gyration/Moment of Inertia Constant []: 0.450000 
(BodyType) Type of Body (0 == planet) []: 0.000000 
(Density) Average Density [kg/m^3]: 3.228810e+04 
(HZLimitDryRunaway) Semi-major axis of Dry Runaway HZ Limit [m]: -1.000000 
(HZLimRecVenus) Recent Venus HZ Limit []: -1.000000 
(HZLimRunaway) Runaway Greenhouse HZ Limit []: -1.000000 
(HZLimMoistGreenhouse) Moist Greenhouse HZ Limit []: -1.000000 
(HZLimMaxGreenhouse) Maximum Greenhouse HZ Limit []: -1.000000 
(HZLimEarlyMars) Early Mars HZ Limit []: -1.000000 
(Instellation) Orbit-averaged INcident STELLar radiATION [kg*m^2/sec^2/(m^2*sec)]: -1.000000 
Output Order:
Grid Output Order:

----- BODY: b ----
Active Modules: DistOrb
Module Bit Sum: 17
Color: 000000
(Mass) Mass [kg]: 1.007538e+25 
(Radius) Radius [m]: 7.905234e+06 
(RadGyra) Radius of Gyration/Moment of Inertia Constant []: 0.400000 
(RotKinEnergy) Body's Rotational Energy [kg*m^2/sec^2]: 2.663871e+29 
(RotVel) Rotational Velocity [m/sec]: 574.884849 
(BodyType) Type of Body (0 == planet) []: 0.000000 
(Density) Average Density [kg/m^3]: 4868.875754 
(HEcc) Poincare's h (=e*sin(varpi) []: 0.002454 
(HZLimitDryRunaway) Semi-major axis of Dry Runaway HZ Limit [m]: -1.000000 
(HZLimRecVenus) Recent Venus HZ Limit []: -1.000000 
(HZLimRunaway) Runaway Greenhouse HZ Limit []: -1.000000 
(HZLimMoistGreenhouse) Moist Greenhouse HZ Limit []: -1.000000 
(HZLimMaxGreenhouse) Maximum Greenhouse HZ Limit []: -1.000000 
(HZLimEarlyMars) Early Mars HZ Limit []: -1.000000 
(Instellation) Orbit-averaged INcident STELLar radiATION [kg*m^2/sec^2/(m^2*sec)]: -1.000000 
(KEcc) Poincare's k (=e*cos(varpi) []: 0.022517 
(Eccentricity) Orbital Eccentricity []: 0.022651 
(OrbEnergy) Body's Total Orbital Energy [kg*m^2/sec^2]: -6.213856e+34 
(MeanMotion) Orbital Mean Motion [/sec]: 7.671138e-05 
(OrbPeriod) Orbital Period [sec]: 8.190682e+04 
(SemiMajorAxis) Semi-major Axis [m]: 1.447815e+09 
(OrbAngMom) Orbital Angular Momentum [kg*m^2/sec]: 1.619645e+39 
(ArgP) Body's argument of pericenter [rad]: 3.602815 
(Inc) Body's Inclination [rad]: 0.038238 
(LongA) Body's Longitude of ascending node [rad]: 2.788920 
(MeanLongitude) Orbital Mean Longitude [rad]: 0.108550 
(LongP) Body's Longitude of pericenter [rad]: 0.108550 
(TotOrbEnergy) System's Total Orbital Energy [kg*m^2/sec^2]: -1.583600e+35 
(OrbPotEnergy) Body's Orbital Potential Energy [kg*m^2/sec^2]: -1.242771e+35 
----- DISTORB PARAMETERS (b)------
(Sinc) Body's sin(Inc/2) in DistOrb []: 0.019118 
(Pinc) Body's Poincare p in DistOrb []: 0.006603 
(Qinc) Body's Poincare q in DistOrb []: -0.017941 
(DIncDtDistOrb) Body's inclination derivative in DistOrb [rad/sec]: 5.608368e-13 
(DSincDtDistOrb) Body's sin(Inc/2) derivative in DistOrb [/sec]: 2.803672e-13 
(DLongADtDistOrb) Body's longitude of ascending node derivative in DistOrb [rad/sec]: -6.505434e-10 
(DLongPDtDistOrb) Body's longitude of pericenter derivative in DistOrb [rad/sec]: 6.409181e-10 
(DHeccDtDistOrb) Body's Poincare h derivative in DistOrb [/sec]: 1.444535e-11 
(DKeccDtDistOrb) Body's Poincare k in DistOrb [/sec]: -1.448090e-12 
(DPincDtDistOrb) Body's Poincare p in DistOrb [/sec]: 1.176824e-11 
(DQincDtDistOrb) Body's Poincare q in DistOrb [/sec]: 4.032663e-12 
Output Order: Time[year] TotEnergy[ergs] TotAngMom[kg*m^2/s] LongP[deg] SemiMajorAxis[au] Eccentricity[] Inc[deg] LongA[deg]
Grid Output Order:

----- BODY: c ----
Active Modules: DistOrb
Module Bit Sum: 17
Color: 000000
(Mass) Mass [kg]: 3.928725e+25 
(Radius) Radius [m]: 1.486916e+07 
(RadGyra) Radius of Gyration/Moment of Inertia Constant []: 0.400000 
(RotKinEnergy) Body's Rotational Energy [kg*m^2/sec^2]: 3.674909e+30 
(RotVel) Rotational Velocity [m/sec]: 1081.315627 
(BodyType) Type of Body (0 == planet) []: 0.000000 
(Density) Average Density [kg/m^3]: 2853.014686 
(HEcc) Poincare's h (=e*sin(varpi) []: -0.005906 
(HZLimitDryRunaway) Semi-major axis of Dry Runaway HZ Limit [m]: -1.000000 
(HZLimRecVenus) Recent Venus HZ Limit []: -1.000000 
(HZLimRunaway) Runaway Greenhouse HZ Limit []: -1.000000 
(HZLimMoistGreenhouse) Moist Greenhouse HZ Limit []: -1.000000 
(HZLimMaxGreenhouse) Maximum Greenhouse HZ Limit []: -1.000000 
(HZLimEarlyMars) Early Mars HZ Limit []: -1.000000 
(Instellation) Orbit-averaged INcident STELLar radiATION [kg*m^2/sec^2/(m^2*sec)]: -1.000000 
(KEcc) Poincare's k (=e*cos(varpi) []: -0.004932 
(Eccentricity) Orbital Eccentricity []: 0.007694 
(OrbEnergy) Body's Total Orbital Energy [kg*m^2/sec^2]: -8.007150e+34 
(MeanMotion) Orbital Mean Motion [/sec]: 1.457382e-05 
(OrbPeriod) Orbital Period [sec]: 4.311282e+05 
(SemiMajorAxis) Semi-major Axis [m]: 4.381135e+09 
(OrbAngMom) Orbital Angular Momentum [kg*m^2/sec]: 1.098808e+40 
(ArgP) Body's argument of pericenter [rad]: 3.827817 
(Inc) Body's Inclination [rad]: 0.003842 
(LongA) Body's Longitude of ascending node [rad]: 0.188784 
(MeanLongitude) Orbital Mean Longitude [rad]: -2.266584 
(LongP) Body's Longitude of pericenter [rad]: 4.016602 
(TotOrbEnergy) System's Total Orbital Energy [kg*m^2/sec^2]: -1.583600e+35 
(OrbPotEnergy) Body's Orbital Potential Energy [kg*m^2/sec^2]: -1.601430e+35 
----- DISTORB PARAMETERS (c)------
(Sinc) Body's sin(Inc/2) in DistOrb []: 0.001921 
(Pinc) Body's Poincare p in DistOrb []: 0.000361 
(Qinc) Body's Poincare q in DistOrb []: 0.001887 
(DIncDtDistOrb) Body's inclination derivative in DistOrb [rad/sec]: -6.292909e-13 
(DSincDtDistOrb) Body's sin(Inc/2) derivative in DistOrb [/sec]: -3.146449e-13 
(DLongADtDistOrb) Body's longitude of ascending node derivative in DistOrb [rad/sec]: -7.393860e-10 
(DLongPDtDistOrb) Body's longitude of pericenter derivative in DistOrb [rad/sec]: 5.675702e-10 
(DHeccDtDistOrb) Body's Poincare h derivative in DistOrb [/sec]: -2.266980e-12 
(DKeccDtDistOrb) Body's Poincare k in DistOrb [/sec]: 3.796420e-12 
(DPincDtDistOrb) Body's Poincare p in DistOrb [/sec]: -1.454286e-12 
(DQincDtDistOrb) Body's Poincare q in DistOrb [/sec]: -4.248092e-14 
Output Order: Time[year] LongP[deg] SemiMajorAxis[au] Eccentricity[] Inc[deg] LongA[deg]
Grid Output Order:

----- BODY: d ----
Active Modules: DistOrb
Module Bit Sum: 17
Color: 000000
(Mass) Mass [kg]: 5.330617e+24 
(Radius) Radius [m]: 6.661924e+06 
(RadGyra) Radius of Gyration/Moment of Inertia Constant []: 0.400000 
(RotKinEnergy) Body's Rotational Energy [kg*m^2/sec^2]: 1.000919e+29 
(RotVel) Rotational Velocity [m/sec]: 484.468749 
(BodyType) Type of Body (0 == planet) []: 0.000000 
(Density) Average Density [kg/m^3]: 4304.175440 
(HEcc) Poincare's h (=e*sin(varpi) []: 0.006536 
(HZLimitDryRunaway) Semi-major axis of Dry Runaway HZ Limit [m]: -1.000000 
(HZLimRecVenus) Recent Venus HZ Limit []: -1.000000 
(HZLimRunaway) Runaway Greenhouse HZ Limit []: -1.000000 
(HZLimMoistGreenhouse) Moist Greenhouse HZ Limit []: -1.000000 
(HZLimMaxGreenhouse) Maximum Greenhouse HZ Limit []: -1.000000 
(HZLimEarlyMars) Early Mars HZ Limit []: -1.000000 
(Instellation) Orbit-averaged INcident STELLar radiATION [kg*m^2/sec^2/(m^2*sec)]: -1.000000 
(KEcc) Poincare's k (=e*cos(varpi) []: -0.000181 
(Eccentricity) Orbital Eccentricity []: 0.006539 
(OrbEnergy) Body's Total Orbital Energy [kg*m^2/sec^2]: -1.614994e+34 
(MeanMotion) Orbital Mean Motion [/sec]: 2.641171e-05 
(OrbPeriod) Orbital Period [sec]: 2.378939e+05 
(SemiMajorAxis) Semi-major Axis [m]: 2.947267e+09 
(OrbAngMom) Orbital Angular Momentum [kg*m^2/sec]: 1.222912e+39 
(ArgP) Body's argument of pericenter [rad]: 2.293271 
(Inc) Body's Inclination [rad]: 0.001981 
(LongA) Body's Longitude of ascending node [rad]: 5.588400 
(MeanLongitude) Orbital Mean Longitude [rad]: 1.598485 
(LongP) Body's Longitude of pericenter [rad]: 1.598485 
(TotOrbEnergy) System's Total Orbital Energy [kg*m^2/sec^2]: -1.583600e+35 
(OrbPotEnergy) Body's Orbital Potential Energy [kg*m^2/sec^2]: -3.229988e+34 
----- DISTORB PARAMETERS (d)------
(Sinc) Body's sin(Inc/2) in DistOrb []: 0.000991 
(Pinc) Body's Poincare p in DistOrb []: -0.000634 
(Qinc) Body's Poincare q in DistOrb []: 0.000761 
(DIncDtDistOrb) Body's inclination derivative in DistOrb [rad/sec]: -4.398163e-12 
(DSincDtDistOrb) Body's sin(Inc/2) derivative in DistOrb [/sec]: -2.199080e-12 
(DLongADtDistOrb) Body's longitude of ascending node derivative in DistOrb [rad/sec]: -5.154995e-09 
(DLongPDtDistOrb) Body's longitude of pericenter derivative in DistOrb [rad/sec]: 4.955670e-09 
(DHeccDtDistOrb) Body's Poincare h derivative in DistOrb [/sec]: 6.170838e-12 
(DKeccDtDistOrb) Body's Poincare k in DistOrb [/sec]: -3.258702e-11 
(DPincDtDistOrb) Body's Poincare p in DistOrb [/sec]: -2.514821e-12 
(DQincDtDistOrb) Body's Poincare q in DistOrb [/sec]: -4.958561e-12 
Output Order: Time[year] LongP[deg] SemiMajorAxis[au] Eccentricity[] Inc[deg] LongA[deg]
Grid Output Order:



---- FINAL SYSTEM PROPERTIES ----
(Age) System Age [sec]: 3.471336e+13 
(Time) Simulation Time [sec]: 3.155760e+12 
(TotAngMom) Total Angular Momentum [kg*m^2/sec]: 1.380239e+41 
(TotEnergy) Total System Energy [kg*m^2/sec^2]: -2.282942e+40 
(PotEnergy) Body's non-orbital Potential Energy [kg*m^2/sec^2]: -2.283828e+40 
(KinEnergy) Body's non-orbital Kinetic Energy [kg*m^2/sec^2]: 9.031584e+36 
(DeltaTime) Average Timestep Over Last Output Interval [sec]: 3568.976047 

----- BODY: star ----
Active Modules: 
Module Bit Sum: 1
Color: 000000
(Mass) Mass [kg]: 2.675706e+29 
(Radius) Radius [m]: 1.255362e+08 
(RadGyra) Radius of Gyration/Moment of Inertia Constant []: 0.450000 
(BodyType) Type of Body (0 == planet) []: 0.000000 
(Density) Average Density [kg/m^3]: 3.228810e+04 
(HZLimitDryRunaway) Semi-major axis of Dry Runaway HZ Limit [m]: -1.000000 
(HZLimRecVenus) Recent Venus HZ Limit []: -1.000000 
(HZLimRunaway) Runaway Greenhouse HZ Limit []: -1.000000 
(HZLimMoistGreenhouse) Moist Greenhouse HZ Limit []: -1.000000 
(HZLimMaxGreenhouse) Maximum Greenhouse HZ Limit []: -1.000000 
(HZLimEarlyMars) Early Mars HZ Limit []: -1.000000 
(Instellation) Orbit-averaged INcident STELLar radiATION [kg*m^2/sec^2/(m^2*sec)]: -1.000000 
Output Order:
Grid Output Order:

----- BODY: b ----
Active Modules: DistOrb
Module Bit Sum: 17
Color: 000000
(Mass) Mass [kg]: 1.007538e+25 
(Radius) Radius [m]: 7.905234e+06 
(RadGyra) Radius of Gyration/Moment of Inertia Constant []: 0.400000 
(RotKinEnergy) Body's Rotational Energy [kg*m^2/sec^2]: 2.663871e+29 
(RotVel) Rotational Velocity [m/sec]: 574.884849 
(BodyType) Type of Body (0 == planet) []: 0.000000 
(Density) Average Density [kg/m^3]: 4868.875754 
(HEcc) Poincare's h (=e*sin(varpi) []: 0.013992 
(HZLimitDryRunaway) Semi-major axis of Dry Runaway HZ Limit [m]: -1.000000 
(HZLimRecVenus) Recent Venus HZ Limit []: -1.000000 
(HZLimRunaway) Runaway Greenhouse HZ Limit []: -1.000000 
(HZLimMoistGreenhouse) Moist Greenhouse HZ Limit []: -1.000000 
(HZLimMaxGreenhouse) Maximum Greenhouse HZ Limit []: -1.000000 
(HZLimEarlyMars) Early Mars HZ Limit []: -1.000000 
(Instellation) Orbit-averaged INcident STELLar radiATION [kg*m^2/sec^2/(m^2*sec)]: -1.000000 
(KEcc) Poincare's k (=e*cos(varpi) []: -0.017756 
(Eccentricity) Orbital Eccentricity []: 0.022606 
(OrbEnergy) Body's Total Orbital Energy [kg*m^2/sec^2]: -6.213856e+34 
(MeanMotion) Orbital Mean Motion [/sec]: 7.671138e-05 
(OrbPeriod) Orbital Period [sec]: 8.190682e+04 
(SemiMajorAxis) Semi-major Axis [m]: 1.447815e+09 
(OrbAngMom) Orbital Angular Momentum [kg*m^2/sec]: 1.619647e+39 
(ArgP) Body's argument of pericenter [rad]: 6.025005 
(Inc) Body's Inclination [rad]: 0.038067 
(LongA) Body's Longitude of ascending node [rad]: 2.732395 
(MeanLongitude) Orbital Mean Longitude [rad]: 2.474214 
(LongP) Body's Longitude of pericenter [rad]: 2.474214 
(TotOrbEnergy) System's Total Orbital Energy [kg*m^2/sec^2]: -1.583600e+35 
(OrbPotEnergy) Body's Orbital Potential Energy [kg*m^2/sec^2]: -1.242771e+35 
----- DISTORB PARAMETERS (b)------
(Sinc) Body's sin(Inc/2) in DistOrb []: 0.019032 
(Pinc) Body's Poincare p in DistOrb []: 0.007572 
(Qinc) Body's Poincare q in DistOrb []: -0.017461 
(DIncDtDistOrb) Body's inclination derivative in DistOrb [rad/sec]: 1.349368e-12 
(DSincDtDistOrb) Body's sin(Inc/2) derivative in DistOrb [/sec]: 6.745616e-13 
(DLongADtDistOrb) Body's longitude of ascending node derivative in DistOrb [rad/sec]: -6.288632e-10 
(DLongPDtDistOrb) Body's longitude of pericenter derivative in DistOrb [rad/sec]: 6.862383e-10 
(DHeccDtDistOrb) Body's Poincare h derivative in DistOrb [/sec]: -1.090914e-11 
(DKeccDtDistOrb) Body's Poincare k in DistOrb [/sec]: -1.122054e-11 
(DPincDtDistOrb) Body's Poincare p in DistOrb [/sec]: 1.124899e-11 
(DQincDtDistOrb) Body's Poincare q in DistOrb [/sec]: 4.143179e-12 
Output Order: Time[year] TotEnergy[ergs] TotAngMom[kg*m^2/s] LongP[deg] SemiMajorAxis[au] Eccentricity[] Inc[deg] LongA[deg]
Grid Output Order:

----- BODY: c ----
Active Modules: DistOrb
Module Bit Sum: 17
Color: 000000
(Mass) Mass [kg]: 3.928725e+25 
(Radius) Radius [m]: 1.486916e+07 
(RadGyra) Radius of Gyration/Moment of Inertia Constant []: 0.400000 
(RotKinEnergy) Body's Rotational Energy [kg*m^2/sec^2]: 3.674909e+30 
(RotVel) Rotational Velocity [m/sec]: 1081.315627 
(BodyType) Type of Body (0 == planet) []: 0.000000 
(Density) Average Density [kg/m^3]: 2853.014686 
(HEcc) Poincare's h (=e*sin(varpi) []: -0.005842 
(HZLimitDryRunaway) Semi-major axis of Dry Runaway HZ Limit [m]: -1.000000 
(HZLimRecVenus) Recent Venus HZ Limit []: -1.000000 
(HZLimRunaway) Runaway Greenhouse HZ Limit []: -1.000000 
(HZLimMoistGreenhouse) Moist Greenhouse HZ Limit []: -1.000000 
(HZLimMaxGreenhouse) Maximum Greenhouse HZ Limit []: -1.000000 
(HZLimEarlyMars) Early Mars HZ Limit []: -1.000000 
(Instellation) Orbit-averaged INcident STELLar radiATION [kg*m^2/sec^2/(m^2*sec)]: -1.000000 
(KEcc) Poincare's k (=e*cos(varpi) []: 0.002836 
(Eccentricity) Orbital Eccentricity []: 0.006494 
(OrbEnergy) Body's Total Orbital Energy [kg*m^2/sec^2]: -8.007150e+34 
(MeanMotion) Orbital Mean Motion [/sec]: 1.457382e-05 
(OrbPeriod) Orbital Period [sec]: 4.311282e+05 
(SemiMajorAxis) Semi-major Axis [m]: 4.381135e+09 
(OrbAngMom) Orbital Angular Momentum [kg*m^2/sec]: 1.098817e+40 
(ArgP) Body's argument of pericenter [rad]: 5.205337 
(Inc) Body's Inclination [rad]: 0.003901 
(LongA) Body's Longitude of ascending node [rad]: 6.242271 
(MeanLongitude) Orbital Mean Longitude [rad]: -1.118762 
(LongP) Body's Longitude of pericenter [rad]: 5.164423 
(TotOrbEnergy) System's Total Orbital Energy [kg*m^2/sec^2]: -1.583600e+35 
(OrbPotEnergy) Body's Orbital Potential Energy [kg*m^2/sec^2]: -1.601430e+35 
----- DISTORB PARAMETERS (c)------
(Sinc) Body's sin(Inc/2) in DistOrb []: 0.001950 
(Pinc) Body's Poincare p in DistOrb []: -7.977535e-05 
(Qinc) Body's Poincare q in DistOrb []: 0.001949 
(DIncDtDistOrb) Body's inclination derivative in DistOrb [rad/sec]: -2.011054e-12 
(DSincDtDistOrb) Body's sin(Inc/2) derivative in DistOrb [/sec]: -1.005525e-12 
(DLongADtDistOrb) Body's longitude of ascending node derivative in DistOrb [rad/sec]: -9.546323e-10 
(DLongPDtDistOrb) Body's longitude of pericenter derivative in DistOrb [rad/sec]: 1.192604e-11 
(DHeccDtDistOrb) Body's Poincare h derivative in DistOrb [/sec]: 2.053111e-12 
(DKeccDtDistOrb) Body's Poincare k in DistOrb [/sec]: -9.108277e-13 
(DPincDtDistOrb) Body's Poincare p in DistOrb [/sec]: -1.819177e-12 
(DQincDtDistOrb) Body's Poincare q in DistOrb [/sec]: -1.080840e-12 
Output Order: Time[year] LongP[deg] SemiMajorAxis[au] Eccentricity[] Inc[deg] LongA[deg]
Grid Output Order:

----- BODY: d ----
Active Modules: DistOrb
Module Bit Sum: 17
Color: 000000
(Mass) Mass [kg]: 5.330617e+24 
(Radius) Radius [m]: 6.661924e+06 
(RadGyra) Radius of Gyration/Moment of Inertia Constant []: 0.400000 
(RotKinEnergy) Body's Rotational Energy [kg*m^2/sec^2]: 1.000919e+29 
(RotVel) Rotational Velocity [m/sec]: 484.468749 
(BodyType) Type of Body (0 == planet) []: 0.000000 
(Density) Average Density [kg/m^3]: 4304.175440 
(HEcc) Poincare's h (=e*sin(varpi) []: -0.013847 
(HZLimitDryRunaway) Semi-major axis of Dry Runaway HZ Limit [m]: -1.000000 
(HZLimRecVenus) Recent Venus HZ Limit []: -1.000000 
(HZLimRunaway) Runaway Greenhouse HZ Limit []: -1.000000 
(HZLimMoistGreenhouse) Moist Greenhouse HZ Limit []: -1.000000 
(HZLimMaxGreenhouse) Maximum Greenhouse HZ Limit []: -1.000000 
(HZLimEarlyMars) Early Mars HZ Limit []: -1.000000 
(Instellation) Orbit-averaged INcident STELLar radiATION [kg*m^2/sec^2/(m^2*sec)]: -1.000000 
(KEcc) Poincare's k (=e*cos(varpi) []: -0.002539 
(Eccentricity) Orbital Eccentricity []: 0.014078 
(OrbEnergy) Body's Total Orbital Energy [kg*m^2/sec^2]: -1.614994e+34 
(MeanMotion) Orbital Mean Motion [/sec]: 2.641171e-05 
(OrbPeriod) Orbital Period [sec]: 2.378939e+05 
(SemiMajorAxis) Semi-major Axis [m]: 2.947267e+09 
(OrbAngMom) Orbital Angular Momentum [kg*m^2/sec]: 1.222817e+39 
(ArgP) Body's argument of pericenter [rad]: 2.752724 
(Inc) Body's Inclination [rad]: 0.004168 
(LongA) Body's Longitude of ascending node [rad]: 1.778292 
(MeanLongitude) Orbital Mean Longitude [rad]: -1.752169 
(LongP) Body's Longitude of pericenter [rad]: 4.531016 
(TotOrbEnergy) System's Total Orbital Energy [kg*m^2/sec^2]: -1.583600e+35 
(OrbPotEnergy) Body's Orbital Potential Energy [kg*m^2/sec^2]: -3.229988e+34 
----- DISTORB PARAMETERS (d)------
(Sinc) Body's sin(Inc/2) in DistOrb []: 0.002084 
(Pinc) Body's Poincare p in DistOrb []: 0.002039 
(Qinc) Body's Poincare q in DistOrb []: -0.000429 
(DIncDtDistOrb) Body's inclination derivative in DistOrb [rad/sec]: 1.102336e-12 
(DSincDtDistOrb) Body's sin(Inc/2) derivative in DistOrb [/sec]: 5.511667e-13 
(DLongADtDistOrb) Body's longitude of ascending node derivative in DistOrb [rad/sec]: -2.127501e-09 
(DLongPDtDistOrb) Body's longitude of pericenter derivative in DistOrb [rad/sec]: 2.400586e-09 
(DHeccDtDistOrb) Body's Poincare h derivative in DistOrb [/sec]: -1.078954e-11 
(DKeccDtDistOrb) Body's Poincare k in DistOrb [/sec]: 3.238093e-11 
(DPincDtDistOrb) Body's Poincare p in DistOrb [/sec]: 1.452735e-12 
(DQincDtDistOrb) Body's Poincare q in DistOrb [/sec]: 4.225067e-12 
Output Order: Time[year] LongP[deg] SemiMajorAxis[au] Eccentricity[] Inc[deg] LongA[deg]
Grid Output Order:
