-------- Log file LP791-18.log -------

Executable: /Users/noahvowell/opt/anaconda3/envs/exo/bin/vplanet
Version: Unknown
System Name: LP791-18
Primary Input File: vpl.in
Body File #1: star.in
Body File #2: b.in
Body File #3: c.in
Body File #4: d.in
Allow files to be overwitten: Yes
Mass Units: Grams
Length Units: Meters
Time Units: Seconds
Angle Units: Radians

------- FORMATTING -----
Verbosity Level: 5
Crossover Decade for Scientific Notation: 4
Number of Digits After Decimal: 6
Integration Method: Runge-Kutta4
Direction: Forward
Time Step: 3.155760e+07
Stop Time: 3.155760e+12
Output Interval: 3.155760e+09
Use Variable Timestep: Yes
dEta: 0.010000
Minimum Value of ecc and obl: 1.000000e-10


---- INITIAL SYSTEM PROPERTIES ----
(Age) System Age [sec]: 3.155760e+13 
(Time) Simulation Time [sec]: 0.000000 
(TotAngMom) Total Angular Momentum [kg*m^2/sec]: 1.342676e+41 
(TotEnergy) Total System Energy [kg*m^2/sec^2]: -2.291309e+40 
(PotEnergy) Body's non-orbital Potential Energy [kg*m^2/sec^2]: -2.292167e+40 
(KinEnergy) Body's non-orbital Kinetic Energy [kg*m^2/sec^2]: 8.748071e+36 
(DeltaTime) Average Timestep Over Last Output Interval [sec]: 0.000000 

----- BODY: star ----
Active Modules: 
Module Bit Sum: 1
Color: 000000
(Mass) Mass [kg]: 2.662571e+29 
(Radius) Radius [m]: 1.238545e+08 
(RadGyra) Radius of Gyration/Moment of Inertia Constant []: 0.450000 
(BodyType) Type of Body (0 == planet) []: 0.000000 
(Density) Average Density [kg/m^3]: 3.345623e+04 
(HZLimitDryRunaway) Semi-major axis of Dry Runaway HZ Limit [m]: -1.000000 
(HZLimRecVenus) Recent Venus HZ Limit []: -1.000000 
(HZLimRunaway) Runaway Greenhouse HZ Limit []: -1.000000 
(HZLimMoistGreenhouse) Moist Greenhouse HZ Limit []: -1.000000 
(HZLimMaxGreenhouse) Maximum Greenhouse HZ Limit []: -1.000000 
(HZLimEarlyMars) Early Mars HZ Limit []: -1.000000 
(Instellation) Orbit-averaged INcident STELLar radiATION [kg*m^2/sec^2/(m^2*sec)]: -1.000000 
Output Order:
Grid Output Order:

----- BODY: b ----
Active Modules: DistOrb
Module Bit Sum: 17
Color: 000000
(Mass) Mass [kg]: 1.098826e+25 
(Radius) Radius [m]: 7.796029e+06 
(RadGyra) Radius of Gyration/Moment of Inertia Constant []: 0.400000 
(RotKinEnergy) Body's Rotational Energy [kg*m^2/sec^2]: 2.825518e+29 
(RotVel) Rotational Velocity [m/sec]: 566.943252 
(BodyType) Type of Body (0 == planet) []: 0.000000 
(Density) Average Density [kg/m^3]: 5536.303146 
(HEcc) Poincare's h (=e*sin(varpi) []: 0.005920 
(HZLimitDryRunaway) Semi-major axis of Dry Runaway HZ Limit [m]: -1.000000 
(HZLimRecVenus) Recent Venus HZ Limit []: -1.000000 
(HZLimRunaway) Runaway Greenhouse HZ Limit []: -1.000000 
(HZLimMoistGreenhouse) Moist Greenhouse HZ Limit []: -1.000000 
(HZLimMaxGreenhouse) Maximum Greenhouse HZ Limit []: -1.000000 
(HZLimEarlyMars) Early Mars HZ Limit []: -1.000000 
(Instellation) Orbit-averaged INcident STELLar radiATION [kg*m^2/sec^2/(m^2*sec)]: -1.000000 
(KEcc) Poincare's k (=e*cos(varpi) []: -0.005776 
(Eccentricity) Orbital Eccentricity []: 0.008271 
(OrbEnergy) Body's Total Orbital Energy [kg*m^2/sec^2]: -6.754653e+34 
(MeanMotion) Orbital Mean Motion [/sec]: 7.671134e-05 
(OrbPeriod) Orbital Period [sec]: 8.190687e+04 
(SemiMajorAxis) Semi-major Axis [m]: 1.445445e+09 
(OrbAngMom) Orbital Angular Momentum [kg*m^2/sec]: 1.760997e+39 
(ArgP) Body's argument of pericenter [rad]: 3.454862 
(Inc) Body's Inclination [rad]: 0.037579 
(LongA) Body's Longitude of ascending node [rad]: 5.172264 
(MeanLongitude) Orbital Mean Longitude [rad]: 2.343941 
(LongP) Body's Longitude of pericenter [rad]: 2.343941 
(TotOrbEnergy) System's Total Orbital Energy [kg*m^2/sec^2]: -1.617262e+35 
(OrbPotEnergy) Body's Orbital Potential Energy [kg*m^2/sec^2]: -1.350931e+35 
----- DISTORB PARAMETERS (b)------
(Sinc) Body's sin(Inc/2) in DistOrb []: 0.018789 
(Pinc) Body's Poincare p in DistOrb []: -0.016837 
(Qinc) Body's Poincare q in DistOrb []: 0.008339 
(DIncDtDistOrb) Body's inclination derivative in DistOrb [rad/sec]: -6.312911e-12 
(DSincDtDistOrb) Body's sin(Inc/2) derivative in DistOrb [/sec]: -3.155899e-12 
(DLongADtDistOrb) Body's longitude of ascending node derivative in DistOrb [rad/sec]: -6.791837e-10 
(DLongPDtDistOrb) Body's longitude of pericenter derivative in DistOrb [rad/sec]: 8.075134e-10 
(DHeccDtDistOrb) Body's Poincare h derivative in DistOrb [/sec]: -2.748252e-12 
(DKeccDtDistOrb) Body's Poincare k in DistOrb [/sec]: -6.650096e-12 
(DPincDtDistOrb) Body's Poincare p in DistOrb [/sec]: -2.835723e-12 
(DQincDtDistOrb) Body's Poincare q in DistOrb [/sec]: -1.283585e-11 
Output Order: Time[year] TotEnergy[ergs] TotAngMom[kg*m^2/s] LongP[deg] SemiMajorAxis[au] Eccentricity[] Inc[deg] LongA[deg]
Grid Output Order:

----- BODY: c ----
Active Modules: DistOrb
Module Bit Sum: 17
Color: 000000
(Mass) Mass [kg]: 4.069268e+25 
(Radius) Radius [m]: 1.566807e+07 
(RadGyra) Radius of Gyration/Moment of Inertia Constant []: 0.400000 
(RotKinEnergy) Body's Rotational Energy [kg*m^2/sec^2]: 4.226390e+30 
(RotVel) Rotational Velocity [m/sec]: 1139.414333 
(BodyType) Type of Body (0 == planet) []: 0.000000 
(Density) Average Density [kg/m^3]: 2525.695516 
(HEcc) Poincare's h (=e*sin(varpi) []: -0.024486 
(HZLimitDryRunaway) Semi-major axis of Dry Runaway HZ Limit [m]: -1.000000 
(HZLimRecVenus) Recent Venus HZ Limit []: -1.000000 
(HZLimRunaway) Runaway Greenhouse HZ Limit []: -1.000000 
(HZLimMoistGreenhouse) Moist Greenhouse HZ Limit []: -1.000000 
(HZLimMaxGreenhouse) Maximum Greenhouse HZ Limit []: -1.000000 
(HZLimEarlyMars) Early Mars HZ Limit []: -1.000000 
(Instellation) Orbit-averaged INcident STELLar radiATION [kg*m^2/sec^2/(m^2*sec)]: -1.000000 
(KEcc) Poincare's k (=e*cos(varpi) []: -0.011991 
(Eccentricity) Orbital Eccentricity []: 0.027264 
(OrbEnergy) Body's Total Orbital Energy [kg*m^2/sec^2]: -8.266401e+34 
(MeanMotion) Orbital Mean Motion [/sec]: 1.457380e-05 
(OrbPeriod) Orbital Period [sec]: 4.311288e+05 
(SemiMajorAxis) Semi-major Axis [m]: 4.373967e+09 
(OrbAngMom) Orbital Angular Momentum [kg*m^2/sec]: 1.133998e+40 
(ArgP) Body's argument of pericenter [rad]: 3.645219 
(Inc) Body's Inclination [rad]: 0.006053 
(LongA) Body's Longitude of ascending node [rad]: 0.611766 
(MeanLongitude) Orbital Mean Longitude [rad]: -2.026200 
(LongP) Body's Longitude of pericenter [rad]: 4.256986 
(TotOrbEnergy) System's Total Orbital Energy [kg*m^2/sec^2]: -1.617262e+35 
(OrbPotEnergy) Body's Orbital Potential Energy [kg*m^2/sec^2]: -1.653280e+35 
----- DISTORB PARAMETERS (c)------
(Sinc) Body's sin(Inc/2) in DistOrb []: 0.003026 
(Pinc) Body's Poincare p in DistOrb []: 0.001738 
(Qinc) Body's Poincare q in DistOrb []: 0.002478 
(DIncDtDistOrb) Body's inclination derivative in DistOrb [rad/sec]: -2.657885e-12 
(DSincDtDistOrb) Body's sin(Inc/2) derivative in DistOrb [/sec]: -1.328937e-12 
(DLongADtDistOrb) Body's longitude of ascending node derivative in DistOrb [rad/sec]: 6.814188e-10 
(DLongPDtDistOrb) Body's longitude of pericenter derivative in DistOrb [rad/sec]: 3.668264e-10 
(DHeccDtDistOrb) Body's Poincare h derivative in DistOrb [/sec]: -5.975694e-12 
(DKeccDtDistOrb) Body's Poincare k in DistOrb [/sec]: 8.209665e-12 
(DPincDtDistOrb) Body's Poincare p in DistOrb [/sec]: 9.249886e-13 
(DQincDtDistOrb) Body's Poincare q in DistOrb [/sec]: -2.272284e-12 
Output Order: Time[year] LongP[deg] SemiMajorAxis[au] Eccentricity[] Inc[deg] LongA[deg]
Grid Output Order:

----- BODY: d ----
Active Modules: DistOrb
Module Bit Sum: 17
Color: 000000
(Mass) Mass [kg]: 3.813488e+24 
(Radius) Radius [m]: 6.675686e+06 
(RadGyra) Radius of Gyration/Moment of Inertia Constant []: 0.400000 
(RotKinEnergy) Body's Rotational Energy [kg*m^2/sec^2]: 7.190124e+28 
(RotVel) Rotational Velocity [m/sec]: 485.469590 
(BodyType) Type of Body (0 == planet) []: 0.000000 
(Density) Average Density [kg/m^3]: 3060.173254 
(HEcc) Poincare's h (=e*sin(varpi) []: 0.006230 
(HZLimitDryRunaway) Semi-major axis of Dry Runaway HZ Limit [m]: -1.000000 
(HZLimRecVenus) Recent Venus HZ Limit []: -1.000000 
(HZLimRunaway) Runaway Greenhouse HZ Limit []: -1.000000 
(HZLimMoistGreenhouse) Moist Greenhouse HZ Limit []: -1.000000 
(HZLimMaxGreenhouse) Maximum Greenhouse HZ Limit []: -1.000000 
(HZLimEarlyMars) Early Mars HZ Limit []: -1.000000 
(Instellation) Orbit-averaged INcident STELLar radiATION [kg*m^2/sec^2/(m^2*sec)]: -1.000000 
(KEcc) Poincare's k (=e*cos(varpi) []: 0.015691 
(Eccentricity) Orbital Eccentricity []: 0.016883 
(OrbEnergy) Body's Total Orbital Energy [kg*m^2/sec^2]: -1.151563e+34 
(MeanMotion) Orbital Mean Motion [/sec]: 2.641134e-05 
(OrbPeriod) Orbital Period [sec]: 2.378973e+05 
(SemiMajorAxis) Semi-major Axis [m]: 2.942458e+09 
(OrbAngMom) Orbital Angular Momentum [kg*m^2/sec]: 8.718973e+38 
(ArgP) Body's argument of pericenter [rad]: 5.384521 
(Inc) Body's Inclination [rad]: 0.035309 
(LongA) Body's Longitude of ascending node [rad]: 1.276592 
(MeanLongitude) Orbital Mean Longitude [rad]: 0.377928 
(LongP) Body's Longitude of pericenter [rad]: 0.377928 
(TotOrbEnergy) System's Total Orbital Energy [kg*m^2/sec^2]: -1.617262e+35 
(OrbPotEnergy) Body's Orbital Potential Energy [kg*m^2/sec^2]: -2.303126e+34 
----- DISTORB PARAMETERS (d)------
(Sinc) Body's sin(Inc/2) in DistOrb []: 0.017654 
(Pinc) Body's Poincare p in DistOrb []: 0.016895 
(Qinc) Body's Poincare q in DistOrb []: 0.005119 
(DIncDtDistOrb) Body's inclination derivative in DistOrb [rad/sec]: 2.009877e-11 
(DSincDtDistOrb) Body's sin(Inc/2) derivative in DistOrb [/sec]: 1.004782e-11 
(DLongADtDistOrb) Body's longitude of ascending node derivative in DistOrb [rad/sec]: -3.111643e-09 
(DLongPDtDistOrb) Body's longitude of pericenter derivative in DistOrb [rad/sec]: 5.946238e-09 
(DHeccDtDistOrb) Body's Poincare h derivative in DistOrb [/sec]: 7.823837e-11 
(DKeccDtDistOrb) Body's Poincare k in DistOrb [/sec]: -7.499083e-11 
(DPincDtDistOrb) Body's Poincare p in DistOrb [/sec]: -6.312957e-12 
(DQincDtDistOrb) Body's Poincare q in DistOrb [/sec]: 5.548530e-11 
Output Order: Time[year] LongP[deg] SemiMajorAxis[au] Eccentricity[] Inc[deg] LongA[deg]
Grid Output Order:



---- FINAL SYSTEM PROPERTIES ----
(Age) System Age [sec]: 3.471336e+13 
(Time) Simulation Time [sec]: 3.155760e+12 
(TotAngMom) Total Angular Momentum [kg*m^2/sec]: 1.342676e+41 
(TotEnergy) Total System Energy [kg*m^2/sec^2]: -2.291309e+40 
(PotEnergy) Body's non-orbital Potential Energy [kg*m^2/sec^2]: -2.292167e+40 
(KinEnergy) Body's non-orbital Kinetic Energy [kg*m^2/sec^2]: 8.748071e+36 
(DeltaTime) Average Timestep Over Last Output Interval [sec]: 3373.203440 

----- BODY: star ----
Active Modules: 
Module Bit Sum: 1
Color: 000000
(Mass) Mass [kg]: 2.662571e+29 
(Radius) Radius [m]: 1.238545e+08 
(RadGyra) Radius of Gyration/Moment of Inertia Constant []: 0.450000 
(BodyType) Type of Body (0 == planet) []: 0.000000 
(Density) Average Density [kg/m^3]: 3.345623e+04 
(HZLimitDryRunaway) Semi-major axis of Dry Runaway HZ Limit [m]: -1.000000 
(HZLimRecVenus) Recent Venus HZ Limit []: -1.000000 
(HZLimRunaway) Runaway Greenhouse HZ Limit []: -1.000000 
(HZLimMoistGreenhouse) Moist Greenhouse HZ Limit []: -1.000000 
(HZLimMaxGreenhouse) Maximum Greenhouse HZ Limit []: -1.000000 
(HZLimEarlyMars) Early Mars HZ Limit []: -1.000000 
(Instellation) Orbit-averaged INcident STELLar radiATION [kg*m^2/sec^2/(m^2*sec)]: -1.000000 
Output Order:
Grid Output Order:

----- BODY: b ----
Active Modules: DistOrb
Module Bit Sum: 17
Color: 000000
(Mass) Mass [kg]: 1.098826e+25 
(Radius) Radius [m]: 7.796029e+06 
(RadGyra) Radius of Gyration/Moment of Inertia Constant []: 0.400000 
(RotKinEnergy) Body's Rotational Energy [kg*m^2/sec^2]: 2.825518e+29 
(RotVel) Rotational Velocity [m/sec]: 566.943252 
(BodyType) Type of Body (0 == planet) []: 0.000000 
(Density) Average Density [kg/m^3]: 5536.303146 
(HEcc) Poincare's h (=e*sin(varpi) []: -0.008990 
(HZLimitDryRunaway) Semi-major axis of Dry Runaway HZ Limit [m]: -1.000000 
(HZLimRecVenus) Recent Venus HZ Limit []: -1.000000 
(HZLimRunaway) Runaway Greenhouse HZ Limit []: -1.000000 
(HZLimMoistGreenhouse) Moist Greenhouse HZ Limit []: -1.000000 
(HZLimMaxGreenhouse) Maximum Greenhouse HZ Limit []: -1.000000 
(HZLimEarlyMars) Early Mars HZ Limit []: -1.000000 
(Instellation) Orbit-averaged INcident STELLar radiATION [kg*m^2/sec^2/(m^2*sec)]: -1.000000 
(KEcc) Poincare's k (=e*cos(varpi) []: -0.026872 
(Eccentricity) Orbital Eccentricity []: 0.028336 
(OrbEnergy) Body's Total Orbital Energy [kg*m^2/sec^2]: -6.754653e+34 
(MeanMotion) Orbital Mean Motion [/sec]: 7.671134e-05 
(OrbPeriod) Orbital Period [sec]: 8.190687e+04 
(SemiMajorAxis) Semi-major Axis [m]: 1.445445e+09 
(OrbAngMom) Orbital Angular Momentum [kg*m^2/sec]: 1.760350e+39 
(ArgP) Body's argument of pericenter [rad]: 0.324869 
(Inc) Body's Inclination [rad]: 0.029124 
(LongA) Body's Longitude of ascending node [rad]: 3.139575 
(MeanLongitude) Orbital Mean Longitude [rad]: -2.818741 
(LongP) Body's Longitude of pericenter [rad]: 3.464444 
(TotOrbEnergy) System's Total Orbital Energy [kg*m^2/sec^2]: -1.617262e+35 
(OrbPotEnergy) Body's Orbital Potential Energy [kg*m^2/sec^2]: -1.350931e+35 
----- DISTORB PARAMETERS (b)------
(Sinc) Body's sin(Inc/2) in DistOrb []: 0.014561 
(Pinc) Body's Poincare p in DistOrb []: 2.937897e-05 
(Qinc) Body's Poincare q in DistOrb []: -0.014561 
(DIncDtDistOrb) Body's inclination derivative in DistOrb [rad/sec]: 9.339260e-14 
(DSincDtDistOrb) Body's sin(Inc/2) derivative in DistOrb [/sec]: 4.669135e-14 
(DLongADtDistOrb) Body's longitude of ascending node derivative in DistOrb [rad/sec]: -9.138272e-10 
(DLongPDtDistOrb) Body's longitude of pericenter derivative in DistOrb [rad/sec]: 4.072394e-10 
(DHeccDtDistOrb) Body's Poincare h derivative in DistOrb [/sec]: -1.089195e-11 
(DKeccDtDistOrb) Body's Poincare k in DistOrb [/sec]: 3.815290e-12 
(DPincDtDistOrb) Body's Poincare p in DistOrb [/sec]: 1.330670e-11 
(DQincDtDistOrb) Body's Poincare q in DistOrb [/sec]: -1.984395e-14 
Output Order: Time[year] TotEnergy[ergs] TotAngMom[kg*m^2/s] LongP[deg] SemiMajorAxis[au] Eccentricity[] Inc[deg] LongA[deg]
Grid Output Order:

----- BODY: c ----
Active Modules: DistOrb
Module Bit Sum: 17
Color: 000000
(Mass) Mass [kg]: 4.069268e+25 
(Radius) Radius [m]: 1.566807e+07 
(RadGyra) Radius of Gyration/Moment of Inertia Constant []: 0.400000 
(RotKinEnergy) Body's Rotational Energy [kg*m^2/sec^2]: 4.226390e+30 
(RotVel) Rotational Velocity [m/sec]: 1139.414333 
(BodyType) Type of Body (0 == planet) []: 0.000000 
(Density) Average Density [kg/m^3]: 2525.695516 
(HEcc) Poincare's h (=e*sin(varpi) []: 0.008355 
(HZLimitDryRunaway) Semi-major axis of Dry Runaway HZ Limit [m]: -1.000000 
(HZLimRecVenus) Recent Venus HZ Limit []: -1.000000 
(HZLimRunaway) Runaway Greenhouse HZ Limit []: -1.000000 
(HZLimMoistGreenhouse) Moist Greenhouse HZ Limit []: -1.000000 
(HZLimMaxGreenhouse) Maximum Greenhouse HZ Limit []: -1.000000 
(HZLimEarlyMars) Early Mars HZ Limit []: -1.000000 
(Instellation) Orbit-averaged INcident STELLar radiATION [kg*m^2/sec^2/(m^2*sec)]: -1.000000 
(KEcc) Poincare's k (=e*cos(varpi) []: -0.022967 
(Eccentricity) Orbital Eccentricity []: 0.024440 
(OrbEnergy) Body's Total Orbital Energy [kg*m^2/sec^2]: -8.266401e+34 
(MeanMotion) Orbital Mean Motion [/sec]: 1.457380e-05 
(OrbPeriod) Orbital Period [sec]: 4.311288e+05 
(SemiMajorAxis) Semi-major Axis [m]: 4.373967e+09 
(OrbAngMom) Orbital Angular Momentum [kg*m^2/sec]: 1.134081e+40 
(ArgP) Body's argument of pericenter [rad]: 2.693287 
(Inc) Body's Inclination [rad]: 0.009821 
(LongA) Body's Longitude of ascending node [rad]: 0.099393 
(MeanLongitude) Orbital Mean Longitude [rad]: 2.792680 
(LongP) Body's Longitude of pericenter [rad]: 2.792680 
(TotOrbEnergy) System's Total Orbital Energy [kg*m^2/sec^2]: -1.617262e+35 
(OrbPotEnergy) Body's Orbital Potential Energy [kg*m^2/sec^2]: -1.653280e+35 
----- DISTORB PARAMETERS (c)------
(Sinc) Body's sin(Inc/2) in DistOrb []: 0.004910 
(Pinc) Body's Poincare p in DistOrb []: 0.000487 
(Qinc) Body's Poincare q in DistOrb []: 0.004886 
(DIncDtDistOrb) Body's inclination derivative in DistOrb [rad/sec]: 1.076754e-12 
(DSincDtDistOrb) Body's sin(Inc/2) derivative in DistOrb [/sec]: 5.383706e-13 
(DLongADtDistOrb) Body's longitude of ascending node derivative in DistOrb [rad/sec]: 4.470660e-10 
(DLongPDtDistOrb) Body's longitude of pericenter derivative in DistOrb [rad/sec]: 2.926906e-10 
(DHeccDtDistOrb) Body's Poincare h derivative in DistOrb [/sec]: -5.030768e-12 
(DKeccDtDistOrb) Body's Poincare k in DistOrb [/sec]: -7.095023e-12 
(DPincDtDistOrb) Body's Poincare p in DistOrb [/sec]: 2.237869e-12 
(DQincDtDistOrb) Body's Poincare q in DistOrb [/sec]: 3.178767e-13 
Output Order: Time[year] LongP[deg] SemiMajorAxis[au] Eccentricity[] Inc[deg] LongA[deg]
Grid Output Order:

----- BODY: d ----
Active Modules: DistOrb
Module Bit Sum: 17
Color: 000000
(Mass) Mass [kg]: 3.813488e+24 
(Radius) Radius [m]: 6.675686e+06 
(RadGyra) Radius of Gyration/Moment of Inertia Constant []: 0.400000 
(RotKinEnergy) Body's Rotational Energy [kg*m^2/sec^2]: 7.190124e+28 
(RotVel) Rotational Velocity [m/sec]: 485.469590 
(BodyType) Type of Body (0 == planet) []: 0.000000 
(Density) Average Density [kg/m^3]: 3060.173254 
(HEcc) Poincare's h (=e*sin(varpi) []: -0.026080 
(HZLimitDryRunaway) Semi-major axis of Dry Runaway HZ Limit [m]: -1.000000 
(HZLimRecVenus) Recent Venus HZ Limit []: -1.000000 
(HZLimRunaway) Runaway Greenhouse HZ Limit []: -1.000000 
(HZLimMoistGreenhouse) Moist Greenhouse HZ Limit []: -1.000000 
(HZLimMaxGreenhouse) Maximum Greenhouse HZ Limit []: -1.000000 
(HZLimEarlyMars) Early Mars HZ Limit []: -1.000000 
(Instellation) Orbit-averaged INcident STELLar radiATION [kg*m^2/sec^2/(m^2*sec)]: -1.000000 
(KEcc) Poincare's k (=e*cos(varpi) []: -0.004740 
(Eccentricity) Orbital Eccentricity []: 0.026507 
(OrbEnergy) Body's Total Orbital Energy [kg*m^2/sec^2]: -1.151563e+34 
(MeanMotion) Orbital Mean Motion [/sec]: 2.641134e-05 
(OrbPeriod) Orbital Period [sec]: 2.378973e+05 
(SemiMajorAxis) Semi-major Axis [m]: 2.942458e+09 
(OrbAngMom) Orbital Angular Momentum [kg*m^2/sec]: 8.717152e+38 
(ArgP) Body's argument of pericenter [rad]: 4.577389 
(Inc) Body's Inclination [rad]: 0.040098 
(LongA) Body's Longitude of ascending node [rad]: 6.238402 
(MeanLongitude) Orbital Mean Longitude [rad]: -1.750579 
(LongP) Body's Longitude of pericenter [rad]: 4.532606 
(TotOrbEnergy) System's Total Orbital Energy [kg*m^2/sec^2]: -1.617262e+35 
(OrbPotEnergy) Body's Orbital Potential Energy [kg*m^2/sec^2]: -2.303126e+34 
----- DISTORB PARAMETERS (d)------
(Sinc) Body's sin(Inc/2) in DistOrb []: 0.020048 
(Pinc) Body's Poincare p in DistOrb []: -0.000898 
(Qinc) Body's Poincare q in DistOrb []: 0.020028 
(DIncDtDistOrb) Body's inclination derivative in DistOrb [rad/sec]: -3.221033e-12 
(DSincDtDistOrb) Body's sin(Inc/2) derivative in DistOrb [/sec]: -1.610193e-12 
(DLongADtDistOrb) Body's longitude of ascending node derivative in DistOrb [rad/sec]: -2.799534e-09 
(DLongPDtDistOrb) Body's longitude of pericenter derivative in DistOrb [rad/sec]: 3.426790e-09 
(DHeccDtDistOrb) Body's Poincare h derivative in DistOrb [/sec]: 4.236771e-11 
(DKeccDtDistOrb) Body's Poincare k in DistOrb [/sec]: 1.000213e-10 
(DPincDtDistOrb) Body's Poincare p in DistOrb [/sec]: -5.599625e-11 
(DQincDtDistOrb) Body's Poincare q in DistOrb [/sec]: -4.121173e-12 
Output Order: Time[year] LongP[deg] SemiMajorAxis[au] Eccentricity[] Inc[deg] LongA[deg]
Grid Output Order:
