-------- Log file LP791-18.log -------

Executable: /Users/noahvowell/opt/anaconda3/envs/exo/bin/vplanet
Version: Unknown
System Name: LP791-18
Primary Input File: vpl.in
Body File #1: star.in
Body File #2: b.in
Body File #3: c.in
Body File #4: d.in
Allow files to be overwitten: Yes
Mass Units: Grams
Length Units: Meters
Time Units: Seconds
Angle Units: Radians

------- FORMATTING -----
Verbosity Level: 5
Crossover Decade for Scientific Notation: 4
Number of Digits After Decimal: 6
Integration Method: Runge-Kutta4
Direction: Forward
Time Step: 3.155760e+07
Stop Time: 3.155760e+12
Output Interval: 3.155760e+09
Use Variable Timestep: Yes
dEta: 0.010000
Minimum Value of ecc and obl: 1.000000e-10


---- INITIAL SYSTEM PROPERTIES ----
(Age) System Age [sec]: 3.155760e+13 
(Time) Simulation Time [sec]: 0.000000 
(TotAngMom) Total Angular Momentum [kg*m^2/sec]: 1.336782e+41 
(TotEnergy) Total System Energy [kg*m^2/sec^2]: -2.503996e+40 
(PotEnergy) Body's non-orbital Potential Energy [kg*m^2/sec^2]: -2.504824e+40 
(KinEnergy) Body's non-orbital Kinetic Energy [kg*m^2/sec^2]: 8.478310e+36 
(DeltaTime) Average Timestep Over Last Output Interval [sec]: 0.000000 

----- BODY: star ----
Active Modules: 
Module Bit Sum: 1
Color: 000000
(Mass) Mass [kg]: 2.741530e+29 
(Radius) Radius [m]: 1.201613e+08 
(RadGyra) Radius of Gyration/Moment of Inertia Constant []: 0.450000 
(BodyType) Type of Body (0 == planet) []: 0.000000 
(Density) Average Density [kg/m^3]: 3.772341e+04 
(HZLimitDryRunaway) Semi-major axis of Dry Runaway HZ Limit [m]: -1.000000 
(HZLimRecVenus) Recent Venus HZ Limit []: -1.000000 
(HZLimRunaway) Runaway Greenhouse HZ Limit []: -1.000000 
(HZLimMoistGreenhouse) Moist Greenhouse HZ Limit []: -1.000000 
(HZLimMaxGreenhouse) Maximum Greenhouse HZ Limit []: -1.000000 
(HZLimEarlyMars) Early Mars HZ Limit []: -1.000000 
(Instellation) Orbit-averaged INcident STELLar radiATION [kg*m^2/sec^2/(m^2*sec)]: -1.000000 
Output Order:
Grid Output Order:

----- BODY: b ----
Active Modules: DistOrb
Module Bit Sum: 17
Color: 000000
(Mass) Mass [kg]: 1.181952e+25 
(Radius) Radius [m]: 7.626054e+06 
(RadGyra) Radius of Gyration/Moment of Inertia Constant []: 0.400000 
(RotKinEnergy) Body's Rotational Energy [kg*m^2/sec^2]: 2.908184e+29 
(RotVel) Rotational Velocity [m/sec]: 554.582321 
(BodyType) Type of Body (0 == planet) []: 0.000000 
(Density) Average Density [kg/m^3]: 6362.262892 
(HEcc) Poincare's h (=e*sin(varpi) []: -0.001131 
(HZLimitDryRunaway) Semi-major axis of Dry Runaway HZ Limit [m]: -1.000000 
(HZLimRecVenus) Recent Venus HZ Limit []: -1.000000 
(HZLimRunaway) Runaway Greenhouse HZ Limit []: -1.000000 
(HZLimMoistGreenhouse) Moist Greenhouse HZ Limit []: -1.000000 
(HZLimMaxGreenhouse) Maximum Greenhouse HZ Limit []: -1.000000 
(HZLimEarlyMars) Early Mars HZ Limit []: -1.000000 
(Instellation) Orbit-averaged INcident STELLar radiATION [kg*m^2/sec^2/(m^2*sec)]: -1.000000 
(KEcc) Poincare's k (=e*cos(varpi) []: 0.005346 
(Eccentricity) Orbital Eccentricity []: 0.005464 
(OrbEnergy) Body's Total Orbital Energy [kg*m^2/sec^2]: -7.408552e+34 
(MeanMotion) Orbital Mean Motion [/sec]: 7.671089e-05 
(OrbPeriod) Orbital Period [sec]: 8.190734e+04 
(SemiMajorAxis) Semi-major Axis [m]: 1.459601e+09 
(OrbAngMom) Orbital Angular Momentum [kg*m^2/sec]: 1.931523e+39 
(ArgP) Body's argument of pericenter [rad]: 1.039545 
(Inc) Body's Inclination [rad]: 0.045507 
(LongA) Body's Longitude of ascending node [rad]: 5.035088 
(MeanLongitude) Orbital Mean Longitude [rad]: -0.208553 
(LongP) Body's Longitude of pericenter [rad]: 6.074632 
(TotOrbEnergy) System's Total Orbital Energy [kg*m^2/sec^2]: -1.871474e+35 
(OrbPotEnergy) Body's Orbital Potential Energy [kg*m^2/sec^2]: -1.481710e+35 
----- DISTORB PARAMETERS (b)------
(Sinc) Body's sin(Inc/2) in DistOrb []: 0.022751 
(Pinc) Body's Poincare p in DistOrb []: -0.021577 
(Qinc) Body's Poincare q in DistOrb []: 0.007215 
(DIncDtDistOrb) Body's inclination derivative in DistOrb [rad/sec]: 1.323021e-12 
(DSincDtDistOrb) Body's sin(Inc/2) derivative in DistOrb [/sec]: 6.613392e-13 
(DLongADtDistOrb) Body's longitude of ascending node derivative in DistOrb [rad/sec]: -5.429836e-10 
(DLongPDtDistOrb) Body's longitude of pericenter derivative in DistOrb [rad/sec]: 2.759072e-10 
(DHeccDtDistOrb) Body's Poincare h derivative in DistOrb [/sec]: 2.844859e-12 
(DKeccDtDistOrb) Body's Poincare k in DistOrb [/sec]: -6.160951e-12 
(DPincDtDistOrb) Body's Poincare p in DistOrb [/sec]: -4.544883e-12 
(DQincDtDistOrb) Body's Poincare q in DistOrb [/sec]: -1.150627e-11 
Output Order: Time[year] TotEnergy[ergs] TotAngMom[kg*m^2/s] LongP[deg] SemiMajorAxis[au] Eccentricity[] Inc[deg] LongA[deg]
Grid Output Order:

----- BODY: c ----
Active Modules: DistOrb
Module Bit Sum: 17
Color: 000000
(Mass) Mass [kg]: 5.186512e+25 
(Radius) Radius [m]: 1.531810e+07 
(RadGyra) Radius of Gyration/Moment of Inertia Constant []: 0.400000 
(RotKinEnergy) Body's Rotational Energy [kg*m^2/sec^2]: 5.148816e+30 
(RotVel) Rotational Velocity [m/sec]: 1113.963566 
(BodyType) Type of Body (0 == planet) []: 0.000000 
(Density) Average Density [kg/m^3]: 3444.865093 
(HEcc) Poincare's h (=e*sin(varpi) []: -0.032578 
(HZLimitDryRunaway) Semi-major axis of Dry Runaway HZ Limit [m]: -1.000000 
(HZLimRecVenus) Recent Venus HZ Limit []: -1.000000 
(HZLimRunaway) Runaway Greenhouse HZ Limit []: -1.000000 
(HZLimMoistGreenhouse) Moist Greenhouse HZ Limit []: -1.000000 
(HZLimMaxGreenhouse) Maximum Greenhouse HZ Limit []: -1.000000 
(HZLimEarlyMars) Early Mars HZ Limit []: -1.000000 
(Instellation) Orbit-averaged INcident STELLar radiATION [kg*m^2/sec^2/(m^2*sec)]: -1.000000 
(KEcc) Poincare's k (=e*cos(varpi) []: -0.003585 
(Eccentricity) Orbital Eccentricity []: 0.032775 
(OrbEnergy) Body's Total Orbital Energy [kg*m^2/sec^2]: -1.074317e+35 
(MeanMotion) Orbital Mean Motion [/sec]: 1.457384e-05 
(OrbPeriod) Orbital Period [sec]: 4.311276e+05 
(SemiMajorAxis) Semi-major Axis [m]: 4.416828e+09 
(OrbAngMom) Orbital Angular Momentum [kg*m^2/sec]: 1.473516e+40 
(ArgP) Body's argument of pericenter [rad]: 0.394060 
(Inc) Body's Inclination [rad]: 0.003263 
(LongA) Body's Longitude of ascending node [rad]: 4.208717 
(MeanLongitude) Orbital Mean Longitude [rad]: -1.680408 
(LongP) Body's Longitude of pericenter [rad]: 4.602777 
(TotOrbEnergy) System's Total Orbital Energy [kg*m^2/sec^2]: -1.871474e+35 
(OrbPotEnergy) Body's Orbital Potential Energy [kg*m^2/sec^2]: -2.148634e+35 
----- DISTORB PARAMETERS (c)------
(Sinc) Body's sin(Inc/2) in DistOrb []: 0.001631 
(Pinc) Body's Poincare p in DistOrb []: -0.001429 
(Qinc) Body's Poincare q in DistOrb []: -0.000787 
(DIncDtDistOrb) Body's inclination derivative in DistOrb [rad/sec]: -1.925089e-12 
(DSincDtDistOrb) Body's sin(Inc/2) derivative in DistOrb [/sec]: -9.625430e-13 
(DLongADtDistOrb) Body's longitude of ascending node derivative in DistOrb [rad/sec]: 4.584748e-10 
(DLongPDtDistOrb) Body's longitude of pericenter derivative in DistOrb [rad/sec]: 1.540900e-10 
(DHeccDtDistOrb) Body's Poincare h derivative in DistOrb [/sec]: -2.275626e-12 
(DKeccDtDistOrb) Body's Poincare k in DistOrb [/sec]: 4.830379e-12 
(DPincDtDistOrb) Body's Poincare p in DistOrb [/sec]: 4.820084e-13 
(DQincDtDistOrb) Body's Poincare q in DistOrb [/sec]: 1.119648e-12 
Output Order: Time[year] LongP[deg] SemiMajorAxis[au] Eccentricity[] Inc[deg] LongA[deg]
Grid Output Order:

----- BODY: d ----
Active Modules: DistOrb
Module Bit Sum: 17
Color: 000000
(Mass) Mass [kg]: 1.828496e+24 
(Radius) Radius [m]: 6.757508e+06 
(RadGyra) Radius of Gyration/Moment of Inertia Constant []: 0.400000 
(RotKinEnergy) Body's Rotational Energy [kg*m^2/sec^2]: 3.532559e+28 
(RotVel) Rotational Velocity [m/sec]: 491.419846 
(BodyType) Type of Body (0 == planet) []: 0.000000 
(Density) Average Density [kg/m^3]: 1414.639471 
(HEcc) Poincare's h (=e*sin(varpi) []: -0.007568 
(HZLimitDryRunaway) Semi-major axis of Dry Runaway HZ Limit [m]: -1.000000 
(HZLimRecVenus) Recent Venus HZ Limit []: -1.000000 
(HZLimRunaway) Runaway Greenhouse HZ Limit []: -1.000000 
(HZLimMoistGreenhouse) Moist Greenhouse HZ Limit []: -1.000000 
(HZLimMaxGreenhouse) Maximum Greenhouse HZ Limit []: -1.000000 
(HZLimEarlyMars) Early Mars HZ Limit []: -1.000000 
(Instellation) Orbit-averaged INcident STELLar radiATION [kg*m^2/sec^2/(m^2*sec)]: -1.000000 
(KEcc) Poincare's k (=e*cos(varpi) []: 0.018754 
(Eccentricity) Orbital Eccentricity []: 0.020224 
(OrbEnergy) Body's Total Orbital Energy [kg*m^2/sec^2]: -5.630198e+33 
(MeanMotion) Orbital Mean Motion [/sec]: 2.641151e-05 
(OrbPeriod) Orbital Period [sec]: 2.378957e+05 
(SemiMajorAxis) Semi-major Axis [m]: 2.971241e+09 
(OrbAngMom) Orbital Angular Momentum [kg*m^2/sec]: 4.262570e+38 
(ArgP) Body's argument of pericenter [rad]: 2.934146 
(Inc) Body's Inclination [rad]: 0.002181 
(LongA) Body's Longitude of ascending node [rad]: 2.965477 
(MeanLongitude) Orbital Mean Longitude [rad]: -0.383562 
(LongP) Body's Longitude of pericenter [rad]: 5.899623 
(TotOrbEnergy) System's Total Orbital Energy [kg*m^2/sec^2]: -1.871474e+35 
(OrbPotEnergy) Body's Orbital Potential Energy [kg*m^2/sec^2]: -1.126040e+34 
----- DISTORB PARAMETERS (d)------
(Sinc) Body's sin(Inc/2) in DistOrb []: 0.001090 
(Pinc) Body's Poincare p in DistOrb []: 0.000191 
(Qinc) Body's Poincare q in DistOrb []: -0.001074 
(DIncDtDistOrb) Body's inclination derivative in DistOrb [rad/sec]: -2.504091e-11 
(DSincDtDistOrb) Body's sin(Inc/2) derivative in DistOrb [/sec]: -1.252045e-11 
(DLongADtDistOrb) Body's longitude of ascending node derivative in DistOrb [rad/sec]: -5.698145e-09 
(DLongPDtDistOrb) Body's longitude of pericenter derivative in DistOrb [rad/sec]: 2.646058e-09 
(DHeccDtDistOrb) Body's Poincare h derivative in DistOrb [/sec]: 8.299029e-11 
(DKeccDtDistOrb) Body's Poincare k in DistOrb [/sec]: -6.265524e-11 
(DPincDtDistOrb) Body's Poincare p in DistOrb [/sec]: 3.923484e-12 
(DQincDtDistOrb) Body's Poincare q in DistOrb [/sec]: 1.341538e-11 
Output Order: Time[year] LongP[deg] SemiMajorAxis[au] Eccentricity[] Inc[deg] LongA[deg]
Grid Output Order:



---- FINAL SYSTEM PROPERTIES ----
(Age) System Age [sec]: 3.471336e+13 
(Time) Simulation Time [sec]: 3.155760e+12 
(TotAngMom) Total Angular Momentum [kg*m^2/sec]: 1.336782e+41 
(TotEnergy) Total System Energy [kg*m^2/sec^2]: -2.503996e+40 
(PotEnergy) Body's non-orbital Potential Energy [kg*m^2/sec^2]: -2.504824e+40 
(KinEnergy) Body's non-orbital Kinetic Energy [kg*m^2/sec^2]: 8.478310e+36 
(DeltaTime) Average Timestep Over Last Output Interval [sec]: 1925.775129 

----- BODY: star ----
Active Modules: 
Module Bit Sum: 1
Color: 000000
(Mass) Mass [kg]: 2.741530e+29 
(Radius) Radius [m]: 1.201613e+08 
(RadGyra) Radius of Gyration/Moment of Inertia Constant []: 0.450000 
(BodyType) Type of Body (0 == planet) []: 0.000000 
(Density) Average Density [kg/m^3]: 3.772341e+04 
(HZLimitDryRunaway) Semi-major axis of Dry Runaway HZ Limit [m]: -1.000000 
(HZLimRecVenus) Recent Venus HZ Limit []: -1.000000 
(HZLimRunaway) Runaway Greenhouse HZ Limit []: -1.000000 
(HZLimMoistGreenhouse) Moist Greenhouse HZ Limit []: -1.000000 
(HZLimMaxGreenhouse) Maximum Greenhouse HZ Limit []: -1.000000 
(HZLimEarlyMars) Early Mars HZ Limit []: -1.000000 
(Instellation) Orbit-averaged INcident STELLar radiATION [kg*m^2/sec^2/(m^2*sec)]: -1.000000 
Output Order:
Grid Output Order:

----- BODY: b ----
Active Modules: DistOrb
Module Bit Sum: 17
Color: 000000
(Mass) Mass [kg]: 1.181952e+25 
(Radius) Radius [m]: 7.626054e+06 
(RadGyra) Radius of Gyration/Moment of Inertia Constant []: 0.400000 
(RotKinEnergy) Body's Rotational Energy [kg*m^2/sec^2]: 2.908184e+29 
(RotVel) Rotational Velocity [m/sec]: 554.582321 
(BodyType) Type of Body (0 == planet) []: 0.000000 
(Density) Average Density [kg/m^3]: 6362.262892 
(HEcc) Poincare's h (=e*sin(varpi) []: 0.009969 
(HZLimitDryRunaway) Semi-major axis of Dry Runaway HZ Limit [m]: -1.000000 
(HZLimRecVenus) Recent Venus HZ Limit []: -1.000000 
(HZLimRunaway) Runaway Greenhouse HZ Limit []: -1.000000 
(HZLimMoistGreenhouse) Moist Greenhouse HZ Limit []: -1.000000 
(HZLimMaxGreenhouse) Maximum Greenhouse HZ Limit []: -1.000000 
(HZLimEarlyMars) Early Mars HZ Limit []: -1.000000 
(Instellation) Orbit-averaged INcident STELLar radiATION [kg*m^2/sec^2/(m^2*sec)]: -1.000000 
(KEcc) Poincare's k (=e*cos(varpi) []: 0.005080 
(Eccentricity) Orbital Eccentricity []: 0.011189 
(OrbEnergy) Body's Total Orbital Energy [kg*m^2/sec^2]: -7.408552e+34 
(MeanMotion) Orbital Mean Motion [/sec]: 7.671089e-05 
(OrbPeriod) Orbital Period [sec]: 8.190734e+04 
(SemiMajorAxis) Semi-major Axis [m]: 1.459601e+09 
(OrbAngMom) Orbital Angular Momentum [kg*m^2/sec]: 1.931431e+39 
(ArgP) Body's argument of pericenter [rad]: 2.903472 
(Inc) Body's Inclination [rad]: 0.045601 
(LongA) Body's Longitude of ascending node [rad]: 4.479217 
(MeanLongitude) Orbital Mean Longitude [rad]: 1.099504 
(LongP) Body's Longitude of pericenter [rad]: 1.099504 
(TotOrbEnergy) System's Total Orbital Energy [kg*m^2/sec^2]: -1.871474e+35 
(OrbPotEnergy) Body's Orbital Potential Energy [kg*m^2/sec^2]: -1.481710e+35 
----- DISTORB PARAMETERS (b)------
(Sinc) Body's sin(Inc/2) in DistOrb []: 0.022798 
(Pinc) Body's Poincare p in DistOrb []: -0.022181 
(Qinc) Body's Poincare q in DistOrb []: -0.005268 
(DIncDtDistOrb) Body's inclination derivative in DistOrb [rad/sec]: -1.201090e-12 
(DSincDtDistOrb) Body's sin(Inc/2) derivative in DistOrb [/sec]: -6.003891e-13 
(DLongADtDistOrb) Body's longitude of ascending node derivative in DistOrb [rad/sec]: -5.363917e-10 
(DLongPDtDistOrb) Body's longitude of pericenter derivative in DistOrb [rad/sec]: 4.902228e-10 
(DHeccDtDistOrb) Body's Poincare h derivative in DistOrb [/sec]: 9.214472e-12 
(DKeccDtDistOrb) Body's Poincare k in DistOrb [/sec]: -1.460359e-12 
(DPincDtDistOrb) Body's Poincare p in DistOrb [/sec]: 3.409789e-12 
(DQincDtDistOrb) Body's Poincare q in DistOrb [/sec]: -1.175915e-11 
Output Order: Time[year] TotEnergy[ergs] TotAngMom[kg*m^2/s] LongP[deg] SemiMajorAxis[au] Eccentricity[] Inc[deg] LongA[deg]
Grid Output Order:

----- BODY: c ----
Active Modules: DistOrb
Module Bit Sum: 17
Color: 000000
(Mass) Mass [kg]: 5.186512e+25 
(Radius) Radius [m]: 1.531810e+07 
(RadGyra) Radius of Gyration/Moment of Inertia Constant []: 0.400000 
(RotKinEnergy) Body's Rotational Energy [kg*m^2/sec^2]: 5.148816e+30 
(RotVel) Rotational Velocity [m/sec]: 1113.963566 
(BodyType) Type of Body (0 == planet) []: 0.000000 
(Density) Average Density [kg/m^3]: 3444.865093 
(HEcc) Poincare's h (=e*sin(varpi) []: 0.021487 
(HZLimitDryRunaway) Semi-major axis of Dry Runaway HZ Limit [m]: -1.000000 
(HZLimRecVenus) Recent Venus HZ Limit []: -1.000000 
(HZLimRunaway) Runaway Greenhouse HZ Limit []: -1.000000 
(HZLimMoistGreenhouse) Moist Greenhouse HZ Limit []: -1.000000 
(HZLimMaxGreenhouse) Maximum Greenhouse HZ Limit []: -1.000000 
(HZLimEarlyMars) Early Mars HZ Limit []: -1.000000 
(Instellation) Orbit-averaged INcident STELLar radiATION [kg*m^2/sec^2/(m^2*sec)]: -1.000000 
(KEcc) Poincare's k (=e*cos(varpi) []: -0.023956 
(Eccentricity) Orbital Eccentricity []: 0.032180 
(OrbEnergy) Body's Total Orbital Energy [kg*m^2/sec^2]: -1.074317e+35 
(MeanMotion) Orbital Mean Motion [/sec]: 1.457384e-05 
(OrbPeriod) Orbital Period [sec]: 4.311276e+05 
(SemiMajorAxis) Semi-major Axis [m]: 4.416828e+09 
(OrbAngMom) Orbital Angular Momentum [kg*m^2/sec]: 1.473545e+40 
(ArgP) Body's argument of pericenter [rad]: 3.425105 
(Inc) Body's Inclination [rad]: 0.003025 
(LongA) Body's Longitude of ascending node [rad]: 5.268552 
(MeanLongitude) Orbital Mean Longitude [rad]: 2.410472 
(LongP) Body's Longitude of pericenter [rad]: 2.410472 
(TotOrbEnergy) System's Total Orbital Energy [kg*m^2/sec^2]: -1.871474e+35 
(OrbPotEnergy) Body's Orbital Potential Energy [kg*m^2/sec^2]: -2.148634e+35 
----- DISTORB PARAMETERS (c)------
(Sinc) Body's sin(Inc/2) in DistOrb []: 0.001512 
(Pinc) Body's Poincare p in DistOrb []: -0.001284 
(Qinc) Body's Poincare q in DistOrb []: 0.000798 
(DIncDtDistOrb) Body's inclination derivative in DistOrb [rad/sec]: 2.183468e-12 
(DSincDtDistOrb) Body's sin(Inc/2) derivative in DistOrb [/sec]: 1.091733e-12 
(DLongADtDistOrb) Body's longitude of ascending node derivative in DistOrb [rad/sec]: 6.566544e-10 
(DLongPDtDistOrb) Body's longitude of pericenter derivative in DistOrb [rad/sec]: 9.958427e-11 
(DHeccDtDistOrb) Body's Poincare h derivative in DistOrb [/sec]: -1.196824e-12 
(DKeccDtDistOrb) Body's Poincare k in DistOrb [/sec]: -3.465122e-12 
(DPincDtDistOrb) Body's Poincare p in DistOrb [/sec]: -4.029000e-13 
(DQincDtDistOrb) Body's Poincare q in DistOrb [/sec]: 1.419797e-12 
Output Order: Time[year] LongP[deg] SemiMajorAxis[au] Eccentricity[] Inc[deg] LongA[deg]
Grid Output Order:

----- BODY: d ----
Active Modules: DistOrb
Module Bit Sum: 17
Color: 000000
(Mass) Mass [kg]: 1.828496e+24 
(Radius) Radius [m]: 6.757508e+06 
(RadGyra) Radius of Gyration/Moment of Inertia Constant []: 0.400000 
(RotKinEnergy) Body's Rotational Energy [kg*m^2/sec^2]: 3.532559e+28 
(RotVel) Rotational Velocity [m/sec]: 491.419846 
(BodyType) Type of Body (0 == planet) []: 0.000000 
(Density) Average Density [kg/m^3]: 1414.639471 
(HEcc) Poincare's h (=e*sin(varpi) []: -0.001450 
(HZLimitDryRunaway) Semi-major axis of Dry Runaway HZ Limit [m]: -1.000000 
(HZLimRecVenus) Recent Venus HZ Limit []: -1.000000 
(HZLimRunaway) Runaway Greenhouse HZ Limit []: -1.000000 
(HZLimMoistGreenhouse) Moist Greenhouse HZ Limit []: -1.000000 
(HZLimMaxGreenhouse) Maximum Greenhouse HZ Limit []: -1.000000 
(HZLimEarlyMars) Early Mars HZ Limit []: -1.000000 
(Instellation) Orbit-averaged INcident STELLar radiATION [kg*m^2/sec^2/(m^2*sec)]: -1.000000 
(KEcc) Poincare's k (=e*cos(varpi) []: -0.036219 
(Eccentricity) Orbital Eccentricity []: 0.036248 
(OrbEnergy) Body's Total Orbital Energy [kg*m^2/sec^2]: -5.630198e+33 
(MeanMotion) Orbital Mean Motion [/sec]: 2.641151e-05 
(OrbPeriod) Orbital Period [sec]: 2.378957e+05 
(SemiMajorAxis) Semi-major Axis [m]: 2.971241e+09 
(OrbAngMom) Orbital Angular Momentum [kg*m^2/sec]: 4.260640e+38 
(ArgP) Body's argument of pericenter [rad]: 4.448541 
(Inc) Body's Inclination [rad]: 0.004335 
(LongA) Body's Longitude of ascending node [rad]: 5.016255 
(MeanLongitude) Orbital Mean Longitude [rad]: -3.101575 
(LongP) Body's Longitude of pericenter [rad]: 3.181611 
(TotOrbEnergy) System's Total Orbital Energy [kg*m^2/sec^2]: -1.871474e+35 
(OrbPotEnergy) Body's Orbital Potential Energy [kg*m^2/sec^2]: -1.126040e+34 
----- DISTORB PARAMETERS (d)------
(Sinc) Body's sin(Inc/2) in DistOrb []: 0.002168 
(Pinc) Body's Poincare p in DistOrb []: -0.002068 
(Qinc) Body's Poincare q in DistOrb []: 0.000649 
(DIncDtDistOrb) Body's inclination derivative in DistOrb [rad/sec]: 5.405817e-12 
(DSincDtDistOrb) Body's sin(Inc/2) derivative in DistOrb [/sec]: 2.702902e-12 
(DLongADtDistOrb) Body's longitude of ascending node derivative in DistOrb [rad/sec]: 1.630052e-09 
(DLongPDtDistOrb) Body's longitude of pericenter derivative in DistOrb [rad/sec]: 2.167006e-09 
(DHeccDtDistOrb) Body's Poincare h derivative in DistOrb [/sec]: -7.587408e-11 
(DKeccDtDistOrb) Body's Poincare k in DistOrb [/sec]: 6.838893e-11 
(DPincDtDistOrb) Body's Poincare p in DistOrb [/sec]: -1.521806e-12 
(DQincDtDistOrb) Body's Poincare q in DistOrb [/sec]: 4.180377e-12 
Output Order: Time[year] LongP[deg] SemiMajorAxis[au] Eccentricity[] Inc[deg] LongA[deg]
Grid Output Order:
