-------- Log file lp791-18.log -------

Executable: /usr/sbin/vplanet
Version: Unknown
System Name: lp791-18
Primary Input File: /home/jjernig/projects/vplanet23/LP791-18/Orbits/BestFit/JonathanJernigan/BestFit/vpl.in
Body File #1: star.in
Body File #2: b.in
Body File #3: c.in
Body File #4: d.in
Allow files to be overwitten: Yes
Mass Units: Grams
Length Units: Meters
Time Units: Seconds
Angle Units: Radians

------- FORMATTING -----
Verbosity Level: 5
Crossover Decade for Scientific Notation: 4
Number of Digits After Decimal: 6
Integration Method: Runge-Kutta4
Direction: Forward
Time Step: 3.155760e+07
Stop Time: 3.155760e+13
Output Interval: 3.155760e+10
Use Variable Timestep: Yes
dEta: 0.001000
Minimum Value of ecc and obl: 1.000000e-10


---- INITIAL SYSTEM PROPERTIES ----
(Age) System Age [sec]: 3.155760e+13 
(Time) Simulation Time [sec]: 0.000000 
(TotAngMom) Total Angular Momentum [kg*m^2/sec]: 1.468341e+41 
(TotEnergy) Total System Energy [kg*m^2/sec^2]: -2.450239e+40 
(PotEnergy) Body's non-orbital Potential Energy [kg*m^2/sec^2]: -2.451175e+40 
(KinEnergy) Body's non-orbital Kinetic Energy [kg*m^2/sec^2]: 9.557102e+36 
(DeltaTime) Average Timestep Over Last Output Interval [sec]: 0.000000 

----- BODY: star ----
Active Modules: EqTide
Module Bit Sum: 3
Color: 000000
(Mass) Mass [kg]: 2.783782e+29 
(Obliquity) Obliquity [rad]: 0.000000 
(PrecA) Body's precession angle [rad]: 0.000000 
(Xobl) Body's sin(obliquity)*cos(precession angle) []: 0.000000 
(Yobl) Body's sin(obliquity)*sin(precession angle) []: 0.000000 
(Zobl) Body's cos(obliquity) []: 1.000000 
(Radius) Radius [m]: 1.266053e+08 
(RadGyra) Radius of Gyration/Moment of Inertia Constant []: 0.450000 
(RotAngMom) Rotational Angular Momentum [kg*m^2/sec]: 1.314196e+41 
(RotKinEnergy) Body's Rotational Energy [kg*m^2/sec^2]: 9.557102e+36 
(RotVel) Rotational Velocity [m/sec]: 1.841399e+04 
(BodyType) Type of Body (0 == planet) []: 0.000000 
(RotRate) Rotational Frequency [/sec]: 0.000145 
(RotPer) Rotational Period [days]: 0.500000 
(Density) Average Density [kg/m^3]: 3.274848e+04 
(SurfEnFluxTotal) Total Surface Energy Flux [kg*m^2/sec^2/(m^2*sec)]: 0.008489 
(TidalQ) Tidal Q []: 1.000000e+06 
(ImK2) Im(k_2) []: -5.000000e-07 
(K2) k_2 []: 0.500000 
(K2Man) Real Love Number k2 Mantle []: 0.010000 
(Imk2Man) Imaginary Love Number k2 Mantle []: 0.000000 
(TidalQMantle) Mantle's Tidal Q []: 100.000000 
(HEcc) Poincare's h (=e*sin(varpi) []: 0.000000 
(HZLimitDryRunaway) Semi-major axis of Dry Runaway HZ Limit [m]: -1.000000 
(HZLimRecVenus) Recent Venus HZ Limit []: -1.000000 
(HZLimRunaway) Runaway Greenhouse HZ Limit []: -1.000000 
(HZLimMoistGreenhouse) Moist Greenhouse HZ Limit []: -1.000000 
(HZLimMaxGreenhouse) Maximum Greenhouse HZ Limit []: -1.000000 
(HZLimEarlyMars) Early Mars HZ Limit []: -1.000000 
(Instellation) Orbit-averaged INcident STELLar radiATION [kg*m^2/sec^2/(m^2*sec)]: -1.000000 
(KEcc) Poincare's k (=e*cos(varpi) []: 0.000000 
(Eccentricity) Orbital Eccentricity []: -1.000000 
(OrbEnergy) Body's Total Orbital Energy [kg*m^2/sec^2]: 0.000000 
(MeanMotion) Orbital Mean Motion [/sec]: -1.000000 
(OrbPeriod) Orbital Period [sec]: -1.000000 
(SemiMajorAxis) Semi-major Axis [m]: -1.000000 
(CriticalSemiMajorAxis) Holman & Wiegert (1999) P-type Critical Semi-major Axis [m]: -1.000000 
(COPP) Climate Obliquity Precession Parameter []: 0.000000 
(OrbAngMom) Orbital Angular Momentum [kg*m^2/sec]: 0.000000 
(LongP) Body's Longitude of pericenter [rad]: 0.000000 
(TotOrbEnergy) System's Total Orbital Energy [kg*m^2/sec^2]: -1.822990e+35 
(OrbPotEnergy) Body's Orbital Potential Energy [kg*m^2/sec^2]: -1.000000 
(LostEnergy) Body's Total Lost Energy [kg*m^2/sec^2]: 5.562685e-309 
----- EQTIDE PARAMETERS (star)------
(LockTime) Time when body tidally locked. [sec]: -1.000000 
(BodyDsemiDtEqtide) In EqTide, the total change in semi-major axis is due to dissipation in both bodies. This output parameter returns the change due to current body. []: -1.000000 
(BodyDeccDt) In EqTide, the total change in eccentricity is due to towrues on both bodies. This output parameter returns the change due to current body. []: -1.000000 
(DOblDtEqtide) Time Rate of Change of Obliquity in EqTide [rad/sec]: 0.000000 
(DRotPerDtEqtide) Time Rate of Change of Rotation Period in EqTide []: 8.083300e-18 
(DRotRateDtEqtide) Time Rate of Change of Rotational Frequency in EqTide [/sec^2]: -2.721455e-26 
(EqRotRateDiscrete) CPL2 Discrete Equilibrium Spin Rate [/sec]: 7.698978e-05 
(EqRotPerDiscrete) CPL2 Discrete Equilibrium Spin Period [sec]: 8.161064e+04 
(EqRotRateCont) CPL2 Continuous Equilibrium Spin Rate [/sec]: 7.706292e-05 
(EqRotPerCont) CPL2 Continuous Equilibrium Rotation Period [sec]: 8.153319e+04 
(EqRotPer) Equilibrium Rotation Period [sec]: 8.161064e+04 
(EqTidePower) Equilibrium Power from Tides [/sec]: 0.000000 
(GammaRot) Gamma_Rotation [sec]: -1.000000 
(GammaOrb) Gamma_Orbital [sec]: -1.000000 
(OceanK2) Ocean's Love number k_2 []: 0.010000 
(EnvTidalQ) Envelope Tidal Q []: -1.000000 
(OceanTidalQ) Ocean Tidal Q []: -1.000000 
(TideLock) Tidally Locked? []: 0.000000 
(RotTimeEqtide) Timescale for Rotational Evolution in EqTide [sec]: 5.460596e+21 
(EnvK2) Envelope's Love number k_2 []: 0.010000 
(OblTimeEqtide) Timescale for Obliquity Evolution in EqTide []: -1.000000 
(PowerEqtide) Internal Power due to Tides in EqTide [kg*m^2/sec^3]: 1.709976e+15 
(SurfEnFluxEqtide) Surface Energy Flux due to Tides in EqTide [kg*m^2/sec^2/(m^2*sec)]: 0.008489 
Tidal Perturbers: b, c, d
Output Order: Time[year] RotPer[days]
Grid Output Order:

----- BODY: b ----
Active Modules: DistOrb EqTide
Module Bit Sum: 19
Color: 000000
(Mass) Mass [kg]: 1.206382e+25 
(Obliquity) Obliquity [rad]: 0.000000 
(PrecA) Body's precession angle [rad]: 0.000000 
(Xobl) Body's sin(obliquity)*cos(precession angle) []: 0.000000 
(Yobl) Body's sin(obliquity)*sin(precession angle) []: 0.000000 
(Zobl) Body's cos(obliquity) []: 1.000000 
(Radius) Radius [m]: 7.730257e+06 
(RadGyra) Radius of Gyration/Moment of Inertia Constant []: 0.400000 
(RotAngMom) Rotational Angular Momentum [kg*m^2/sec]: 8.388005e+33 
(RotKinEnergy) Body's Rotational Energy [kg*m^2/sec^2]: 3.049965e+29 
(RotVel) Rotational Velocity [m/sec]: 562.160167 
(BodyType) Type of Body (0 == planet) []: 0.000000 
(RotRate) Rotational Frequency [/sec]: 7.272205e-05 
(RotPer) Rotational Period [days]: 1.000000 
(Density) Average Density [kg/m^3]: 6234.681228 
(SurfEnFluxTotal) Total Surface Energy Flux [W/m^2]: 3.765487e+05 
(TidalQ) Tidal Q []: 100.000000 
(ImK2) Im(k_2) []: -0.003000 
(K2) k_2 []: 0.300000 
(K2Man) Real Love Number k2 Mantle []: 0.010000 
(Imk2Man) Imaginary Love Number k2 Mantle []: 0.000000 
(TidalQMantle) Mantle's Tidal Q []: 100.000000 
(HEcc) Poincare's h (=e*sin(varpi) []: 0.000000 
(HZLimitDryRunaway) Semi-major axis of Dry Runaway HZ Limit [m]: -1.000000 
(HZLimRecVenus) Recent Venus HZ Limit []: -1.000000 
(HZLimRunaway) Runaway Greenhouse HZ Limit []: -1.000000 
(HZLimMoistGreenhouse) Moist Greenhouse HZ Limit []: -1.000000 
(HZLimMaxGreenhouse) Maximum Greenhouse HZ Limit []: -1.000000 
(HZLimEarlyMars) Early Mars HZ Limit []: -1.000000 
(Instellation) Orbit-averaged INcident STELLar radiATION [kg*m^2/sec^2/(m^2*sec)]: -1.000000 
(KEcc) Poincare's k (=e*cos(varpi) []: 0.010000 
(Eccentricity) Orbital Eccentricity []: 0.010000 
(OrbEnergy) Body's Total Orbital Energy [kg*m^2/sec^2]: -7.657675e+34 
(MeanMotion) Orbital Mean Motion [/sec]: 7.698978e-05 
(OrbPeriod) Orbital Period [sec]: 8.161064e+04 
(SemiMajorAxis) Semi-major Axis [m]: 1.463516e+09 
(CriticalSemiMajorAxis) Holman & Wiegert (1999) P-type Critical Semi-major Axis [m]: -1.000000 
(COPP) Climate Obliquity Precession Parameter []: 0.000000 
(OrbAngMom) Orbital Angular Momentum [kg*m^2/sec]: 1.989171e+39 
(ArgP) Body's argument of pericenter [rad]: 0.000000 
(Inc) Body's Inclination [rad]: 0.028449 
(LongA) Body's Longitude of ascending node [rad]: 0.000000 
(MeanLongitude) Orbital Mean Longitude [rad]: 0.000000 
(LongP) Body's Longitude of pericenter [rad]: 0.000000 
(TotOrbEnergy) System's Total Orbital Energy [kg*m^2/sec^2]: -1.822990e+35 
(OrbPotEnergy) Body's Orbital Potential Energy [kg*m^2/sec^2]: -1.531535e+35 
(LostEnergy) Body's Total Lost Energy [kg*m^2/sec^2]: 5.562685e-309 
----- EQTIDE PARAMETERS (b)------
(TidalRadius) In EqTide, the value of the radius that enters the tidal evolution equations. This parameter is distinct from others, such as the radius of XUV absorption or a pressure level in an atmosphere. [m]: 7.730257e+06 
(DsemiDtEqtide) Total da/dt from EqTide [m/sec]: -9.634151e-05 
(DeccDtEqtide) Total de/dt from EqTide [/sec]: -2.136445e-15 
(DMeanMotionDtEqtide) Total dMeanMotion/dt from EqTide [/sec^2]: 7.602218e-18 
(DOrbPerDtEqtide) Total dOrbPer/dt from EqTide []: -8.058497e-09 
(EccTimeEqtide) Timescale for Eccentricity Evolution (e/[de/dt]) in EqTide [sec]: 4.680672e+12 
(SemiTimeEqtide) Timescale for Semi-major Axis Evolution (a/[da/dt]) in EqTide [sec]: 1.519092e+13 
(DHEccDtEqtide) Time Rate of Change of Poincare's h in EqTide [/sec]: -0.000000 
(DKEccDtEqtide) Time Rate of Change of Poincare's k in EqTide [/sec]: -2.136445e-15 
(DXoblDtEqtide) Time Rate of Change of Laskar's X in EqTide [/sec]: 0.000000 
(DYoblDtEqtide) Time Rate of Change of Laskar's Y in EqTide [/sec]: 0.000000 
(DZoblDtEqtide) Time Rate of Change of Laskar's Z in EqTide [/sec]: 0.000000 
(LockTime) Time when body tidally locked. [sec]: -1.000000 
(BodyDsemiDtEqtide) In EqTide, the total change in semi-major axis is due to dissipation in both bodies. This output parameter returns the change due to current body. []: -1.000000 
(BodyDeccDt) In EqTide, the total change in eccentricity is due to towrues on both bodies. This output parameter returns the change due to current body. []: -1.000000 
(DOblDtEqtide) Time Rate of Change of Obliquity in EqTide [rad/sec]: 0.000000 
(DRotPerDtEqtide) Time Rate of Change of Rotation Period in EqTide []: -0.000674 
(DRotRateDtEqtide) Time Rate of Change of Rotational Frequency in EqTide [/sec^2]: 5.672621e-13 
(EqRotRateDiscrete) CPL2 Discrete Equilibrium Spin Rate [/sec]: 7.698978e-05 
(EqRotPerDiscrete) CPL2 Discrete Equilibrium Spin Period [sec]: 8.161064e+04 
(EqRotRateCont) CPL2 Continuous Equilibrium Spin Rate [/sec]: 7.706292e-05 
(EqRotPerCont) CPL2 Continuous Equilibrium Rotation Period [sec]: 8.153319e+04 
(EqRotPer) Equilibrium Rotation Period [sec]: 8.161064e+04 
(EqTidePower) Equilibrium Power from Tides [/sec]: 5.691122e-313 
(GammaRot) Gamma_Rotation [sec]: -1.000000 
(GammaOrb) Gamma_Orbital [sec]: -1.000000 
(OceanK2) Ocean's Love number k_2 []: 0.010000 
(EnvTidalQ) Envelope Tidal Q []: -1.000000 
(OceanTidalQ) Ocean Tidal Q []: -1.000000 
(TideLock) Tidally Locked? []: 0.000000 
(RotTimeEqtide) Timescale for Rotational Evolution in EqTide [sec]: 1.281983e+08 
(EnvK2) Envelope's Love number k_2 []: 0.010000 
(OblTimeEqtide) Timescale for Obliquity Evolution in EqTide []: -1.000000 
(PowerEqtide) Internal Power due to Tides in EqTide [kg*m^2/sec^3]: 2.827606e+20 
(SurfEnFluxEqtide) Surface Energy Flux due to Tides in EqTide [kg*m^2/sec^2/(m^2*sec)]: 3.765487e+05 
Tidal Perturbers: star
----- DISTORB PARAMETERS (b)------
(Sinc) Body's sin(Inc/2) in DistOrb []: 0.014224 
(Pinc) Body's Poincare p in DistOrb []: 0.000000 
(Qinc) Body's Poincare q in DistOrb []: 0.014224 
(DIncDtDistOrb) Body's inclination derivative in DistOrb [rad/sec]: 0.000000 
(DSincDtDistOrb) Body's sin(Inc/2) derivative in DistOrb [/sec]: 0.000000 
(DLongADtDistOrb) Body's longitude of ascending node derivative in DistOrb [rad/sec]: 0.000000 
(DLongPDtDistOrb) Body's longitude of pericenter derivative in DistOrb [rad/sec]: 6.175316e-10 
(DHeccDtDistOrb) Body's Poincare h derivative in DistOrb [/sec]: 6.175316e-12 
(DKeccDtDistOrb) Body's Poincare k in DistOrb [/sec]: -2.902790e-12 
(DPincDtDistOrb) Body's Poincare p in DistOrb [/sec]: -1.080309e-11 
(DQincDtDistOrb) Body's Poincare q in DistOrb [/sec]: -7.402634e-14 
Output Order: Time[year] TotEnergy[ergs] TotAngMom[kg*m^2/s] RotPer[days] LongP[deg] SemiMajorAxis[au] Eccentricity[] Inc[deg] LongA[deg] SurfEnFluxTotal[W/m^2]
Grid Output Order:

----- BODY: c ----
Active Modules: DistOrb EqTide
Module Bit Sum: 19
Color: 000000
(Mass) Mass [kg]: 4.240252e+25 
(Obliquity) Obliquity [rad]: 0.000000 
(PrecA) Body's precession angle [rad]: 0.000000 
(Xobl) Body's sin(obliquity)*cos(precession angle) []: 0.000000 
(Yobl) Body's sin(obliquity)*sin(precession angle) []: 0.000000 
(Zobl) Body's cos(obliquity) []: 1.000000 
(Radius) Radius [m]: 1.554981e+07 
(RadGyra) Radius of Gyration/Moment of Inertia Constant []: 0.400000 
(RotAngMom) Rotational Angular Momentum [kg*m^2/sec]: 1.192965e+35 
(RotKinEnergy) Body's Rotational Energy [kg*m^2/sec^2]: 4.337744e+30 
(RotVel) Rotational Velocity [m/sec]: 1130.813934 
(BodyType) Type of Body (0 == planet) []: 0.000000 
(RotRate) Rotational Frequency [/sec]: 7.272205e-05 
(RotPer) Rotational Period [days]: 1.000000 
(Density) Average Density [kg/m^3]: 2692.328127 
(SurfEnFluxTotal) Total Surface Energy Flux [W/m^2]: 536.956643 
(TidalQ) Tidal Q []: 10000.000000 
(ImK2) Im(k_2) []: -3.000000e-05 
(K2) k_2 []: 0.300000 
(K2Man) Real Love Number k2 Mantle []: 0.010000 
(Imk2Man) Imaginary Love Number k2 Mantle []: 0.000000 
(TidalQMantle) Mantle's Tidal Q []: 100.000000 
(HEcc) Poincare's h (=e*sin(varpi) []: -0.010000 
(HZLimitDryRunaway) Semi-major axis of Dry Runaway HZ Limit [m]: -1.000000 
(HZLimRecVenus) Recent Venus HZ Limit []: -1.000000 
(HZLimRunaway) Runaway Greenhouse HZ Limit []: -1.000000 
(HZLimMoistGreenhouse) Moist Greenhouse HZ Limit []: -1.000000 
(HZLimMaxGreenhouse) Maximum Greenhouse HZ Limit []: -1.000000 
(HZLimEarlyMars) Early Mars HZ Limit []: -1.000000 
(Instellation) Orbit-averaged INcident STELLar radiATION [kg*m^2/sec^2/(m^2*sec)]: -1.000000 
(KEcc) Poincare's k (=e*cos(varpi) []: -1.346898e-12 
(Eccentricity) Orbital Eccentricity []: 0.010000 
(OrbEnergy) Body's Total Orbital Energy [kg*m^2/sec^2]: -8.895785e+34 
(MeanMotion) Orbital Mean Motion [/sec]: 1.462942e-05 
(OrbPeriod) Orbital Period [sec]: 4.294896e+05 
(SemiMajorAxis) Semi-major Axis [m]: 4.428097e+09 
(CriticalSemiMajorAxis) Holman & Wiegert (1999) P-type Critical Semi-major Axis [m]: -1.000000 
(COPP) Climate Obliquity Precession Parameter []: -0.000000 
(OrbAngMom) Orbital Angular Momentum [kg*m^2/sec]: 1.216089e+40 
(ArgP) Body's argument of pericenter [rad]: 1.605703 
(Inc) Body's Inclination [rad]: 0.003840 
(LongA) Body's Longitude of ascending node [rad]: 3.106686 
(MeanLongitude) Orbital Mean Longitude [rad]: -1.570796 
(LongP) Body's Longitude of pericenter [rad]: 4.712389 
(TotOrbEnergy) System's Total Orbital Energy [kg*m^2/sec^2]: -1.822990e+35 
(OrbPotEnergy) Body's Orbital Potential Energy [kg*m^2/sec^2]: -1.779157e+35 
(LostEnergy) Body's Total Lost Energy [kg*m^2/sec^2]: 5.562685e-309 
----- EQTIDE PARAMETERS (c)------
(TidalRadius) In EqTide, the value of the radius that enters the tidal evolution equations. This parameter is distinct from others, such as the radius of XUV absorption or a pressure level in an atmosphere. [m]: 1.554981e+07 
(DsemiDtEqtide) Total da/dt from EqTide [m/sec]: 2.046583e-08 
(DeccDtEqtide) Total de/dt from EqTide [/sec]: 1.096283e-19 
(DMeanMotionDtEqtide) Total dMeanMotion/dt from EqTide [/sec^2]: -1.014217e-22 
(DOrbPerDtEqtide) Total dOrbPer/dt from EqTide []: 2.977530e-12 
(EccTimeEqtide) Timescale for Eccentricity Evolution (e/[de/dt]) in EqTide [sec]: 9.121736e+16 
(SemiTimeEqtide) Timescale for Semi-major Axis Evolution (a/[da/dt]) in EqTide [sec]: 2.163654e+17 
(DHEccDtEqtide) Time Rate of Change of Poincare's h in EqTide [/sec]: -1.096283e-19 
(DKEccDtEqtide) Time Rate of Change of Poincare's k in EqTide [/sec]: -1.476580e-29 
(DXoblDtEqtide) Time Rate of Change of Laskar's X in EqTide [/sec]: 0.000000 
(DYoblDtEqtide) Time Rate of Change of Laskar's Y in EqTide [/sec]: 0.000000 
(DZoblDtEqtide) Time Rate of Change of Laskar's Z in EqTide [/sec]: 0.000000 
(LockTime) Time when body tidally locked. [sec]: -1.000000 
(BodyDsemiDtEqtide) In EqTide, the total change in semi-major axis is due to dissipation in both bodies. This output parameter returns the change due to current body. []: -1.000000 
(BodyDeccDt) In EqTide, the total change in eccentricity is due to towrues on both bodies. This output parameter returns the change due to current body. []: -1.000000 
(DOblDtEqtide) Time Rate of Change of Obliquity in EqTide [rad/sec]: 0.000000 
(DRotPerDtEqtide) Time Rate of Change of Rotation Period in EqTide []: 2.034330e-08 
(DRotRateDtEqtide) Time Rate of Change of Rotational Frequency in EqTide [/sec^2]: -1.712276e-17 
(EqRotRateDiscrete) CPL2 Discrete Equilibrium Spin Rate [/sec]: 1.462942e-05 
(EqRotPerDiscrete) CPL2 Discrete Equilibrium Spin Period [sec]: 4.294896e+05 
(EqRotRateCont) CPL2 Continuous Equilibrium Spin Rate [/sec]: 1.464332e-05 
(EqRotPerCont) CPL2 Continuous Equilibrium Rotation Period [sec]: 4.290819e+05 
(EqRotPer) Equilibrium Rotation Period [sec]: 4.294896e+05 
(EqTidePower) Equilibrium Power from Tides [/sec]: 0.000000 
(GammaRot) Gamma_Rotation [sec]: -1.000000 
(GammaOrb) Gamma_Orbital [sec]: -1.000000 
(OceanK2) Ocean's Love number k_2 []: 0.010000 
(EnvTidalQ) Envelope Tidal Q []: -1.000000 
(OceanTidalQ) Ocean Tidal Q []: -1.000000 
(TideLock) Tidally Locked? []: 0.000000 
(RotTimeEqtide) Timescale for Rotational Evolution in EqTide [sec]: 4.247099e+12 
(EnvK2) Envelope's Love number k_2 []: 0.010000 
(OblTimeEqtide) Timescale for Obliquity Evolution in EqTide []: -1.000000 
(PowerEqtide) Internal Power due to Tides in EqTide [kg*m^2/sec^3]: 1.631545e+18 
(SurfEnFluxEqtide) Surface Energy Flux due to Tides in EqTide [kg*m^2/sec^2/(m^2*sec)]: 536.956643 
Tidal Perturbers: star
----- DISTORB PARAMETERS (c)------
(Sinc) Body's sin(Inc/2) in DistOrb []: 0.001920 
(Pinc) Body's Poincare p in DistOrb []: 6.700218e-05 
(Qinc) Body's Poincare q in DistOrb []: -0.001919 
(DIncDtDistOrb) Body's inclination derivative in DistOrb [rad/sec]: 6.369534e-14 
(DSincDtDistOrb) Body's sin(Inc/2) derivative in DistOrb [/sec]: 3.184761e-14 
(DLongADtDistOrb) Body's longitude of ascending node derivative in DistOrb [rad/sec]: 5.875613e-11 
(DLongPDtDistOrb) Body's longitude of pericenter derivative in DistOrb [rad/sec]: 1.290273e-10 
(DHeccDtDistOrb) Body's Poincare h derivative in DistOrb [/sec]: -2.625169e-13 
(DKeccDtDistOrb) Body's Poincare k in DistOrb [/sec]: 1.290273e-12 
(DPincDtDistOrb) Body's Poincare p in DistOrb [/sec]: -1.116234e-13 
(DQincDtDistOrb) Body's Poincare q in DistOrb [/sec]: -3.576500e-14 
Output Order: Time[year] RotPer[days] LongP[deg] SemiMajorAxis[au] Eccentricity[] Inc[deg] LongA[deg] SurfEnFluxTotal[W/m^2]
Grid Output Order:

----- BODY: d ----
Active Modules: DistOrb EqTide
Module Bit Sum: 19
Color: 000000
(Mass) Mass [kg]: 5.374967e+24 
(Obliquity) Obliquity [rad]: 0.000000 
(PrecA) Body's precession angle [rad]: 0.000000 
(Xobl) Body's sin(obliquity)*cos(precession angle) []: 0.000000 
(Yobl) Body's sin(obliquity)*sin(precession angle) []: 0.000000 
(Zobl) Body's cos(obliquity) []: 1.000000 
(Radius) Radius [m]: 6.582199e+06 
(RadGyra) Radius of Gyration/Moment of Inertia Constant []: 0.400000 
(RotAngMom) Rotational Angular Momentum [kg*m^2/sec]: 2.709593e+33 
(RotKinEnergy) Body's Rotational Energy [kg*m^2/sec^2]: 9.852356e+28 
(RotVel) Rotational Velocity [m/sec]: 478.671034 
(BodyType) Type of Body (0 == planet) []: 0.000000 
(RotRate) Rotational Frequency [/sec]: 7.272205e-05 
(RotPer) Rotational Period [days]: 1.000000 
(Density) Average Density [kg/m^3]: 4499.602620 
(SurfEnFluxTotal) Total Surface Energy Flux [W/m^2]: 3.496973e+04 
(TidalQ) Tidal Q []: 100.000000 
(ImK2) Im(k_2) []: -0.003000 
(K2) k_2 []: 0.300000 
(K2Man) Real Love Number k2 Mantle []: 0.010000 
(Imk2Man) Imaginary Love Number k2 Mantle []: 0.000000 
(TidalQMantle) Mantle's Tidal Q []: 100.000000 
(HEcc) Poincare's h (=e*sin(varpi) []: -0.010000 
(HZLimitDryRunaway) Semi-major axis of Dry Runaway HZ Limit [m]: -1.000000 
(HZLimRecVenus) Recent Venus HZ Limit []: -1.000000 
(HZLimRunaway) Runaway Greenhouse HZ Limit []: -1.000000 
(HZLimMoistGreenhouse) Moist Greenhouse HZ Limit []: -1.000000 
(HZLimMaxGreenhouse) Maximum Greenhouse HZ Limit []: -1.000000 
(HZLimEarlyMars) Early Mars HZ Limit []: -1.000000 
(Instellation) Orbit-averaged INcident STELLar radiATION [kg*m^2/sec^2/(m^2*sec)]: -1.000000 
(KEcc) Poincare's k (=e*cos(varpi) []: -1.346898e-12 
(Eccentricity) Orbital Eccentricity []: 0.010000 
(OrbEnergy) Body's Total Orbital Energy [kg*m^2/sec^2]: -1.676443e+34 
(MeanMotion) Orbital Mean Motion [/sec]: 2.651728e-05 
(OrbPeriod) Orbital Period [sec]: 2.369468e+05 
(SemiMajorAxis) Semi-major Axis [m]: 2.978494e+09 
(CriticalSemiMajorAxis) Holman & Wiegert (1999) P-type Critical Semi-major Axis [m]: -1.000000 
(COPP) Climate Obliquity Precession Parameter []: -0.000000 
(OrbAngMom) Orbital Angular Momentum [kg*m^2/sec]: 1.264352e+39 
(ArgP) Body's argument of pericenter [rad]: 1.605703 
(Inc) Body's Inclination [rad]: 0.011519 
(LongA) Body's Longitude of ascending node [rad]: 3.106686 
(MeanLongitude) Orbital Mean Longitude [rad]: -1.570796 
(LongP) Body's Longitude of pericenter [rad]: 4.712389 
(TotOrbEnergy) System's Total Orbital Energy [kg*m^2/sec^2]: -1.822990e+35 
(OrbPotEnergy) Body's Orbital Potential Energy [kg*m^2/sec^2]: -3.352887e+34 
(LostEnergy) Body's Total Lost Energy [kg*m^2/sec^2]: 5.562685e-309 
----- EQTIDE PARAMETERS (d)------
(TidalRadius) In EqTide, the value of the radius that enters the tidal evolution equations. This parameter is distinct from others, such as the radius of XUV absorption or a pressure level in an atmosphere. [m]: 6.582199e+06 
(DsemiDtEqtide) Total da/dt from EqTide [m/sec]: 1.942911e-06 
(DeccDtEqtide) Total de/dt from EqTide [/sec]: 1.547271e-17 
(DMeanMotionDtEqtide) Total dMeanMotion/dt from EqTide [/sec^2]: -2.594636e-20 
(DOrbPerDtEqtide) Total dOrbPer/dt from EqTide []: 2.318453e-10 
(EccTimeEqtide) Timescale for Eccentricity Evolution (e/[de/dt]) in EqTide [sec]: 6.462991e+14 
(SemiTimeEqtide) Timescale for Semi-major Axis Evolution (a/[da/dt]) in EqTide [sec]: 1.533006e+15 
(DHEccDtEqtide) Time Rate of Change of Poincare's h in EqTide [/sec]: -1.547271e-17 
(DKEccDtEqtide) Time Rate of Change of Poincare's k in EqTide [/sec]: -2.084016e-27 
(DXoblDtEqtide) Time Rate of Change of Laskar's X in EqTide [/sec]: 0.000000 
(DYoblDtEqtide) Time Rate of Change of Laskar's Y in EqTide [/sec]: 0.000000 
(DZoblDtEqtide) Time Rate of Change of Laskar's Z in EqTide [/sec]: 0.000000 
(LockTime) Time when body tidally locked. [sec]: -1.000000 
(BodyDsemiDtEqtide) In EqTide, the total change in semi-major axis is due to dissipation in both bodies. This output parameter returns the change due to current body. []: -1.000000 
(BodyDeccDt) In EqTide, the total change in eccentricity is due to towrues on both bodies. This output parameter returns the change due to current body. []: -1.000000 
(DOblDtEqtide) Time Rate of Change of Obliquity in EqTide [rad/sec]: 0.000000 
(DRotPerDtEqtide) Time Rate of Change of Rotation Period in EqTide []: 1.314310e-05 
(DRotRateDtEqtide) Time Rate of Change of Rotational Frequency in EqTide [/sec^2]: -1.106242e-14 
(EqRotRateDiscrete) CPL2 Discrete Equilibrium Spin Rate [/sec]: 2.651728e-05 
(EqRotPerDiscrete) CPL2 Discrete Equilibrium Spin Period [sec]: 2.369468e+05 
(EqRotRateCont) CPL2 Continuous Equilibrium Spin Rate [/sec]: 2.654248e-05 
(EqRotPerCont) CPL2 Continuous Equilibrium Rotation Period [sec]: 2.367219e+05 
(EqRotPer) Equilibrium Rotation Period [sec]: 2.369468e+05 
(EqTidePower) Equilibrium Power from Tides [/sec]: 0.000000 
(GammaRot) Gamma_Rotation [sec]: -1.000000 
(GammaOrb) Gamma_Orbital [sec]: -1.000000 
(OceanK2) Ocean's Love number k_2 []: 0.010000 
(EnvTidalQ) Envelope Tidal Q []: -1.000000 
(OceanTidalQ) Ocean Tidal Q []: -1.000000 
(TideLock) Tidally Locked? []: 0.000000 
(RotTimeEqtide) Timescale for Rotational Evolution in EqTide [sec]: 6.573790e+09 
(EnvK2) Envelope's Love number k_2 []: 0.010000 
(OblTimeEqtide) Timescale for Obliquity Evolution in EqTide []: -1.000000 
(PowerEqtide) Internal Power due to Tides in EqTide [kg*m^2/sec^3]: 1.903900e+19 
(SurfEnFluxEqtide) Surface Energy Flux due to Tides in EqTide [kg*m^2/sec^2/(m^2*sec)]: 3.496973e+04 
Tidal Perturbers: star
----- DISTORB PARAMETERS (d)------
(Sinc) Body's sin(Inc/2) in DistOrb []: 0.005760 
(Pinc) Body's Poincare p in DistOrb []: 0.000201 
(Qinc) Body's Poincare q in DistOrb []: -0.005756 
(DIncDtDistOrb) Body's inclination derivative in DistOrb [rad/sec]: 3.424517e-13 
(DSincDtDistOrb) Body's sin(Inc/2) derivative in DistOrb [/sec]: 1.712230e-13 
(DLongADtDistOrb) Body's longitude of ascending node derivative in DistOrb [rad/sec]: -3.138091e-09 
(DLongPDtDistOrb) Body's longitude of pericenter derivative in DistOrb [rad/sec]: 9.680772e-10 
(DHeccDtDistOrb) Body's Poincare h derivative in DistOrb [/sec]: -2.072911e-12 
(DKeccDtDistOrb) Body's Poincare k in DistOrb [/sec]: 9.680772e-12 
(DPincDtDistOrb) Body's Poincare p in DistOrb [/sec]: 1.806897e-11 
(DQincDtDistOrb) Body's Poincare q in DistOrb [/sec]: 4.596550e-13 
Output Order: Time[year] RotPer[days] LongP[deg] SemiMajorAxis[au] Eccentricity[] Inc[deg] LongA[deg] SurfEnFluxTotal[W/m^2]
Grid Output Order:



---- FINAL SYSTEM PROPERTIES ----
(Age) System Age [sec]: 6.311520e+13 
(Time) Simulation Time [sec]: 3.155760e+13 
(TotAngMom) Total Angular Momentum [kg*m^2/sec]: 1.468341e+41 
(TotEnergy) Total System Energy [kg*m^2/sec^2]: -2.450239e+40 
(PotEnergy) Body's non-orbital Potential Energy [kg*m^2/sec^2]: -2.451175e+40 
(KinEnergy) Body's non-orbital Kinetic Energy [kg*m^2/sec^2]: 9.557102e+36 
(DeltaTime) Average Timestep Over Last Output Interval [sec]: 861.355162 

----- BODY: star ----
Active Modules: EqTide
Module Bit Sum: 3
Color: 000000
(Mass) Mass [kg]: 2.783782e+29 
(Obliquity) Obliquity [rad]: 0.000000 
(PrecA) Body's precession angle [rad]: 0.000000 
(Xobl) Body's sin(obliquity)*cos(precession angle) []: 0.000000 
(Yobl) Body's sin(obliquity)*sin(precession angle) []: 0.000000 
(Zobl) Body's cos(obliquity) []: 1.000000 
(Radius) Radius [m]: 1.266053e+08 
(RadGyra) Radius of Gyration/Moment of Inertia Constant []: 0.450000 
(RotAngMom) Rotational Angular Momentum [kg*m^2/sec]: 1.314196e+41 
(RotKinEnergy) Body's Rotational Energy [kg*m^2/sec^2]: 9.557102e+36 
(RotVel) Rotational Velocity [m/sec]: 1.841399e+04 
(BodyType) Type of Body (0 == planet) []: 0.000000 
(RotRate) Rotational Frequency [/sec]: 0.000145 
(RotPer) Rotational Period [days]: 0.500000 
(Density) Average Density [kg/m^3]: 3.274848e+04 
(SurfEnFluxTotal) Total Surface Energy Flux [kg*m^2/sec^2/(m^2*sec)]: 0.008504 
(TidalQ) Tidal Q []: 1.000000e+06 
(ImK2) Im(k_2) []: -5.000000e-07 
(K2) k_2 []: 0.500000 
(K2Man) Real Love Number k2 Mantle []: 0.010000 
(Imk2Man) Imaginary Love Number k2 Mantle []: 0.000000 
(TidalQMantle) Mantle's Tidal Q []: 100.000000 
(HEcc) Poincare's h (=e*sin(varpi) []: 0.000000 
(HZLimitDryRunaway) Semi-major axis of Dry Runaway HZ Limit [m]: -1.000000 
(HZLimRecVenus) Recent Venus HZ Limit []: -1.000000 
(HZLimRunaway) Runaway Greenhouse HZ Limit []: -1.000000 
(HZLimMoistGreenhouse) Moist Greenhouse HZ Limit []: -1.000000 
(HZLimMaxGreenhouse) Maximum Greenhouse HZ Limit []: -1.000000 
(HZLimEarlyMars) Early Mars HZ Limit []: -1.000000 
(Instellation) Orbit-averaged INcident STELLar radiATION [kg*m^2/sec^2/(m^2*sec)]: -1.000000 
(KEcc) Poincare's k (=e*cos(varpi) []: 0.000000 
(Eccentricity) Orbital Eccentricity []: -1.000000 
(OrbEnergy) Body's Total Orbital Energy [kg*m^2/sec^2]: 0.000000 
(MeanMotion) Orbital Mean Motion [/sec]: -1.000000 
(OrbPeriod) Orbital Period [sec]: -1.000000 
(SemiMajorAxis) Semi-major Axis [m]: -1.000000 
(CriticalSemiMajorAxis) Holman & Wiegert (1999) P-type Critical Semi-major Axis [m]: -1.000000 
(COPP) Climate Obliquity Precession Parameter []: 0.000000 
(OrbAngMom) Orbital Angular Momentum [kg*m^2/sec]: 0.000000 
(LongP) Body's Longitude of pericenter [rad]: 0.000000 
(TotOrbEnergy) System's Total Orbital Energy [kg*m^2/sec^2]: -1.823328e+35 
(OrbPotEnergy) Body's Orbital Potential Energy [kg*m^2/sec^2]: -1.000000 
(LostEnergy) Body's Total Lost Energy [kg*m^2/sec^2]: 5.402467e+28 
----- EQTIDE PARAMETERS (star)------
(LockTime) Time when body tidally locked. [sec]: -1.000000 
(BodyDsemiDtEqtide) In EqTide, the total change in semi-major axis is due to dissipation in both bodies. This output parameter returns the change due to current body. []: -1.000000 
(BodyDeccDt) In EqTide, the total change in eccentricity is due to towrues on both bodies. This output parameter returns the change due to current body. []: -1.000000 
(DOblDtEqtide) Time Rate of Change of Obliquity in EqTide [rad/sec]: 0.000000 
(DRotPerDtEqtide) Time Rate of Change of Rotation Period in EqTide []: 8.099994e-18 
(DRotRateDtEqtide) Time Rate of Change of Rotational Frequency in EqTide [/sec^2]: -2.727075e-26 
(EqRotRateDiscrete) CPL2 Discrete Equilibrium Spin Rate [/sec]: 7.704266e-05 
(EqRotPerDiscrete) CPL2 Discrete Equilibrium Spin Period [sec]: 8.155463e+04 
(EqRotRateCont) CPL2 Continuous Equilibrium Spin Rate [/sec]: 7.705385e-05 
(EqRotPerCont) CPL2 Continuous Equilibrium Rotation Period [sec]: 8.154278e+04 
(EqRotPer) Equilibrium Rotation Period [sec]: 8.155463e+04 
(EqTidePower) Equilibrium Power from Tides [/sec]: 0.000000 
(GammaRot) Gamma_Rotation [sec]: -1.000000 
(GammaOrb) Gamma_Orbital [sec]: -1.000000 
(OceanK2) Ocean's Love number k_2 []: 0.010000 
(EnvTidalQ) Envelope Tidal Q []: -1.000000 
(OceanTidalQ) Ocean Tidal Q []: -1.000000 
(TideLock) Tidally Locked? []: 0.000000 
(RotTimeEqtide) Timescale for Rotational Evolution in EqTide [sec]: 5.449039e+21 
(EnvK2) Envelope's Love number k_2 []: 0.010000 
(OblTimeEqtide) Timescale for Obliquity Evolution in EqTide []: -1.000000 
(PowerEqtide) Internal Power due to Tides in EqTide [kg*m^2/sec^3]: 1.712988e+15 
(SurfEnFluxEqtide) Surface Energy Flux due to Tides in EqTide [kg*m^2/sec^2/(m^2*sec)]: 0.008504 
Tidal Perturbers: b, c, d
Output Order: Time[year] RotPer[days]
Grid Output Order:

----- BODY: b ----
Active Modules: DistOrb EqTide
Module Bit Sum: 19
Color: 000000
(Mass) Mass [kg]: 1.206382e+25 
(Obliquity) Obliquity [rad]: 0.000000 
(PrecA) Body's precession angle [rad]: 0.000000 
(Xobl) Body's sin(obliquity)*cos(precession angle) []: 0.000000 
(Yobl) Body's sin(obliquity)*sin(precession angle) []: 0.000000 
(Zobl) Body's cos(obliquity) []: 1.000000 
(Radius) Radius [m]: 7.730257e+06 
(RadGyra) Radius of Gyration/Moment of Inertia Constant []: 0.400000 
(RotAngMom) Rotational Angular Momentum [kg*m^2/sec]: 8.886359e+33 
(RotKinEnergy) Body's Rotational Energy [kg*m^2/sec^2]: 3.423143e+29 
(RotVel) Rotational Velocity [m/sec]: 595.559576 
(BodyType) Type of Body (0 == planet) []: 0.000000 
(RotRate) Rotational Frequency [/sec]: 7.704266e-05 
(RotPer) Rotational Period [days]: 0.943919 
(Density) Average Density [kg/m^3]: 6234.681228 
(SurfEnFluxTotal) Total Surface Energy Flux [W/m^2]: 719.933796 
(TidalQ) Tidal Q []: 100.000000 
(ImK2) Im(k_2) []: -0.003000 
(K2) k_2 []: 0.300000 
(K2Man) Real Love Number k2 Mantle []: 0.010000 
(Imk2Man) Imaginary Love Number k2 Mantle []: 0.000000 
(TidalQMantle) Mantle's Tidal Q []: 100.000000 
(HEcc) Poincare's h (=e*sin(varpi) []: -0.003884 
(HZLimitDryRunaway) Semi-major axis of Dry Runaway HZ Limit [m]: -1.000000 
(HZLimRecVenus) Recent Venus HZ Limit []: -1.000000 
(HZLimRunaway) Runaway Greenhouse HZ Limit []: -1.000000 
(HZLimMoistGreenhouse) Moist Greenhouse HZ Limit []: -1.000000 
(HZLimMaxGreenhouse) Maximum Greenhouse HZ Limit []: -1.000000 
(HZLimEarlyMars) Early Mars HZ Limit []: -1.000000 
(Instellation) Orbit-averaged INcident STELLar radiATION [kg*m^2/sec^2/(m^2*sec)]: -1.000000 
(KEcc) Poincare's k (=e*cos(varpi) []: -0.000456 
(Eccentricity) Orbital Eccentricity []: 0.003910 
(OrbEnergy) Body's Total Orbital Energy [kg*m^2/sec^2]: -7.661181e+34 
(MeanMotion) Orbital Mean Motion [/sec]: 7.704266e-05 
(OrbPeriod) Orbital Period [sec]: 8.155463e+04 
(SemiMajorAxis) Semi-major Axis [m]: 1.462846e+09 
(CriticalSemiMajorAxis) Holman & Wiegert (1999) P-type Critical Semi-major Axis [m]: -1.000000 
(COPP) Climate Obliquity Precession Parameter []: -0.000000 
(OrbAngMom) Orbital Angular Momentum [kg*m^2/sec]: 1.988800e+39 
(ArgP) Body's argument of pericenter [rad]: 3.837532 
(Inc) Body's Inclination [rad]: 0.027893 
(LongA) Body's Longitude of ascending node [rad]: 0.758036 
(MeanLongitude) Orbital Mean Longitude [rad]: -1.687618 
(LongP) Body's Longitude of pericenter [rad]: 4.595568 
(TotOrbEnergy) System's Total Orbital Energy [kg*m^2/sec^2]: -1.823328e+35 
(OrbPotEnergy) Body's Orbital Potential Energy [kg*m^2/sec^2]: -1.532236e+35 
(LostEnergy) Body's Total Lost Energy [kg*m^2/sec^2]: 3.508969e+31 
----- EQTIDE PARAMETERS (b)------
(TidalRadius) In EqTide, the value of the radius that enters the tidal evolution equations. This parameter is distinct from others, such as the radius of XUV absorption or a pressure level in an atmosphere. [m]: 7.730257e+06 
(DsemiDtEqtide) Total da/dt from EqTide [m/sec]: -1.028712e-08 
(DeccDtEqtide) Total de/dt from EqTide [/sec]: -9.023325e-16 
(DMeanMotionDtEqtide) Total dMeanMotion/dt from EqTide [/sec^2]: 8.126762e-22 
(DOrbPerDtEqtide) Total dOrbPer/dt from EqTide []: -8.602702e-13 
(EccTimeEqtide) Timescale for Eccentricity Evolution (e/[de/dt]) in EqTide [sec]: 4.333425e+12 
(SemiTimeEqtide) Timescale for Semi-major Axis Evolution (a/[da/dt]) in EqTide [sec]: 1.422018e+17 
(DHEccDtEqtide) Time Rate of Change of Poincare's h in EqTide [/sec]: 8.961823e-16 
(DKEccDtEqtide) Time Rate of Change of Poincare's k in EqTide [/sec]: 1.051720e-16 
(DXoblDtEqtide) Time Rate of Change of Laskar's X in EqTide [/sec]: 0.000000 
(DYoblDtEqtide) Time Rate of Change of Laskar's Y in EqTide [/sec]: 0.000000 
(DZoblDtEqtide) Time Rate of Change of Laskar's Z in EqTide [/sec]: 0.000000 
(LockTime) Time when body tidally locked. [sec]: 6.166006e+06 
(BodyDsemiDtEqtide) In EqTide, the total change in semi-major axis is due to dissipation in both bodies. This output parameter returns the change due to current body. []: -1.000000 
(BodyDeccDt) In EqTide, the total change in eccentricity is due to towrues on both bodies. This output parameter returns the change due to current body. []: -1.000000 
(DOblDtEqtide) Time Rate of Change of Obliquity in EqTide [rad/sec]: 0.000000 
(DRotPerDtEqtide) Time Rate of Change of Rotation Period in EqTide []: -5.888461e-300 
(DRotRateDtEqtide) Time Rate of Change of Rotational Frequency in EqTide [/sec^2]: 5.562685e-309 
(EqRotRateDiscrete) CPL2 Discrete Equilibrium Spin Rate [/sec]: 7.704266e-05 
(EqRotPerDiscrete) CPL2 Discrete Equilibrium Spin Period [sec]: 8.155463e+04 
(EqRotRateCont) CPL2 Continuous Equilibrium Spin Rate [/sec]: 7.705385e-05 
(EqRotPerCont) CPL2 Continuous Equilibrium Rotation Period [sec]: 8.154278e+04 
(EqRotPer) Equilibrium Rotation Period [sec]: 8.155463e+04 
(EqTidePower) Equilibrium Power from Tides [/sec]: -1.452244e-314 
(GammaRot) Gamma_Rotation [sec]: -1.000000 
(GammaOrb) Gamma_Orbital [sec]: -1.000000 
(OceanK2) Ocean's Love number k_2 []: 0.010000 
(EnvTidalQ) Envelope Tidal Q []: -1.000000 
(OceanTidalQ) Ocean Tidal Q []: -1.000000 
(TideLock) Tidally Locked? []: 1.000000 
(RotTimeEqtide) Timescale for Rotational Evolution in EqTide [sec]: 1.384991e+304 
(EnvK2) Envelope's Love number k_2 []: 0.010000 
(OblTimeEqtide) Timescale for Obliquity Evolution in EqTide []: -1.000000 
(PowerEqtide) Internal Power due to Tides in EqTide [kg*m^2/sec^3]: 5.406178e+17 
(SurfEnFluxEqtide) Surface Energy Flux due to Tides in EqTide [kg*m^2/sec^2/(m^2*sec)]: 719.933796 
Tidal Perturbers: star
----- DISTORB PARAMETERS (b)------
(Sinc) Body's sin(Inc/2) in DistOrb []: 0.013946 
(Pinc) Body's Poincare p in DistOrb []: 0.009588 
(Qinc) Body's Poincare q in DistOrb []: 0.010127 
(DIncDtDistOrb) Body's inclination derivative in DistOrb [rad/sec]: -2.005549e-12 
(DSincDtDistOrb) Body's sin(Inc/2) derivative in DistOrb [/sec]: -1.002677e-12 
(DLongADtDistOrb) Body's longitude of ascending node derivative in DistOrb [rad/sec]: -6.825503e-10 
(DLongPDtDistOrb) Body's longitude of pericenter derivative in DistOrb [rad/sec]: 1.707050e-10 
(DHeccDtDistOrb) Body's Poincare h derivative in DistOrb [/sec]: -4.064726e-13 
(DKeccDtDistOrb) Body's Poincare k in DistOrb [/sec]: 6.243680e-13 
(DPincDtDistOrb) Body's Poincare p in DistOrb [/sec]: -7.601788e-12 
(DQincDtDistOrb) Body's Poincare q in DistOrb [/sec]: 5.816026e-12 
Output Order: Time[year] TotEnergy[ergs] TotAngMom[kg*m^2/s] RotPer[days] LongP[deg] SemiMajorAxis[au] Eccentricity[] Inc[deg] LongA[deg] SurfEnFluxTotal[W/m^2]
Grid Output Order:

----- BODY: c ----
Active Modules: DistOrb EqTide
Module Bit Sum: 19
Color: 000000
(Mass) Mass [kg]: 4.240252e+25 
(Obliquity) Obliquity [rad]: 0.000000 
(PrecA) Body's precession angle [rad]: 0.000000 
(Xobl) Body's sin(obliquity)*cos(precession angle) []: 0.000000 
(Yobl) Body's sin(obliquity)*sin(precession angle) []: 0.000000 
(Zobl) Body's cos(obliquity) []: 1.000000 
(Radius) Radius [m]: 1.554981e+07 
(RadGyra) Radius of Gyration/Moment of Inertia Constant []: 0.400000 
(RotAngMom) Rotational Angular Momentum [kg*m^2/sec]: 2.399821e+34 
(RotKinEnergy) Body's Rotational Energy [kg*m^2/sec^2]: 1.755359e+29 
(RotVel) Rotational Velocity [m/sec]: 227.479422 
(BodyType) Type of Body (0 == planet) []: 0.000000 
(RotRate) Rotational Frequency [/sec]: 1.462908e-05 
(RotPer) Rotational Period [days]: 4.971060 
(Density) Average Density [kg/m^3]: 2692.328127 
(SurfEnFluxTotal) Total Surface Energy Flux [W/m^2]: 0.042879 
(TidalQ) Tidal Q []: 10000.000000 
(ImK2) Im(k_2) []: -3.000000e-05 
(K2) k_2 []: 0.300000 
(K2Man) Real Love Number k2 Mantle []: 0.010000 
(Imk2Man) Imaginary Love Number k2 Mantle []: 0.000000 
(TidalQMantle) Mantle's Tidal Q []: 100.000000 
(HEcc) Poincare's h (=e*sin(varpi) []: -0.006684 
(HZLimitDryRunaway) Semi-major axis of Dry Runaway HZ Limit [m]: -1.000000 
(HZLimRecVenus) Recent Venus HZ Limit []: -1.000000 
(HZLimRunaway) Runaway Greenhouse HZ Limit []: -1.000000 
(HZLimMoistGreenhouse) Moist Greenhouse HZ Limit []: -1.000000 
(HZLimMaxGreenhouse) Maximum Greenhouse HZ Limit []: -1.000000 
(HZLimEarlyMars) Early Mars HZ Limit []: -1.000000 
(Instellation) Orbit-averaged INcident STELLar radiATION [kg*m^2/sec^2/(m^2*sec)]: -1.000000 
(KEcc) Poincare's k (=e*cos(varpi) []: -0.000810 
(Eccentricity) Orbital Eccentricity []: 0.006733 
(OrbEnergy) Body's Total Orbital Energy [kg*m^2/sec^2]: -8.895646e+34 
(MeanMotion) Orbital Mean Motion [/sec]: 1.462908e-05 
(OrbPeriod) Orbital Period [sec]: 4.294996e+05 
(SemiMajorAxis) Semi-major Axis [m]: 4.428166e+09 
(CriticalSemiMajorAxis) Holman & Wiegert (1999) P-type Critical Semi-major Axis [m]: -1.000000 
(COPP) Climate Obliquity Precession Parameter []: -0.000000 
(OrbAngMom) Orbital Angular Momentum [kg*m^2/sec]: 1.216132e+40 
(ArgP) Body's argument of pericenter [rad]: 0.551314 
(Inc) Body's Inclination [rad]: 0.004777 
(LongA) Body's Longitude of ascending node [rad]: 4.040523 
(MeanLongitude) Orbital Mean Longitude [rad]: -1.691349 
(LongP) Body's Longitude of pericenter [rad]: 4.591837 
(TotOrbEnergy) System's Total Orbital Energy [kg*m^2/sec^2]: -1.823328e+35 
(OrbPotEnergy) Body's Orbital Potential Energy [kg*m^2/sec^2]: -1.779129e+35 
(LostEnergy) Body's Total Lost Energy [kg*m^2/sec^2]: 2.772737e+30 
----- EQTIDE PARAMETERS (c)------
(TidalRadius) In EqTide, the value of the radius that enters the tidal evolution equations. This parameter is distinct from others, such as the radius of XUV absorption or a pressure level in an atmosphere. [m]: 1.554981e+07 
(DsemiDtEqtide) Total da/dt from EqTide [m/sec]: -6.202717e-12 
(DeccDtEqtide) Total de/dt from EqTide [/sec]: -1.087637e-19 
(DMeanMotionDtEqtide) Total dMeanMotion/dt from EqTide [/sec^2]: 3.073735e-26 
(DOrbPerDtEqtide) Total dOrbPer/dt from EqTide []: -9.024270e-16 
(EccTimeEqtide) Timescale for Eccentricity Evolution (e/[de/dt]) in EqTide [sec]: 6.190520e+16 
(SemiTimeEqtide) Timescale for Semi-major Axis Evolution (a/[da/dt]) in EqTide [sec]: 7.139075e+20 
(DHEccDtEqtide) Time Rate of Change of Poincare's h in EqTide [/sec]: 1.079744e-19 
(DKEccDtEqtide) Time Rate of Change of Poincare's k in EqTide [/sec]: 1.307997e-20 
(DXoblDtEqtide) Time Rate of Change of Laskar's X in EqTide [/sec]: 0.000000 
(DYoblDtEqtide) Time Rate of Change of Laskar's Y in EqTide [/sec]: 0.000000 
(DZoblDtEqtide) Time Rate of Change of Laskar's Z in EqTide [/sec]: 0.000000 
(LockTime) Time when body tidally locked. [sec]: 3.385475e+12 
(BodyDsemiDtEqtide) In EqTide, the total change in semi-major axis is due to dissipation in both bodies. This output parameter returns the change due to current body. []: -1.000000 
(BodyDeccDt) In EqTide, the total change in eccentricity is due to towrues on both bodies. This output parameter returns the change due to current body. []: -1.000000 
(DOblDtEqtide) Time Rate of Change of Obliquity in EqTide [rad/sec]: 0.000000 
(DRotPerDtEqtide) Time Rate of Change of Rotation Period in EqTide []: -1.633165e-298 
(DRotRateDtEqtide) Time Rate of Change of Rotational Frequency in EqTide [/sec^2]: 5.562685e-309 
(EqRotRateDiscrete) CPL2 Discrete Equilibrium Spin Rate [/sec]: 1.462908e-05 
(EqRotPerDiscrete) CPL2 Discrete Equilibrium Spin Period [sec]: 4.294996e+05 
(EqRotRateCont) CPL2 Continuous Equilibrium Spin Rate [/sec]: 1.463538e-05 
(EqRotPerCont) CPL2 Continuous Equilibrium Rotation Period [sec]: 4.293147e+05 
(EqRotPer) Equilibrium Rotation Period [sec]: 4.294996e+05 
(EqTidePower) Equilibrium Power from Tides [/sec]: 0.000000 
(GammaRot) Gamma_Rotation [sec]: -1.000000 
(GammaOrb) Gamma_Orbital [sec]: -1.000000 
(OceanK2) Ocean's Love number k_2 []: 0.010000 
(EnvTidalQ) Envelope Tidal Q []: -1.000000 
(OceanTidalQ) Ocean Tidal Q []: -1.000000 
(TideLock) Tidally Locked? []: 1.000000 
(RotTimeEqtide) Timescale for Rotational Evolution in EqTide [sec]: 2.629860e+303 
(EnvK2) Envelope's Love number k_2 []: 0.010000 
(OblTimeEqtide) Timescale for Obliquity Evolution in EqTide []: -1.000000 
(PowerEqtide) Internal Power due to Tides in EqTide [kg*m^2/sec^3]: 1.302887e+14 
(SurfEnFluxEqtide) Surface Energy Flux due to Tides in EqTide [kg*m^2/sec^2/(m^2*sec)]: 0.042879 
Tidal Perturbers: star
----- DISTORB PARAMETERS (c)------
(Sinc) Body's sin(Inc/2) in DistOrb []: 0.002389 
(Pinc) Body's Poincare p in DistOrb []: -0.001870 
(Qinc) Body's Poincare q in DistOrb []: -0.001487 
(DIncDtDistOrb) Body's inclination derivative in DistOrb [rad/sec]: 2.775334e-12 
(DSincDtDistOrb) Body's sin(Inc/2) derivative in DistOrb [/sec]: 1.387663e-12 
(DLongADtDistOrb) Body's longitude of ascending node derivative in DistOrb [rad/sec]: -8.353569e-10 
(DLongPDtDistOrb) Body's longitude of pericenter derivative in DistOrb [rad/sec]: 1.737933e-10 
(DHeccDtDistOrb) Body's Poincare h derivative in DistOrb [/sec]: -7.314665e-13 
(DKeccDtDistOrb) Body's Poincare k in DistOrb [/sec]: 1.090103e-12 
(DPincDtDistOrb) Body's Poincare p in DistOrb [/sec]: 1.559820e-13 
(DQincDtDistOrb) Body's Poincare q in DistOrb [/sec]: -2.425497e-12 
Output Order: Time[year] RotPer[days] LongP[deg] SemiMajorAxis[au] Eccentricity[] Inc[deg] LongA[deg] SurfEnFluxTotal[W/m^2]
Grid Output Order:

----- BODY: d ----
Active Modules: DistOrb EqTide
Module Bit Sum: 19
Color: 000000
(Mass) Mass [kg]: 5.374967e+24 
(Obliquity) Obliquity [rad]: 0.000000 
(PrecA) Body's precession angle [rad]: 0.000000 
(Xobl) Body's sin(obliquity)*cos(precession angle) []: 0.000000 
(Yobl) Body's sin(obliquity)*sin(precession angle) []: 0.000000 
(Zobl) Body's cos(obliquity) []: 1.000000 
(Radius) Radius [m]: 6.582199e+06 
(RadGyra) Radius of Gyration/Moment of Inertia Constant []: 0.400000 
(RotAngMom) Rotational Angular Momentum [kg*m^2/sec]: 9.880285e+32 
(RotKinEnergy) Body's Rotational Energy [kg*m^2/sec^2]: 1.309999e+28 
(RotVel) Rotational Velocity [m/sec]: 174.543087 
(BodyType) Type of Body (0 == planet) []: 0.000000 
(RotRate) Rotational Frequency [/sec]: 2.651744e-05 
(RotPer) Rotational Period [days]: 2.742423 
(Density) Average Density [kg/m^3]: 4499.602620 
(SurfEnFluxTotal) Total Surface Energy Flux [W/m^2]: 4.425535 
(TidalQ) Tidal Q []: 100.000000 
(ImK2) Im(k_2) []: -0.003000 
(K2) k_2 []: 0.300000 
(K2Man) Real Love Number k2 Mantle []: 0.010000 
(Imk2Man) Imaginary Love Number k2 Mantle []: 0.000000 
(TidalQMantle) Mantle's Tidal Q []: 100.000000 
(HEcc) Poincare's h (=e*sin(varpi) []: -0.005280 
(HZLimitDryRunaway) Semi-major axis of Dry Runaway HZ Limit [m]: -1.000000 
(HZLimRecVenus) Recent Venus HZ Limit []: -1.000000 
(HZLimRunaway) Runaway Greenhouse HZ Limit []: -1.000000 
(HZLimMoistGreenhouse) Moist Greenhouse HZ Limit []: -1.000000 
(HZLimMaxGreenhouse) Maximum Greenhouse HZ Limit []: -1.000000 
(HZLimEarlyMars) Early Mars HZ Limit []: -1.000000 
(Instellation) Orbit-averaged INcident STELLar radiATION [kg*m^2/sec^2/(m^2*sec)]: -1.000000 
(KEcc) Poincare's k (=e*cos(varpi) []: 0.001907 
(Eccentricity) Orbital Eccentricity []: 0.005614 
(OrbEnergy) Body's Total Orbital Energy [kg*m^2/sec^2]: -1.676450e+34 
(MeanMotion) Orbital Mean Motion [/sec]: 2.651744e-05 
(OrbPeriod) Orbital Period [sec]: 2.369454e+05 
(SemiMajorAxis) Semi-major Axis [m]: 2.978482e+09 
(CriticalSemiMajorAxis) Holman & Wiegert (1999) P-type Critical Semi-major Axis [m]: -1.000000 
(COPP) Climate Obliquity Precession Parameter []: -0.000000 
(OrbAngMom) Orbital Angular Momentum [kg*m^2/sec]: 1.264393e+39 
(ArgP) Body's argument of pericenter [rad]: 2.742638 
(Inc) Body's Inclination [rad]: 0.010208 
(LongA) Body's Longitude of ascending node [rad]: 2.316300 
(MeanLongitude) Orbital Mean Longitude [rad]: -1.224247 
(LongP) Body's Longitude of pericenter [rad]: 5.058939 
(TotOrbEnergy) System's Total Orbital Energy [kg*m^2/sec^2]: -1.823328e+35 
(OrbPotEnergy) Body's Orbital Potential Energy [kg*m^2/sec^2]: -3.352900e+34 
(LostEnergy) Body's Total Lost Energy [kg*m^2/sec^2]: 1.520016e+29 
----- EQTIDE PARAMETERS (d)------
(TidalRadius) In EqTide, the value of the radius that enters the tidal evolution equations. This parameter is distinct from others, such as the radius of XUV absorption or a pressure level in an atmosphere. [m]: 6.582199e+06 
(DsemiDtEqtide) Total da/dt from EqTide [m/sec]: -4.277596e-10 
(DeccDtEqtide) Total de/dt from EqTide [/sec]: -1.280087e-17 
(DMeanMotionDtEqtide) Total dMeanMotion/dt from EqTide [/sec^2]: 5.712520e-24 
(DOrbPerDtEqtide) Total dOrbPer/dt from EqTide []: -5.104396e-14 
(EccTimeEqtide) Timescale for Eccentricity Evolution (e/[de/dt]) in EqTide [sec]: 4.385489e+14 
(SemiTimeEqtide) Timescale for Semi-major Axis Evolution (a/[da/dt]) in EqTide [sec]: 6.962980e+18 
(DHEccDtEqtide) Time Rate of Change of Poincare's h in EqTide [/sec]: 1.203986e-17 
(DKEccDtEqtide) Time Rate of Change of Poincare's k in EqTide [/sec]: -4.347874e-18 
(DXoblDtEqtide) Time Rate of Change of Laskar's X in EqTide [/sec]: 0.000000 
(DYoblDtEqtide) Time Rate of Change of Laskar's Y in EqTide [/sec]: 0.000000 
(DZoblDtEqtide) Time Rate of Change of Laskar's Z in EqTide [/sec]: 0.000000 
(LockTime) Time when body tidally locked. [sec]: 4.155810e+09 
(BodyDsemiDtEqtide) In EqTide, the total change in semi-major axis is due to dissipation in both bodies. This output parameter returns the change due to current body. []: -1.000000 
(BodyDeccDt) In EqTide, the total change in eccentricity is due to towrues on both bodies. This output parameter returns the change due to current body. []: -1.000000 
(DOblDtEqtide) Time Rate of Change of Obliquity in EqTide [rad/sec]: 0.000000 
(DRotPerDtEqtide) Time Rate of Change of Rotation Period in EqTide []: -4.970511e-299 
(DRotRateDtEqtide) Time Rate of Change of Rotational Frequency in EqTide [/sec^2]: 5.562685e-309 
(EqRotRateDiscrete) CPL2 Discrete Equilibrium Spin Rate [/sec]: 2.651744e-05 
(EqRotPerDiscrete) CPL2 Discrete Equilibrium Spin Period [sec]: 2.369454e+05 
(EqRotRateCont) CPL2 Continuous Equilibrium Spin Rate [/sec]: 2.652538e-05 
(EqRotPerCont) CPL2 Continuous Equilibrium Rotation Period [sec]: 2.368745e+05 
(EqRotPer) Equilibrium Rotation Period [sec]: 2.369454e+05 
(EqTidePower) Equilibrium Power from Tides [/sec]: 0.000000 
(GammaRot) Gamma_Rotation [sec]: -1.000000 
(GammaOrb) Gamma_Orbital [sec]: -1.000000 
(OceanK2) Ocean's Love number k_2 []: 0.010000 
(EnvTidalQ) Envelope Tidal Q []: -1.000000 
(OceanTidalQ) Ocean Tidal Q []: -1.000000 
(TideLock) Tidally Locked? []: 1.000000 
(RotTimeEqtide) Timescale for Rotational Evolution in EqTide [sec]: 4.767022e+303 
(EnvK2) Envelope's Love number k_2 []: 0.010000 
(OblTimeEqtide) Timescale for Obliquity Evolution in EqTide []: -1.000000 
(PowerEqtide) Internal Power due to Tides in EqTide [kg*m^2/sec^3]: 2.409449e+15 
(SurfEnFluxEqtide) Surface Energy Flux due to Tides in EqTide [kg*m^2/sec^2/(m^2*sec)]: 4.425535 
Tidal Perturbers: star
----- DISTORB PARAMETERS (d)------
(Sinc) Body's sin(Inc/2) in DistOrb []: 0.005104 
(Pinc) Body's Poincare p in DistOrb []: 0.003750 
(Qinc) Body's Poincare q in DistOrb []: -0.003462 
(DIncDtDistOrb) Body's inclination derivative in DistOrb [rad/sec]: -3.880208e-12 
(DSincDtDistOrb) Body's sin(Inc/2) derivative in DistOrb [/sec]: -1.940079e-12 
(DLongADtDistOrb) Body's longitude of ascending node derivative in DistOrb [rad/sec]: -3.431662e-09 
(DLongPDtDistOrb) Body's longitude of pericenter derivative in DistOrb [rad/sec]: 6.817840e-10 
(DHeccDtDistOrb) Body's Poincare h derivative in DistOrb [/sec]: 8.091485e-12 
(DKeccDtDistOrb) Body's Poincare k in DistOrb [/sec]: 1.147301e-12 
(DPincDtDistOrb) Body's Poincare p in DistOrb [/sec]: 1.045534e-11 
(DQincDtDistOrb) Body's Poincare q in DistOrb [/sec]: 1.418473e-11 
Output Order: Time[year] RotPer[days] LongP[deg] SemiMajorAxis[au] Eccentricity[] Inc[deg] LongA[deg] SurfEnFluxTotal[W/m^2]
Grid Output Order:
