-------- Log file LP791-18.log -------

Executable: /Users/noahvowell/opt/anaconda3/envs/exo/bin/vplanet
Version: Unknown
System Name: LP791-18
Primary Input File: vpl.in
Body File #1: star.in
Body File #2: b.in
Body File #3: c.in
Body File #4: d.in
Allow files to be overwitten: Yes
Mass Units: Grams
Length Units: Meters
Time Units: Seconds
Angle Units: Radians

------- FORMATTING -----
Verbosity Level: 5
Crossover Decade for Scientific Notation: 4
Number of Digits After Decimal: 6
Integration Method: Runge-Kutta4
Direction: Forward
Time Step: 3.155760e+07
Stop Time: 3.155760e+12
Output Interval: 3.155760e+09
Use Variable Timestep: Yes
dEta: 0.010000
Minimum Value of ecc and obl: 1.000000e-10


---- INITIAL SYSTEM PROPERTIES ----
(Age) System Age [sec]: 3.155760e+13 
(Time) Simulation Time [sec]: 0.000000 
(TotAngMom) Total Angular Momentum [kg*m^2/sec]: 1.421678e+41 
(TotEnergy) Total System Energy [kg*m^2/sec^2]: -2.429532e+40 
(PotEnergy) Body's non-orbital Potential Energy [kg*m^2/sec^2]: -2.430443e+40 
(KinEnergy) Body's non-orbital Kinetic Energy [kg*m^2/sec^2]: 9.279442e+36 
(DeltaTime) Average Timestep Over Last Output Interval [sec]: 0.000000 

----- BODY: star ----
Active Modules: 
Module Bit Sum: 1
Color: 000000
(Mass) Mass [kg]: 2.758029e+29 
(Radius) Radius [m]: 1.253337e+08 
(RadGyra) Radius of Gyration/Moment of Inertia Constant []: 0.450000 
(BodyType) Type of Body (0 == planet) []: 0.000000 
(Density) Average Density [kg/m^3]: 3.344310e+04 
(HZLimitDryRunaway) Semi-major axis of Dry Runaway HZ Limit [m]: -1.000000 
(HZLimRecVenus) Recent Venus HZ Limit []: -1.000000 
(HZLimRunaway) Runaway Greenhouse HZ Limit []: -1.000000 
(HZLimMoistGreenhouse) Moist Greenhouse HZ Limit []: -1.000000 
(HZLimMaxGreenhouse) Maximum Greenhouse HZ Limit []: -1.000000 
(HZLimEarlyMars) Early Mars HZ Limit []: -1.000000 
(Instellation) Orbit-averaged INcident STELLar radiATION [kg*m^2/sec^2/(m^2*sec)]: -1.000000 
Output Order:
Grid Output Order:

----- BODY: b ----
Active Modules: DistOrb
Module Bit Sum: 17
Color: 000000
(Mass) Mass [kg]: 1.034563e+25 
(Radius) Radius [m]: 6.901669e+06 
(RadGyra) Radius of Gyration/Moment of Inertia Constant []: 0.400000 
(RotKinEnergy) Body's Rotational Energy [kg*m^2/sec^2]: 2.084910e+29 
(RotVel) Rotational Velocity [m/sec]: 501.903544 
(BodyType) Type of Body (0 == planet) []: 0.000000 
(Density) Average Density [kg/m^3]: 7512.869680 
(HEcc) Poincare's h (=e*sin(varpi) []: -0.013569 
(HZLimitDryRunaway) Semi-major axis of Dry Runaway HZ Limit [m]: -1.000000 
(HZLimRecVenus) Recent Venus HZ Limit []: -1.000000 
(HZLimRunaway) Runaway Greenhouse HZ Limit []: -1.000000 
(HZLimMoistGreenhouse) Moist Greenhouse HZ Limit []: -1.000000 
(HZLimMaxGreenhouse) Maximum Greenhouse HZ Limit []: -1.000000 
(HZLimEarlyMars) Early Mars HZ Limit []: -1.000000 
(Instellation) Orbit-averaged INcident STELLar radiATION [kg*m^2/sec^2/(m^2*sec)]: -1.000000 
(KEcc) Poincare's k (=e*cos(varpi) []: 0.002914 
(Eccentricity) Orbital Eccentricity []: 0.013878 
(OrbEnergy) Body's Total Orbital Energy [kg*m^2/sec^2]: -6.510742e+34 
(MeanMotion) Orbital Mean Motion [/sec]: 7.671148e-05 
(OrbPeriod) Orbital Period [sec]: 8.190672e+04 
(SemiMajorAxis) Semi-major Axis [m]: 1.462513e+09 
(OrbAngMom) Orbital Angular Momentum [kg*m^2/sec]: 1.697299e+39 
(ArgP) Body's argument of pericenter [rad]: 3.320742 
(Inc) Body's Inclination [rad]: 0.022353 
(LongA) Body's Longitude of ascending node [rad]: 1.603157 
(MeanLongitude) Orbital Mean Longitude [rad]: -1.359285 
(LongP) Body's Longitude of pericenter [rad]: 4.923900 
(TotOrbEnergy) System's Total Orbital Energy [kg*m^2/sec^2]: -1.646935e+35 
(OrbPotEnergy) Body's Orbital Potential Energy [kg*m^2/sec^2]: -1.302148e+35 
----- DISTORB PARAMETERS (b)------
(Sinc) Body's sin(Inc/2) in DistOrb []: 0.011176 
(Pinc) Body's Poincare p in DistOrb []: 0.011170 
(Qinc) Body's Poincare q in DistOrb []: -0.000362 
(DIncDtDistOrb) Body's inclination derivative in DistOrb [rad/sec]: 1.467559e-13 
(DSincDtDistOrb) Body's sin(Inc/2) derivative in DistOrb [/sec]: 7.337336e-14 
(DLongADtDistOrb) Body's longitude of ascending node derivative in DistOrb [rad/sec]: -5.085369e-10 
(DLongPDtDistOrb) Body's longitude of pericenter derivative in DistOrb [rad/sec]: 5.235135e-10 
(DHeccDtDistOrb) Body's Poincare h derivative in DistOrb [/sec]: -6.306669e-13 
(DKeccDtDistOrb) Body's Poincare k in DistOrb [/sec]: 7.566461e-12 
(DPincDtDistOrb) Body's Poincare p in DistOrb [/sec]: 2.572252e-13 
(DQincDtDistOrb) Body's Poincare q in DistOrb [/sec]: 5.678086e-12 
Output Order: Time[year] TotEnergy[ergs] TotAngMom[kg*m^2/s] LongP[deg] SemiMajorAxis[au] Eccentricity[] Inc[deg] LongA[deg]
Grid Output Order:

----- BODY: c ----
Active Modules: DistOrb
Module Bit Sum: 17
Color: 000000
(Mass) Mass [kg]: 4.165461e+25 
(Radius) Radius [m]: 1.468881e+07 
(RadGyra) Radius of Gyration/Moment of Inertia Constant []: 0.400000 
(RotKinEnergy) Body's Rotational Energy [kg*m^2/sec^2]: 3.802408e+30 
(RotVel) Rotational Velocity [m/sec]: 1068.200560 
(BodyType) Type of Body (0 == planet) []: 0.000000 
(Density) Average Density [kg/m^3]: 3137.721914 
(HEcc) Poincare's h (=e*sin(varpi) []: -0.000526 
(HZLimitDryRunaway) Semi-major axis of Dry Runaway HZ Limit [m]: -1.000000 
(HZLimRecVenus) Recent Venus HZ Limit []: -1.000000 
(HZLimRunaway) Runaway Greenhouse HZ Limit []: -1.000000 
(HZLimMoistGreenhouse) Moist Greenhouse HZ Limit []: -1.000000 
(HZLimMaxGreenhouse) Maximum Greenhouse HZ Limit []: -1.000000 
(HZLimEarlyMars) Early Mars HZ Limit []: -1.000000 
(Instellation) Orbit-averaged INcident STELLar radiATION [kg*m^2/sec^2/(m^2*sec)]: -1.000000 
(KEcc) Poincare's k (=e*cos(varpi) []: 0.009953 
(Eccentricity) Orbital Eccentricity []: 0.009967 
(OrbEnergy) Body's Total Orbital Energy [kg*m^2/sec^2]: -8.662880e+34 
(MeanMotion) Orbital Mean Motion [/sec]: 1.457382e-05 
(OrbPeriod) Orbital Period [sec]: 4.311283e+05 
(SemiMajorAxis) Semi-major Axis [m]: 4.425619e+09 
(OrbAngMom) Orbital Angular Momentum [kg*m^2/sec]: 1.188769e+40 
(ArgP) Body's argument of pericenter [rad]: 2.312406 
(Inc) Body's Inclination [rad]: 0.001114 
(LongA) Body's Longitude of ascending node [rad]: 3.917977 
(MeanLongitude) Orbital Mean Longitude [rad]: -0.052802 
(LongP) Body's Longitude of pericenter [rad]: 6.230384 
(TotOrbEnergy) System's Total Orbital Energy [kg*m^2/sec^2]: -1.646935e+35 
(OrbPotEnergy) Body's Orbital Potential Energy [kg*m^2/sec^2]: -1.732576e+35 
----- DISTORB PARAMETERS (c)------
(Sinc) Body's sin(Inc/2) in DistOrb []: 0.000557 
(Pinc) Body's Poincare p in DistOrb []: -0.000390 
(Qinc) Body's Poincare q in DistOrb []: -0.000397 
(DIncDtDistOrb) Body's inclination derivative in DistOrb [rad/sec]: 2.012272e-12 
(DSincDtDistOrb) Body's sin(Inc/2) derivative in DistOrb [/sec]: 1.006136e-12 
(DLongADtDistOrb) Body's longitude of ascending node derivative in DistOrb [rad/sec]: -2.720665e-09 
(DLongPDtDistOrb) Body's longitude of pericenter derivative in DistOrb [rad/sec]: 1.583091e-10 
(DHeccDtDistOrb) Body's Poincare h derivative in DistOrb [/sec]: 1.588708e-12 
(DKeccDtDistOrb) Body's Poincare k in DistOrb [/sec]: -1.649362e-13 
(DPincDtDistOrb) Body's Poincare p in DistOrb [/sec]: 3.762034e-13 
(DQincDtDistOrb) Body's Poincare q in DistOrb [/sec]: -1.779719e-12 
Output Order: Time[year] LongP[deg] SemiMajorAxis[au] Eccentricity[] Inc[deg] LongA[deg]
Grid Output Order:

----- BODY: d ----
Active Modules: DistOrb
Module Bit Sum: 17
Color: 000000
(Mass) Mass [kg]: 4.191341e+24 
(Radius) Radius [m]: 6.570031e+06 
(RadGyra) Radius of Gyration/Moment of Inertia Constant []: 0.400000 
(RotKinEnergy) Body's Rotational Energy [kg*m^2/sec^2]: 7.654381e+28 
(RotVel) Rotational Velocity [m/sec]: 477.786144 
(BodyType) Type of Body (0 == planet) []: 0.000000 
(Density) Average Density [kg/m^3]: 3528.272399 
(HEcc) Poincare's h (=e*sin(varpi) []: -5.867292e-05 
(HZLimitDryRunaway) Semi-major axis of Dry Runaway HZ Limit [m]: -1.000000 
(HZLimRecVenus) Recent Venus HZ Limit []: -1.000000 
(HZLimRunaway) Runaway Greenhouse HZ Limit []: -1.000000 
(HZLimMoistGreenhouse) Moist Greenhouse HZ Limit []: -1.000000 
(HZLimMaxGreenhouse) Maximum Greenhouse HZ Limit []: -1.000000 
(HZLimEarlyMars) Early Mars HZ Limit []: -1.000000 
(Instellation) Orbit-averaged INcident STELLar radiATION [kg*m^2/sec^2/(m^2*sec)]: -1.000000 
(KEcc) Poincare's k (=e*cos(varpi) []: 0.006722 
(Eccentricity) Orbital Eccentricity []: 0.006722 
(OrbEnergy) Body's Total Orbital Energy [kg*m^2/sec^2]: -1.295727e+34 
(MeanMotion) Orbital Mean Motion [/sec]: 2.641105e-05 
(OrbPeriod) Orbital Period [sec]: 2.378999e+05 
(SemiMajorAxis) Semi-major Axis [m]: 2.977233e+09 
(OrbAngMom) Orbital Angular Momentum [kg*m^2/sec]: 9.811782e+38 
(ArgP) Body's argument of pericenter [rad]: 4.965982 
(Inc) Body's Inclination [rad]: 0.009184 
(LongA) Body's Longitude of ascending node [rad]: 1.308475 
(MeanLongitude) Orbital Mean Longitude [rad]: -0.008729 
(LongP) Body's Longitude of pericenter [rad]: 6.274457 
(TotOrbEnergy) System's Total Orbital Energy [kg*m^2/sec^2]: -1.646935e+35 
(OrbPotEnergy) Body's Orbital Potential Energy [kg*m^2/sec^2]: -2.591453e+34 
----- DISTORB PARAMETERS (d)------
(Sinc) Body's sin(Inc/2) in DistOrb []: 0.004592 
(Pinc) Body's Poincare p in DistOrb []: 0.004435 
(Qinc) Body's Poincare q in DistOrb []: 0.001191 
(DIncDtDistOrb) Body's inclination derivative in DistOrb [rad/sec]: -3.573127e-12 
(DSincDtDistOrb) Body's sin(Inc/2) derivative in DistOrb [/sec]: -1.786545e-12 
(DLongADtDistOrb) Body's longitude of ascending node derivative in DistOrb [rad/sec]: -2.752398e-09 
(DLongPDtDistOrb) Body's longitude of pericenter derivative in DistOrb [rad/sec]: -2.435345e-10 
(DHeccDtDistOrb) Body's Poincare h derivative in DistOrb [/sec]: -1.607170e-12 
(DKeccDtDistOrb) Body's Poincare k in DistOrb [/sec]: -3.426640e-12 
(DPincDtDistOrb) Body's Poincare p in DistOrb [/sec]: -5.003116e-12 
(DQincDtDistOrb) Body's Poincare q in DistOrb [/sec]: 1.174370e-11 
Output Order: Time[year] LongP[deg] SemiMajorAxis[au] Eccentricity[] Inc[deg] LongA[deg]
Grid Output Order:



---- FINAL SYSTEM PROPERTIES ----
(Age) System Age [sec]: 3.471336e+13 
(Time) Simulation Time [sec]: 3.155760e+12 
(TotAngMom) Total Angular Momentum [kg*m^2/sec]: 1.421678e+41 
(TotEnergy) Total System Energy [kg*m^2/sec^2]: -2.429532e+40 
(PotEnergy) Body's non-orbital Potential Energy [kg*m^2/sec^2]: -2.430443e+40 
(KinEnergy) Body's non-orbital Kinetic Energy [kg*m^2/sec^2]: 9.279442e+36 
(DeltaTime) Average Timestep Over Last Output Interval [sec]: 1.806740e+04 

----- BODY: star ----
Active Modules: 
Module Bit Sum: 1
Color: 000000
(Mass) Mass [kg]: 2.758029e+29 
(Radius) Radius [m]: 1.253337e+08 
(RadGyra) Radius of Gyration/Moment of Inertia Constant []: 0.450000 
(BodyType) Type of Body (0 == planet) []: 0.000000 
(Density) Average Density [kg/m^3]: 3.344310e+04 
(HZLimitDryRunaway) Semi-major axis of Dry Runaway HZ Limit [m]: -1.000000 
(HZLimRecVenus) Recent Venus HZ Limit []: -1.000000 
(HZLimRunaway) Runaway Greenhouse HZ Limit []: -1.000000 
(HZLimMoistGreenhouse) Moist Greenhouse HZ Limit []: -1.000000 
(HZLimMaxGreenhouse) Maximum Greenhouse HZ Limit []: -1.000000 
(HZLimEarlyMars) Early Mars HZ Limit []: -1.000000 
(Instellation) Orbit-averaged INcident STELLar radiATION [kg*m^2/sec^2/(m^2*sec)]: -1.000000 
Output Order:
Grid Output Order:

----- BODY: b ----
Active Modules: DistOrb
Module Bit Sum: 17
Color: 000000
(Mass) Mass [kg]: 1.034563e+25 
(Radius) Radius [m]: 6.901669e+06 
(RadGyra) Radius of Gyration/Moment of Inertia Constant []: 0.400000 
(RotKinEnergy) Body's Rotational Energy [kg*m^2/sec^2]: 2.084910e+29 
(RotVel) Rotational Velocity [m/sec]: 501.903544 
(BodyType) Type of Body (0 == planet) []: 0.000000 
(Density) Average Density [kg/m^3]: 7512.869680 
(HEcc) Poincare's h (=e*sin(varpi) []: -0.009397 
(HZLimitDryRunaway) Semi-major axis of Dry Runaway HZ Limit [m]: -1.000000 
(HZLimRecVenus) Recent Venus HZ Limit []: -1.000000 
(HZLimRunaway) Runaway Greenhouse HZ Limit []: -1.000000 
(HZLimMoistGreenhouse) Moist Greenhouse HZ Limit []: -1.000000 
(HZLimMaxGreenhouse) Maximum Greenhouse HZ Limit []: -1.000000 
(HZLimEarlyMars) Early Mars HZ Limit []: -1.000000 
(Instellation) Orbit-averaged INcident STELLar radiATION [kg*m^2/sec^2/(m^2*sec)]: -1.000000 
(KEcc) Poincare's k (=e*cos(varpi) []: 0.015844 
(Eccentricity) Orbital Eccentricity []: 0.018420 
(OrbEnergy) Body's Total Orbital Energy [kg*m^2/sec^2]: -6.510742e+34 
(MeanMotion) Orbital Mean Motion [/sec]: 7.671148e-05 
(OrbPeriod) Orbital Period [sec]: 8.190672e+04 
(SemiMajorAxis) Semi-major Axis [m]: 1.462513e+09 
(OrbAngMom) Orbital Angular Momentum [kg*m^2/sec]: 1.697174e+39 
(ArgP) Body's argument of pericenter [rad]: 4.354093 
(Inc) Body's Inclination [rad]: 0.022190 
(LongA) Body's Longitude of ascending node [rad]: 1.393776 
(MeanLongitude) Orbital Mean Longitude [rad]: -0.535316 
(LongP) Body's Longitude of pericenter [rad]: 5.747869 
(TotOrbEnergy) System's Total Orbital Energy [kg*m^2/sec^2]: -1.646935e+35 
(OrbPotEnergy) Body's Orbital Potential Energy [kg*m^2/sec^2]: -1.302148e+35 
----- DISTORB PARAMETERS (b)------
(Sinc) Body's sin(Inc/2) in DistOrb []: 0.011095 
(Pinc) Body's Poincare p in DistOrb []: 0.010922 
(Qinc) Body's Poincare q in DistOrb []: 0.001954 
(DIncDtDistOrb) Body's inclination derivative in DistOrb [rad/sec]: -7.179646e-14 
(DSincDtDistOrb) Body's sin(Inc/2) derivative in DistOrb [/sec]: -3.589602e-14 
(DLongADtDistOrb) Body's longitude of ascending node derivative in DistOrb [rad/sec]: -5.157390e-10 
(DLongPDtDistOrb) Body's longitude of pericenter derivative in DistOrb [rad/sec]: 4.406058e-10 
(DHeccDtDistOrb) Body's Poincare h derivative in DistOrb [/sec]: 6.927346e-12 
(DKeccDtDistOrb) Body's Poincare k in DistOrb [/sec]: 4.230237e-12 
(DPincDtDistOrb) Body's Poincare p in DistOrb [/sec]: -1.042981e-12 
(DQincDtDistOrb) Body's Poincare q in DistOrb [/sec]: 5.626364e-12 
Output Order: Time[year] TotEnergy[ergs] TotAngMom[kg*m^2/s] LongP[deg] SemiMajorAxis[au] Eccentricity[] Inc[deg] LongA[deg]
Grid Output Order:

----- BODY: c ----
Active Modules: DistOrb
Module Bit Sum: 17
Color: 000000
(Mass) Mass [kg]: 4.165461e+25 
(Radius) Radius [m]: 1.468881e+07 
(RadGyra) Radius of Gyration/Moment of Inertia Constant []: 0.400000 
(RotKinEnergy) Body's Rotational Energy [kg*m^2/sec^2]: 3.802408e+30 
(RotVel) Rotational Velocity [m/sec]: 1068.200560 
(BodyType) Type of Body (0 == planet) []: 0.000000 
(Density) Average Density [kg/m^3]: 3137.721914 
(HEcc) Poincare's h (=e*sin(varpi) []: -0.004476 
(HZLimitDryRunaway) Semi-major axis of Dry Runaway HZ Limit [m]: -1.000000 
(HZLimRecVenus) Recent Venus HZ Limit []: -1.000000 
(HZLimRunaway) Runaway Greenhouse HZ Limit []: -1.000000 
(HZLimMoistGreenhouse) Moist Greenhouse HZ Limit []: -1.000000 
(HZLimMaxGreenhouse) Maximum Greenhouse HZ Limit []: -1.000000 
(HZLimEarlyMars) Early Mars HZ Limit []: -1.000000 
(Instellation) Orbit-averaged INcident STELLar radiATION [kg*m^2/sec^2/(m^2*sec)]: -1.000000 
(KEcc) Poincare's k (=e*cos(varpi) []: 0.007501 
(Eccentricity) Orbital Eccentricity []: 0.008735 
(OrbEnergy) Body's Total Orbital Energy [kg*m^2/sec^2]: -8.662880e+34 
(MeanMotion) Orbital Mean Motion [/sec]: 1.457382e-05 
(OrbPeriod) Orbital Period [sec]: 4.311283e+05 
(SemiMajorAxis) Semi-major Axis [m]: 4.425619e+09 
(OrbAngMom) Orbital Angular Momentum [kg*m^2/sec]: 1.188782e+40 
(ArgP) Body's argument of pericenter [rad]: 2.249506 
(Inc) Body's Inclination [rad]: 0.001724 
(LongA) Body's Longitude of ascending node [rad]: 3.495705 
(MeanLongitude) Orbital Mean Longitude [rad]: -0.537975 
(LongP) Body's Longitude of pericenter [rad]: 5.745211 
(TotOrbEnergy) System's Total Orbital Energy [kg*m^2/sec^2]: -1.646935e+35 
(OrbPotEnergy) Body's Orbital Potential Energy [kg*m^2/sec^2]: -1.732576e+35 
----- DISTORB PARAMETERS (c)------
(Sinc) Body's sin(Inc/2) in DistOrb []: 0.000862 
(Pinc) Body's Poincare p in DistOrb []: -0.000299 
(Qinc) Body's Poincare q in DistOrb []: -0.000809 
(DIncDtDistOrb) Body's inclination derivative in DistOrb [rad/sec]: 2.372153e-12 
(DSincDtDistOrb) Body's sin(Inc/2) derivative in DistOrb [/sec]: 1.186076e-12 
(DLongADtDistOrb) Body's longitude of ascending node derivative in DistOrb [rad/sec]: -1.566659e-09 
(DLongPDtDistOrb) Body's longitude of pericenter derivative in DistOrb [rad/sec]: 6.634059e-11 
(DHeccDtDistOrb) Body's Poincare h derivative in DistOrb [/sec]: 4.031945e-13 
(DKeccDtDistOrb) Body's Poincare k in DistOrb [/sec]: 4.551511e-13 
(DPincDtDistOrb) Body's Poincare p in DistOrb [/sec]: 8.556205e-13 
(DQincDtDistOrb) Body's Poincare q in DistOrb [/sec]: -1.580853e-12 
Output Order: Time[year] LongP[deg] SemiMajorAxis[au] Eccentricity[] Inc[deg] LongA[deg]
Grid Output Order:

----- BODY: d ----
Active Modules: DistOrb
Module Bit Sum: 17
Color: 000000
(Mass) Mass [kg]: 4.191341e+24 
(Radius) Radius [m]: 6.570031e+06 
(RadGyra) Radius of Gyration/Moment of Inertia Constant []: 0.400000 
(RotKinEnergy) Body's Rotational Energy [kg*m^2/sec^2]: 7.654381e+28 
(RotVel) Rotational Velocity [m/sec]: 477.786144 
(BodyType) Type of Body (0 == planet) []: 0.000000 
(Density) Average Density [kg/m^3]: 3528.272399 
(HEcc) Poincare's h (=e*sin(varpi) []: -0.003437 
(HZLimitDryRunaway) Semi-major axis of Dry Runaway HZ Limit [m]: -1.000000 
(HZLimRecVenus) Recent Venus HZ Limit []: -1.000000 
(HZLimRunaway) Runaway Greenhouse HZ Limit []: -1.000000 
(HZLimMoistGreenhouse) Moist Greenhouse HZ Limit []: -1.000000 
(HZLimMaxGreenhouse) Maximum Greenhouse HZ Limit []: -1.000000 
(HZLimEarlyMars) Early Mars HZ Limit []: -1.000000 
(Instellation) Orbit-averaged INcident STELLar radiATION [kg*m^2/sec^2/(m^2*sec)]: -1.000000 
(KEcc) Poincare's k (=e*cos(varpi) []: 0.007695 
(Eccentricity) Orbital Eccentricity []: 0.008428 
(OrbEnergy) Body's Total Orbital Energy [kg*m^2/sec^2]: -1.295727e+34 
(MeanMotion) Orbital Mean Motion [/sec]: 2.641105e-05 
(OrbPeriod) Orbital Period [sec]: 2.378999e+05 
(SemiMajorAxis) Semi-major Axis [m]: 2.977233e+09 
(OrbAngMom) Orbital Angular Momentum [kg*m^2/sec]: 9.811655e+38 
(ArgP) Body's argument of pericenter [rad]: 4.815659 
(Inc) Body's Inclination [rad]: 0.008681 
(LongA) Body's Longitude of ascending node [rad]: 1.047436 
(MeanLongitude) Orbital Mean Longitude [rad]: -0.420091 
(LongP) Body's Longitude of pericenter [rad]: 5.863095 
(TotOrbEnergy) System's Total Orbital Energy [kg*m^2/sec^2]: -1.646935e+35 
(OrbPotEnergy) Body's Orbital Potential Energy [kg*m^2/sec^2]: -2.591453e+34 
----- DISTORB PARAMETERS (d)------
(Sinc) Body's sin(Inc/2) in DistOrb []: 0.004341 
(Pinc) Body's Poincare p in DistOrb []: 0.003760 
(Qinc) Body's Poincare q in DistOrb []: 0.002169 
(DIncDtDistOrb) Body's inclination derivative in DistOrb [rad/sec]: -5.415357e-12 
(DSincDtDistOrb) Body's sin(Inc/2) derivative in DistOrb [/sec]: -2.707653e-12 
(DLongADtDistOrb) Body's longitude of ascending node derivative in DistOrb [rad/sec]: -2.866649e-09 
(DLongPDtDistOrb) Body's longitude of pericenter derivative in DistOrb [rad/sec]: 4.603339e-10 
(DHeccDtDistOrb) Body's Poincare h derivative in DistOrb [/sec]: 4.637954e-12 
(DKeccDtDistOrb) Body's Poincare k in DistOrb [/sec]: -8.700943e-13 
(DPincDtDistOrb) Body's Poincare p in DistOrb [/sec]: -8.564283e-12 
(DQincDtDistOrb) Body's Poincare q in DistOrb [/sec]: 9.424402e-12 
Output Order: Time[year] LongP[deg] SemiMajorAxis[au] Eccentricity[] Inc[deg] LongA[deg]
Grid Output Order:
