-------- Log file LP791-18.log -------

Executable: /Users/noahvowell/opt/anaconda3/envs/exo/bin/vplanet
Version: Unknown
System Name: LP791-18
Primary Input File: vpl.in
Body File #1: star.in
Body File #2: b.in
Body File #3: c.in
Body File #4: d.in
Allow files to be overwitten: Yes
Mass Units: Grams
Length Units: Meters
Time Units: Seconds
Angle Units: Radians

------- FORMATTING -----
Verbosity Level: 5
Crossover Decade for Scientific Notation: 4
Number of Digits After Decimal: 6
Integration Method: Runge-Kutta4
Direction: Forward
Time Step: 3.155760e+07
Stop Time: 3.155760e+12
Output Interval: 3.155760e+09
Use Variable Timestep: Yes
dEta: 0.010000
Minimum Value of ecc and obl: 1.000000e-10


---- INITIAL SYSTEM PROPERTIES ----
(Age) System Age [sec]: 3.155760e+13 
(Time) Simulation Time [sec]: 0.000000 
(TotAngMom) Total Angular Momentum [kg*m^2/sec]: 1.710782e+41 
(TotEnergy) Total System Energy [kg*m^2/sec^2]: -2.535278e+40 
(PotEnergy) Body's non-orbital Potential Energy [kg*m^2/sec^2]: -2.536382e+40 
(KinEnergy) Body's non-orbital Kinetic Energy [kg*m^2/sec^2]: 1.123465e+37 
(DeltaTime) Average Timestep Over Last Output Interval [sec]: 0.000000 

----- BODY: star ----
Active Modules: 
Module Bit Sum: 1
Color: 000000
(Mass) Mass [kg]: 2.914862e+29 
(Radius) Radius [m]: 1.341458e+08 
(RadGyra) Radius of Gyration/Moment of Inertia Constant []: 0.450000 
(BodyType) Type of Body (0 == planet) []: 0.000000 
(Density) Average Density [kg/m^3]: 2.882692e+04 
(HZLimitDryRunaway) Semi-major axis of Dry Runaway HZ Limit [m]: -1.000000 
(HZLimRecVenus) Recent Venus HZ Limit []: -1.000000 
(HZLimRunaway) Runaway Greenhouse HZ Limit []: -1.000000 
(HZLimMoistGreenhouse) Moist Greenhouse HZ Limit []: -1.000000 
(HZLimMaxGreenhouse) Maximum Greenhouse HZ Limit []: -1.000000 
(HZLimEarlyMars) Early Mars HZ Limit []: -1.000000 
(Instellation) Orbit-averaged INcident STELLar radiATION [kg*m^2/sec^2/(m^2*sec)]: -1.000000 
Output Order:
Grid Output Order:

----- BODY: b ----
Active Modules: DistOrb
Module Bit Sum: 17
Color: 000000
(Mass) Mass [kg]: 9.161717e+24 
(Radius) Radius [m]: 7.956643e+06 
(RadGyra) Radius of Gyration/Moment of Inertia Constant []: 0.400000 
(RotKinEnergy) Body's Rotational Energy [kg*m^2/sec^2]: 2.453912e+29 
(RotVel) Rotational Velocity [m/sec]: 578.623440 
(BodyType) Type of Body (0 == planet) []: 0.000000 
(Density) Average Density [kg/m^3]: 4342.087688 
(HEcc) Poincare's h (=e*sin(varpi) []: -0.006776 
(HZLimitDryRunaway) Semi-major axis of Dry Runaway HZ Limit [m]: -1.000000 
(HZLimRecVenus) Recent Venus HZ Limit []: -1.000000 
(HZLimRunaway) Runaway Greenhouse HZ Limit []: -1.000000 
(HZLimMoistGreenhouse) Moist Greenhouse HZ Limit []: -1.000000 
(HZLimMaxGreenhouse) Maximum Greenhouse HZ Limit []: -1.000000 
(HZLimEarlyMars) Early Mars HZ Limit []: -1.000000 
(Instellation) Orbit-averaged INcident STELLar radiATION [kg*m^2/sec^2/(m^2*sec)]: -1.000000 
(KEcc) Poincare's k (=e*cos(varpi) []: -0.004561 
(Eccentricity) Orbital Eccentricity []: 0.008168 
(OrbEnergy) Body's Total Orbital Energy [kg*m^2/sec^2]: -5.982228e+34 
(MeanMotion) Orbital Mean Motion [/sec]: 7.671114e-05 
(OrbPeriod) Orbital Period [sec]: 8.190708e+04 
(SemiMajorAxis) Semi-major Axis [m]: 1.489726e+09 
(OrbAngMom) Orbital Angular Momentum [kg*m^2/sec]: 1.559624e+39 
(ArgP) Body's argument of pericenter [rad]: 0.227344 
(Inc) Body's Inclination [rad]: 0.031898 
(LongA) Body's Longitude of ascending node [rad]: 3.892617 
(MeanLongitude) Orbital Mean Longitude [rad]: -2.163225 
(LongP) Body's Longitude of pericenter [rad]: 4.119960 
(TotOrbEnergy) System's Total Orbital Energy [kg*m^2/sec^2]: -1.820859e+35 
(OrbPotEnergy) Body's Orbital Potential Energy [kg*m^2/sec^2]: -1.196446e+35 
----- DISTORB PARAMETERS (b)------
(Sinc) Body's sin(Inc/2) in DistOrb []: 0.015948 
(Pinc) Body's Poincare p in DistOrb []: -0.010883 
(Qinc) Body's Poincare q in DistOrb []: -0.011658 
(DIncDtDistOrb) Body's inclination derivative in DistOrb [rad/sec]: -1.983256e-13 
(DSincDtDistOrb) Body's sin(Inc/2) derivative in DistOrb [/sec]: -9.915016e-14 
(DLongADtDistOrb) Body's longitude of ascending node derivative in DistOrb [rad/sec]: -5.910942e-10 
(DLongPDtDistOrb) Body's longitude of pericenter derivative in DistOrb [rad/sec]: 1.337726e-10 
(DHeccDtDistOrb) Body's Poincare h derivative in DistOrb [/sec]: -1.245619e-12 
(DKeccDtDistOrb) Body's Poincare k in DistOrb [/sec]: 4.786404e-13 
(DPincDtDistOrb) Body's Poincare p in DistOrb [/sec]: 6.958738e-12 
(DQincDtDistOrb) Body's Poincare q in DistOrb [/sec]: -6.360420e-12 
Output Order: Time[year] TotEnergy[ergs] TotAngMom[kg*m^2/s] LongP[deg] SemiMajorAxis[au] Eccentricity[] Inc[deg] LongA[deg]
Grid Output Order:

----- BODY: c ----
Active Modules: DistOrb
Module Bit Sum: 17
Color: 000000
(Mass) Mass [kg]: 4.350247e+25 
(Radius) Radius [m]: 1.631593e+07 
(RadGyra) Radius of Gyration/Moment of Inertia Constant []: 0.400000 
(RotKinEnergy) Body's Rotational Energy [kg*m^2/sec^2]: 4.899589e+30 
(RotVel) Rotational Velocity [m/sec]: 1186.527769 
(BodyType) Type of Body (0 == planet) []: 0.000000 
(Density) Average Density [kg/m^3]: 2391.056958 
(HEcc) Poincare's h (=e*sin(varpi) []: -0.002990 
(HZLimitDryRunaway) Semi-major axis of Dry Runaway HZ Limit [m]: -1.000000 
(HZLimRecVenus) Recent Venus HZ Limit []: -1.000000 
(HZLimRunaway) Runaway Greenhouse HZ Limit []: -1.000000 
(HZLimMoistGreenhouse) Moist Greenhouse HZ Limit []: -1.000000 
(HZLimMaxGreenhouse) Maximum Greenhouse HZ Limit []: -1.000000 
(HZLimEarlyMars) Early Mars HZ Limit []: -1.000000 
(Instellation) Orbit-averaged INcident STELLar radiATION [kg*m^2/sec^2/(m^2*sec)]: -1.000000 
(KEcc) Poincare's k (=e*cos(varpi) []: -0.010575 
(Eccentricity) Orbital Eccentricity []: 0.010990 
(OrbEnergy) Body's Total Orbital Energy [kg*m^2/sec^2]: -9.386984e+34 
(MeanMotion) Orbital Mean Motion [/sec]: 1.457381e-05 
(OrbPeriod) Orbital Period [sec]: 4.311285e+05 
(SemiMajorAxis) Semi-major Axis [m]: 4.507963e+09 
(OrbAngMom) Orbital Angular Momentum [kg*m^2/sec]: 1.288121e+40 
(ArgP) Body's argument of pericenter [rad]: 4.728020 
(Inc) Body's Inclination [rad]: 0.000795 
(LongA) Body's Longitude of ascending node [rad]: 4.972271 
(MeanLongitude) Orbital Mean Longitude [rad]: -2.866079 
(LongP) Body's Longitude of pericenter [rad]: 3.417106 
(TotOrbEnergy) System's Total Orbital Energy [kg*m^2/sec^2]: -1.820859e+35 
(OrbPotEnergy) Body's Orbital Potential Energy [kg*m^2/sec^2]: -1.877397e+35 
----- DISTORB PARAMETERS (c)------
(Sinc) Body's sin(Inc/2) in DistOrb []: 0.000397 
(Pinc) Body's Poincare p in DistOrb []: -0.000384 
(Qinc) Body's Poincare q in DistOrb []: 0.000102 
(DIncDtDistOrb) Body's inclination derivative in DistOrb [rad/sec]: 6.626842e-12 
(DSincDtDistOrb) Body's sin(Inc/2) derivative in DistOrb [/sec]: 3.313421e-12 
(DLongADtDistOrb) Body's longitude of ascending node derivative in DistOrb [rad/sec]: 3.782574e-09 
(DLongPDtDistOrb) Body's longitude of pericenter derivative in DistOrb [rad/sec]: 2.585942e-10 
(DHeccDtDistOrb) Body's Poincare h derivative in DistOrb [/sec]: -4.581993e-12 
(DKeccDtDistOrb) Body's Poincare k in DistOrb [/sec]: -5.761255e-12 
(DPincDtDistOrb) Body's Poincare p in DistOrb [/sec]: -2.815971e-12 
(DQincDtDistOrb) Body's Poincare q in DistOrb [/sec]: 2.303837e-12 
Output Order: Time[year] LongP[deg] SemiMajorAxis[au] Eccentricity[] Inc[deg] LongA[deg]
Grid Output Order:

----- BODY: d ----
Active Modules: DistOrb
Module Bit Sum: 17
Color: 000000
(Mass) Mass [kg]: 8.852155e+24 
(Radius) Radius [m]: 6.759704e+06 
(RadGyra) Radius of Gyration/Moment of Inertia Constant []: 0.400000 
(RotKinEnergy) Body's Rotational Energy [kg*m^2/sec^2]: 1.711302e+29 
(RotVel) Rotational Velocity [m/sec]: 491.579545 
(BodyType) Type of Body (0 == planet) []: 0.000000 
(Density) Average Density [kg/m^3]: 6841.910425 
(HEcc) Poincare's h (=e*sin(varpi) []: -0.019432 
(HZLimitDryRunaway) Semi-major axis of Dry Runaway HZ Limit [m]: -1.000000 
(HZLimRecVenus) Recent Venus HZ Limit []: -1.000000 
(HZLimRunaway) Runaway Greenhouse HZ Limit []: -1.000000 
(HZLimMoistGreenhouse) Moist Greenhouse HZ Limit []: -1.000000 
(HZLimMaxGreenhouse) Maximum Greenhouse HZ Limit []: -1.000000 
(HZLimEarlyMars) Early Mars HZ Limit []: -1.000000 
(Instellation) Orbit-averaged INcident STELLar radiATION [kg*m^2/sec^2/(m^2*sec)]: -1.000000 
(KEcc) Poincare's k (=e*cos(varpi) []: -0.002167 
(Eccentricity) Orbital Eccentricity []: 0.019552 
(OrbEnergy) Body's Total Orbital Energy [kg*m^2/sec^2]: -2.839383e+34 
(MeanMotion) Orbital Mean Motion [/sec]: 2.641140e-05 
(OrbPeriod) Orbital Period [sec]: 2.378967e+05 
(SemiMajorAxis) Semi-major Axis [m]: 3.032617e+09 
(OrbAngMom) Orbital Angular Momentum [kg*m^2/sec]: 2.149708e+39 
(ArgP) Body's argument of pericenter [rad]: 0.725144 
(Inc) Body's Inclination [rad]: 0.012619 
(LongA) Body's Longitude of ascending node [rad]: 3.876187 
(MeanLongitude) Orbital Mean Longitude [rad]: -1.681854 
(LongP) Body's Longitude of pericenter [rad]: 4.601332 
(TotOrbEnergy) System's Total Orbital Energy [kg*m^2/sec^2]: -1.820859e+35 
(OrbPotEnergy) Body's Orbital Potential Energy [kg*m^2/sec^2]: -5.678766e+34 
----- DISTORB PARAMETERS (d)------
(Sinc) Body's sin(Inc/2) in DistOrb []: 0.006309 
(Pinc) Body's Poincare p in DistOrb []: -0.004229 
(Qinc) Body's Poincare q in DistOrb []: -0.004682 
(DIncDtDistOrb) Body's inclination derivative in DistOrb [rad/sec]: -2.217783e-12 
(DSincDtDistOrb) Body's sin(Inc/2) derivative in DistOrb [/sec]: -1.108869e-12 
(DLongADtDistOrb) Body's longitude of ascending node derivative in DistOrb [rad/sec]: -2.367709e-09 
(DLongPDtDistOrb) Body's longitude of pericenter derivative in DistOrb [rad/sec]: 2.546369e-09 
(DHeccDtDistOrb) Body's Poincare h derivative in DistOrb [/sec]: 1.738921e-11 
(DKeccDtDistOrb) Body's Poincare k in DistOrb [/sec]: 5.203428e-11 
(DPincDtDistOrb) Body's Poincare p in DistOrb [/sec]: 1.182951e-11 
(DQincDtDistOrb) Body's Poincare q in DistOrb [/sec]: -9.190497e-12 
Output Order: Time[year] LongP[deg] SemiMajorAxis[au] Eccentricity[] Inc[deg] LongA[deg]
Grid Output Order:



---- FINAL SYSTEM PROPERTIES ----
(Age) System Age [sec]: 3.471336e+13 
(Time) Simulation Time [sec]: 3.155760e+12 
(TotAngMom) Total Angular Momentum [kg*m^2/sec]: 1.710782e+41 
(TotEnergy) Total System Energy [kg*m^2/sec^2]: -2.535278e+40 
(PotEnergy) Body's non-orbital Potential Energy [kg*m^2/sec^2]: -2.536382e+40 
(KinEnergy) Body's non-orbital Kinetic Energy [kg*m^2/sec^2]: 1.123465e+37 
(DeltaTime) Average Timestep Over Last Output Interval [sec]: 3231.695141 

----- BODY: star ----
Active Modules: 
Module Bit Sum: 1
Color: 000000
(Mass) Mass [kg]: 2.914862e+29 
(Radius) Radius [m]: 1.341458e+08 
(RadGyra) Radius of Gyration/Moment of Inertia Constant []: 0.450000 
(BodyType) Type of Body (0 == planet) []: 0.000000 
(Density) Average Density [kg/m^3]: 2.882692e+04 
(HZLimitDryRunaway) Semi-major axis of Dry Runaway HZ Limit [m]: -1.000000 
(HZLimRecVenus) Recent Venus HZ Limit []: -1.000000 
(HZLimRunaway) Runaway Greenhouse HZ Limit []: -1.000000 
(HZLimMoistGreenhouse) Moist Greenhouse HZ Limit []: -1.000000 
(HZLimMaxGreenhouse) Maximum Greenhouse HZ Limit []: -1.000000 
(HZLimEarlyMars) Early Mars HZ Limit []: -1.000000 
(Instellation) Orbit-averaged INcident STELLar radiATION [kg*m^2/sec^2/(m^2*sec)]: -1.000000 
Output Order:
Grid Output Order:

----- BODY: b ----
Active Modules: DistOrb
Module Bit Sum: 17
Color: 000000
(Mass) Mass [kg]: 9.161717e+24 
(Radius) Radius [m]: 7.956643e+06 
(RadGyra) Radius of Gyration/Moment of Inertia Constant []: 0.400000 
(RotKinEnergy) Body's Rotational Energy [kg*m^2/sec^2]: 2.453912e+29 
(RotVel) Rotational Velocity [m/sec]: 578.623440 
(BodyType) Type of Body (0 == planet) []: 0.000000 
(Density) Average Density [kg/m^3]: 4342.087688 
(HEcc) Poincare's h (=e*sin(varpi) []: 0.002537 
(HZLimitDryRunaway) Semi-major axis of Dry Runaway HZ Limit [m]: -1.000000 
(HZLimRecVenus) Recent Venus HZ Limit []: -1.000000 
(HZLimRunaway) Runaway Greenhouse HZ Limit []: -1.000000 
(HZLimMoistGreenhouse) Moist Greenhouse HZ Limit []: -1.000000 
(HZLimMaxGreenhouse) Maximum Greenhouse HZ Limit []: -1.000000 
(HZLimEarlyMars) Early Mars HZ Limit []: -1.000000 
(Instellation) Orbit-averaged INcident STELLar radiATION [kg*m^2/sec^2/(m^2*sec)]: -1.000000 
(KEcc) Poincare's k (=e*cos(varpi) []: 0.001894 
(Eccentricity) Orbital Eccentricity []: 0.003166 
(OrbEnergy) Body's Total Orbital Energy [kg*m^2/sec^2]: -5.982228e+34 
(MeanMotion) Orbital Mean Motion [/sec]: 7.671114e-05 
(OrbPeriod) Orbital Period [sec]: 8.190708e+04 
(SemiMajorAxis) Semi-major Axis [m]: 1.489726e+09 
(OrbAngMom) Orbital Angular Momentum [kg*m^2/sec]: 1.559669e+39 
(ArgP) Body's argument of pericenter [rad]: 5.244531 
(Inc) Body's Inclination [rad]: 0.025038 
(LongA) Body's Longitude of ascending node [rad]: 1.968152 
(MeanLongitude) Orbital Mean Longitude [rad]: 0.929498 
(LongP) Body's Longitude of pericenter [rad]: 0.929498 
(TotOrbEnergy) System's Total Orbital Energy [kg*m^2/sec^2]: -1.820859e+35 
(OrbPotEnergy) Body's Orbital Potential Energy [kg*m^2/sec^2]: -1.196446e+35 
----- DISTORB PARAMETERS (b)------
(Sinc) Body's sin(Inc/2) in DistOrb []: 0.012518 
(Pinc) Body's Poincare p in DistOrb []: 0.011543 
(Qinc) Body's Poincare q in DistOrb []: -0.004844 
(DIncDtDistOrb) Body's inclination derivative in DistOrb [rad/sec]: -1.073729e-12 
(DSincDtDistOrb) Body's sin(Inc/2) derivative in DistOrb [/sec]: -5.368226e-13 
(DLongADtDistOrb) Body's longitude of ascending node derivative in DistOrb [rad/sec]: -8.451929e-10 
(DLongPDtDistOrb) Body's longitude of pericenter derivative in DistOrb [rad/sec]: 4.045006e-10 
(DHeccDtDistOrb) Body's Poincare h derivative in DistOrb [/sec]: 3.878396e-14 
(DKeccDtDistOrb) Body's Poincare k in DistOrb [/sec]: -1.569299e-12 
(DPincDtDistOrb) Body's Poincare p in DistOrb [/sec]: 3.599453e-12 
(DQincDtDistOrb) Body's Poincare q in DistOrb [/sec]: 9.963872e-12 
Output Order: Time[year] TotEnergy[ergs] TotAngMom[kg*m^2/s] LongP[deg] SemiMajorAxis[au] Eccentricity[] Inc[deg] LongA[deg]
Grid Output Order:

----- BODY: c ----
Active Modules: DistOrb
Module Bit Sum: 17
Color: 000000
(Mass) Mass [kg]: 4.350247e+25 
(Radius) Radius [m]: 1.631593e+07 
(RadGyra) Radius of Gyration/Moment of Inertia Constant []: 0.400000 
(RotKinEnergy) Body's Rotational Energy [kg*m^2/sec^2]: 4.899589e+30 
(RotVel) Rotational Velocity [m/sec]: 1186.527769 
(BodyType) Type of Body (0 == planet) []: 0.000000 
(Density) Average Density [kg/m^3]: 2391.056958 
(HEcc) Poincare's h (=e*sin(varpi) []: 0.012498 
(HZLimitDryRunaway) Semi-major axis of Dry Runaway HZ Limit [m]: -1.000000 
(HZLimRecVenus) Recent Venus HZ Limit []: -1.000000 
(HZLimRunaway) Runaway Greenhouse HZ Limit []: -1.000000 
(HZLimMoistGreenhouse) Moist Greenhouse HZ Limit []: -1.000000 
(HZLimMaxGreenhouse) Maximum Greenhouse HZ Limit []: -1.000000 
(HZLimEarlyMars) Early Mars HZ Limit []: -1.000000 
(Instellation) Orbit-averaged INcident STELLar radiATION [kg*m^2/sec^2/(m^2*sec)]: -1.000000 
(KEcc) Poincare's k (=e*cos(varpi) []: 0.004794 
(Eccentricity) Orbital Eccentricity []: 0.013386 
(OrbEnergy) Body's Total Orbital Energy [kg*m^2/sec^2]: -9.386984e+34 
(MeanMotion) Orbital Mean Motion [/sec]: 1.457381e-05 
(OrbPeriod) Orbital Period [sec]: 4.311285e+05 
(SemiMajorAxis) Semi-major Axis [m]: 4.507963e+09 
(OrbAngMom) Orbital Angular Momentum [kg*m^2/sec]: 1.288083e+40 
(ArgP) Body's argument of pericenter [rad]: 3.234852 
(Inc) Body's Inclination [rad]: 0.008441 
(LongA) Body's Longitude of ascending node [rad]: 4.252815 
(MeanLongitude) Orbital Mean Longitude [rad]: 1.204483 
(LongP) Body's Longitude of pericenter [rad]: 1.204483 
(TotOrbEnergy) System's Total Orbital Energy [kg*m^2/sec^2]: -1.820859e+35 
(OrbPotEnergy) Body's Orbital Potential Energy [kg*m^2/sec^2]: -1.877397e+35 
----- DISTORB PARAMETERS (c)------
(Sinc) Body's sin(Inc/2) in DistOrb []: 0.004220 
(Pinc) Body's Poincare p in DistOrb []: -0.003782 
(Qinc) Body's Poincare q in DistOrb []: -0.001872 
(DIncDtDistOrb) Body's inclination derivative in DistOrb [rad/sec]: -1.053270e-12 
(DSincDtDistOrb) Body's sin(Inc/2) derivative in DistOrb [/sec]: -5.266304e-13 
(DLongADtDistOrb) Body's longitude of ascending node derivative in DistOrb [rad/sec]: -7.057798e-10 
(DLongPDtDistOrb) Body's longitude of pericenter derivative in DistOrb [rad/sec]: 6.941891e-10 
(DHeccDtDistOrb) Body's Poincare h derivative in DistOrb [/sec]: 1.393586e-12 
(DKeccDtDistOrb) Body's Poincare k in DistOrb [/sec]: -9.417834e-12 
(DPincDtDistOrb) Body's Poincare p in DistOrb [/sec]: 1.793189e-12 
(DQincDtDistOrb) Body's Poincare q in DistOrb [/sec]: -2.435941e-12 
Output Order: Time[year] LongP[deg] SemiMajorAxis[au] Eccentricity[] Inc[deg] LongA[deg]
Grid Output Order:

----- BODY: d ----
Active Modules: DistOrb
Module Bit Sum: 17
Color: 000000
(Mass) Mass [kg]: 8.852155e+24 
(Radius) Radius [m]: 6.759704e+06 
(RadGyra) Radius of Gyration/Moment of Inertia Constant []: 0.400000 
(RotKinEnergy) Body's Rotational Energy [kg*m^2/sec^2]: 1.711302e+29 
(RotVel) Rotational Velocity [m/sec]: 491.579545 
(BodyType) Type of Body (0 == planet) []: 0.000000 
(Density) Average Density [kg/m^3]: 6841.910425 
(HEcc) Poincare's h (=e*sin(varpi) []: -0.008074 
(HZLimitDryRunaway) Semi-major axis of Dry Runaway HZ Limit [m]: -1.000000 
(HZLimRecVenus) Recent Venus HZ Limit []: -1.000000 
(HZLimRunaway) Runaway Greenhouse HZ Limit []: -1.000000 
(HZLimMoistGreenhouse) Moist Greenhouse HZ Limit []: -1.000000 
(HZLimMaxGreenhouse) Maximum Greenhouse HZ Limit []: -1.000000 
(HZLimEarlyMars) Early Mars HZ Limit []: -1.000000 
(Instellation) Orbit-averaged INcident STELLar radiATION [kg*m^2/sec^2/(m^2*sec)]: -1.000000 
(KEcc) Poincare's k (=e*cos(varpi) []: 0.002864 
(Eccentricity) Orbital Eccentricity []: 0.008567 
(OrbEnergy) Body's Total Orbital Energy [kg*m^2/sec^2]: -2.839383e+34 
(MeanMotion) Orbital Mean Motion [/sec]: 2.641140e-05 
(OrbPeriod) Orbital Period [sec]: 2.378967e+05 
(SemiMajorAxis) Semi-major Axis [m]: 3.032617e+09 
(OrbAngMom) Orbital Angular Momentum [kg*m^2/sec]: 2.150040e+39 
(ArgP) Body's argument of pericenter [rad]: 5.113373 
(Inc) Body's Inclination [rad]: 0.004418 
(LongA) Body's Longitude of ascending node [rad]: 6.223025 
(MeanLongitude) Orbital Mean Longitude [rad]: -1.229972 
(LongP) Body's Longitude of pericenter [rad]: 5.053213 
(TotOrbEnergy) System's Total Orbital Energy [kg*m^2/sec^2]: -1.820859e+35 
(OrbPotEnergy) Body's Orbital Potential Energy [kg*m^2/sec^2]: -5.678766e+34 
----- DISTORB PARAMETERS (d)------
(Sinc) Body's sin(Inc/2) in DistOrb []: 0.002209 
(Pinc) Body's Poincare p in DistOrb []: -0.000133 
(Qinc) Body's Poincare q in DistOrb []: 0.002205 
(DIncDtDistOrb) Body's inclination derivative in DistOrb [rad/sec]: 1.631661e-11 
(DSincDtDistOrb) Body's sin(Inc/2) derivative in DistOrb [/sec]: 8.158286e-12 
(DLongADtDistOrb) Body's longitude of ascending node derivative in DistOrb [rad/sec]: -5.834634e-09 
(DLongPDtDistOrb) Body's longitude of pericenter derivative in DistOrb [rad/sec]: 5.739312e-09 
(DHeccDtDistOrb) Body's Poincare h derivative in DistOrb [/sec]: -2.153478e-12 
(DKeccDtDistOrb) Body's Poincare k in DistOrb [/sec]: 5.293398e-11 
(DPincDtDistOrb) Body's Poincare p in DistOrb [/sec]: -1.335448e-11 
(DQincDtDistOrb) Body's Poincare q in DistOrb [/sec]: 7.368694e-12 
Output Order: Time[year] LongP[deg] SemiMajorAxis[au] Eccentricity[] Inc[deg] LongA[deg]
Grid Output Order:
