-------- Log file LP791-18.log -------

Executable: /Users/noahvowell/opt/anaconda3/envs/exo/bin/vplanet
Version: Unknown
System Name: LP791-18
Primary Input File: vpl.in
Body File #1: star.in
Body File #2: b.in
Body File #3: c.in
Body File #4: d.in
Allow files to be overwitten: Yes
Mass Units: Grams
Length Units: Meters
Time Units: Seconds
Angle Units: Radians

------- FORMATTING -----
Verbosity Level: 5
Crossover Decade for Scientific Notation: 4
Number of Digits After Decimal: 6
Integration Method: Runge-Kutta4
Direction: Forward
Time Step: 3.155760e+07
Stop Time: 3.155760e+12
Output Interval: 3.155760e+09
Use Variable Timestep: Yes
dEta: 0.010000
Minimum Value of ecc and obl: 1.000000e-10


---- INITIAL SYSTEM PROPERTIES ----
(Age) System Age [sec]: 3.155760e+13 
(Time) Simulation Time [sec]: 0.000000 
(TotAngMom) Total Angular Momentum [kg*m^2/sec]: 1.252283e+41 
(TotEnergy) Total System Energy [kg*m^2/sec^2]: -2.526458e+40 
(PotEnergy) Body's non-orbital Potential Energy [kg*m^2/sec^2]: -2.527254e+40 
(KinEnergy) Body's non-orbital Kinetic Energy [kg*m^2/sec^2]: 8.131256e+36 
(DeltaTime) Average Timestep Over Last Output Interval [sec]: 0.000000 

----- BODY: star ----
Active Modules: 
Module Bit Sum: 1
Color: 000000
(Mass) Mass [kg]: 2.728421e+29 
(Radius) Radius [m]: 1.179586e+08 
(RadGyra) Radius of Gyration/Moment of Inertia Constant []: 0.450000 
(BodyType) Type of Body (0 == planet) []: 0.000000 
(Density) Average Density [kg/m^3]: 3.968571e+04 
(HZLimitDryRunaway) Semi-major axis of Dry Runaway HZ Limit [m]: -1.000000 
(HZLimRecVenus) Recent Venus HZ Limit []: -1.000000 
(HZLimRunaway) Runaway Greenhouse HZ Limit []: -1.000000 
(HZLimMoistGreenhouse) Moist Greenhouse HZ Limit []: -1.000000 
(HZLimMaxGreenhouse) Maximum Greenhouse HZ Limit []: -1.000000 
(HZLimEarlyMars) Early Mars HZ Limit []: -1.000000 
(Instellation) Orbit-averaged INcident STELLar radiATION [kg*m^2/sec^2/(m^2*sec)]: -1.000000 
Output Order:
Grid Output Order:

----- BODY: b ----
Active Modules: DistOrb
Module Bit Sum: 17
Color: 000000
(Mass) Mass [kg]: 1.175599e+25 
(Radius) Radius [m]: 7.554462e+06 
(RadGyra) Radius of Gyration/Moment of Inertia Constant []: 0.400000 
(RotKinEnergy) Body's Rotational Energy [kg*m^2/sec^2]: 2.838499e+29 
(RotVel) Rotational Velocity [m/sec]: 549.376011 
(BodyType) Type of Body (0 == planet) []: 0.000000 
(Density) Average Density [kg/m^3]: 6509.685778 
(HEcc) Poincare's h (=e*sin(varpi) []: 0.000352 
(HZLimitDryRunaway) Semi-major axis of Dry Runaway HZ Limit [m]: -1.000000 
(HZLimRecVenus) Recent Venus HZ Limit []: -1.000000 
(HZLimRunaway) Runaway Greenhouse HZ Limit []: -1.000000 
(HZLimMoistGreenhouse) Moist Greenhouse HZ Limit []: -1.000000 
(HZLimMaxGreenhouse) Maximum Greenhouse HZ Limit []: -1.000000 
(HZLimEarlyMars) Early Mars HZ Limit []: -1.000000 
(Instellation) Orbit-averaged INcident STELLar radiATION [kg*m^2/sec^2/(m^2*sec)]: -1.000000 
(KEcc) Poincare's k (=e*cos(varpi) []: -0.000922 
(Eccentricity) Orbital Eccentricity []: 0.000987 
(OrbEnergy) Body's Total Orbital Energy [kg*m^2/sec^2]: -7.345250e+34 
(MeanMotion) Orbital Mean Motion [/sec]: 7.671132e-05 
(OrbPeriod) Orbital Period [sec]: 8.190689e+04 
(SemiMajorAxis) Semi-major Axis [m]: 1.457265e+09 
(OrbAngMom) Orbital Angular Momentum [kg*m^2/sec]: 1.915036e+39 
(ArgP) Body's argument of pericenter [rad]: 0.269015 
(Inc) Body's Inclination [rad]: 0.047430 
(LongA) Body's Longitude of ascending node [rad]: 2.507712 
(MeanLongitude) Orbital Mean Longitude [rad]: 2.776727 
(LongP) Body's Longitude of pericenter [rad]: 2.776727 
(TotOrbEnergy) System's Total Orbital Energy [kg*m^2/sec^2]: -1.634372e+35 
(OrbPotEnergy) Body's Orbital Potential Energy [kg*m^2/sec^2]: -1.469050e+35 
----- DISTORB PARAMETERS (b)------
(Sinc) Body's sin(Inc/2) in DistOrb []: 0.023713 
(Pinc) Body's Poincare p in DistOrb []: 0.014044 
(Qinc) Body's Poincare q in DistOrb []: -0.019106 
(DIncDtDistOrb) Body's inclination derivative in DistOrb [rad/sec]: -6.248215e-13 
(DSincDtDistOrb) Body's sin(Inc/2) derivative in DistOrb [/sec]: -3.123229e-13 
(DLongADtDistOrb) Body's longitude of ascending node derivative in DistOrb [rad/sec]: -4.543426e-10 
(DLongPDtDistOrb) Body's longitude of pericenter derivative in DistOrb [rad/sec]: 6.199650e-10 
(DHeccDtDistOrb) Body's Poincare h derivative in DistOrb [/sec]: -6.099277e-13 
(DKeccDtDistOrb) Body's Poincare k in DistOrb [/sec]: -1.185607e-13 
(DPincDtDistOrb) Body's Poincare p in DistOrb [/sec]: 8.495728e-12 
(DQincDtDistOrb) Body's Poincare q in DistOrb [/sec]: 6.632618e-12 
Output Order: Time[year] TotEnergy[ergs] TotAngMom[kg*m^2/s] LongP[deg] SemiMajorAxis[au] Eccentricity[] Inc[deg] LongA[deg]
Grid Output Order:

----- BODY: c ----
Active Modules: DistOrb
Module Bit Sum: 17
Color: 000000
(Mass) Mass [kg]: 3.690322e+25 
(Radius) Radius [m]: 1.454158e+07 
(RadGyra) Radius of Gyration/Moment of Inertia Constant []: 0.400000 
(RotKinEnergy) Body's Rotational Energy [kg*m^2/sec^2]: 3.301487e+30 
(RotVel) Rotational Velocity [m/sec]: 1057.493347 
(BodyType) Type of Body (0 == planet) []: 0.000000 
(Density) Average Density [kg/m^3]: 2865.108951 
(HEcc) Poincare's h (=e*sin(varpi) []: -0.005713 
(HZLimitDryRunaway) Semi-major axis of Dry Runaway HZ Limit [m]: -1.000000 
(HZLimRecVenus) Recent Venus HZ Limit []: -1.000000 
(HZLimRunaway) Runaway Greenhouse HZ Limit []: -1.000000 
(HZLimMoistGreenhouse) Moist Greenhouse HZ Limit []: -1.000000 
(HZLimMaxGreenhouse) Maximum Greenhouse HZ Limit []: -1.000000 
(HZLimEarlyMars) Early Mars HZ Limit []: -1.000000 
(Instellation) Orbit-averaged INcident STELLar radiATION [kg*m^2/sec^2/(m^2*sec)]: -1.000000 
(KEcc) Poincare's k (=e*cos(varpi) []: -0.006365 
(Eccentricity) Orbital Eccentricity []: 0.008553 
(OrbEnergy) Body's Total Orbital Energy [kg*m^2/sec^2]: -7.619749e+34 
(MeanMotion) Orbital Mean Motion [/sec]: 1.457381e-05 
(OrbPeriod) Orbital Period [sec]: 4.311285e+05 
(SemiMajorAxis) Semi-major Axis [m]: 4.409704e+09 
(OrbAngMom) Orbital Angular Momentum [kg*m^2/sec]: 1.045639e+40 
(ArgP) Body's argument of pericenter [rad]: 1.785033 
(Inc) Body's Inclination [rad]: 0.007502 
(LongA) Body's Longitude of ascending node [rad]: 2.088013 
(MeanLongitude) Orbital Mean Longitude [rad]: -2.410140 
(LongP) Body's Longitude of pericenter [rad]: 3.873046 
(TotOrbEnergy) System's Total Orbital Energy [kg*m^2/sec^2]: -1.634372e+35 
(OrbPotEnergy) Body's Orbital Potential Energy [kg*m^2/sec^2]: -1.523950e+35 
----- DISTORB PARAMETERS (c)------
(Sinc) Body's sin(Inc/2) in DistOrb []: 0.003751 
(Pinc) Body's Poincare p in DistOrb []: 0.003260 
(Qinc) Body's Poincare q in DistOrb []: -0.001855 
(DIncDtDistOrb) Body's inclination derivative in DistOrb [rad/sec]: -4.174955e-12 
(DSincDtDistOrb) Body's sin(Inc/2) derivative in DistOrb [/sec]: -2.087463e-12 
(DLongADtDistOrb) Body's longitude of ascending node derivative in DistOrb [rad/sec]: 1.782675e-10 
(DLongPDtDistOrb) Body's longitude of pericenter derivative in DistOrb [rad/sec]: 6.018827e-10 
(DHeccDtDistOrb) Body's Poincare h derivative in DistOrb [/sec]: -3.845499e-12 
(DKeccDtDistOrb) Body's Poincare k in DistOrb [/sec]: 3.422758e-12 
(DPincDtDistOrb) Body's Poincare p in DistOrb [/sec]: -2.145056e-12 
(DQincDtDistOrb) Body's Poincare q in DistOrb [/sec]: 4.509596e-13 
Output Order: Time[year] LongP[deg] SemiMajorAxis[au] Eccentricity[] Inc[deg] LongA[deg]
Grid Output Order:

----- BODY: d ----
Active Modules: DistOrb
Module Bit Sum: 17
Color: 000000
(Mass) Mass [kg]: 4.492007e+24 
(Radius) Radius [m]: 6.789709e+06 
(RadGyra) Radius of Gyration/Moment of Inertia Constant []: 0.400000 
(RotKinEnergy) Body's Rotational Energy [kg*m^2/sec^2]: 8.761227e+28 
(RotVel) Rotational Velocity [m/sec]: 493.761548 
(BodyType) Type of Body (0 == planet) []: 0.000000 
(Density) Average Density [kg/m^3]: 3426.086908 
(HEcc) Poincare's h (=e*sin(varpi) []: 0.007911 
(HZLimitDryRunaway) Semi-major axis of Dry Runaway HZ Limit [m]: -1.000000 
(HZLimRecVenus) Recent Venus HZ Limit []: -1.000000 
(HZLimRunaway) Runaway Greenhouse HZ Limit []: -1.000000 
(HZLimMoistGreenhouse) Moist Greenhouse HZ Limit []: -1.000000 
(HZLimMaxGreenhouse) Maximum Greenhouse HZ Limit []: -1.000000 
(HZLimEarlyMars) Early Mars HZ Limit []: -1.000000 
(Instellation) Orbit-averaged INcident STELLar radiATION [kg*m^2/sec^2/(m^2*sec)]: -1.000000 
(KEcc) Poincare's k (=e*cos(varpi) []: 0.009148 
(Eccentricity) Orbital Eccentricity []: 0.012094 
(OrbEnergy) Body's Total Orbital Energy [kg*m^2/sec^2]: -1.378721e+34 
(MeanMotion) Orbital Mean Motion [/sec]: 2.641113e-05 
(OrbPeriod) Orbital Period [sec]: 2.378992e+05 
(SemiMajorAxis) Semi-major Axis [m]: 2.966536e+09 
(OrbAngMom) Orbital Angular Momentum [kg*m^2/sec]: 1.043969e+39 
(ArgP) Body's argument of pericenter [rad]: 3.656360 
(Inc) Body's Inclination [rad]: 0.012121 
(LongA) Body's Longitude of ascending node [rad]: 3.339866 
(MeanLongitude) Orbital Mean Longitude [rad]: 0.713041 
(LongP) Body's Longitude of pericenter [rad]: 0.713041 
(TotOrbEnergy) System's Total Orbital Energy [kg*m^2/sec^2]: -1.634372e+35 
(OrbPotEnergy) Body's Orbital Potential Energy [kg*m^2/sec^2]: -2.757443e+34 
----- DISTORB PARAMETERS (d)------
(Sinc) Body's sin(Inc/2) in DistOrb []: 0.006061 
(Pinc) Body's Poincare p in DistOrb []: -0.001194 
(Qinc) Body's Poincare q in DistOrb []: -0.005942 
(DIncDtDistOrb) Body's inclination derivative in DistOrb [rad/sec]: 3.038283e-11 
(DSincDtDistOrb) Body's sin(Inc/2) derivative in DistOrb [/sec]: 1.519114e-11 
(DLongADtDistOrb) Body's longitude of ascending node derivative in DistOrb [rad/sec]: -1.497612e-09 
(DLongPDtDistOrb) Body's longitude of pericenter derivative in DistOrb [rad/sec]: 4.334541e-09 
(DHeccDtDistOrb) Body's Poincare h derivative in DistOrb [/sec]: 3.955246e-11 
(DKeccDtDistOrb) Body's Poincare k in DistOrb [/sec]: -3.440627e-11 
(DPincDtDistOrb) Body's Poincare p in DistOrb [/sec]: 5.906400e-12 
(DQincDtDistOrb) Body's Poincare q in DistOrb [/sec]: -1.668138e-11 
Output Order: Time[year] LongP[deg] SemiMajorAxis[au] Eccentricity[] Inc[deg] LongA[deg]
Grid Output Order:



---- FINAL SYSTEM PROPERTIES ----
(Age) System Age [sec]: 3.471336e+13 
(Time) Simulation Time [sec]: 3.155760e+12 
(TotAngMom) Total Angular Momentum [kg*m^2/sec]: 1.252283e+41 
(TotEnergy) Total System Energy [kg*m^2/sec^2]: -2.526458e+40 
(PotEnergy) Body's non-orbital Potential Energy [kg*m^2/sec^2]: -2.527254e+40 
(KinEnergy) Body's non-orbital Kinetic Energy [kg*m^2/sec^2]: 8.131256e+36 
(DeltaTime) Average Timestep Over Last Output Interval [sec]: 3882.330363 

----- BODY: star ----
Active Modules: 
Module Bit Sum: 1
Color: 000000
(Mass) Mass [kg]: 2.728421e+29 
(Radius) Radius [m]: 1.179586e+08 
(RadGyra) Radius of Gyration/Moment of Inertia Constant []: 0.450000 
(BodyType) Type of Body (0 == planet) []: 0.000000 
(Density) Average Density [kg/m^3]: 3.968571e+04 
(HZLimitDryRunaway) Semi-major axis of Dry Runaway HZ Limit [m]: -1.000000 
(HZLimRecVenus) Recent Venus HZ Limit []: -1.000000 
(HZLimRunaway) Runaway Greenhouse HZ Limit []: -1.000000 
(HZLimMoistGreenhouse) Moist Greenhouse HZ Limit []: -1.000000 
(HZLimMaxGreenhouse) Maximum Greenhouse HZ Limit []: -1.000000 
(HZLimEarlyMars) Early Mars HZ Limit []: -1.000000 
(Instellation) Orbit-averaged INcident STELLar radiATION [kg*m^2/sec^2/(m^2*sec)]: -1.000000 
Output Order:
Grid Output Order:

----- BODY: b ----
Active Modules: DistOrb
Module Bit Sum: 17
Color: 000000
(Mass) Mass [kg]: 1.175599e+25 
(Radius) Radius [m]: 7.554462e+06 
(RadGyra) Radius of Gyration/Moment of Inertia Constant []: 0.400000 
(RotKinEnergy) Body's Rotational Energy [kg*m^2/sec^2]: 2.838499e+29 
(RotVel) Rotational Velocity [m/sec]: 549.376011 
(BodyType) Type of Body (0 == planet) []: 0.000000 
(Density) Average Density [kg/m^3]: 6509.685778 
(HEcc) Poincare's h (=e*sin(varpi) []: -5.303583e-05 
(HZLimitDryRunaway) Semi-major axis of Dry Runaway HZ Limit [m]: -1.000000 
(HZLimRecVenus) Recent Venus HZ Limit []: -1.000000 
(HZLimRunaway) Runaway Greenhouse HZ Limit []: -1.000000 
(HZLimMoistGreenhouse) Moist Greenhouse HZ Limit []: -1.000000 
(HZLimMaxGreenhouse) Maximum Greenhouse HZ Limit []: -1.000000 
(HZLimEarlyMars) Early Mars HZ Limit []: -1.000000 
(Instellation) Orbit-averaged INcident STELLar radiATION [kg*m^2/sec^2/(m^2*sec)]: -1.000000 
(KEcc) Poincare's k (=e*cos(varpi) []: 0.000657 
(Eccentricity) Orbital Eccentricity []: 0.000659 
(OrbEnergy) Body's Total Orbital Energy [kg*m^2/sec^2]: -7.345250e+34 
(MeanMotion) Orbital Mean Motion [/sec]: 7.671132e-05 
(OrbPeriod) Orbital Period [sec]: 8.190689e+04 
(SemiMajorAxis) Semi-major Axis [m]: 1.457265e+09 
(OrbAngMom) Orbital Angular Momentum [kg*m^2/sec]: 1.915036e+39 
(ArgP) Body's argument of pericenter [rad]: 1.098393 
(Inc) Body's Inclination [rad]: 0.022151 
(LongA) Body's Longitude of ascending node [rad]: 5.104279 
(MeanLongitude) Orbital Mean Longitude [rad]: -0.080513 
(LongP) Body's Longitude of pericenter [rad]: 6.202672 
(TotOrbEnergy) System's Total Orbital Energy [kg*m^2/sec^2]: -1.634372e+35 
(OrbPotEnergy) Body's Orbital Potential Energy [kg*m^2/sec^2]: -1.469050e+35 
----- DISTORB PARAMETERS (b)------
(Sinc) Body's sin(Inc/2) in DistOrb []: 0.011075 
(Pinc) Body's Poincare p in DistOrb []: -0.010236 
(Qinc) Body's Poincare q in DistOrb []: 0.004230 
(DIncDtDistOrb) Body's inclination derivative in DistOrb [rad/sec]: 1.469633e-12 
(DSincDtDistOrb) Body's sin(Inc/2) derivative in DistOrb [/sec]: 7.347712e-13 
(DLongADtDistOrb) Body's longitude of ascending node derivative in DistOrb [rad/sec]: -9.134085e-10 
(DLongPDtDistOrb) Body's longitude of pericenter derivative in DistOrb [rad/sec]: 3.201306e-09 
(DHeccDtDistOrb) Body's Poincare h derivative in DistOrb [/sec]: 1.899247e-12 
(DKeccDtDistOrb) Body's Poincare k in DistOrb [/sec]: 2.710054e-12 
(DPincDtDistOrb) Body's Poincare p in DistOrb [/sec]: -4.542847e-12 
(DQincDtDistOrb) Body's Poincare q in DistOrb [/sec]: -9.068747e-12 
Output Order: Time[year] TotEnergy[ergs] TotAngMom[kg*m^2/s] LongP[deg] SemiMajorAxis[au] Eccentricity[] Inc[deg] LongA[deg]
Grid Output Order:

----- BODY: c ----
Active Modules: DistOrb
Module Bit Sum: 17
Color: 000000
(Mass) Mass [kg]: 3.690322e+25 
(Radius) Radius [m]: 1.454158e+07 
(RadGyra) Radius of Gyration/Moment of Inertia Constant []: 0.400000 
(RotKinEnergy) Body's Rotational Energy [kg*m^2/sec^2]: 3.301487e+30 
(RotVel) Rotational Velocity [m/sec]: 1057.493347 
(BodyType) Type of Body (0 == planet) []: 0.000000 
(Density) Average Density [kg/m^3]: 2865.108951 
(HEcc) Poincare's h (=e*sin(varpi) []: 0.002798 
(HZLimitDryRunaway) Semi-major axis of Dry Runaway HZ Limit [m]: -1.000000 
(HZLimRecVenus) Recent Venus HZ Limit []: -1.000000 
(HZLimRunaway) Runaway Greenhouse HZ Limit []: -1.000000 
(HZLimMoistGreenhouse) Moist Greenhouse HZ Limit []: -1.000000 
(HZLimMaxGreenhouse) Maximum Greenhouse HZ Limit []: -1.000000 
(HZLimEarlyMars) Early Mars HZ Limit []: -1.000000 
(Instellation) Orbit-averaged INcident STELLar radiATION [kg*m^2/sec^2/(m^2*sec)]: -1.000000 
(KEcc) Poincare's k (=e*cos(varpi) []: -0.005885 
(Eccentricity) Orbital Eccentricity []: 0.006516 
(OrbEnergy) Body's Total Orbital Energy [kg*m^2/sec^2]: -7.619749e+34 
(MeanMotion) Orbital Mean Motion [/sec]: 1.457381e-05 
(OrbPeriod) Orbital Period [sec]: 4.311285e+05 
(SemiMajorAxis) Semi-major Axis [m]: 4.409704e+09 
(OrbAngMom) Orbital Angular Momentum [kg*m^2/sec]: 1.045655e+40 
(ArgP) Body's argument of pericenter [rad]: 0.357605 
(Inc) Body's Inclination [rad]: 0.019454 
(LongA) Body's Longitude of ascending node [rad]: 2.340166 
(MeanLongitude) Orbital Mean Longitude [rad]: 2.697771 
(LongP) Body's Longitude of pericenter [rad]: 2.697771 
(TotOrbEnergy) System's Total Orbital Energy [kg*m^2/sec^2]: -1.634372e+35 
(OrbPotEnergy) Body's Orbital Potential Energy [kg*m^2/sec^2]: -1.523950e+35 
----- DISTORB PARAMETERS (c)------
(Sinc) Body's sin(Inc/2) in DistOrb []: 0.009727 
(Pinc) Body's Poincare p in DistOrb []: 0.006987 
(Qinc) Body's Poincare q in DistOrb []: -0.006767 
(DIncDtDistOrb) Body's inclination derivative in DistOrb [rad/sec]: 1.798838e-12 
(DSincDtDistOrb) Body's sin(Inc/2) derivative in DistOrb [/sec]: 8.993764e-13 
(DLongADtDistOrb) Body's longitude of ascending node derivative in DistOrb [rad/sec]: -2.824155e-10 
(DLongPDtDistOrb) Body's longitude of pericenter derivative in DistOrb [rad/sec]: -1.248643e-10 
(DHeccDtDistOrb) Body's Poincare h derivative in DistOrb [/sec]: -6.085986e-13 
(DKeccDtDistOrb) Body's Poincare k in DistOrb [/sec]: 3.174849e-12 
(DPincDtDistOrb) Body's Poincare p in DistOrb [/sec]: 2.557127e-12 
(DQincDtDistOrb) Body's Poincare q in DistOrb [/sec]: 1.347645e-12 
Output Order: Time[year] LongP[deg] SemiMajorAxis[au] Eccentricity[] Inc[deg] LongA[deg]
Grid Output Order:

----- BODY: d ----
Active Modules: DistOrb
Module Bit Sum: 17
Color: 000000
(Mass) Mass [kg]: 4.492007e+24 
(Radius) Radius [m]: 6.789709e+06 
(RadGyra) Radius of Gyration/Moment of Inertia Constant []: 0.400000 
(RotKinEnergy) Body's Rotational Energy [kg*m^2/sec^2]: 8.761227e+28 
(RotVel) Rotational Velocity [m/sec]: 493.761548 
(BodyType) Type of Body (0 == planet) []: 0.000000 
(Density) Average Density [kg/m^3]: 3426.086908 
(HEcc) Poincare's h (=e*sin(varpi) []: 0.020348 
(HZLimitDryRunaway) Semi-major axis of Dry Runaway HZ Limit [m]: -1.000000 
(HZLimRecVenus) Recent Venus HZ Limit []: -1.000000 
(HZLimRunaway) Runaway Greenhouse HZ Limit []: -1.000000 
(HZLimMoistGreenhouse) Moist Greenhouse HZ Limit []: -1.000000 
(HZLimMaxGreenhouse) Maximum Greenhouse HZ Limit []: -1.000000 
(HZLimEarlyMars) Early Mars HZ Limit []: -1.000000 
(Instellation) Orbit-averaged INcident STELLar radiATION [kg*m^2/sec^2/(m^2*sec)]: -1.000000 
(KEcc) Poincare's k (=e*cos(varpi) []: -0.006404 
(Eccentricity) Orbital Eccentricity []: 0.021332 
(OrbEnergy) Body's Total Orbital Energy [kg*m^2/sec^2]: -1.378721e+34 
(MeanMotion) Orbital Mean Motion [/sec]: 2.641113e-05 
(OrbPeriod) Orbital Period [sec]: 2.378992e+05 
(SemiMajorAxis) Semi-major Axis [m]: 2.966536e+09 
(OrbAngMom) Orbital Angular Momentum [kg*m^2/sec]: 1.043808e+39 
(ArgP) Body's argument of pericenter [rad]: 0.381815 
(Inc) Body's Inclination [rad]: 0.012048 
(LongA) Body's Longitude of ascending node [rad]: 1.493901 
(MeanLongitude) Orbital Mean Longitude [rad]: 1.875716 
(LongP) Body's Longitude of pericenter [rad]: 1.875716 
(TotOrbEnergy) System's Total Orbital Energy [kg*m^2/sec^2]: -1.634372e+35 
(OrbPotEnergy) Body's Orbital Potential Energy [kg*m^2/sec^2]: -2.757443e+34 
----- DISTORB PARAMETERS (d)------
(Sinc) Body's sin(Inc/2) in DistOrb []: 0.006024 
(Pinc) Body's Poincare p in DistOrb []: 0.006006 
(Qinc) Body's Poincare q in DistOrb []: 0.000463 
(DIncDtDistOrb) Body's inclination derivative in DistOrb [rad/sec]: -3.398598e-11 
(DSincDtDistOrb) Body's sin(Inc/2) derivative in DistOrb [/sec]: -1.699268e-11 
(DLongADtDistOrb) Body's longitude of ascending node derivative in DistOrb [rad/sec]: -7.396734e-10 
(DLongPDtDistOrb) Body's longitude of pericenter derivative in DistOrb [rad/sec]: 2.481092e-09 
(DHeccDtDistOrb) Body's Poincare h derivative in DistOrb [/sec]: -6.937386e-12 
(DKeccDtDistOrb) Body's Poincare k in DistOrb [/sec]: -5.330287e-11 
(DPincDtDistOrb) Body's Poincare p in DistOrb [/sec]: -1.728476e-11 
(DQincDtDistOrb) Body's Poincare q in DistOrb [/sec]: 3.137234e-12 
Output Order: Time[year] LongP[deg] SemiMajorAxis[au] Eccentricity[] Inc[deg] LongA[deg]
Grid Output Order:
