-------- Log file LP791-18.log -------

Executable: /Users/noahvowell/opt/anaconda3/envs/exo/bin/vplanet
Version: Unknown
System Name: LP791-18
Primary Input File: vpl.in
Body File #1: star.in
Body File #2: b.in
Body File #3: c.in
Body File #4: d.in
Allow files to be overwitten: Yes
Mass Units: Grams
Length Units: Meters
Time Units: Seconds
Angle Units: Radians

------- FORMATTING -----
Verbosity Level: 5
Crossover Decade for Scientific Notation: 4
Number of Digits After Decimal: 6
Integration Method: Runge-Kutta4
Direction: Forward
Time Step: 3.155760e+07
Stop Time: 3.155760e+12
Output Interval: 3.155760e+09
Use Variable Timestep: Yes
dEta: 0.010000
Minimum Value of ecc and obl: 1.000000e-10


---- INITIAL SYSTEM PROPERTIES ----
(Age) System Age [sec]: 3.155760e+13 
(Time) Simulation Time [sec]: 0.000000 
(TotAngMom) Total Angular Momentum [kg*m^2/sec]: 1.467882e+41 
(TotEnergy) Total System Energy [kg*m^2/sec^2]: -2.449133e+40 
(PotEnergy) Body's non-orbital Potential Energy [kg*m^2/sec^2]: -2.450065e+40 
(KinEnergy) Body's non-orbital Kinetic Energy [kg*m^2/sec^2]: 9.537888e+36 
(DeltaTime) Average Timestep Over Last Output Interval [sec]: 0.000000 

----- BODY: star ----
Active Modules: 
Module Bit Sum: 1
Color: 000000
(Mass) Mass [kg]: 2.782158e+29 
(Radius) Radius [m]: 1.265149e+08 
(RadGyra) Radius of Gyration/Moment of Inertia Constant []: 0.450000 
(BodyType) Type of Body (0 == planet) []: 0.000000 
(Density) Average Density [kg/m^3]: 3.279958e+04 
(HZLimitDryRunaway) Semi-major axis of Dry Runaway HZ Limit [m]: -1.000000 
(HZLimRecVenus) Recent Venus HZ Limit []: -1.000000 
(HZLimRunaway) Runaway Greenhouse HZ Limit []: -1.000000 
(HZLimMoistGreenhouse) Moist Greenhouse HZ Limit []: -1.000000 
(HZLimMaxGreenhouse) Maximum Greenhouse HZ Limit []: -1.000000 
(HZLimEarlyMars) Early Mars HZ Limit []: -1.000000 
(Instellation) Orbit-averaged INcident STELLar radiATION [kg*m^2/sec^2/(m^2*sec)]: -1.000000 
Output Order:
Grid Output Order:

----- BODY: b ----
Active Modules: DistOrb
Module Bit Sum: 17
Color: 000000
(Mass) Mass [kg]: 1.718676e+25 
(Radius) Radius [m]: 7.700217e+06 
(RadGyra) Radius of Gyration/Moment of Inertia Constant []: 0.400000 
(RotKinEnergy) Body's Rotational Energy [kg*m^2/sec^2]: 4.311438e+29 
(RotVel) Rotational Velocity [m/sec]: 559.975586 
(BodyType) Type of Body (0 == planet) []: 0.000000 
(Density) Average Density [kg/m^3]: 8986.621572 
(HEcc) Poincare's h (=e*sin(varpi) []: 0.005075 
(HZLimitDryRunaway) Semi-major axis of Dry Runaway HZ Limit [m]: -1.000000 
(HZLimRecVenus) Recent Venus HZ Limit []: -1.000000 
(HZLimRunaway) Runaway Greenhouse HZ Limit []: -1.000000 
(HZLimMoistGreenhouse) Moist Greenhouse HZ Limit []: -1.000000 
(HZLimMaxGreenhouse) Maximum Greenhouse HZ Limit []: -1.000000 
(HZLimEarlyMars) Early Mars HZ Limit []: -1.000000 
(Instellation) Orbit-averaged INcident STELLar radiATION [kg*m^2/sec^2/(m^2*sec)]: -1.000000 
(KEcc) Poincare's k (=e*cos(varpi) []: 0.012340 
(Eccentricity) Orbital Eccentricity []: 0.013343 
(OrbEnergy) Body's Total Orbital Energy [kg*m^2/sec^2]: -1.087888e+35 
(MeanMotion) Orbital Mean Motion [/sec]: 7.671095e-05 
(OrbPeriod) Orbital Period [sec]: 8.190728e+04 
(SemiMajorAxis) Semi-major Axis [m]: 1.466784e+09 
(OrbAngMom) Orbital Angular Momentum [kg*m^2/sec]: 2.836077e+39 
(ArgP) Body's argument of pericenter [rad]: 1.717089 
(Inc) Body's Inclination [rad]: 0.005413 
(LongA) Body's Longitude of ascending node [rad]: 4.956289 
(MeanLongitude) Orbital Mean Longitude [rad]: 0.390192 
(LongP) Body's Longitude of pericenter [rad]: 0.390192 
(TotOrbEnergy) System's Total Orbital Energy [kg*m^2/sec^2]: -2.110497e+35 
(OrbPotEnergy) Body's Orbital Potential Energy [kg*m^2/sec^2]: -2.175775e+35 
----- DISTORB PARAMETERS (b)------
(Sinc) Body's sin(Inc/2) in DistOrb []: 0.002706 
(Pinc) Body's Poincare p in DistOrb []: -0.002626 
(Qinc) Body's Poincare q in DistOrb []: 0.000654 
(DIncDtDistOrb) Body's inclination derivative in DistOrb [rad/sec]: 2.308477e-12 
(DSincDtDistOrb) Body's sin(Inc/2) derivative in DistOrb [/sec]: 1.154234e-12 
(DLongADtDistOrb) Body's longitude of ascending node derivative in DistOrb [rad/sec]: -3.682914e-10 
(DLongPDtDistOrb) Body's longitude of pericenter derivative in DistOrb [rad/sec]: 7.662031e-10 
(DHeccDtDistOrb) Body's Poincare h derivative in DistOrb [/sec]: 9.638849e-12 
(DKeccDtDistOrb) Body's Poincare k in DistOrb [/sec]: -3.441314e-12 
(DPincDtDistOrb) Body's Poincare p in DistOrb [/sec]: -1.360773e-12 
(DQincDtDistOrb) Body's Poincare q in DistOrb [/sec]: -6.884979e-13 
Output Order: Time[year] TotEnergy[ergs] TotAngMom[kg*m^2/s] LongP[deg] SemiMajorAxis[au] Eccentricity[] Inc[deg] LongA[deg]
Grid Output Order:

----- BODY: c ----
Active Modules: DistOrb
Module Bit Sum: 17
Color: 000000
(Mass) Mass [kg]: 3.928491e+25 
(Radius) Radius [m]: 1.599133e+07 
(RadGyra) Radius of Gyration/Moment of Inertia Constant []: 0.400000 
(RotKinEnergy) Body's Rotational Energy [kg*m^2/sec^2]: 4.250278e+30 
(RotVel) Rotational Velocity [m/sec]: 1162.922574 
(BodyType) Type of Body (0 == planet) []: 0.000000 
(Density) Average Density [kg/m^3]: 2293.417335 
(HEcc) Poincare's h (=e*sin(varpi) []: -0.011937 
(HZLimitDryRunaway) Semi-major axis of Dry Runaway HZ Limit [m]: -1.000000 
(HZLimRecVenus) Recent Venus HZ Limit []: -1.000000 
(HZLimRunaway) Runaway Greenhouse HZ Limit []: -1.000000 
(HZLimMoistGreenhouse) Moist Greenhouse HZ Limit []: -1.000000 
(HZLimMaxGreenhouse) Maximum Greenhouse HZ Limit []: -1.000000 
(HZLimEarlyMars) Early Mars HZ Limit []: -1.000000 
(Instellation) Orbit-averaged INcident STELLar radiATION [kg*m^2/sec^2/(m^2*sec)]: -1.000000 
(KEcc) Poincare's k (=e*cos(varpi) []: 0.008359 
(Eccentricity) Orbital Eccentricity []: 0.014573 
(OrbEnergy) Body's Total Orbital Energy [kg*m^2/sec^2]: -8.217660e+34 
(MeanMotion) Orbital Mean Motion [/sec]: 1.457381e-05 
(OrbPeriod) Orbital Period [sec]: 4.311285e+05 
(SemiMajorAxis) Semi-major Axis [m]: 4.438474e+09 
(OrbAngMom) Orbital Angular Momentum [kg*m^2/sec]: 1.127610e+40 
(ArgP) Body's argument of pericenter [rad]: 1.662043 
(Inc) Body's Inclination [rad]: 0.004245 
(LongA) Body's Longitude of ascending node [rad]: 3.661261 
(MeanLongitude) Orbital Mean Longitude [rad]: -0.959881 
(LongP) Body's Longitude of pericenter [rad]: 5.323304 
(TotOrbEnergy) System's Total Orbital Energy [kg*m^2/sec^2]: -2.110497e+35 
(OrbPotEnergy) Body's Orbital Potential Energy [kg*m^2/sec^2]: -1.643532e+35 
----- DISTORB PARAMETERS (c)------
(Sinc) Body's sin(Inc/2) in DistOrb []: 0.002122 
(Pinc) Body's Poincare p in DistOrb []: -0.001054 
(Qinc) Body's Poincare q in DistOrb []: -0.001842 
(DIncDtDistOrb) Body's inclination derivative in DistOrb [rad/sec]: -1.491023e-12 
(DSincDtDistOrb) Body's sin(Inc/2) derivative in DistOrb [/sec]: -7.455099e-13 
(DLongADtDistOrb) Body's longitude of ascending node derivative in DistOrb [rad/sec]: -8.156737e-11 
(DLongPDtDistOrb) Body's longitude of pericenter derivative in DistOrb [rad/sec]: 8.198892e-10 
(DHeccDtDistOrb) Body's Poincare h derivative in DistOrb [/sec]: 8.877643e-12 
(DKeccDtDistOrb) Body's Poincare k in DistOrb [/sec]: 8.369272e-12 
(DPincDtDistOrb) Body's Poincare p in DistOrb [/sec]: 5.204849e-13 
(DQincDtDistOrb) Body's Poincare q in DistOrb [/sec]: 5.611177e-13 
Output Order: Time[year] LongP[deg] SemiMajorAxis[au] Eccentricity[] Inc[deg] LongA[deg]
Grid Output Order:

----- BODY: d ----
Active Modules: DistOrb
Module Bit Sum: 17
Color: 000000
(Mass) Mass [kg]: 6.459118e+24 
(Radius) Radius [m]: 6.568618e+06 
(RadGyra) Radius of Gyration/Moment of Inertia Constant []: 0.400000 
(RotKinEnergy) Body's Rotational Energy [kg*m^2/sec^2]: 1.179081e+29 
(RotVel) Rotational Velocity [m/sec]: 477.683375 
(BodyType) Type of Body (0 == planet) []: 0.000000 
(Density) Average Density [kg/m^3]: 5440.798094 
(HEcc) Poincare's h (=e*sin(varpi) []: 0.009665 
(HZLimitDryRunaway) Semi-major axis of Dry Runaway HZ Limit [m]: -1.000000 
(HZLimRecVenus) Recent Venus HZ Limit []: -1.000000 
(HZLimRunaway) Runaway Greenhouse HZ Limit []: -1.000000 
(HZLimMoistGreenhouse) Moist Greenhouse HZ Limit []: -1.000000 
(HZLimMaxGreenhouse) Maximum Greenhouse HZ Limit []: -1.000000 
(HZLimEarlyMars) Early Mars HZ Limit []: -1.000000 
(Instellation) Orbit-averaged INcident STELLar radiATION [kg*m^2/sec^2/(m^2*sec)]: -1.000000 
(KEcc) Poincare's k (=e*cos(varpi) []: -0.019449 
(Eccentricity) Orbital Eccentricity []: 0.021719 
(OrbEnergy) Body's Total Orbital Energy [kg*m^2/sec^2]: -2.008437e+34 
(MeanMotion) Orbital Mean Motion [/sec]: 2.641139e-05 
(OrbPeriod) Orbital Period [sec]: 2.378968e+05 
(SemiMajorAxis) Semi-major Axis [m]: 2.985873e+09 
(OrbAngMom) Orbital Angular Momentum [kg*m^2/sec]: 1.520528e+39 
(ArgP) Body's argument of pericenter [rad]: 4.690211 
(Inc) Body's Inclination [rad]: 0.004859 
(LongA) Body's Longitude of ascending node [rad]: 4.273372 
(MeanLongitude) Orbital Mean Longitude [rad]: 2.680398 
(LongP) Body's Longitude of pericenter [rad]: 2.680398 
(TotOrbEnergy) System's Total Orbital Energy [kg*m^2/sec^2]: -2.110497e+35 
(OrbPotEnergy) Body's Orbital Potential Energy [kg*m^2/sec^2]: -4.016873e+34 
----- DISTORB PARAMETERS (d)------
(Sinc) Body's sin(Inc/2) in DistOrb []: 0.002430 
(Pinc) Body's Poincare p in DistOrb []: -0.002199 
(Qinc) Body's Poincare q in DistOrb []: -0.001033 
(DIncDtDistOrb) Body's inclination derivative in DistOrb [rad/sec]: 4.840018e-12 
(DSincDtDistOrb) Body's sin(Inc/2) derivative in DistOrb [/sec]: 2.420002e-12 
(DLongADtDistOrb) Body's longitude of ascending node derivative in DistOrb [rad/sec]: -8.405913e-10 
(DLongPDtDistOrb) Body's longitude of pericenter derivative in DistOrb [rad/sec]: 4.544647e-09 
(DHeccDtDistOrb) Body's Poincare h derivative in DistOrb [/sec]: -8.316364e-11 
(DKeccDtDistOrb) Body's Poincare k in DistOrb [/sec]: -5.444317e-11 
(DPincDtDistOrb) Body's Poincare p in DistOrb [/sec]: -1.322454e-12 
(DQincDtDistOrb) Body's Poincare q in DistOrb [/sec]: -2.877208e-12 
Output Order: Time[year] LongP[deg] SemiMajorAxis[au] Eccentricity[] Inc[deg] LongA[deg]
Grid Output Order:



---- FINAL SYSTEM PROPERTIES ----
(Age) System Age [sec]: 3.471336e+13 
(Time) Simulation Time [sec]: 3.155760e+12 
(TotAngMom) Total Angular Momentum [kg*m^2/sec]: 1.467882e+41 
(TotEnergy) Total System Energy [kg*m^2/sec^2]: -2.449133e+40 
(PotEnergy) Body's non-orbital Potential Energy [kg*m^2/sec^2]: -2.450065e+40 
(KinEnergy) Body's non-orbital Kinetic Energy [kg*m^2/sec^2]: 9.537888e+36 
(DeltaTime) Average Timestep Over Last Output Interval [sec]: 3767.707243 

----- BODY: star ----
Active Modules: 
Module Bit Sum: 1
Color: 000000
(Mass) Mass [kg]: 2.782158e+29 
(Radius) Radius [m]: 1.265149e+08 
(RadGyra) Radius of Gyration/Moment of Inertia Constant []: 0.450000 
(BodyType) Type of Body (0 == planet) []: 0.000000 
(Density) Average Density [kg/m^3]: 3.279958e+04 
(HZLimitDryRunaway) Semi-major axis of Dry Runaway HZ Limit [m]: -1.000000 
(HZLimRecVenus) Recent Venus HZ Limit []: -1.000000 
(HZLimRunaway) Runaway Greenhouse HZ Limit []: -1.000000 
(HZLimMoistGreenhouse) Moist Greenhouse HZ Limit []: -1.000000 
(HZLimMaxGreenhouse) Maximum Greenhouse HZ Limit []: -1.000000 
(HZLimEarlyMars) Early Mars HZ Limit []: -1.000000 
(Instellation) Orbit-averaged INcident STELLar radiATION [kg*m^2/sec^2/(m^2*sec)]: -1.000000 
Output Order:
Grid Output Order:

----- BODY: b ----
Active Modules: DistOrb
Module Bit Sum: 17
Color: 000000
(Mass) Mass [kg]: 1.718676e+25 
(Radius) Radius [m]: 7.700217e+06 
(RadGyra) Radius of Gyration/Moment of Inertia Constant []: 0.400000 
(RotKinEnergy) Body's Rotational Energy [kg*m^2/sec^2]: 4.311438e+29 
(RotVel) Rotational Velocity [m/sec]: 559.975586 
(BodyType) Type of Body (0 == planet) []: 0.000000 
(Density) Average Density [kg/m^3]: 8986.621572 
(HEcc) Poincare's h (=e*sin(varpi) []: -0.003640 
(HZLimitDryRunaway) Semi-major axis of Dry Runaway HZ Limit [m]: -1.000000 
(HZLimRecVenus) Recent Venus HZ Limit []: -1.000000 
(HZLimRunaway) Runaway Greenhouse HZ Limit []: -1.000000 
(HZLimMoistGreenhouse) Moist Greenhouse HZ Limit []: -1.000000 
(HZLimMaxGreenhouse) Maximum Greenhouse HZ Limit []: -1.000000 
(HZLimEarlyMars) Early Mars HZ Limit []: -1.000000 
(Instellation) Orbit-averaged INcident STELLar radiATION [kg*m^2/sec^2/(m^2*sec)]: -1.000000 
(KEcc) Poincare's k (=e*cos(varpi) []: 0.009018 
(Eccentricity) Orbital Eccentricity []: 0.009725 
(OrbEnergy) Body's Total Orbital Energy [kg*m^2/sec^2]: -1.087888e+35 
(MeanMotion) Orbital Mean Motion [/sec]: 7.671095e-05 
(OrbPeriod) Orbital Period [sec]: 8.190728e+04 
(SemiMajorAxis) Semi-major Axis [m]: 1.466784e+09 
(OrbAngMom) Orbital Angular Momentum [kg*m^2/sec]: 2.836195e+39 
(ArgP) Body's argument of pericenter [rad]: 3.592874 
(Inc) Body's Inclination [rad]: 0.002470 
(LongA) Body's Longitude of ascending node [rad]: 2.306641 
(MeanLongitude) Orbital Mean Longitude [rad]: -0.383670 
(LongP) Body's Longitude of pericenter [rad]: 5.899515 
(TotOrbEnergy) System's Total Orbital Energy [kg*m^2/sec^2]: -2.110497e+35 
(OrbPotEnergy) Body's Orbital Potential Energy [kg*m^2/sec^2]: -2.175775e+35 
----- DISTORB PARAMETERS (b)------
(Sinc) Body's sin(Inc/2) in DistOrb []: 0.001235 
(Pinc) Body's Poincare p in DistOrb []: 0.000916 
(Qinc) Body's Poincare q in DistOrb []: -0.000829 
(DIncDtDistOrb) Body's inclination derivative in DistOrb [rad/sec]: -3.267922e-12 
(DSincDtDistOrb) Body's sin(Inc/2) derivative in DistOrb [/sec]: -1.633960e-12 
(DLongADtDistOrb) Body's longitude of ascending node derivative in DistOrb [rad/sec]: -8.877771e-10 
(DLongPDtDistOrb) Body's longitude of pericenter derivative in DistOrb [rad/sec]: 1.256888e-09 
(DHeccDtDistOrb) Body's Poincare h derivative in DistOrb [/sec]: 1.004801e-11 
(DKeccDtDistOrb) Body's Poincare k in DistOrb [/sec]: 7.762250e-12 
(DPincDtDistOrb) Body's Poincare p in DistOrb [/sec]: -4.751662e-13 
(DQincDtDistOrb) Body's Poincare q in DistOrb [/sec]: 1.909580e-12 
Output Order: Time[year] TotEnergy[ergs] TotAngMom[kg*m^2/s] LongP[deg] SemiMajorAxis[au] Eccentricity[] Inc[deg] LongA[deg]
Grid Output Order:

----- BODY: c ----
Active Modules: DistOrb
Module Bit Sum: 17
Color: 000000
(Mass) Mass [kg]: 3.928491e+25 
(Radius) Radius [m]: 1.599133e+07 
(RadGyra) Radius of Gyration/Moment of Inertia Constant []: 0.400000 
(RotKinEnergy) Body's Rotational Energy [kg*m^2/sec^2]: 4.250278e+30 
(RotVel) Rotational Velocity [m/sec]: 1162.922574 
(BodyType) Type of Body (0 == planet) []: 0.000000 
(Density) Average Density [kg/m^3]: 2293.417335 
(HEcc) Poincare's h (=e*sin(varpi) []: 0.011050 
(HZLimitDryRunaway) Semi-major axis of Dry Runaway HZ Limit [m]: -1.000000 
(HZLimRecVenus) Recent Venus HZ Limit []: -1.000000 
(HZLimRunaway) Runaway Greenhouse HZ Limit []: -1.000000 
(HZLimMoistGreenhouse) Moist Greenhouse HZ Limit []: -1.000000 
(HZLimMaxGreenhouse) Maximum Greenhouse HZ Limit []: -1.000000 
(HZLimEarlyMars) Early Mars HZ Limit []: -1.000000 
(Instellation) Orbit-averaged INcident STELLar radiATION [kg*m^2/sec^2/(m^2*sec)]: -1.000000 
(KEcc) Poincare's k (=e*cos(varpi) []: -0.000493 
(Eccentricity) Orbital Eccentricity []: 0.011061 
(OrbEnergy) Body's Total Orbital Energy [kg*m^2/sec^2]: -8.217660e+34 
(MeanMotion) Orbital Mean Motion [/sec]: 1.457381e-05 
(OrbPeriod) Orbital Period [sec]: 4.311285e+05 
(SemiMajorAxis) Semi-major Axis [m]: 4.438474e+09 
(OrbAngMom) Orbital Angular Momentum [kg*m^2/sec]: 1.127661e+40 
(ArgP) Body's argument of pericenter [rad]: 3.799176 
(Inc) Body's Inclination [rad]: 0.004713 
(LongA) Body's Longitude of ascending node [rad]: 4.099358 
(MeanLongitude) Orbital Mean Longitude [rad]: 1.615349 
(LongP) Body's Longitude of pericenter [rad]: 1.615349 
(TotOrbEnergy) System's Total Orbital Energy [kg*m^2/sec^2]: -2.110497e+35 
(OrbPotEnergy) Body's Orbital Potential Energy [kg*m^2/sec^2]: -1.643532e+35 
----- DISTORB PARAMETERS (c)------
(Sinc) Body's sin(Inc/2) in DistOrb []: 0.002357 
(Pinc) Body's Poincare p in DistOrb []: -0.001927 
(Qinc) Body's Poincare q in DistOrb []: -0.001356 
(DIncDtDistOrb) Body's inclination derivative in DistOrb [rad/sec]: 3.606754e-13 
(DSincDtDistOrb) Body's sin(Inc/2) derivative in DistOrb [/sec]: 1.803372e-13 
(DLongADtDistOrb) Body's longitude of ascending node derivative in DistOrb [rad/sec]: -4.907532e-12 
(DLongPDtDistOrb) Body's longitude of pericenter derivative in DistOrb [rad/sec]: -1.779248e-10 
(DHeccDtDistOrb) Body's Poincare h derivative in DistOrb [/sec]: 7.055965e-12 
(DKeccDtDistOrb) Body's Poincare k in DistOrb [/sec]: 1.655438e-12 
(DPincDtDistOrb) Body's Poincare p in DistOrb [/sec]: -1.408452e-13 
(DQincDtDistOrb) Body's Poincare q in DistOrb [/sec]: -1.132161e-13 
Output Order: Time[year] LongP[deg] SemiMajorAxis[au] Eccentricity[] Inc[deg] LongA[deg]
Grid Output Order:

----- BODY: d ----
Active Modules: DistOrb
Module Bit Sum: 17
Color: 000000
(Mass) Mass [kg]: 6.459118e+24 
(Radius) Radius [m]: 6.568618e+06 
(RadGyra) Radius of Gyration/Moment of Inertia Constant []: 0.400000 
(RotKinEnergy) Body's Rotational Energy [kg*m^2/sec^2]: 1.179081e+29 
(RotVel) Rotational Velocity [m/sec]: 477.683375 
(BodyType) Type of Body (0 == planet) []: 0.000000 
(Density) Average Density [kg/m^3]: 5440.798094 
(HEcc) Poincare's h (=e*sin(varpi) []: 0.023971 
(HZLimitDryRunaway) Semi-major axis of Dry Runaway HZ Limit [m]: -1.000000 
(HZLimRecVenus) Recent Venus HZ Limit []: -1.000000 
(HZLimRunaway) Runaway Greenhouse HZ Limit []: -1.000000 
(HZLimMoistGreenhouse) Moist Greenhouse HZ Limit []: -1.000000 
(HZLimMaxGreenhouse) Maximum Greenhouse HZ Limit []: -1.000000 
(HZLimEarlyMars) Early Mars HZ Limit []: -1.000000 
(Instellation) Orbit-averaged INcident STELLar radiATION [kg*m^2/sec^2/(m^2*sec)]: -1.000000 
(KEcc) Poincare's k (=e*cos(varpi) []: -0.026832 
(Eccentricity) Orbital Eccentricity []: 0.035980 
(OrbEnergy) Body's Total Orbital Energy [kg*m^2/sec^2]: -2.008437e+34 
(MeanMotion) Orbital Mean Motion [/sec]: 2.641139e-05 
(OrbPeriod) Orbital Period [sec]: 2.378968e+05 
(SemiMajorAxis) Semi-major Axis [m]: 2.985873e+09 
(OrbAngMom) Orbital Angular Momentum [kg*m^2/sec]: 1.519902e+39 
(ArgP) Body's argument of pericenter [rad]: 4.661353 
(Inc) Body's Inclination [rad]: 0.005978 
(LongA) Body's Longitude of ascending node [rad]: 4.034269 
(MeanLongitude) Orbital Mean Longitude [rad]: 2.412437 
(LongP) Body's Longitude of pericenter [rad]: 2.412437 
(TotOrbEnergy) System's Total Orbital Energy [kg*m^2/sec^2]: -2.110497e+35 
(OrbPotEnergy) Body's Orbital Potential Energy [kg*m^2/sec^2]: -4.016873e+34 
----- DISTORB PARAMETERS (d)------
(Sinc) Body's sin(Inc/2) in DistOrb []: 0.002989 
(Pinc) Body's Poincare p in DistOrb []: -0.002328 
(Qinc) Body's Poincare q in DistOrb []: -0.001875 
(DIncDtDistOrb) Body's inclination derivative in DistOrb [rad/sec]: 4.070438e-13 
(DSincDtDistOrb) Body's sin(Inc/2) derivative in DistOrb [/sec]: 2.035210e-13 
(DLongADtDistOrb) Body's longitude of ascending node derivative in DistOrb [rad/sec]: -1.115019e-09 
(DLongPDtDistOrb) Body's longitude of pericenter derivative in DistOrb [rad/sec]: 2.797529e-09 
(DHeccDtDistOrb) Body's Poincare h derivative in DistOrb [/sec]: -8.680421e-11 
(DKeccDtDistOrb) Body's Poincare k in DistOrb [/sec]: -5.391803e-11 
(DPincDtDistOrb) Body's Poincare p in DistOrb [/sec]: 1.932233e-12 
(DQincDtDistOrb) Body's Poincare q in DistOrb [/sec]: -2.723056e-12 
Output Order: Time[year] LongP[deg] SemiMajorAxis[au] Eccentricity[] Inc[deg] LongA[deg]
Grid Output Order:
