-------- Log file LP791-18.log -------

Executable: /Users/noahvowell/opt/anaconda3/envs/exo/bin/vplanet
Version: Unknown
System Name: LP791-18
Primary Input File: vpl.in
Body File #1: star.in
Body File #2: b.in
Body File #3: c.in
Body File #4: d.in
Allow files to be overwitten: Yes
Mass Units: Grams
Length Units: Meters
Time Units: Seconds
Angle Units: Radians

------- FORMATTING -----
Verbosity Level: 5
Crossover Decade for Scientific Notation: 4
Number of Digits After Decimal: 6
Integration Method: Runge-Kutta4
Direction: Forward
Time Step: 3.155760e+07
Stop Time: 3.155760e+12
Output Interval: 3.155760e+09
Use Variable Timestep: Yes
dEta: 0.010000
Minimum Value of ecc and obl: 1.000000e-10


---- INITIAL SYSTEM PROPERTIES ----
(Age) System Age [sec]: 3.155760e+13 
(Time) Simulation Time [sec]: 0.000000 
(TotAngMom) Total Angular Momentum [kg*m^2/sec]: 1.435509e+41 
(TotEnergy) Total System Energy [kg*m^2/sec^2]: -2.208654e+40 
(PotEnergy) Body's non-orbital Potential Energy [kg*m^2/sec^2]: -2.209580e+40 
(KinEnergy) Body's non-orbital Kinetic Energy [kg*m^2/sec^2]: 9.403582e+36 
(DeltaTime) Average Timestep Over Last Output Interval [sec]: 0.000000 

----- BODY: star ----
Active Modules: 
Module Bit Sum: 1
Color: 000000
(Mass) Mass [kg]: 2.661968e+29 
(Radius) Radius [m]: 1.284256e+08 
(RadGyra) Radius of Gyration/Moment of Inertia Constant []: 0.450000 
(BodyType) Type of Body (0 == planet) []: 0.000000 
(Density) Average Density [kg/m^3]: 3.000264e+04 
(HZLimitDryRunaway) Semi-major axis of Dry Runaway HZ Limit [m]: -1.000000 
(HZLimRecVenus) Recent Venus HZ Limit []: -1.000000 
(HZLimRunaway) Runaway Greenhouse HZ Limit []: -1.000000 
(HZLimMoistGreenhouse) Moist Greenhouse HZ Limit []: -1.000000 
(HZLimMaxGreenhouse) Maximum Greenhouse HZ Limit []: -1.000000 
(HZLimEarlyMars) Early Mars HZ Limit []: -1.000000 
(Instellation) Orbit-averaged INcident STELLar radiATION [kg*m^2/sec^2/(m^2*sec)]: -1.000000 
Output Order:
Grid Output Order:

----- BODY: b ----
Active Modules: DistOrb
Module Bit Sum: 17
Color: 000000
(Mass) Mass [kg]: 4.859134e+24 
(Radius) Radius [m]: 8.165823e+06 
(RadGyra) Radius of Gyration/Moment of Inertia Constant []: 0.400000 
(RotKinEnergy) Body's Rotational Energy [kg*m^2/sec^2]: 1.370822e+29 
(RotVel) Rotational Velocity [m/sec]: 593.835410 
(BodyType) Type of Body (0 == planet) []: 0.000000 
(Density) Average Density [kg/m^3]: 2130.445035 
(HEcc) Poincare's h (=e*sin(varpi) []: 4.760937e-05 
(HZLimitDryRunaway) Semi-major axis of Dry Runaway HZ Limit [m]: -1.000000 
(HZLimRecVenus) Recent Venus HZ Limit []: -1.000000 
(HZLimRunaway) Runaway Greenhouse HZ Limit []: -1.000000 
(HZLimMoistGreenhouse) Moist Greenhouse HZ Limit []: -1.000000 
(HZLimMaxGreenhouse) Maximum Greenhouse HZ Limit []: -1.000000 
(HZLimEarlyMars) Early Mars HZ Limit []: -1.000000 
(Instellation) Orbit-averaged INcident STELLar radiATION [kg*m^2/sec^2/(m^2*sec)]: -1.000000 
(KEcc) Poincare's k (=e*cos(varpi) []: 0.016166 
(Eccentricity) Orbital Eccentricity []: 0.016166 
(OrbEnergy) Body's Total Orbital Energy [kg*m^2/sec^2]: -2.986556e+34 
(MeanMotion) Orbital Mean Motion [/sec]: 7.671130e-05 
(OrbPeriod) Orbital Period [sec]: 8.190691e+04 
(SemiMajorAxis) Semi-major Axis [m]: 1.445325e+09 
(OrbAngMom) Orbital Angular Momentum [kg*m^2/sec]: 7.785464e+38 
(ArgP) Body's argument of pericenter [rad]: 2.352515 
(Inc) Body's Inclination [rad]: 0.011388 
(LongA) Body's Longitude of ascending node [rad]: 3.933615 
(MeanLongitude) Orbital Mean Longitude [rad]: 0.002945 
(LongP) Body's Longitude of pericenter [rad]: 0.002945 
(TotOrbEnergy) System's Total Orbital Energy [kg*m^2/sec^2]: -1.339794e+35 
(OrbPotEnergy) Body's Orbital Potential Energy [kg*m^2/sec^2]: -5.973111e+34 
----- DISTORB PARAMETERS (b)------
(Sinc) Body's sin(Inc/2) in DistOrb []: 0.005694 
(Pinc) Body's Poincare p in DistOrb []: -0.004053 
(Qinc) Body's Poincare q in DistOrb []: -0.004000 
(DIncDtDistOrb) Body's inclination derivative in DistOrb [rad/sec]: 3.224599e-12 
(DSincDtDistOrb) Body's sin(Inc/2) derivative in DistOrb [/sec]: 1.612273e-12 
(DLongADtDistOrb) Body's longitude of ascending node derivative in DistOrb [rad/sec]: -2.066627e-10 
(DLongPDtDistOrb) Body's longitude of pericenter derivative in DistOrb [rad/sec]: 6.876311e-10 
(DHeccDtDistOrb) Body's Poincare h derivative in DistOrb [/sec]: 1.111492e-11 
(DKeccDtDistOrb) Body's Poincare k in DistOrb [/sec]: -5.133270e-13 
(DPincDtDistOrb) Body's Poincare p in DistOrb [/sec]: -3.210009e-13 
(DQincDtDistOrb) Body's Poincare q in DistOrb [/sec]: -1.970072e-12 
Output Order: Time[year] TotEnergy[ergs] TotAngMom[kg*m^2/s] LongP[deg] SemiMajorAxis[au] Eccentricity[] Inc[deg] LongA[deg]
Grid Output Order:

----- BODY: c ----
Active Modules: DistOrb
Module Bit Sum: 17
Color: 000000
(Mass) Mass [kg]: 4.467802e+25 
(Radius) Radius [m]: 1.676491e+07 
(RadGyra) Radius of Gyration/Moment of Inertia Constant []: 0.400000 
(RotKinEnergy) Body's Rotational Energy [kg*m^2/sec^2]: 5.312738e+30 
(RotVel) Rotational Velocity [m/sec]: 1219.178424 
(BodyType) Type of Body (0 == planet) []: 0.000000 
(Density) Average Density [kg/m^3]: 2263.611375 
(HEcc) Poincare's h (=e*sin(varpi) []: -0.002455 
(HZLimitDryRunaway) Semi-major axis of Dry Runaway HZ Limit [m]: -1.000000 
(HZLimRecVenus) Recent Venus HZ Limit []: -1.000000 
(HZLimRunaway) Runaway Greenhouse HZ Limit []: -1.000000 
(HZLimMoistGreenhouse) Moist Greenhouse HZ Limit []: -1.000000 
(HZLimMaxGreenhouse) Maximum Greenhouse HZ Limit []: -1.000000 
(HZLimEarlyMars) Early Mars HZ Limit []: -1.000000 
(Instellation) Orbit-averaged INcident STELLar radiATION [kg*m^2/sec^2/(m^2*sec)]: -1.000000 
(KEcc) Poincare's k (=e*cos(varpi) []: -0.016622 
(Eccentricity) Orbital Eccentricity []: 0.016803 
(OrbEnergy) Body's Total Orbital Energy [kg*m^2/sec^2]: -9.074588e+34 
(MeanMotion) Orbital Mean Motion [/sec]: 1.457383e-05 
(OrbPeriod) Orbital Period [sec]: 4.311280e+05 
(SemiMajorAxis) Semi-major Axis [m]: 4.373653e+09 
(OrbAngMom) Orbital Angular Momentum [kg*m^2/sec]: 1.245151e+40 
(ArgP) Body's argument of pericenter [rad]: 6.260555 
(Inc) Body's Inclination [rad]: 0.001513 
(LongA) Body's Longitude of ascending node [rad]: 3.310834 
(MeanLongitude) Orbital Mean Longitude [rad]: -2.994981 
(LongP) Body's Longitude of pericenter [rad]: 3.288204 
(TotOrbEnergy) System's Total Orbital Energy [kg*m^2/sec^2]: -1.339794e+35 
(OrbPotEnergy) Body's Orbital Potential Energy [kg*m^2/sec^2]: -1.814918e+35 
----- DISTORB PARAMETERS (c)------
(Sinc) Body's sin(Inc/2) in DistOrb []: 0.000757 
(Pinc) Body's Poincare p in DistOrb []: -0.000127 
(Qinc) Body's Poincare q in DistOrb []: -0.000746 
(DIncDtDistOrb) Body's inclination derivative in DistOrb [rad/sec]: -4.157364e-13 
(DSincDtDistOrb) Body's sin(Inc/2) derivative in DistOrb [/sec]: -2.078681e-13 
(DLongADtDistOrb) Body's longitude of ascending node derivative in DistOrb [rad/sec]: 4.436781e-09 
(DLongPDtDistOrb) Body's longitude of pericenter derivative in DistOrb [rad/sec]: 4.971043e-10 
(DHeccDtDistOrb) Body's Poincare h derivative in DistOrb [/sec]: -8.351329e-12 
(DKeccDtDistOrb) Body's Poincare k in DistOrb [/sec]: 6.228058e-13 
(DPincDtDistOrb) Body's Poincare p in DistOrb [/sec]: -3.274315e-12 
(DQincDtDistOrb) Body's Poincare q in DistOrb [/sec]: 7.703827e-13 
Output Order: Time[year] LongP[deg] SemiMajorAxis[au] Eccentricity[] Inc[deg] LongA[deg]
Grid Output Order:

----- BODY: d ----
Active Modules: DistOrb
Module Bit Sum: 17
Color: 000000
(Mass) Mass [kg]: 4.427586e+24 
(Radius) Radius [m]: 6.260906e+06 
(RadGyra) Radius of Gyration/Moment of Inertia Constant []: 0.400000 
(RotKinEnergy) Body's Rotational Energy [kg*m^2/sec^2]: 7.342833e+28 
(RotVel) Rotational Velocity [m/sec]: 455.305939 
(BodyType) Type of Body (0 == planet) []: 0.000000 
(Density) Average Density [kg/m^3]: 4306.920396 
(HEcc) Poincare's h (=e*sin(varpi) []: -0.000426 
(HZLimitDryRunaway) Semi-major axis of Dry Runaway HZ Limit [m]: -1.000000 
(HZLimRecVenus) Recent Venus HZ Limit []: -1.000000 
(HZLimRunaway) Runaway Greenhouse HZ Limit []: -1.000000 
(HZLimMoistGreenhouse) Moist Greenhouse HZ Limit []: -1.000000 
(HZLimMaxGreenhouse) Maximum Greenhouse HZ Limit []: -1.000000 
(HZLimEarlyMars) Early Mars HZ Limit []: -1.000000 
(Instellation) Orbit-averaged INcident STELLar radiATION [kg*m^2/sec^2/(m^2*sec)]: -1.000000 
(KEcc) Poincare's k (=e*cos(varpi) []: 0.016861 
(Eccentricity) Orbital Eccentricity []: 0.016867 
(OrbEnergy) Body's Total Orbital Energy [kg*m^2/sec^2]: -1.336801e+34 
(MeanMotion) Orbital Mean Motion [/sec]: 2.641137e-05 
(OrbPeriod) Orbital Period [sec]: 2.378969e+05 
(SemiMajorAxis) Semi-major Axis [m]: 2.942236e+09 
(OrbAngMom) Orbital Angular Momentum [kg*m^2/sec]: 1.012148e+39 
(ArgP) Body's argument of pericenter [rad]: 2.914912 
(Inc) Body's Inclination [rad]: 0.026682 
(LongA) Body's Longitude of ascending node [rad]: 3.342992 
(MeanLongitude) Orbital Mean Longitude [rad]: -0.025281 
(LongP) Body's Longitude of pericenter [rad]: 6.257904 
(TotOrbEnergy) System's Total Orbital Energy [kg*m^2/sec^2]: -1.339794e+35 
(OrbPotEnergy) Body's Orbital Potential Energy [kg*m^2/sec^2]: -2.673602e+34 
----- DISTORB PARAMETERS (d)------
(Sinc) Body's sin(Inc/2) in DistOrb []: 0.013341 
(Pinc) Body's Poincare p in DistOrb []: -0.002669 
(Qinc) Body's Poincare q in DistOrb []: -0.013071 
(DIncDtDistOrb) Body's inclination derivative in DistOrb [rad/sec]: -6.152890e-13 
(DSincDtDistOrb) Body's sin(Inc/2) derivative in DistOrb [/sec]: -3.076171e-13 
(DLongADtDistOrb) Body's longitude of ascending node derivative in DistOrb [rad/sec]: -3.096597e-09 
(DLongPDtDistOrb) Body's longitude of pericenter derivative in DistOrb [rad/sec]: 5.696334e-09 
(DHeccDtDistOrb) Body's Poincare h derivative in DistOrb [/sec]: 9.623163e-11 
(DKeccDtDistOrb) Body's Poincare k in DistOrb [/sec]: -4.861782e-12 
(DPincDtDistOrb) Body's Poincare p in DistOrb [/sec]: 4.053773e-11 
(DQincDtDistOrb) Body's Poincare q in DistOrb [/sec]: -7.962504e-12 
Output Order: Time[year] LongP[deg] SemiMajorAxis[au] Eccentricity[] Inc[deg] LongA[deg]
Grid Output Order:



---- FINAL SYSTEM PROPERTIES ----
(Age) System Age [sec]: 3.471336e+13 
(Time) Simulation Time [sec]: 3.155760e+12 
(TotAngMom) Total Angular Momentum [kg*m^2/sec]: 1.435509e+41 
(TotEnergy) Total System Energy [kg*m^2/sec^2]: -2.208654e+40 
(PotEnergy) Body's non-orbital Potential Energy [kg*m^2/sec^2]: -2.209580e+40 
(KinEnergy) Body's non-orbital Kinetic Energy [kg*m^2/sec^2]: 9.403582e+36 
(DeltaTime) Average Timestep Over Last Output Interval [sec]: 3206.558297 

----- BODY: star ----
Active Modules: 
Module Bit Sum: 1
Color: 000000
(Mass) Mass [kg]: 2.661968e+29 
(Radius) Radius [m]: 1.284256e+08 
(RadGyra) Radius of Gyration/Moment of Inertia Constant []: 0.450000 
(BodyType) Type of Body (0 == planet) []: 0.000000 
(Density) Average Density [kg/m^3]: 3.000264e+04 
(HZLimitDryRunaway) Semi-major axis of Dry Runaway HZ Limit [m]: -1.000000 
(HZLimRecVenus) Recent Venus HZ Limit []: -1.000000 
(HZLimRunaway) Runaway Greenhouse HZ Limit []: -1.000000 
(HZLimMoistGreenhouse) Moist Greenhouse HZ Limit []: -1.000000 
(HZLimMaxGreenhouse) Maximum Greenhouse HZ Limit []: -1.000000 
(HZLimEarlyMars) Early Mars HZ Limit []: -1.000000 
(Instellation) Orbit-averaged INcident STELLar radiATION [kg*m^2/sec^2/(m^2*sec)]: -1.000000 
Output Order:
Grid Output Order:

----- BODY: b ----
Active Modules: DistOrb
Module Bit Sum: 17
Color: 000000
(Mass) Mass [kg]: 4.859134e+24 
(Radius) Radius [m]: 8.165823e+06 
(RadGyra) Radius of Gyration/Moment of Inertia Constant []: 0.400000 
(RotKinEnergy) Body's Rotational Energy [kg*m^2/sec^2]: 1.370822e+29 
(RotVel) Rotational Velocity [m/sec]: 593.835410 
(BodyType) Type of Body (0 == planet) []: 0.000000 
(Density) Average Density [kg/m^3]: 2130.445035 
(HEcc) Poincare's h (=e*sin(varpi) []: 0.030893 
(HZLimitDryRunaway) Semi-major axis of Dry Runaway HZ Limit [m]: -1.000000 
(HZLimRecVenus) Recent Venus HZ Limit []: -1.000000 
(HZLimRunaway) Runaway Greenhouse HZ Limit []: -1.000000 
(HZLimMoistGreenhouse) Moist Greenhouse HZ Limit []: -1.000000 
(HZLimMaxGreenhouse) Maximum Greenhouse HZ Limit []: -1.000000 
(HZLimEarlyMars) Early Mars HZ Limit []: -1.000000 
(Instellation) Orbit-averaged INcident STELLar radiATION [kg*m^2/sec^2/(m^2*sec)]: -1.000000 
(KEcc) Poincare's k (=e*cos(varpi) []: -0.000836 
(Eccentricity) Orbital Eccentricity []: 0.030905 
(OrbEnergy) Body's Total Orbital Energy [kg*m^2/sec^2]: -2.986556e+34 
(MeanMotion) Orbital Mean Motion [/sec]: 7.671130e-05 
(OrbPeriod) Orbital Period [sec]: 8.190691e+04 
(SemiMajorAxis) Semi-major Axis [m]: 1.445325e+09 
(OrbAngMom) Orbital Angular Momentum [kg*m^2/sec]: 7.782763e+38 
(ArgP) Body's argument of pericenter [rad]: 4.944163 
(Inc) Body's Inclination [rad]: 0.012679 
(LongA) Body's Longitude of ascending node [rad]: 2.936865 
(MeanLongitude) Orbital Mean Longitude [rad]: 1.597843 
(LongP) Body's Longitude of pericenter [rad]: 1.597843 
(TotOrbEnergy) System's Total Orbital Energy [kg*m^2/sec^2]: -1.339794e+35 
(OrbPotEnergy) Body's Orbital Potential Energy [kg*m^2/sec^2]: -5.973111e+34 
----- DISTORB PARAMETERS (b)------
(Sinc) Body's sin(Inc/2) in DistOrb []: 0.006340 
(Pinc) Body's Poincare p in DistOrb []: 0.001289 
(Qinc) Body's Poincare q in DistOrb []: -0.006207 
(DIncDtDistOrb) Body's inclination derivative in DistOrb [rad/sec]: 1.667712e-12 
(DSincDtDistOrb) Body's sin(Inc/2) derivative in DistOrb [/sec]: 8.338391e-13 
(DLongADtDistOrb) Body's longitude of ascending node derivative in DistOrb [rad/sec]: -6.670397e-10 
(DLongPDtDistOrb) Body's longitude of pericenter derivative in DistOrb [rad/sec]: 4.937066e-10 
(DHeccDtDistOrb) Body's Poincare h derivative in DistOrb [/sec]: -4.887424e-12 
(DKeccDtDistOrb) Body's Poincare k in DistOrb [/sec]: -1.513121e-11 
(DPincDtDistOrb) Body's Poincare p in DistOrb [/sec]: 4.310028e-12 
(DQincDtDistOrb) Body's Poincare q in DistOrb [/sec]: 4.329476e-14 
Output Order: Time[year] TotEnergy[ergs] TotAngMom[kg*m^2/s] LongP[deg] SemiMajorAxis[au] Eccentricity[] Inc[deg] LongA[deg]
Grid Output Order:

----- BODY: c ----
Active Modules: DistOrb
Module Bit Sum: 17
Color: 000000
(Mass) Mass [kg]: 4.467802e+25 
(Radius) Radius [m]: 1.676491e+07 
(RadGyra) Radius of Gyration/Moment of Inertia Constant []: 0.400000 
(RotKinEnergy) Body's Rotational Energy [kg*m^2/sec^2]: 5.312738e+30 
(RotVel) Rotational Velocity [m/sec]: 1219.178424 
(BodyType) Type of Body (0 == planet) []: 0.000000 
(Density) Average Density [kg/m^3]: 2263.611375 
(HEcc) Poincare's h (=e*sin(varpi) []: 0.011579 
(HZLimitDryRunaway) Semi-major axis of Dry Runaway HZ Limit [m]: -1.000000 
(HZLimRecVenus) Recent Venus HZ Limit []: -1.000000 
(HZLimRunaway) Runaway Greenhouse HZ Limit []: -1.000000 
(HZLimMoistGreenhouse) Moist Greenhouse HZ Limit []: -1.000000 
(HZLimMaxGreenhouse) Maximum Greenhouse HZ Limit []: -1.000000 
(HZLimEarlyMars) Early Mars HZ Limit []: -1.000000 
(Instellation) Orbit-averaged INcident STELLar radiATION [kg*m^2/sec^2/(m^2*sec)]: -1.000000 
(KEcc) Poincare's k (=e*cos(varpi) []: 0.004415 
(Eccentricity) Orbital Eccentricity []: 0.012392 
(OrbEnergy) Body's Total Orbital Energy [kg*m^2/sec^2]: -9.074588e+34 
(MeanMotion) Orbital Mean Motion [/sec]: 1.457383e-05 
(OrbPeriod) Orbital Period [sec]: 4.311280e+05 
(SemiMajorAxis) Semi-major Axis [m]: 4.373653e+09 
(OrbAngMom) Orbital Angular Momentum [kg*m^2/sec]: 1.245231e+40 
(ArgP) Body's argument of pericenter [rad]: 3.852448 
(Inc) Body's Inclination [rad]: 0.005141 
(LongA) Body's Longitude of ascending node [rad]: 3.637217 
(MeanLongitude) Orbital Mean Longitude [rad]: 1.206480 
(LongP) Body's Longitude of pericenter [rad]: 1.206480 
(TotOrbEnergy) System's Total Orbital Energy [kg*m^2/sec^2]: -1.339794e+35 
(OrbPotEnergy) Body's Orbital Potential Energy [kg*m^2/sec^2]: -1.814918e+35 
----- DISTORB PARAMETERS (c)------
(Sinc) Body's sin(Inc/2) in DistOrb []: 0.002571 
(Pinc) Body's Poincare p in DistOrb []: -0.001223 
(Qinc) Body's Poincare q in DistOrb []: -0.002261 
(DIncDtDistOrb) Body's inclination derivative in DistOrb [rad/sec]: 1.506965e-12 
(DSincDtDistOrb) Body's sin(Inc/2) derivative in DistOrb [/sec]: 7.534801e-13 
(DLongADtDistOrb) Body's longitude of ascending node derivative in DistOrb [rad/sec]: -1.193387e-09 
(DLongPDtDistOrb) Body's longitude of pericenter derivative in DistOrb [rad/sec]: -2.037234e-10 
(DHeccDtDistOrb) Body's Poincare h derivative in DistOrb [/sec]: -5.130346e-12 
(DKeccDtDistOrb) Body's Poincare k in DistOrb [/sec]: 7.454478e-13 
(DPincDtDistOrb) Body's Poincare p in DistOrb [/sec]: 2.340238e-12 
(DQincDtDistOrb) Body's Poincare q in DistOrb [/sec]: -2.121761e-12 
Output Order: Time[year] LongP[deg] SemiMajorAxis[au] Eccentricity[] Inc[deg] LongA[deg]
Grid Output Order:

----- BODY: d ----
Active Modules: DistOrb
Module Bit Sum: 17
Color: 000000
(Mass) Mass [kg]: 4.427586e+24 
(Radius) Radius [m]: 6.260906e+06 
(RadGyra) Radius of Gyration/Moment of Inertia Constant []: 0.400000 
(RotKinEnergy) Body's Rotational Energy [kg*m^2/sec^2]: 7.342833e+28 
(RotVel) Rotational Velocity [m/sec]: 455.305939 
(BodyType) Type of Body (0 == planet) []: 0.000000 
(Density) Average Density [kg/m^3]: 4306.920396 
(HEcc) Poincare's h (=e*sin(varpi) []: 0.018238 
(HZLimitDryRunaway) Semi-major axis of Dry Runaway HZ Limit [m]: -1.000000 
(HZLimRecVenus) Recent Venus HZ Limit []: -1.000000 
(HZLimRunaway) Runaway Greenhouse HZ Limit []: -1.000000 
(HZLimMoistGreenhouse) Moist Greenhouse HZ Limit []: -1.000000 
(HZLimMaxGreenhouse) Maximum Greenhouse HZ Limit []: -1.000000 
(HZLimEarlyMars) Early Mars HZ Limit []: -1.000000 
(Instellation) Orbit-averaged INcident STELLar radiATION [kg*m^2/sec^2/(m^2*sec)]: -1.000000 
(KEcc) Poincare's k (=e*cos(varpi) []: 0.031654 
(Eccentricity) Orbital Eccentricity []: 0.036532 
(OrbEnergy) Body's Total Orbital Energy [kg*m^2/sec^2]: -1.336801e+34 
(MeanMotion) Orbital Mean Motion [/sec]: 2.641137e-05 
(OrbPeriod) Orbital Period [sec]: 2.378969e+05 
(SemiMajorAxis) Semi-major Axis [m]: 2.942236e+09 
(OrbAngMom) Orbital Angular Momentum [kg*m^2/sec]: 1.011616e+39 
(ArgP) Body's argument of pericenter [rad]: 6.061696 
(Inc) Body's Inclination [rad]: 0.019786 
(LongA) Body's Longitude of ascending node [rad]: 0.744198 
(MeanLongitude) Orbital Mean Longitude [rad]: 0.522709 
(LongP) Body's Longitude of pericenter [rad]: 0.522709 
(TotOrbEnergy) System's Total Orbital Energy [kg*m^2/sec^2]: -1.339794e+35 
(OrbPotEnergy) Body's Orbital Potential Energy [kg*m^2/sec^2]: -2.673602e+34 
----- DISTORB PARAMETERS (d)------
(Sinc) Body's sin(Inc/2) in DistOrb []: 0.009893 
(Pinc) Body's Poincare p in DistOrb []: 0.006701 
(Qinc) Body's Poincare q in DistOrb []: 0.007278 
(DIncDtDistOrb) Body's inclination derivative in DistOrb [rad/sec]: -5.123217e-12 
(DSincDtDistOrb) Body's sin(Inc/2) derivative in DistOrb [/sec]: -2.561483e-12 
(DLongADtDistOrb) Body's longitude of ascending node derivative in DistOrb [rad/sec]: -4.175483e-09 
(DLongPDtDistOrb) Body's longitude of pericenter derivative in DistOrb [rad/sec]: 2.627667e-09 
(DHeccDtDistOrb) Body's Poincare h derivative in DistOrb [/sec]: 9.391971e-11 
(DKeccDtDistOrb) Body's Poincare k in DistOrb [/sec]: -2.927475e-11 
(DPincDtDistOrb) Body's Poincare p in DistOrb [/sec]: -3.212257e-11 
(DQincDtDistOrb) Body's Poincare q in DistOrb [/sec]: 2.609699e-11 
Output Order: Time[year] LongP[deg] SemiMajorAxis[au] Eccentricity[] Inc[deg] LongA[deg]
Grid Output Order:
