-------- Log file LP791-18.log -------

Executable: /Users/noahvowell/opt/anaconda3/envs/exo/bin/vplanet
Version: Unknown
System Name: LP791-18
Primary Input File: vpl.in
Body File #1: star.in
Body File #2: b.in
Body File #3: c.in
Body File #4: d.in
Allow files to be overwitten: Yes
Mass Units: Grams
Length Units: Meters
Time Units: Seconds
Angle Units: Radians

------- FORMATTING -----
Verbosity Level: 5
Crossover Decade for Scientific Notation: 4
Number of Digits After Decimal: 6
Integration Method: Runge-Kutta4
Direction: Forward
Time Step: 3.155760e+07
Stop Time: 3.155760e+12
Output Interval: 3.155760e+09
Use Variable Timestep: Yes
dEta: 0.010000
Minimum Value of ecc and obl: 1.000000e-10


---- INITIAL SYSTEM PROPERTIES ----
(Age) System Age [sec]: 3.155760e+13 
(Time) Simulation Time [sec]: 0.000000 
(TotAngMom) Total Angular Momentum [kg*m^2/sec]: 1.407833e+41 
(TotEnergy) Total System Energy [kg*m^2/sec^2]: -2.236861e+40 
(PotEnergy) Body's non-orbital Potential Energy [kg*m^2/sec^2]: -2.237765e+40 
(KinEnergy) Body's non-orbital Kinetic Energy [kg*m^2/sec^2]: 9.208979e+36 
(DeltaTime) Average Timestep Over Last Output Interval [sec]: 0.000000 

----- BODY: star ----
Active Modules: 
Module Bit Sum: 1
Color: 000000
(Mass) Mass [kg]: 2.664332e+29 
(Radius) Radius [m]: 1.270334e+08 
(RadGyra) Radius of Gyration/Moment of Inertia Constant []: 0.450000 
(BodyType) Type of Body (0 == planet) []: 0.000000 
(Density) Average Density [kg/m^3]: 3.102744e+04 
(HZLimitDryRunaway) Semi-major axis of Dry Runaway HZ Limit [m]: -1.000000 
(HZLimRecVenus) Recent Venus HZ Limit []: -1.000000 
(HZLimRunaway) Runaway Greenhouse HZ Limit []: -1.000000 
(HZLimMoistGreenhouse) Moist Greenhouse HZ Limit []: -1.000000 
(HZLimMaxGreenhouse) Maximum Greenhouse HZ Limit []: -1.000000 
(HZLimEarlyMars) Early Mars HZ Limit []: -1.000000 
(Instellation) Orbit-averaged INcident STELLar radiATION [kg*m^2/sec^2/(m^2*sec)]: -1.000000 
Output Order:
Grid Output Order:

----- BODY: b ----
Active Modules: DistOrb
Module Bit Sum: 17
Color: 000000
(Mass) Mass [kg]: 1.194449e+25 
(Radius) Radius [m]: 7.488008e+06 
(RadGyra) Radius of Gyration/Moment of Inertia Constant []: 0.400000 
(RotKinEnergy) Body's Rotational Energy [kg*m^2/sec^2]: 2.833496e+29 
(RotVel) Rotational Velocity [m/sec]: 544.543341 
(BodyType) Type of Body (0 == planet) []: 0.000000 
(Density) Average Density [kg/m^3]: 6791.724790 
(HEcc) Poincare's h (=e*sin(varpi) []: 0.000504 
(HZLimitDryRunaway) Semi-major axis of Dry Runaway HZ Limit [m]: -1.000000 
(HZLimRecVenus) Recent Venus HZ Limit []: -1.000000 
(HZLimRunaway) Runaway Greenhouse HZ Limit []: -1.000000 
(HZLimMoistGreenhouse) Moist Greenhouse HZ Limit []: -1.000000 
(HZLimMaxGreenhouse) Maximum Greenhouse HZ Limit []: -1.000000 
(HZLimEarlyMars) Early Mars HZ Limit []: -1.000000 
(Instellation) Orbit-averaged INcident STELLar radiATION [kg*m^2/sec^2/(m^2*sec)]: -1.000000 
(KEcc) Poincare's k (=e*cos(varpi) []: 0.000944 
(Eccentricity) Orbital Eccentricity []: 0.001070 
(OrbEnergy) Body's Total Orbital Energy [kg*m^2/sec^2]: -7.345716e+34 
(MeanMotion) Orbital Mean Motion [/sec]: 7.671170e-05 
(OrbPeriod) Orbital Period [sec]: 8.190648e+04 
(SemiMajorAxis) Semi-major Axis [m]: 1.445760e+09 
(OrbAngMom) Orbital Angular Momentum [kg*m^2/sec]: 1.915148e+39 
(ArgP) Body's argument of pericenter [rad]: 4.682875 
(Inc) Body's Inclination [rad]: 0.031240 
(LongA) Body's Longitude of ascending node [rad]: 2.090791 
(MeanLongitude) Orbital Mean Longitude [rad]: 0.490482 
(LongP) Body's Longitude of pericenter [rad]: 0.490482 
(TotOrbEnergy) System's Total Orbital Energy [kg*m^2/sec^2]: -1.653739e+35 
(OrbPotEnergy) Body's Orbital Potential Energy [kg*m^2/sec^2]: -1.469143e+35 
----- DISTORB PARAMETERS (b)------
(Sinc) Body's sin(Inc/2) in DistOrb []: 0.015619 
(Pinc) Body's Poincare p in DistOrb []: 0.013555 
(Qinc) Body's Poincare q in DistOrb []: -0.007761 
(DIncDtDistOrb) Body's inclination derivative in DistOrb [rad/sec]: -3.954249e-13 
(DSincDtDistOrb) Body's sin(Inc/2) derivative in DistOrb [/sec]: -1.976883e-13 
(DLongADtDistOrb) Body's longitude of ascending node derivative in DistOrb [rad/sec]: -3.989337e-10 
(DLongPDtDistOrb) Body's longitude of pericenter derivative in DistOrb [rad/sec]: 8.316827e-11 
(DHeccDtDistOrb) Body's Poincare h derivative in DistOrb [/sec]: 5.242762e-13 
(DKeccDtDistOrb) Body's Poincare k in DistOrb [/sec]: 7.928761e-13 
(DPincDtDistOrb) Body's Poincare p in DistOrb [/sec]: 2.924497e-12 
(DQincDtDistOrb) Body's Poincare q in DistOrb [/sec]: 5.505660e-12 
Output Order: Time[year] TotEnergy[ergs] TotAngMom[kg*m^2/s] LongP[deg] SemiMajorAxis[au] Eccentricity[] Inc[deg] LongA[deg]
Grid Output Order:

----- BODY: c ----
Active Modules: DistOrb
Module Bit Sum: 17
Color: 000000
(Mass) Mass [kg]: 4.220085e+25 
(Radius) Radius [m]: 1.478971e+07 
(RadGyra) Radius of Gyration/Moment of Inertia Constant []: 0.400000 
(RotKinEnergy) Body's Rotational Energy [kg*m^2/sec^2]: 3.905377e+30 
(RotVel) Rotational Velocity [m/sec]: 1075.538297 
(BodyType) Type of Body (0 == planet) []: 0.000000 
(Density) Average Density [kg/m^3]: 3114.248807 
(HEcc) Poincare's h (=e*sin(varpi) []: 0.000951 
(HZLimitDryRunaway) Semi-major axis of Dry Runaway HZ Limit [m]: -1.000000 
(HZLimRecVenus) Recent Venus HZ Limit []: -1.000000 
(HZLimRunaway) Runaway Greenhouse HZ Limit []: -1.000000 
(HZLimMoistGreenhouse) Moist Greenhouse HZ Limit []: -1.000000 
(HZLimMaxGreenhouse) Maximum Greenhouse HZ Limit []: -1.000000 
(HZLimEarlyMars) Early Mars HZ Limit []: -1.000000 
(Instellation) Orbit-averaged INcident STELLar radiATION [kg*m^2/sec^2/(m^2*sec)]: -1.000000 
(KEcc) Poincare's k (=e*cos(varpi) []: -0.001081 
(Eccentricity) Orbital Eccentricity []: 0.001439 
(OrbEnergy) Body's Total Orbital Energy [kg*m^2/sec^2]: -8.576539e+34 
(MeanMotion) Orbital Mean Motion [/sec]: 1.457380e-05 
(OrbPeriod) Orbital Period [sec]: 4.311287e+05 
(SemiMajorAxis) Semi-major Axis [m]: 4.374938e+09 
(OrbAngMom) Orbital Angular Momentum [kg*m^2/sec]: 1.176979e+40 
(ArgP) Body's argument of pericenter [rad]: 1.437539 
(Inc) Body's Inclination [rad]: 0.001114 
(LongA) Body's Longitude of ascending node [rad]: 0.982501 
(MeanLongitude) Orbital Mean Longitude [rad]: 2.420040 
(LongP) Body's Longitude of pericenter [rad]: 2.420040 
(TotOrbEnergy) System's Total Orbital Energy [kg*m^2/sec^2]: -1.653739e+35 
(OrbPotEnergy) Body's Orbital Potential Energy [kg*m^2/sec^2]: -1.715308e+35 
----- DISTORB PARAMETERS (c)------
(Sinc) Body's sin(Inc/2) in DistOrb []: 0.000557 
(Pinc) Body's Poincare p in DistOrb []: 0.000463 
(Qinc) Body's Poincare q in DistOrb []: 0.000309 
(DIncDtDistOrb) Body's inclination derivative in DistOrb [rad/sec]: -5.756478e-12 
(DSincDtDistOrb) Body's sin(Inc/2) derivative in DistOrb [/sec]: -2.878238e-12 
(DLongADtDistOrb) Body's longitude of ascending node derivative in DistOrb [rad/sec]: 1.300130e-09 
(DLongPDtDistOrb) Body's longitude of pericenter derivative in DistOrb [rad/sec]: -4.166083e-10 
(DHeccDtDistOrb) Body's Poincare h derivative in DistOrb [/sec]: -4.261295e-13 
(DKeccDtDistOrb) Body's Poincare k in DistOrb [/sec]: 1.392036e-12 
(DPincDtDistOrb) Body's Poincare p in DistOrb [/sec]: -1.992672e-12 
(DQincDtDistOrb) Body's Poincare q in DistOrb [/sec]: -2.199429e-12 
Output Order: Time[year] LongP[deg] SemiMajorAxis[au] Eccentricity[] Inc[deg] LongA[deg]
Grid Output Order:

----- BODY: d ----
Active Modules: DistOrb
Module Bit Sum: 17
Color: 000000
(Mass) Mass [kg]: 2.036155e+24 
(Radius) Radius [m]: 6.985978e+06 
(RadGyra) Radius of Gyration/Moment of Inertia Constant []: 0.400000 
(RotKinEnergy) Body's Rotational Energy [kg*m^2/sec^2]: 4.204240e+28 
(RotVel) Rotational Velocity [m/sec]: 508.034666 
(BodyType) Type of Body (0 == planet) []: 0.000000 
(Density) Average Density [kg/m^3]: 1425.740657 
(HEcc) Poincare's h (=e*sin(varpi) []: 0.016949 
(HZLimitDryRunaway) Semi-major axis of Dry Runaway HZ Limit [m]: -1.000000 
(HZLimRecVenus) Recent Venus HZ Limit []: -1.000000 
(HZLimRunaway) Runaway Greenhouse HZ Limit []: -1.000000 
(HZLimMoistGreenhouse) Moist Greenhouse HZ Limit []: -1.000000 
(HZLimMaxGreenhouse) Maximum Greenhouse HZ Limit []: -1.000000 
(HZLimEarlyMars) Early Mars HZ Limit []: -1.000000 
(Instellation) Orbit-averaged INcident STELLar radiATION [kg*m^2/sec^2/(m^2*sec)]: -1.000000 
(KEcc) Poincare's k (=e*cos(varpi) []: 0.002324 
(Eccentricity) Orbital Eccentricity []: 0.017108 
(OrbEnergy) Body's Total Orbital Energy [kg*m^2/sec^2]: -6.151316e+33 
(MeanMotion) Orbital Mean Motion [/sec]: 2.641130e-05 
(OrbPeriod) Orbital Period [sec]: 2.378976e+05 
(SemiMajorAxis) Semi-major Axis [m]: 2.943104e+09 
(OrbAngMom) Orbital Angular Momentum [kg*m^2/sec]: 4.657413e+38 
(ArgP) Body's argument of pericenter [rad]: 5.351032 
(Inc) Body's Inclination [rad]: 0.033541 
(LongA) Body's Longitude of ascending node [rad]: 2.366693 
(MeanLongitude) Orbital Mean Longitude [rad]: 1.434540 
(LongP) Body's Longitude of pericenter [rad]: 1.434540 
(TotOrbEnergy) System's Total Orbital Energy [kg*m^2/sec^2]: -1.653739e+35 
(OrbPotEnergy) Body's Orbital Potential Energy [kg*m^2/sec^2]: -1.230263e+34 
----- DISTORB PARAMETERS (d)------
(Sinc) Body's sin(Inc/2) in DistOrb []: 0.016770 
(Pinc) Body's Poincare p in DistOrb []: 0.011733 
(Qinc) Body's Poincare q in DistOrb []: -0.011982 
(DIncDtDistOrb) Body's inclination derivative in DistOrb [rad/sec]: 6.564448e-12 
(DSincDtDistOrb) Body's sin(Inc/2) derivative in DistOrb [/sec]: 3.281762e-12 
(DLongADtDistOrb) Body's longitude of ascending node derivative in DistOrb [rad/sec]: -3.008702e-09 
(DLongPDtDistOrb) Body's longitude of pericenter derivative in DistOrb [rad/sec]: 3.192559e-09 
(DHeccDtDistOrb) Body's Poincare h derivative in DistOrb [/sec]: 9.548087e-12 
(DKeccDtDistOrb) Body's Poincare k in DistOrb [/sec]: -5.382006e-11 
(DPincDtDistOrb) Body's Poincare p in DistOrb [/sec]: 3.834627e-11 
(DQincDtDistOrb) Body's Poincare q in DistOrb [/sec]: 3.295631e-11 
Output Order: Time[year] LongP[deg] SemiMajorAxis[au] Eccentricity[] Inc[deg] LongA[deg]
Grid Output Order:



---- FINAL SYSTEM PROPERTIES ----
(Age) System Age [sec]: 3.471336e+13 
(Time) Simulation Time [sec]: 3.155760e+12 
(TotAngMom) Total Angular Momentum [kg*m^2/sec]: 1.407833e+41 
(TotEnergy) Total System Energy [kg*m^2/sec^2]: -2.236861e+40 
(PotEnergy) Body's non-orbital Potential Energy [kg*m^2/sec^2]: -2.237765e+40 
(KinEnergy) Body's non-orbital Kinetic Energy [kg*m^2/sec^2]: 9.208979e+36 
(DeltaTime) Average Timestep Over Last Output Interval [sec]: 3647.084249 

----- BODY: star ----
Active Modules: 
Module Bit Sum: 1
Color: 000000
(Mass) Mass [kg]: 2.664332e+29 
(Radius) Radius [m]: 1.270334e+08 
(RadGyra) Radius of Gyration/Moment of Inertia Constant []: 0.450000 
(BodyType) Type of Body (0 == planet) []: 0.000000 
(Density) Average Density [kg/m^3]: 3.102744e+04 
(HZLimitDryRunaway) Semi-major axis of Dry Runaway HZ Limit [m]: -1.000000 
(HZLimRecVenus) Recent Venus HZ Limit []: -1.000000 
(HZLimRunaway) Runaway Greenhouse HZ Limit []: -1.000000 
(HZLimMoistGreenhouse) Moist Greenhouse HZ Limit []: -1.000000 
(HZLimMaxGreenhouse) Maximum Greenhouse HZ Limit []: -1.000000 
(HZLimEarlyMars) Early Mars HZ Limit []: -1.000000 
(Instellation) Orbit-averaged INcident STELLar radiATION [kg*m^2/sec^2/(m^2*sec)]: -1.000000 
Output Order:
Grid Output Order:

----- BODY: b ----
Active Modules: DistOrb
Module Bit Sum: 17
Color: 000000
(Mass) Mass [kg]: 1.194449e+25 
(Radius) Radius [m]: 7.488008e+06 
(RadGyra) Radius of Gyration/Moment of Inertia Constant []: 0.400000 
(RotKinEnergy) Body's Rotational Energy [kg*m^2/sec^2]: 2.833496e+29 
(RotVel) Rotational Velocity [m/sec]: 544.543341 
(BodyType) Type of Body (0 == planet) []: 0.000000 
(Density) Average Density [kg/m^3]: 6791.724790 
(HEcc) Poincare's h (=e*sin(varpi) []: -0.000197 
(HZLimitDryRunaway) Semi-major axis of Dry Runaway HZ Limit [m]: -1.000000 
(HZLimRecVenus) Recent Venus HZ Limit []: -1.000000 
(HZLimRunaway) Runaway Greenhouse HZ Limit []: -1.000000 
(HZLimMoistGreenhouse) Moist Greenhouse HZ Limit []: -1.000000 
(HZLimMaxGreenhouse) Maximum Greenhouse HZ Limit []: -1.000000 
(HZLimEarlyMars) Early Mars HZ Limit []: -1.000000 
(Instellation) Orbit-averaged INcident STELLar radiATION [kg*m^2/sec^2/(m^2*sec)]: -1.000000 
(KEcc) Poincare's k (=e*cos(varpi) []: -0.001605 
(Eccentricity) Orbital Eccentricity []: 0.001617 
(OrbEnergy) Body's Total Orbital Energy [kg*m^2/sec^2]: -7.345716e+34 
(MeanMotion) Orbital Mean Motion [/sec]: 7.671170e-05 
(OrbPeriod) Orbital Period [sec]: 8.190648e+04 
(SemiMajorAxis) Semi-major Axis [m]: 1.445760e+09 
(OrbAngMom) Orbital Angular Momentum [kg*m^2/sec]: 1.915146e+39 
(ArgP) Body's argument of pericenter [rad]: 0.533811 
(Inc) Body's Inclination [rad]: 0.029712 
(LongA) Body's Longitude of ascending node [rad]: 2.730229 
(MeanLongitude) Orbital Mean Longitude [rad]: -3.019145 
(LongP) Body's Longitude of pericenter [rad]: 3.264040 
(TotOrbEnergy) System's Total Orbital Energy [kg*m^2/sec^2]: -1.653739e+35 
(OrbPotEnergy) Body's Orbital Potential Energy [kg*m^2/sec^2]: -1.469143e+35 
----- DISTORB PARAMETERS (b)------
(Sinc) Body's sin(Inc/2) in DistOrb []: 0.014855 
(Pinc) Body's Poincare p in DistOrb []: 0.005940 
(Qinc) Body's Poincare q in DistOrb []: -0.013616 
(DIncDtDistOrb) Body's inclination derivative in DistOrb [rad/sec]: 4.701961e-13 
(DSincDtDistOrb) Body's sin(Inc/2) derivative in DistOrb [/sec]: 2.350721e-13 
(DLongADtDistOrb) Body's longitude of ascending node derivative in DistOrb [rad/sec]: -4.430503e-10 
(DLongPDtDistOrb) Body's longitude of pericenter derivative in DistOrb [rad/sec]: 4.740889e-11 
(DHeccDtDistOrb) Body's Poincare h derivative in DistOrb [/sec]: -6.053747e-14 
(DKeccDtDistOrb) Body's Poincare k in DistOrb [/sec]: 1.355777e-13 
(DPincDtDistOrb) Body's Poincare p in DistOrb [/sec]: 6.126652e-12 
(DQincDtDistOrb) Body's Poincare q in DistOrb [/sec]: 2.416303e-12 
Output Order: Time[year] TotEnergy[ergs] TotAngMom[kg*m^2/s] LongP[deg] SemiMajorAxis[au] Eccentricity[] Inc[deg] LongA[deg]
Grid Output Order:

----- BODY: c ----
Active Modules: DistOrb
Module Bit Sum: 17
Color: 000000
(Mass) Mass [kg]: 4.220085e+25 
(Radius) Radius [m]: 1.478971e+07 
(RadGyra) Radius of Gyration/Moment of Inertia Constant []: 0.400000 
(RotKinEnergy) Body's Rotational Energy [kg*m^2/sec^2]: 3.905377e+30 
(RotVel) Rotational Velocity [m/sec]: 1075.538297 
(BodyType) Type of Body (0 == planet) []: 0.000000 
(Density) Average Density [kg/m^3]: 3114.248807 
(HEcc) Poincare's h (=e*sin(varpi) []: -0.001872 
(HZLimitDryRunaway) Semi-major axis of Dry Runaway HZ Limit [m]: -1.000000 
(HZLimRecVenus) Recent Venus HZ Limit []: -1.000000 
(HZLimRunaway) Runaway Greenhouse HZ Limit []: -1.000000 
(HZLimMoistGreenhouse) Moist Greenhouse HZ Limit []: -1.000000 
(HZLimMaxGreenhouse) Maximum Greenhouse HZ Limit []: -1.000000 
(HZLimEarlyMars) Early Mars HZ Limit []: -1.000000 
(Instellation) Orbit-averaged INcident STELLar radiATION [kg*m^2/sec^2/(m^2*sec)]: -1.000000 
(KEcc) Poincare's k (=e*cos(varpi) []: 5.180982e-05 
(Eccentricity) Orbital Eccentricity []: 0.001873 
(OrbEnergy) Body's Total Orbital Energy [kg*m^2/sec^2]: -8.576539e+34 
(MeanMotion) Orbital Mean Motion [/sec]: 1.457380e-05 
(OrbPeriod) Orbital Period [sec]: 4.311287e+05 
(SemiMajorAxis) Semi-major Axis [m]: 4.374938e+09 
(OrbAngMom) Orbital Angular Momentum [kg*m^2/sec]: 1.176978e+40 
(ArgP) Body's argument of pericenter [rad]: 3.676350 
(Inc) Body's Inclination [rad]: 0.005404 
(LongA) Body's Longitude of ascending node [rad]: 1.063705 
(MeanLongitude) Orbital Mean Longitude [rad]: -1.543131 
(LongP) Body's Longitude of pericenter [rad]: 4.740055 
(TotOrbEnergy) System's Total Orbital Energy [kg*m^2/sec^2]: -1.653739e+35 
(OrbPotEnergy) Body's Orbital Potential Energy [kg*m^2/sec^2]: -1.715308e+35 
----- DISTORB PARAMETERS (c)------
(Sinc) Body's sin(Inc/2) in DistOrb []: 0.002702 
(Pinc) Body's Poincare p in DistOrb []: 0.002362 
(Qinc) Body's Poincare q in DistOrb []: 0.001312 
(DIncDtDistOrb) Body's inclination derivative in DistOrb [rad/sec]: -4.131446e-12 
(DSincDtDistOrb) Body's sin(Inc/2) derivative in DistOrb [/sec]: -2.065715e-12 
(DLongADtDistOrb) Body's longitude of ascending node derivative in DistOrb [rad/sec]: -6.918143e-10 
(DLongPDtDistOrb) Body's longitude of pericenter derivative in DistOrb [rad/sec]: 5.234404e-10 
(DHeccDtDistOrb) Body's Poincare h derivative in DistOrb [/sec]: 1.371047e-12 
(DKeccDtDistOrb) Body's Poincare k in DistOrb [/sec]: 9.428151e-13 
(DPincDtDistOrb) Body's Poincare p in DistOrb [/sec]: -2.713494e-12 
(DQincDtDistOrb) Body's Poincare q in DistOrb [/sec]: 6.307481e-13 
Output Order: Time[year] LongP[deg] SemiMajorAxis[au] Eccentricity[] Inc[deg] LongA[deg]
Grid Output Order:

----- BODY: d ----
Active Modules: DistOrb
Module Bit Sum: 17
Color: 000000
(Mass) Mass [kg]: 2.036155e+24 
(Radius) Radius [m]: 6.985978e+06 
(RadGyra) Radius of Gyration/Moment of Inertia Constant []: 0.400000 
(RotKinEnergy) Body's Rotational Energy [kg*m^2/sec^2]: 4.204240e+28 
(RotVel) Rotational Velocity [m/sec]: 508.034666 
(BodyType) Type of Body (0 == planet) []: 0.000000 
(Density) Average Density [kg/m^3]: 1425.740657 
(HEcc) Poincare's h (=e*sin(varpi) []: 0.006692 
(HZLimitDryRunaway) Semi-major axis of Dry Runaway HZ Limit [m]: -1.000000 
(HZLimRecVenus) Recent Venus HZ Limit []: -1.000000 
(HZLimRunaway) Runaway Greenhouse HZ Limit []: -1.000000 
(HZLimMoistGreenhouse) Moist Greenhouse HZ Limit []: -1.000000 
(HZLimMaxGreenhouse) Maximum Greenhouse HZ Limit []: -1.000000 
(HZLimEarlyMars) Early Mars HZ Limit []: -1.000000 
(Instellation) Orbit-averaged INcident STELLar radiATION [kg*m^2/sec^2/(m^2*sec)]: -1.000000 
(KEcc) Poincare's k (=e*cos(varpi) []: -0.014331 
(Eccentricity) Orbital Eccentricity []: 0.015816 
(OrbEnergy) Body's Total Orbital Energy [kg*m^2/sec^2]: -6.151316e+33 
(MeanMotion) Orbital Mean Motion [/sec]: 2.641130e-05 
(OrbPeriod) Orbital Period [sec]: 2.378976e+05 
(SemiMajorAxis) Semi-major Axis [m]: 2.943104e+09 
(OrbAngMom) Orbital Angular Momentum [kg*m^2/sec]: 4.657512e+38 
(ArgP) Body's argument of pericenter [rad]: 5.489121 
(Inc) Body's Inclination [rad]: 0.028308 
(LongA) Body's Longitude of ascending node [rad]: 3.498794 
(MeanLongitude) Orbital Mean Longitude [rad]: 2.704730 
(LongP) Body's Longitude of pericenter [rad]: 2.704730 
(TotOrbEnergy) System's Total Orbital Energy [kg*m^2/sec^2]: -1.653739e+35 
(OrbPotEnergy) Body's Orbital Potential Energy [kg*m^2/sec^2]: -1.230263e+34 
----- DISTORB PARAMETERS (d)------
(Sinc) Body's sin(Inc/2) in DistOrb []: 0.014154 
(Pinc) Body's Poincare p in DistOrb []: -0.004949 
(Qinc) Body's Poincare q in DistOrb []: -0.013260 
(DIncDtDistOrb) Body's inclination derivative in DistOrb [rad/sec]: 1.815319e-11 
(DSincDtDistOrb) Body's sin(Inc/2) derivative in DistOrb [/sec]: 9.075688e-12 
(DLongADtDistOrb) Body's longitude of ascending node derivative in DistOrb [rad/sec]: -3.511820e-09 
(DLongPDtDistOrb) Body's longitude of pericenter derivative in DistOrb [rad/sec]: 3.417233e-09 
(DHeccDtDistOrb) Body's Poincare h derivative in DistOrb [/sec]: -4.743370e-11 
(DKeccDtDistOrb) Body's Poincare k in DistOrb [/sec]: -2.616064e-11 
(DPincDtDistOrb) Body's Poincare p in DistOrb [/sec]: 4.339390e-11 
(DQincDtDistOrb) Body's Poincare q in DistOrb [/sec]: -2.588222e-11 
Output Order: Time[year] LongP[deg] SemiMajorAxis[au] Eccentricity[] Inc[deg] LongA[deg]
Grid Output Order:
