-------- Log file LP791-18.log -------

Executable: /home/solontoi/anaconda3/envs/vplanet/bin/vplanet
Version: Unknown
System Name: LP791-18
Primary Input File: vpl.in
Body File #1: star.in
Body File #2: b.in
Body File #3: c.in
Body File #4: d.in
Allow files to be overwitten: Yes
Mass Units: Grams
Length Units: Meters
Time Units: Seconds
Angle Units: Radians

------- FORMATTING -----
Verbosity Level: 5
Crossover Decade for Scientific Notation: 4
Number of Digits After Decimal: 6
Integration Method: Runge-Kutta4
Direction: Forward
Time Step: 3.155760e+07
Stop Time: 3.155760e+15
Output Interval: 3.155760e+12
Use Variable Timestep: Yes
dEta: 0.100000
Minimum Value of ecc and obl: 1.000000e-10


---- INITIAL SYSTEM PROPERTIES ----
(Age) System Age [sec]: 3.155760e+13 
(Time) Simulation Time [sec]: 0.000000 
(TotAngMom) Total Angular Momentum [kg*m^2/sec]: 1.611625e+41 
(TotEnergy) Total System Energy [kg*m^2/sec^2]: -2.304520e+40 
(PotEnergy) Body's non-orbital Potential Energy [kg*m^2/sec^2]: -2.305538e+40 
(KinEnergy) Body's non-orbital Kinetic Energy [kg*m^2/sec^2]: 1.040048e+37 
(DeltaTime) Average Timestep Over Last Output Interval [sec]: 0.000000 

----- BODY: star ----
Active Modules: EqTide
Module Bit Sum: 3
Color: 000000
(Mass) Mass [kg]: 2.762739e+29 
(Obliquity) Obliquity [rad]: 0.000000 
(PrecA) Body's precession angle [rad]: 0.000000 
(Xobl) Body's sin(obliquity)*cos(precession angle) []: 0.000000 
(Yobl) Body's sin(obliquity)*sin(precession angle) []: 0.000000 
(Zobl) Body's cos(obliquity) []: 1.000000 
(Radius) Radius [m]: 1.325755e+08 
(RadGyra) Radius of Gyration/Moment of Inertia Constant []: 0.450000 
(RotAngMom) Rotational Angular Momentum [kg*m^2/sec]: 1.430169e+41 
(RotKinEnergy) Body's Rotational Energy [kg*m^2/sec^2]: 1.040048e+37 
(RotVel) Rotational Velocity [m/sec]: 1.928232e+04 
(BodyType) Type of Body (0 == planet) []: 0.000000 
(RotRate) Rotational Frequency [/sec]: 0.000145 
(RotPer) Rotational Period [days]: 0.500000 
(Density) Average Density [kg/m^3]: 2.830491e+04 
(SurfEnFluxTotal) Total Surface Energy Flux [kg*m^2/sec^2/(m^2*sec)]: 0.016054 
(TidalQ) Tidal Q []: 1.000000e+06 
(ImK2) Im(k_2) []: -5.000000e-07 
(K2) k_2 []: 0.500000 
(K2Man) Real Love Number k2 Mantle []: 0.010000 
(Imk2Man) Imaginary Love Number k2 Mantle []: 0.000000 
(TidalQMantle) Mantle's Tidal Q []: 100.000000 
(HEcc) Poincare's h (=e*sin(varpi) []: 0.000000 
(HZLimitDryRunaway) Semi-major axis of Dry Runaway HZ Limit [m]: -1.000000 
(HZLimRecVenus) Recent Venus HZ Limit []: -1.000000 
(HZLimRunaway) Runaway Greenhouse HZ Limit []: -1.000000 
(HZLimMoistGreenhouse) Moist Greenhouse HZ Limit []: -1.000000 
(HZLimMaxGreenhouse) Maximum Greenhouse HZ Limit []: -1.000000 
(HZLimEarlyMars) Early Mars HZ Limit []: -1.000000 
(Instellation) Orbit-averaged INcident STELLar radiATION [kg*m^2/sec^2/(m^2*sec)]: -1.000000 
(KEcc) Poincare's k (=e*cos(varpi) []: 0.000000 
(Eccentricity) Orbital Eccentricity []: -1.000000 
(OrbEnergy) Body's Total Orbital Energy [kg*m^2/sec^2]: 0.000000 
(MeanMotion) Orbital Mean Motion [/sec]: -1.000000 
(OrbPeriod) Orbital Period [sec]: -1.000000 
(SemiMajorAxis) Semi-major Axis [m]: -1.000000 
(CriticalSemiMajorAxis) Holman & Wiegert (1999) P-type Critical Semi-major Axis [m]: -1.000000 
(COPP) Climate Obliquity Precession Parameter []: 0.000000 
(OrbAngMom) Orbital Angular Momentum [kg*m^2/sec]: 0.000000 
(LongP) Body's Longitude of pericenter [rad]: 0.000000 
(TotOrbEnergy) System's Total Orbital Energy [kg*m^2/sec^2]: -2.159106e+35 
(OrbPotEnergy) Body's Orbital Potential Energy [kg*m^2/sec^2]: -1.000000 
(LostEnergy) Body's Total Lost Energy [kg*m^2/sec^2]: 5.562685e-309 
----- EQTIDE PARAMETERS (star)------
(LockTime) Time when body tidally locked. [sec]: -1.000000 
(BodyDsemiDtEqtide) In EqTide, the total change in semi-major axis is due to dissipation in both bodies. This output parameter returns the change due to current body. []: -1.000000 
(BodyDeccDt) In EqTide, the total change in eccentricity is due to towrues on both bodies. This output parameter returns the change due to current body. []: -1.000000 
(DOblDtEqtide) Time Rate of Change of Obliquity in EqTide [rad/sec]: 0.000000 
(DRotPerDtEqtide) Time Rate of Change of Rotation Period in EqTide []: 1.698784e-17 
(DRotRateDtEqtide) Time Rate of Change of Rotational Frequency in EqTide [/sec^2]: -5.719403e-26 
(EqRotRateDiscrete) CPL2 Discrete Equilibrium Spin Rate [/sec]: 7.575483e-05 
(EqRotPerDiscrete) CPL2 Discrete Equilibrium Spin Period [sec]: 8.294105e+04 
(EqRotRateCont) CPL2 Continuous Equilibrium Spin Rate [/sec]: 9.152584e-05 
(EqRotPerCont) CPL2 Continuous Equilibrium Rotation Period [sec]: 6.864930e+04 
(EqRotPer) Equilibrium Rotation Period [sec]: 8.294105e+04 
(EqTidePower) Equilibrium Power from Tides [/sec]: 0.000000 
(GammaRot) Gamma_Rotation [sec]: -1.000000 
(GammaOrb) Gamma_Orbital [sec]: -1.000000 
(OceanK2) Ocean's Love number k_2 []: 0.010000 
(EnvTidalQ) Envelope Tidal Q []: -1.000000 
(OceanTidalQ) Ocean Tidal Q []: -1.000000 
(TideLock) Tidally Locked? []: 0.000000 
(RotTimeEqtide) Timescale for Rotational Evolution in EqTide [sec]: 2.581248e+21 
(EnvK2) Envelope's Love number k_2 []: 0.010000 
(OblTimeEqtide) Timescale for Obliquity Evolution in EqTide []: -1.000000 
(PowerEqtide) Internal Power due to Tides in EqTide [kg*m^2/sec^3]: 3.545905e+15 
(SurfEnFluxEqtide) Surface Energy Flux due to Tides in EqTide [kg*m^2/sec^2/(m^2*sec)]: 0.016054 
Tidal Perturbers: b, c, d
Output Order: Time[year] RotPer[days]
Grid Output Order:

----- BODY: b ----
Active Modules: EqTide
Module Bit Sum: 3
Color: 000000
(Mass) Mass [kg]: 1.549746e+25 
(Obliquity) Obliquity [rad]: 0.000000 
(PrecA) Body's precession angle [rad]: 0.000000 
(Xobl) Body's sin(obliquity)*cos(precession angle) []: 0.000000 
(Yobl) Body's sin(obliquity)*sin(precession angle) []: 0.000000 
(Zobl) Body's cos(obliquity) []: 1.000000 
(Radius) Radius [m]: 8.025776e+06 
(RadGyra) Radius of Gyration/Moment of Inertia Constant []: 0.400000 
(RotAngMom) Rotational Angular Momentum [kg*m^2/sec]: 1.161504e+34 
(RotKinEnergy) Body's Rotational Energy [kg*m^2/sec^2]: 4.223347e+29 
(RotVel) Rotational Velocity [m/sec]: 583.650908 
(BodyType) Type of Body (0 == planet) []: 0.000000 
(RotRate) Rotational Frequency [/sec]: 7.272205e-05 
(RotPer) Rotational Period [days]: 1.000000 
(Density) Average Density [kg/m^3]: 7156.665907 
(SurfEnFluxTotal) Total Surface Energy Flux [W/m^2]: 1.412352e+05 
(TidalQ) Tidal Q []: 977.742853 
(ImK2) Im(k_2) []: -0.000307 
(K2) k_2 []: 0.300000 
(K2Man) Real Love Number k2 Mantle []: 0.010000 
(Imk2Man) Imaginary Love Number k2 Mantle []: 0.000000 
(TidalQMantle) Mantle's Tidal Q []: 100.000000 
(HEcc) Poincare's h (=e*sin(varpi) []: 0.000000 
(HZLimitDryRunaway) Semi-major axis of Dry Runaway HZ Limit [m]: -1.000000 
(HZLimRecVenus) Recent Venus HZ Limit []: -1.000000 
(HZLimRunaway) Runaway Greenhouse HZ Limit []: -1.000000 
(HZLimMoistGreenhouse) Moist Greenhouse HZ Limit []: -1.000000 
(HZLimMaxGreenhouse) Maximum Greenhouse HZ Limit []: -1.000000 
(HZLimEarlyMars) Early Mars HZ Limit []: -1.000000 
(Instellation) Orbit-averaged INcident STELLar radiATION [kg*m^2/sec^2/(m^2*sec)]: -1.000000 
(KEcc) Poincare's k (=e*cos(varpi) []: 0.148034 
(Eccentricity) Orbital Eccentricity []: 0.148034 
(OrbEnergy) Body's Total Orbital Energy [kg*m^2/sec^2]: -9.682602e+34 
(MeanMotion) Orbital Mean Motion [/sec]: 7.575483e-05 
(OrbPeriod) Orbital Period [sec]: 8.294105e+04 
(SemiMajorAxis) Semi-major Axis [m]: 1.475648e+09 
(CriticalSemiMajorAxis) Holman & Wiegert (1999) P-type Critical Semi-major Axis [m]: -1.000000 
(COPP) Climate Obliquity Precession Parameter []: 0.000000 
(OrbAngMom) Orbital Angular Momentum [kg*m^2/sec]: 2.528135e+39 
(LongP) Body's Longitude of pericenter [rad]: 0.000000 
(TotOrbEnergy) System's Total Orbital Energy [kg*m^2/sec^2]: -2.159106e+35 
(OrbPotEnergy) Body's Orbital Potential Energy [kg*m^2/sec^2]: -1.936520e+35 
(LostEnergy) Body's Total Lost Energy [kg*m^2/sec^2]: 5.562685e-309 
----- EQTIDE PARAMETERS (b)------
(TidalRadius) In EqTide, the value of the radius that enters the tidal evolution equations. This parameter is distinct from others, such as the radius of XUV absorption or a pressure level in an atmosphere. [m]: 8.025776e+06 
(DsemiDtEqtide) Total da/dt from EqTide [m/sec]: -1.140823e-05 
(DeccDtEqtide) Total de/dt from EqTide [/sec]: -2.846254e-15 
(DMeanMotionDtEqtide) Total dMeanMotion/dt from EqTide [/sec^2]: 8.784905e-19 
(DOrbPerDtEqtide) Total dOrbPer/dt from EqTide []: -9.618255e-10 
(EccTimeEqtide) Timescale for Eccentricity Evolution (e/[de/dt]) in EqTide [sec]: 5.201028e+13 
(SemiTimeEqtide) Timescale for Semi-major Axis Evolution (a/[da/dt]) in EqTide [sec]: 1.293494e+14 
(DHEccDtEqtide) Time Rate of Change of Poincare's h in EqTide [/sec]: -0.000000 
(DKEccDtEqtide) Time Rate of Change of Poincare's k in EqTide [/sec]: -2.846254e-15 
(DXoblDtEqtide) Time Rate of Change of Laskar's X in EqTide [/sec]: 0.000000 
(DYoblDtEqtide) Time Rate of Change of Laskar's Y in EqTide [/sec]: 0.000000 
(DZoblDtEqtide) Time Rate of Change of Laskar's Z in EqTide [/sec]: 0.000000 
(LockTime) Time when body tidally locked. [sec]: -1.000000 
(BodyDsemiDtEqtide) In EqTide, the total change in semi-major axis is due to dissipation in both bodies. This output parameter returns the change due to current body. []: -1.000000 
(BodyDeccDt) In EqTide, the total change in eccentricity is due to towrues on both bodies. This output parameter returns the change due to current body. []: -1.000000 
(DOblDtEqtide) Time Rate of Change of Obliquity in EqTide [rad/sec]: 0.000000 
(DRotPerDtEqtide) Time Rate of Change of Rotation Period in EqTide []: -6.487599e-05 
(DRotRateDtEqtide) Time Rate of Change of Rotational Frequency in EqTide [/sec^2]: 5.460550e-14 
(EqRotRateDiscrete) CPL2 Discrete Equilibrium Spin Rate [/sec]: 7.575483e-05 
(EqRotPerDiscrete) CPL2 Discrete Equilibrium Spin Period [sec]: 8.294105e+04 
(EqRotRateCont) CPL2 Continuous Equilibrium Spin Rate [/sec]: 9.152584e-05 
(EqRotPerCont) CPL2 Continuous Equilibrium Rotation Period [sec]: 6.864930e+04 
(EqRotPer) Equilibrium Rotation Period [sec]: 8.294105e+04 
(EqTidePower) Equilibrium Power from Tides [/sec]: 0.000000 
(GammaRot) Gamma_Rotation [sec]: -1.000000 
(GammaOrb) Gamma_Orbital [sec]: -1.000000 
(OceanK2) Ocean's Love number k_2 []: 0.010000 
(EnvTidalQ) Envelope Tidal Q []: -1.000000 
(OceanTidalQ) Ocean Tidal Q []: -1.000000 
(TideLock) Tidally Locked? []: 0.000000 
(RotTimeEqtide) Timescale for Rotational Evolution in EqTide [sec]: 1.331772e+09 
(EnvK2) Envelope's Love number k_2 []: 0.010000 
(OblTimeEqtide) Timescale for Obliquity Evolution in EqTide []: -1.000000 
(PowerEqtide) Internal Power due to Tides in EqTide [kg*m^2/sec^3]: 1.143213e+20 
(SurfEnFluxEqtide) Surface Energy Flux due to Tides in EqTide [kg*m^2/sec^2/(m^2*sec)]: 1.412352e+05 
Tidal Perturbers: star
Output Order: Time[year] TotEnergy[ergs] TotAngMom[kg*m^2/s] RotPer[days] SemiMajorAxis[au] Eccentricity[] SurfEnFluxTotal[W/m^2]
Grid Output Order:

----- BODY: c ----
Active Modules: EqTide
Module Bit Sum: 3
Color: 000000
(Mass) Mass [kg]: 4.907751e+25 
(Obliquity) Obliquity [rad]: 0.000000 
(PrecA) Body's precession angle [rad]: 0.000000 
(Xobl) Body's sin(obliquity)*cos(precession angle) []: 0.000000 
(Yobl) Body's sin(obliquity)*sin(precession angle) []: 0.000000 
(Zobl) Body's cos(obliquity) []: 1.000000 
(Radius) Radius [m]: 1.527367e+07 
(RadGyra) Radius of Gyration/Moment of Inertia Constant []: 0.400000 
(RotAngMom) Rotational Angular Momentum [kg*m^2/sec]: 1.332158e+35 
(RotKinEnergy) Body's Rotational Energy [kg*m^2/sec^2]: 4.843863e+30 
(RotVel) Rotational Velocity [m/sec]: 1110.732942 
(BodyType) Type of Body (0 == planet) []: 0.000000 
(RotRate) Rotational Frequency [/sec]: 7.272205e-05 
(RotPer) Rotational Period [days]: 1.000000 
(Density) Average Density [kg/m^3]: 3288.238891 
(SurfEnFluxTotal) Total Surface Energy Flux [W/m^2]: 56.685431 
(TidalQ) Tidal Q []: 8.028191e+04 
(ImK2) Im(k_2) []: -3.736832e-06 
(K2) k_2 []: 0.300000 
(K2Man) Real Love Number k2 Mantle []: 0.010000 
(Imk2Man) Imaginary Love Number k2 Mantle []: 0.000000 
(TidalQMantle) Mantle's Tidal Q []: 100.000000 
(HEcc) Poincare's h (=e*sin(varpi) []: 0.000000 
(HZLimitDryRunaway) Semi-major axis of Dry Runaway HZ Limit [m]: -1.000000 
(HZLimRecVenus) Recent Venus HZ Limit []: -1.000000 
(HZLimRunaway) Runaway Greenhouse HZ Limit []: -1.000000 
(HZLimMoistGreenhouse) Moist Greenhouse HZ Limit []: -1.000000 
(HZLimMaxGreenhouse) Maximum Greenhouse HZ Limit []: -1.000000 
(HZLimEarlyMars) Early Mars HZ Limit []: -1.000000 
(Instellation) Orbit-averaged INcident STELLar radiATION [kg*m^2/sec^2/(m^2*sec)]: -1.000000 
(KEcc) Poincare's k (=e*cos(varpi) []: 0.090658 
(Eccentricity) Orbital Eccentricity []: 0.090658 
(OrbEnergy) Body's Total Orbital Energy [kg*m^2/sec^2]: -9.955275e+34 
(MeanMotion) Orbital Mean Motion [/sec]: 1.401507e-05 
(OrbPeriod) Orbital Period [sec]: 4.483163e+05 
(SemiMajorAxis) Semi-major Axis [m]: 4.545101e+09 
(CriticalSemiMajorAxis) Holman & Wiegert (1999) P-type Critical Semi-major Axis [m]: -1.000000 
(COPP) Climate Obliquity Precession Parameter []: 0.000000 
(OrbAngMom) Orbital Angular Momentum [kg*m^2/sec]: 1.414802e+40 
(LongP) Body's Longitude of pericenter [rad]: 0.000000 
(TotOrbEnergy) System's Total Orbital Energy [kg*m^2/sec^2]: -2.159106e+35 
(OrbPotEnergy) Body's Orbital Potential Energy [kg*m^2/sec^2]: -1.991055e+35 
(LostEnergy) Body's Total Lost Energy [kg*m^2/sec^2]: 5.562685e-309 
----- EQTIDE PARAMETERS (c)------
(TidalRadius) In EqTide, the value of the radius that enters the tidal evolution equations. This parameter is distinct from others, such as the radius of XUV absorption or a pressure level in an atmosphere. [m]: 1.527367e+07 
(DsemiDtEqtide) Total da/dt from EqTide [m/sec]: 1.903668e-09 
(DeccDtEqtide) Total de/dt from EqTide [/sec]: 8.162755e-20 
(DMeanMotionDtEqtide) Total dMeanMotion/dt from EqTide [/sec^2]: -8.805098e-24 
(DOrbPerDtEqtide) Total dOrbPer/dt from EqTide []: 2.816588e-13 
(EccTimeEqtide) Timescale for Eccentricity Evolution (e/[de/dt]) in EqTide [sec]: 1.110628e+18 
(SemiTimeEqtide) Timescale for Semi-major Axis Evolution (a/[da/dt]) in EqTide [sec]: 2.387550e+18 
(DHEccDtEqtide) Time Rate of Change of Poincare's h in EqTide [/sec]: 0.000000 
(DKEccDtEqtide) Time Rate of Change of Poincare's k in EqTide [/sec]: 8.162755e-20 
(DXoblDtEqtide) Time Rate of Change of Laskar's X in EqTide [/sec]: 0.000000 
(DYoblDtEqtide) Time Rate of Change of Laskar's Y in EqTide [/sec]: 0.000000 
(DZoblDtEqtide) Time Rate of Change of Laskar's Z in EqTide [/sec]: 0.000000 
(LockTime) Time when body tidally locked. [sec]: -1.000000 
(BodyDsemiDtEqtide) In EqTide, the total change in semi-major axis is due to dissipation in both bodies. This output parameter returns the change due to current body. []: -1.000000 
(BodyDeccDt) In EqTide, the total change in eccentricity is due to towrues on both bodies. This output parameter returns the change due to current body. []: -1.000000 
(DOblDtEqtide) Time Rate of Change of Obliquity in EqTide [rad/sec]: 0.000000 
(DRotPerDtEqtide) Time Rate of Change of Rotation Period in EqTide []: 1.853835e-09 
(DRotRateDtEqtide) Time Rate of Change of Rotational Frequency in EqTide [/sec^2]: -1.560355e-18 
(EqRotRateDiscrete) CPL2 Discrete Equilibrium Spin Rate [/sec]: 1.401507e-05 
(EqRotPerDiscrete) CPL2 Discrete Equilibrium Spin Period [sec]: 4.483163e+05 
(EqRotRateCont) CPL2 Continuous Equilibrium Spin Rate [/sec]: 1.510936e-05 
(EqRotPerCont) CPL2 Continuous Equilibrium Rotation Period [sec]: 4.158473e+05 
(EqRotPer) Equilibrium Rotation Period [sec]: 4.483163e+05 
(EqTidePower) Equilibrium Power from Tides [/sec]: 0.000000 
(GammaRot) Gamma_Rotation [sec]: -1.000000 
(GammaOrb) Gamma_Orbital [sec]: -1.000000 
(OceanK2) Ocean's Love number k_2 []: 0.010000 
(EnvTidalQ) Envelope Tidal Q []: -1.000000 
(OceanTidalQ) Ocean Tidal Q []: -1.000000 
(TideLock) Tidally Locked? []: 0.000000 
(RotTimeEqtide) Timescale for Rotational Evolution in EqTide [sec]: 4.660608e+13 
(EnvK2) Envelope's Love number k_2 []: 0.010000 
(OblTimeEqtide) Timescale for Obliquity Evolution in EqTide []: -1.000000 
(PowerEqtide) Internal Power due to Tides in EqTide [kg*m^2/sec^3]: 1.661760e+17 
(SurfEnFluxEqtide) Surface Energy Flux due to Tides in EqTide [kg*m^2/sec^2/(m^2*sec)]: 56.685431 
Tidal Perturbers: star
Output Order: Time[year] RotPer[days] SemiMajorAxis[au] Eccentricity[] SurfEnFluxTotal[W/m^2]
Grid Output Order:

----- BODY: d ----
Active Modules: EqTide
Module Bit Sum: 3
Color: 000000
(Mass) Mass [kg]: 6.284516e+24 
(Obliquity) Obliquity [rad]: 0.000000 
(PrecA) Body's precession angle [rad]: 0.000000 
(Xobl) Body's sin(obliquity)*cos(precession angle) []: 0.000000 
(Yobl) Body's sin(obliquity)*sin(precession angle) []: 0.000000 
(Zobl) Body's cos(obliquity) []: 1.000000 
(Radius) Radius [m]: 6.195985e+06 
(RadGyra) Radius of Gyration/Moment of Inertia Constant []: 0.400000 
(RotAngMom) Rotational Angular Momentum [kg*m^2/sec]: 2.807234e+33 
(RotKinEnergy) Body's Rotational Energy [kg*m^2/sec^2]: 1.020739e+29 
(RotVel) Rotational Velocity [m/sec]: 450.584725 
(BodyType) Type of Body (0 == planet) []: 0.000000 
(RotRate) Rotational Frequency [/sec]: 7.272205e-05 
(RotPer) Rotational Period [days]: 1.000000 
(Density) Average Density [kg/m^3]: 6307.427011 
(SurfEnFluxTotal) Total Surface Energy Flux [W/m^2]: 1.627452e+04 
(TidalQ) Tidal Q []: 181.074517 
(ImK2) Im(k_2) []: -0.001657 
(K2) k_2 []: 0.300000 
(K2Man) Real Love Number k2 Mantle []: 0.010000 
(Imk2Man) Imaginary Love Number k2 Mantle []: 0.000000 
(TidalQMantle) Mantle's Tidal Q []: 100.000000 
(HEcc) Poincare's h (=e*sin(varpi) []: 0.000000 
(HZLimitDryRunaway) Semi-major axis of Dry Runaway HZ Limit [m]: -1.000000 
(HZLimRecVenus) Recent Venus HZ Limit []: -1.000000 
(HZLimRunaway) Runaway Greenhouse HZ Limit []: -1.000000 
(HZLimMoistGreenhouse) Moist Greenhouse HZ Limit []: -1.000000 
(HZLimMaxGreenhouse) Maximum Greenhouse HZ Limit []: -1.000000 
(HZLimEarlyMars) Early Mars HZ Limit []: -1.000000 
(Instellation) Orbit-averaged INcident STELLar radiATION [kg*m^2/sec^2/(m^2*sec)]: -1.000000 
(KEcc) Poincare's k (=e*cos(varpi) []: 0.025747 
(Eccentricity) Orbital Eccentricity []: 0.025747 
(OrbEnergy) Body's Total Orbital Energy [kg*m^2/sec^2]: -1.953182e+34 
(MeanMotion) Orbital Mean Motion [/sec]: 2.657736e-05 
(OrbPeriod) Orbital Period [sec]: 2.364112e+05 
(SemiMajorAxis) Semi-major Axis [m]: 2.966494e+09 
(CriticalSemiMajorAxis) Holman & Wiegert (1999) P-type Critical Semi-major Axis [m]: -1.000000 
(COPP) Climate Obliquity Precession Parameter []: 0.000000 
(OrbAngMom) Orbital Angular Momentum [kg*m^2/sec]: 1.469321e+39 
(LongP) Body's Longitude of pericenter [rad]: 0.000000 
(TotOrbEnergy) System's Total Orbital Energy [kg*m^2/sec^2]: -2.159106e+35 
(OrbPotEnergy) Body's Orbital Potential Energy [kg*m^2/sec^2]: -3.906364e+34 
(LostEnergy) Body's Total Lost Energy [kg*m^2/sec^2]: 5.562685e-309 
----- EQTIDE PARAMETERS (d)------
(TidalRadius) In EqTide, the value of the radius that enters the tidal evolution equations. This parameter is distinct from others, such as the radius of XUV absorption or a pressure level in an atmosphere. [m]: 6.195985e+06 
(DsemiDtEqtide) Total da/dt from EqTide [m/sec]: 6.905551e-07 
(DeccDtEqtide) Total de/dt from EqTide [/sec]: 1.411513e-17 
(DMeanMotionDtEqtide) Total dMeanMotion/dt from EqTide [/sec^2]: -9.280213e-21 
(DOrbPerDtEqtide) Total dOrbPer/dt from EqTide []: 8.254943e-11 
(EccTimeEqtide) Timescale for Eccentricity Evolution (e/[de/dt]) in EqTide [sec]: 1.824050e+15 
(SemiTimeEqtide) Timescale for Semi-major Axis Evolution (a/[da/dt]) in EqTide [sec]: 4.295811e+15 
(DHEccDtEqtide) Time Rate of Change of Poincare's h in EqTide [/sec]: 0.000000 
(DKEccDtEqtide) Time Rate of Change of Poincare's k in EqTide [/sec]: 1.411513e-17 
(DXoblDtEqtide) Time Rate of Change of Laskar's X in EqTide [/sec]: 0.000000 
(DYoblDtEqtide) Time Rate of Change of Laskar's Y in EqTide [/sec]: 0.000000 
(DZoblDtEqtide) Time Rate of Change of Laskar's Z in EqTide [/sec]: 0.000000 
(LockTime) Time when body tidally locked. [sec]: -1.000000 
(BodyDsemiDtEqtide) In EqTide, the total change in semi-major axis is due to dissipation in both bodies. This output parameter returns the change due to current body. []: -1.000000 
(BodyDeccDt) In EqTide, the total change in eccentricity is due to towrues on both bodies. This output parameter returns the change due to current body. []: -1.000000 
(DOblDtEqtide) Time Rate of Change of Obliquity in EqTide [rad/sec]: 0.000000 
(DRotPerDtEqtide) Time Rate of Change of Rotation Period in EqTide []: 5.247097e-06 
(DRotRateDtEqtide) Time Rate of Change of Rotational Frequency in EqTide [/sec^2]: -4.416431e-15 
(EqRotRateDiscrete) CPL2 Discrete Equilibrium Spin Rate [/sec]: 2.657736e-05 
(EqRotPerDiscrete) CPL2 Discrete Equilibrium Spin Period [sec]: 2.364112e+05 
(EqRotRateCont) CPL2 Continuous Equilibrium Spin Rate [/sec]: 2.674473e-05 
(EqRotPerCont) CPL2 Continuous Equilibrium Rotation Period [sec]: 2.349317e+05 
(EqRotPer) Equilibrium Rotation Period [sec]: 2.364112e+05 
(EqTidePower) Equilibrium Power from Tides [/sec]: 0.000000 
(GammaRot) Gamma_Rotation [sec]: -1.000000 
(GammaOrb) Gamma_Orbital [sec]: -1.000000 
(OceanK2) Ocean's Love number k_2 []: 0.010000 
(EnvTidalQ) Envelope Tidal Q []: -1.000000 
(OceanTidalQ) Ocean Tidal Q []: -1.000000 
(TideLock) Tidally Locked? []: 0.000000 
(RotTimeEqtide) Timescale for Rotational Evolution in EqTide [sec]: 1.646625e+10 
(EnvK2) Envelope's Love number k_2 []: 0.010000 
(OblTimeEqtide) Timescale for Obliquity Evolution in EqTide []: -1.000000 
(PowerEqtide) Internal Power due to Tides in EqTide [kg*m^2/sec^3]: 7.851247e+18 
(SurfEnFluxEqtide) Surface Energy Flux due to Tides in EqTide [kg*m^2/sec^2/(m^2*sec)]: 1.627452e+04 
Tidal Perturbers: star
Output Order: Time[year] RotPer[days] SemiMajorAxis[au] Eccentricity[] SurfEnFluxTotal[W/m^2]
Grid Output Order:



---- FINAL SYSTEM PROPERTIES ----
(Age) System Age [sec]: 3.187318e+15 
(Time) Simulation Time [sec]: 3.155760e+15 
(TotAngMom) Total Angular Momentum [kg*m^2/sec]: 1.611628e+41 
(TotEnergy) Total System Energy [kg*m^2/sec^2]: -2.304520e+40 
(PotEnergy) Body's non-orbital Potential Energy [kg*m^2/sec^2]: -2.305538e+40 
(KinEnergy) Body's non-orbital Kinetic Energy [kg*m^2/sec^2]: 1.040046e+37 
(DeltaTime) Average Timestep Over Last Output Interval [sec]: 3.025657e+09 

----- BODY: star ----
Active Modules: EqTide
Module Bit Sum: 3
Color: 000000
(Mass) Mass [kg]: 2.762739e+29 
(Obliquity) Obliquity [rad]: 0.000000 
(PrecA) Body's precession angle [rad]: 0.000000 
(Xobl) Body's sin(obliquity)*cos(precession angle) []: 0.000000 
(Yobl) Body's sin(obliquity)*sin(precession angle) []: 0.000000 
(Zobl) Body's cos(obliquity) []: 1.000000 
(Radius) Radius [m]: 1.325755e+08 
(RadGyra) Radius of Gyration/Moment of Inertia Constant []: 0.450000 
(RotAngMom) Rotational Angular Momentum [kg*m^2/sec]: 1.430167e+41 
(RotKinEnergy) Body's Rotational Energy [kg*m^2/sec^2]: 1.040046e+37 
(RotVel) Rotational Velocity [m/sec]: 1.928230e+04 
(BodyType) Type of Body (0 == planet) []: 0.000000 
(RotRate) Rotational Frequency [/sec]: 0.000145 
(RotPer) Rotational Period [days]: 0.500001 
(Density) Average Density [kg/m^3]: 2.830491e+04 
(SurfEnFluxTotal) Total Surface Energy Flux [kg*m^2/sec^2/(m^2*sec)]: 0.016944 
(TidalQ) Tidal Q []: 1.000000e+06 
(ImK2) Im(k_2) []: -5.000000e-07 
(K2) k_2 []: 0.500000 
(K2Man) Real Love Number k2 Mantle []: 0.010000 
(Imk2Man) Imaginary Love Number k2 Mantle []: 0.000000 
(TidalQMantle) Mantle's Tidal Q []: 100.000000 
(HEcc) Poincare's h (=e*sin(varpi) []: 0.000000 
(HZLimitDryRunaway) Semi-major axis of Dry Runaway HZ Limit [m]: -1.000000 
(HZLimRecVenus) Recent Venus HZ Limit []: -1.000000 
(HZLimRunaway) Runaway Greenhouse HZ Limit []: -1.000000 
(HZLimMoistGreenhouse) Moist Greenhouse HZ Limit []: -1.000000 
(HZLimMaxGreenhouse) Maximum Greenhouse HZ Limit []: -1.000000 
(HZLimEarlyMars) Early Mars HZ Limit []: -1.000000 
(Instellation) Orbit-averaged INcident STELLar radiATION [kg*m^2/sec^2/(m^2*sec)]: -1.000000 
(KEcc) Poincare's k (=e*cos(varpi) []: 0.000000 
(Eccentricity) Orbital Eccentricity []: -1.000000 
(OrbEnergy) Body's Total Orbital Energy [kg*m^2/sec^2]: 0.000000 
(MeanMotion) Orbital Mean Motion [/sec]: -1.000000 
(OrbPeriod) Orbital Period [sec]: -1.000000 
(SemiMajorAxis) Semi-major Axis [m]: -1.000000 
(CriticalSemiMajorAxis) Holman & Wiegert (1999) P-type Critical Semi-major Axis [m]: -1.000000 
(COPP) Climate Obliquity Precession Parameter []: 0.000000 
(OrbAngMom) Orbital Angular Momentum [kg*m^2/sec]: 0.000000 
(LongP) Body's Longitude of pericenter [rad]: 0.000000 
(TotOrbEnergy) System's Total Orbital Energy [kg*m^2/sec^2]: -2.180605e+35 
(OrbPotEnergy) Body's Orbital Potential Energy [kg*m^2/sec^2]: -1.000000 
(LostEnergy) Body's Total Lost Energy [kg*m^2/sec^2]: 1.180899e+31 
----- EQTIDE PARAMETERS (star)------
(LockTime) Time when body tidally locked. [sec]: -1.000000 
(BodyDsemiDtEqtide) In EqTide, the total change in semi-major axis is due to dissipation in both bodies. This output parameter returns the change due to current body. []: -1.000000 
(BodyDeccDt) In EqTide, the total change in eccentricity is due to towrues on both bodies. This output parameter returns the change due to current body. []: -1.000000 
(DOblDtEqtide) Time Rate of Change of Obliquity in EqTide [rad/sec]: 0.000000 
(DRotPerDtEqtide) Time Rate of Change of Rotation Period in EqTide []: 1.663115e-17 
(DRotRateDtEqtide) Time Rate of Change of Rotational Frequency in EqTide [/sec^2]: -5.599297e-26 
(EqRotRateDiscrete) CPL2 Discrete Equilibrium Spin Rate [/sec]: 7.827048e-05 
(EqRotPerDiscrete) CPL2 Discrete Equilibrium Spin Period [sec]: 8.027529e+04 
(EqRotRateCont) CPL2 Continuous Equilibrium Spin Rate [/sec]: 7.827048e-05 
(EqRotPerCont) CPL2 Continuous Equilibrium Rotation Period [sec]: 8.027529e+04 
(EqRotPer) Equilibrium Rotation Period [sec]: 8.027529e+04 
(EqTidePower) Equilibrium Power from Tides [/sec]: 0.000000 
(GammaRot) Gamma_Rotation [sec]: -1.000000 
(GammaOrb) Gamma_Orbital [sec]: -1.000000 
(OceanK2) Ocean's Love number k_2 []: 0.010000 
(EnvTidalQ) Envelope Tidal Q []: -1.000000 
(OceanTidalQ) Ocean Tidal Q []: -1.000000 
(TideLock) Tidally Locked? []: 0.000000 
(RotTimeEqtide) Timescale for Rotational Evolution in EqTide [sec]: 2.637448e+21 
(EnvK2) Envelope's Love number k_2 []: 0.010000 
(OblTimeEqtide) Timescale for Obliquity Evolution in EqTide []: -1.000000 
(PowerEqtide) Internal Power due to Tides in EqTide [kg*m^2/sec^3]: 3.742502e+15 
(SurfEnFluxEqtide) Surface Energy Flux due to Tides in EqTide [kg*m^2/sec^2/(m^2*sec)]: 0.016944 
Tidal Perturbers: b, c, d
Output Order: Time[year] RotPer[days]
Grid Output Order:

----- BODY: b ----
Active Modules: EqTide
Module Bit Sum: 3
Color: 000000
(Mass) Mass [kg]: 1.549746e+25 
(Obliquity) Obliquity [rad]: 0.000000 
(PrecA) Body's precession angle [rad]: 0.000000 
(Xobl) Body's sin(obliquity)*cos(precession angle) []: 0.000000 
(Yobl) Body's sin(obliquity)*sin(precession angle) []: 0.000000 
(Zobl) Body's cos(obliquity) []: 1.000000 
(Radius) Radius [m]: 8.025776e+06 
(RadGyra) Radius of Gyration/Moment of Inertia Constant []: 0.400000 
(RotAngMom) Rotational Angular Momentum [kg*m^2/sec]: 1.250122e+34 
(RotKinEnergy) Body's Rotational Energy [kg*m^2/sec^2]: 4.892384e+29 
(RotVel) Rotational Velocity [m/sec]: 628.181347 
(BodyType) Type of Body (0 == planet) []: 0.000000 
(RotRate) Rotational Frequency [/sec]: 7.827048e-05 
(RotPer) Rotational Period [days]: 0.929112 
(Density) Average Density [kg/m^3]: 7156.665907 
(SurfEnFluxTotal) Total Surface Energy Flux [W/m^2]: 0.000000 
(TidalQ) Tidal Q []: 977.742853 
(ImK2) Im(k_2) []: -0.000307 
(K2) k_2 []: 0.300000 
(K2Man) Real Love Number k2 Mantle []: 0.010000 
(Imk2Man) Imaginary Love Number k2 Mantle []: 0.000000 
(TidalQMantle) Mantle's Tidal Q []: 100.000000 
(HEcc) Poincare's h (=e*sin(varpi) []: 0.000000 
(HZLimitDryRunaway) Semi-major axis of Dry Runaway HZ Limit [m]: -1.000000 
(HZLimRecVenus) Recent Venus HZ Limit []: -1.000000 
(HZLimRunaway) Runaway Greenhouse HZ Limit []: -1.000000 
(HZLimMoistGreenhouse) Moist Greenhouse HZ Limit []: -1.000000 
(HZLimMaxGreenhouse) Maximum Greenhouse HZ Limit []: -1.000000 
(HZLimEarlyMars) Early Mars HZ Limit []: -1.000000 
(Instellation) Orbit-averaged INcident STELLar radiATION [kg*m^2/sec^2/(m^2*sec)]: -1.000000 
(KEcc) Poincare's k (=e*cos(varpi) []: 0.000000 
(Eccentricity) Orbital Eccentricity []: 0.000000 
(OrbEnergy) Body's Total Orbital Energy [kg*m^2/sec^2]: -9.895791e+34 
(MeanMotion) Orbital Mean Motion [/sec]: 7.827048e-05 
(OrbPeriod) Orbital Period [sec]: 8.027529e+04 
(SemiMajorAxis) Semi-major Axis [m]: 1.443857e+09 
(CriticalSemiMajorAxis) Holman & Wiegert (1999) P-type Critical Semi-major Axis [m]: -1.000000 
(COPP) Climate Obliquity Precession Parameter []: 0.000000 
(OrbAngMom) Orbital Angular Momentum [kg*m^2/sec]: 2.528614e+39 
(LongP) Body's Longitude of pericenter [rad]: 0.000000 
(TotOrbEnergy) System's Total Orbital Energy [kg*m^2/sec^2]: -2.180605e+35 
(OrbPotEnergy) Body's Orbital Potential Energy [kg*m^2/sec^2]: -1.979158e+35 
(LostEnergy) Body's Total Lost Energy [kg*m^2/sec^2]: 2.145300e+33 
----- EQTIDE PARAMETERS (b)------
(TidalRadius) In EqTide, the value of the radius that enters the tidal evolution equations. This parameter is distinct from others, such as the radius of XUV absorption or a pressure level in an atmosphere. [m]: 8.025776e+06 
(DsemiDtEqtide) Total da/dt from EqTide [m/sec]: 6.206245e-11 
(DeccDtEqtide) Total de/dt from EqTide [/sec]: -0.000000 
(DMeanMotionDtEqtide) Total dMeanMotion/dt from EqTide [/sec^2]: -5.046543e-24 
(DOrbPerDtEqtide) Total dOrbPer/dt from EqTide []: 5.175804e-15 
(EccTimeEqtide) Timescale for Eccentricity Evolution (e/[de/dt]) in EqTide [sec]: 0.000000 
(SemiTimeEqtide) Timescale for Semi-major Axis Evolution (a/[da/dt]) in EqTide [sec]: 2.326458e+19 
(DHEccDtEqtide) Time Rate of Change of Poincare's h in EqTide [/sec]: -0.000000 
(DKEccDtEqtide) Time Rate of Change of Poincare's k in EqTide [/sec]: -0.000000 
(DXoblDtEqtide) Time Rate of Change of Laskar's X in EqTide [/sec]: 0.000000 
(DYoblDtEqtide) Time Rate of Change of Laskar's Y in EqTide [/sec]: 0.000000 
(DZoblDtEqtide) Time Rate of Change of Laskar's Z in EqTide [/sec]: 0.000000 
(LockTime) Time when body tidally locked. [sec]: 1.331772e+08 
(BodyDsemiDtEqtide) In EqTide, the total change in semi-major axis is due to dissipation in both bodies. This output parameter returns the change due to current body. []: -1.000000 
(BodyDeccDt) In EqTide, the total change in eccentricity is due to towrues on both bodies. This output parameter returns the change due to current body. []: -1.000000 
(DOblDtEqtide) Time Rate of Change of Obliquity in EqTide [rad/sec]: 0.000000 
(DRotPerDtEqtide) Time Rate of Change of Rotation Period in EqTide []: -5.705166e-300 
(DRotRateDtEqtide) Time Rate of Change of Rotational Frequency in EqTide [/sec^2]: 5.562685e-309 
(EqRotRateDiscrete) CPL2 Discrete Equilibrium Spin Rate [/sec]: 7.827048e-05 
(EqRotPerDiscrete) CPL2 Discrete Equilibrium Spin Period [sec]: 8.027529e+04 
(EqRotRateCont) CPL2 Continuous Equilibrium Spin Rate [/sec]: 7.827048e-05 
(EqRotPerCont) CPL2 Continuous Equilibrium Rotation Period [sec]: 8.027529e+04 
(EqRotPer) Equilibrium Rotation Period [sec]: 8.027529e+04 
(EqTidePower) Equilibrium Power from Tides [/sec]: 0.000000 
(GammaRot) Gamma_Rotation [sec]: -1.000000 
(GammaOrb) Gamma_Orbital [sec]: -1.000000 
(OceanK2) Ocean's Love number k_2 []: 0.010000 
(EnvTidalQ) Envelope Tidal Q []: -1.000000 
(OceanTidalQ) Ocean Tidal Q []: -1.000000 
(TideLock) Tidally Locked? []: 1.000000 
(RotTimeEqtide) Timescale for Rotational Evolution in EqTide [sec]: 1.407063e+304 
(EnvK2) Envelope's Love number k_2 []: 0.010000 
(OblTimeEqtide) Timescale for Obliquity Evolution in EqTide []: -1.000000 
(PowerEqtide) Internal Power due to Tides in EqTide [kg*m^2/sec^3]: 0.000000 
(SurfEnFluxEqtide) Surface Energy Flux due to Tides in EqTide [kg*m^2/sec^2/(m^2*sec)]: 0.000000 
Tidal Perturbers: star
Output Order: Time[year] TotEnergy[ergs] TotAngMom[kg*m^2/s] RotPer[days] SemiMajorAxis[au] Eccentricity[] SurfEnFluxTotal[W/m^2]
Grid Output Order:

----- BODY: c ----
Active Modules: EqTide
Module Bit Sum: 3
Color: 000000
(Mass) Mass [kg]: 4.907751e+25 
(Obliquity) Obliquity [rad]: 0.000000 
(PrecA) Body's precession angle [rad]: 0.000000 
(Xobl) Body's sin(obliquity)*cos(precession angle) []: 0.000000 
(Yobl) Body's sin(obliquity)*sin(precession angle) []: 0.000000 
(Zobl) Body's cos(obliquity) []: 1.000000 
(Radius) Radius [m]: 1.527367e+07 
(RadGyra) Radius of Gyration/Moment of Inertia Constant []: 0.400000 
(RotAngMom) Rotational Angular Momentum [kg*m^2/sec]: 2.567549e+34 
(RotKinEnergy) Body's Rotational Energy [kg*m^2/sec^2]: 1.799359e+29 
(RotVel) Rotational Velocity [m/sec]: 214.078323 
(BodyType) Type of Body (0 == planet) []: 0.000000 
(RotRate) Rotational Frequency [/sec]: 1.401616e-05 
(RotPer) Rotational Period [days]: 5.188442 
(Density) Average Density [kg/m^3]: 3288.238891 
(SurfEnFluxTotal) Total Surface Energy Flux [W/m^2]: 0.734750 
(TidalQ) Tidal Q []: 8.028191e+04 
(ImK2) Im(k_2) []: -3.736832e-06 
(K2) k_2 []: 0.300000 
(K2Man) Real Love Number k2 Mantle []: 0.010000 
(Imk2Man) Imaginary Love Number k2 Mantle []: 0.000000 
(TidalQMantle) Mantle's Tidal Q []: 100.000000 
(HEcc) Poincare's h (=e*sin(varpi) []: 0.000000 
(HZLimitDryRunaway) Semi-major axis of Dry Runaway HZ Limit [m]: -1.000000 
(HZLimRecVenus) Recent Venus HZ Limit []: -1.000000 
(HZLimRunaway) Runaway Greenhouse HZ Limit []: -1.000000 
(HZLimMoistGreenhouse) Moist Greenhouse HZ Limit []: -1.000000 
(HZLimMaxGreenhouse) Maximum Greenhouse HZ Limit []: -1.000000 
(HZLimEarlyMars) Early Mars HZ Limit []: -1.000000 
(Instellation) Orbit-averaged INcident STELLar radiATION [kg*m^2/sec^2/(m^2*sec)]: -1.000000 
(KEcc) Poincare's k (=e*cos(varpi) []: 0.090286 
(Eccentricity) Orbital Eccentricity []: 0.090286 
(OrbEnergy) Body's Total Orbital Energy [kg*m^2/sec^2]: -9.955792e+34 
(MeanMotion) Orbital Mean Motion [/sec]: 1.401616e-05 
(OrbPeriod) Orbital Period [sec]: 4.482814e+05 
(SemiMajorAxis) Semi-major Axis [m]: 4.544865e+09 
(CriticalSemiMajorAxis) Holman & Wiegert (1999) P-type Critical Semi-major Axis [m]: -1.000000 
(COPP) Climate Obliquity Precession Parameter []: 0.000000 
(OrbAngMom) Orbital Angular Momentum [kg*m^2/sec]: 1.414814e+40 
(LongP) Body's Longitude of pericenter [rad]: 0.000000 
(TotOrbEnergy) System's Total Orbital Energy [kg*m^2/sec^2]: -2.180605e+35 
(OrbPotEnergy) Body's Orbital Potential Energy [kg*m^2/sec^2]: -1.991158e+35 
(LostEnergy) Body's Total Lost Energy [kg*m^2/sec^2]: 9.854733e+30 
----- EQTIDE PARAMETERS (c)------
(TidalRadius) In EqTide, the value of the radius that enters the tidal evolution equations. This parameter is distinct from others, such as the radius of XUV absorption or a pressure level in an atmosphere. [m]: 1.527367e+07 
(DsemiDtEqtide) Total da/dt from EqTide [m/sec]: -9.793320e-11 
(DeccDtEqtide) Total de/dt from EqTide [/sec]: -1.197981e-19 
(DMeanMotionDtEqtide) Total dMeanMotion/dt from EqTide [/sec^2]: 4.530325e-25 
(DOrbPerDtEqtide) Total dOrbPer/dt from EqTide []: -1.448942e-14 
(EccTimeEqtide) Timescale for Eccentricity Evolution (e/[de/dt]) in EqTide [sec]: 7.536496e+17 
(SemiTimeEqtide) Timescale for Semi-major Axis Evolution (a/[da/dt]) in EqTide [sec]: 4.640781e+19 
(DHEccDtEqtide) Time Rate of Change of Poincare's h in EqTide [/sec]: -0.000000 
(DKEccDtEqtide) Time Rate of Change of Poincare's k in EqTide [/sec]: -1.197981e-19 
(DXoblDtEqtide) Time Rate of Change of Laskar's X in EqTide [/sec]: 0.000000 
(DYoblDtEqtide) Time Rate of Change of Laskar's Y in EqTide [/sec]: 0.000000 
(DZoblDtEqtide) Time Rate of Change of Laskar's Z in EqTide [/sec]: 0.000000 
(LockTime) Time when body tidally locked. [sec]: 3.786912e+13 
(BodyDsemiDtEqtide) In EqTide, the total change in semi-major axis is due to dissipation in both bodies. This output parameter returns the change due to current body. []: -1.000000 
(BodyDeccDt) In EqTide, the total change in eccentricity is due to towrues on both bodies. This output parameter returns the change due to current body. []: -1.000000 
(DOblDtEqtide) Time Rate of Change of Obliquity in EqTide [rad/sec]: 0.000000 
(DRotPerDtEqtide) Time Rate of Change of Rotation Period in EqTide []: -1.779123e-298 
(DRotRateDtEqtide) Time Rate of Change of Rotational Frequency in EqTide [/sec^2]: 5.562685e-309 
(EqRotRateDiscrete) CPL2 Discrete Equilibrium Spin Rate [/sec]: 1.401616e-05 
(EqRotPerDiscrete) CPL2 Discrete Equilibrium Spin Period [sec]: 4.482814e+05 
(EqRotRateCont) CPL2 Continuous Equilibrium Spin Rate [/sec]: 1.510157e-05 
(EqRotPerCont) CPL2 Continuous Equilibrium Rotation Period [sec]: 4.160618e+05 
(EqRotPer) Equilibrium Rotation Period [sec]: 4.482814e+05 
(EqTidePower) Equilibrium Power from Tides [/sec]: 0.000000 
(GammaRot) Gamma_Rotation [sec]: -1.000000 
(GammaOrb) Gamma_Orbital [sec]: -1.000000 
(OceanK2) Ocean's Love number k_2 []: 0.010000 
(EnvTidalQ) Envelope Tidal Q []: -1.000000 
(OceanTidalQ) Ocean Tidal Q []: -1.000000 
(TideLock) Tidally Locked? []: 1.000000 
(RotTimeEqtide) Timescale for Rotational Evolution in EqTide [sec]: 2.519676e+303 
(EnvK2) Envelope's Love number k_2 []: 0.010000 
(OblTimeEqtide) Timescale for Obliquity Evolution in EqTide []: -1.000000 
(PowerEqtide) Internal Power due to Tides in EqTide [kg*m^2/sec^3]: 2.153953e+15 
(SurfEnFluxEqtide) Surface Energy Flux due to Tides in EqTide [kg*m^2/sec^2/(m^2*sec)]: 0.734750 
Tidal Perturbers: star
Output Order: Time[year] RotPer[days] SemiMajorAxis[au] Eccentricity[] SurfEnFluxTotal[W/m^2]
Grid Output Order:

----- BODY: d ----
Active Modules: EqTide
Module Bit Sum: 3
Color: 000000
(Mass) Mass [kg]: 6.284516e+24 
(Obliquity) Obliquity [rad]: 0.000000 
(PrecA) Body's precession angle [rad]: 0.000000 
(Xobl) Body's sin(obliquity)*cos(precession angle) []: 0.000000 
(Yobl) Body's sin(obliquity)*sin(precession angle) []: 0.000000 
(Zobl) Body's cos(obliquity) []: 1.000000 
(Radius) Radius [m]: 6.195985e+06 
(RadGyra) Radius of Gyration/Moment of Inertia Constant []: 0.400000 
(RotAngMom) Rotational Angular Momentum [kg*m^2/sec]: 1.026956e+33 
(RotKinEnergy) Body's Rotational Energy [kg*m^2/sec^2]: 1.366032e+28 
(RotVel) Rotational Velocity [m/sec]: 164.835037 
(BodyType) Type of Body (0 == planet) []: 0.000000 
(RotRate) Rotational Frequency [/sec]: 2.660353e-05 
(RotPer) Rotational Period [days]: 2.733549 
(Density) Average Density [kg/m^3]: 6307.427011 
(SurfEnFluxTotal) Total Surface Energy Flux [W/m^2]: 0.261268 
(TidalQ) Tidal Q []: 181.074517 
(ImK2) Im(k_2) []: -0.001657 
(K2) k_2 []: 0.300000 
(K2Man) Real Love Number k2 Mantle []: 0.010000 
(Imk2Man) Imaginary Love Number k2 Mantle []: 0.000000 
(TidalQMantle) Mantle's Tidal Q []: 100.000000 
(HEcc) Poincare's h (=e*sin(varpi) []: 0.000000 
(HZLimitDryRunaway) Semi-major axis of Dry Runaway HZ Limit [m]: -1.000000 
(HZLimRecVenus) Recent Venus HZ Limit []: -1.000000 
(HZLimRunaway) Runaway Greenhouse HZ Limit []: -1.000000 
(HZLimMoistGreenhouse) Moist Greenhouse HZ Limit []: -1.000000 
(HZLimMaxGreenhouse) Maximum Greenhouse HZ Limit []: -1.000000 
(HZLimEarlyMars) Early Mars HZ Limit []: -1.000000 
(Instellation) Orbit-averaged INcident STELLar radiATION [kg*m^2/sec^2/(m^2*sec)]: -1.000000 
(KEcc) Poincare's k (=e*cos(varpi) []: 0.001994 
(Eccentricity) Orbital Eccentricity []: 0.001994 
(OrbEnergy) Body's Total Orbital Energy [kg*m^2/sec^2]: -1.954463e+34 
(MeanMotion) Orbital Mean Motion [/sec]: 2.660353e-05 
(OrbPeriod) Orbital Period [sec]: 2.361787e+05 
(SemiMajorAxis) Semi-major Axis [m]: 2.964549e+09 
(CriticalSemiMajorAxis) Holman & Wiegert (1999) P-type Critical Semi-major Axis [m]: -1.000000 
(COPP) Climate Obliquity Precession Parameter []: 0.000000 
(OrbAngMom) Orbital Angular Momentum [kg*m^2/sec]: 1.469324e+39 
(LongP) Body's Longitude of pericenter [rad]: 0.000000 
(TotOrbEnergy) System's Total Orbital Energy [kg*m^2/sec^2]: -2.180605e+35 
(OrbPotEnergy) Body's Orbital Potential Energy [kg*m^2/sec^2]: -3.908927e+34 
(LostEnergy) Body's Total Lost Energy [kg*m^2/sec^2]: 1.291818e+31 
----- EQTIDE PARAMETERS (d)------
(TidalRadius) In EqTide, the value of the radius that enters the tidal evolution equations. This parameter is distinct from others, such as the radius of XUV absorption or a pressure level in an atmosphere. [m]: 6.195985e+06 
(DsemiDtEqtide) Total da/dt from EqTide [m/sec]: -1.863690e-11 
(DeccDtEqtide) Total de/dt from EqTide [/sec]: -1.617481e-18 
(DMeanMotionDtEqtide) Total dMeanMotion/dt from EqTide [/sec^2]: 2.508681e-25 
(DOrbPerDtEqtide) Total dOrbPer/dt from EqTide []: -2.227137e-15 
(EccTimeEqtide) Timescale for Eccentricity Evolution (e/[de/dt]) in EqTide [sec]: 1.232483e+15 
(SemiTimeEqtide) Timescale for Semi-major Axis Evolution (a/[da/dt]) in EqTide [sec]: 1.590688e+20 
(DHEccDtEqtide) Time Rate of Change of Poincare's h in EqTide [/sec]: -0.000000 
(DKEccDtEqtide) Time Rate of Change of Poincare's k in EqTide [/sec]: -1.617481e-18 
(DXoblDtEqtide) Time Rate of Change of Laskar's X in EqTide [/sec]: 0.000000 
(DYoblDtEqtide) Time Rate of Change of Laskar's Y in EqTide [/sec]: 0.000000 
(DZoblDtEqtide) Time Rate of Change of Laskar's Z in EqTide [/sec]: 0.000000 
(LockTime) Time when body tidally locked. [sec]: 2.331291e+10 
(BodyDsemiDtEqtide) In EqTide, the total change in semi-major axis is due to dissipation in both bodies. This output parameter returns the change due to current body. []: -1.000000 
(BodyDeccDt) In EqTide, the total change in eccentricity is due to towrues on both bodies. This output parameter returns the change due to current body. []: -1.000000 
(DOblDtEqtide) Time Rate of Change of Obliquity in EqTide [rad/sec]: 0.000000 
(DRotPerDtEqtide) Time Rate of Change of Rotation Period in EqTide []: -4.938396e-299 
(DRotRateDtEqtide) Time Rate of Change of Rotational Frequency in EqTide [/sec^2]: 5.562685e-309 
(EqRotRateDiscrete) CPL2 Discrete Equilibrium Spin Rate [/sec]: 2.660353e-05 
(EqRotPerDiscrete) CPL2 Discrete Equilibrium Spin Period [sec]: 2.361787e+05 
(EqRotRateCont) CPL2 Continuous Equilibrium Spin Rate [/sec]: 2.660453e-05 
(EqRotPerCont) CPL2 Continuous Equilibrium Rotation Period [sec]: 2.361698e+05 
(EqRotPer) Equilibrium Rotation Period [sec]: 2.361787e+05 
(EqTidePower) Equilibrium Power from Tides [/sec]: -0.000000 
(GammaRot) Gamma_Rotation [sec]: -1.000000 
(GammaOrb) Gamma_Orbital [sec]: -1.000000 
(OceanK2) Ocean's Love number k_2 []: 0.010000 
(EnvTidalQ) Envelope Tidal Q []: -1.000000 
(OceanTidalQ) Ocean Tidal Q []: -1.000000 
(TideLock) Tidally Locked? []: 1.000000 
(RotTimeEqtide) Timescale for Rotational Evolution in EqTide [sec]: 4.782497e+303 
(EnvK2) Envelope's Love number k_2 []: 0.010000 
(OblTimeEqtide) Timescale for Obliquity Evolution in EqTide []: -1.000000 
(PowerEqtide) Internal Power due to Tides in EqTide [kg*m^2/sec^3]: 1.260425e+14 
(SurfEnFluxEqtide) Surface Energy Flux due to Tides in EqTide [kg*m^2/sec^2/(m^2*sec)]: 0.261268 
Tidal Perturbers: star
Output Order: Time[year] RotPer[days] SemiMajorAxis[au] Eccentricity[] SurfEnFluxTotal[W/m^2]
Grid Output Order:
