-------- Log file LP791-18.log -------

Executable: /Users/noahvowell/opt/anaconda3/envs/exo/bin/vplanet
Version: Unknown
System Name: LP791-18
Primary Input File: vpl.in
Body File #1: star.in
Body File #2: b.in
Body File #3: c.in
Body File #4: d.in
Allow files to be overwitten: Yes
Mass Units: Grams
Length Units: Meters
Time Units: Seconds
Angle Units: Radians

------- FORMATTING -----
Verbosity Level: 5
Crossover Decade for Scientific Notation: 4
Number of Digits After Decimal: 6
Integration Method: Runge-Kutta4
Direction: Forward
Time Step: 3.155760e+07
Stop Time: 3.155760e+12
Output Interval: 3.155760e+09
Use Variable Timestep: Yes
dEta: 0.010000
Minimum Value of ecc and obl: 1.000000e-10


---- INITIAL SYSTEM PROPERTIES ----
(Age) System Age [sec]: 3.155760e+13 
(Time) Simulation Time [sec]: 0.000000 
(TotAngMom) Total Angular Momentum [kg*m^2/sec]: 1.379260e+41 
(TotEnergy) Total System Energy [kg*m^2/sec^2]: -2.502387e+40 
(PotEnergy) Body's non-orbital Potential Energy [kg*m^2/sec^2]: -2.503256e+40 
(KinEnergy) Body's non-orbital Kinetic Energy [kg*m^2/sec^2]: 8.894470e+36 
(DeltaTime) Average Timestep Over Last Output Interval [sec]: 0.000000 

----- BODY: star ----
Active Modules: 
Module Bit Sum: 1
Color: 000000
(Mass) Mass [kg]: 2.767237e+29 
(Radius) Radius [m]: 1.225020e+08 
(RadGyra) Radius of Gyration/Moment of Inertia Constant []: 0.450000 
(BodyType) Type of Body (0 == planet) []: 0.000000 
(Density) Average Density [kg/m^3]: 3.593588e+04 
(HZLimitDryRunaway) Semi-major axis of Dry Runaway HZ Limit [m]: -1.000000 
(HZLimRecVenus) Recent Venus HZ Limit []: -1.000000 
(HZLimRunaway) Runaway Greenhouse HZ Limit []: -1.000000 
(HZLimMoistGreenhouse) Moist Greenhouse HZ Limit []: -1.000000 
(HZLimMaxGreenhouse) Maximum Greenhouse HZ Limit []: -1.000000 
(HZLimEarlyMars) Early Mars HZ Limit []: -1.000000 
(Instellation) Orbit-averaged INcident STELLar radiATION [kg*m^2/sec^2/(m^2*sec)]: -1.000000 
Output Order:
Grid Output Order:

----- BODY: b ----
Active Modules: DistOrb
Module Bit Sum: 17
Color: 000000
(Mass) Mass [kg]: 1.553681e+25 
(Radius) Radius [m]: 7.517526e+06 
(RadGyra) Radius of Gyration/Moment of Inertia Constant []: 0.400000 
(RotKinEnergy) Body's Rotational Energy [kg*m^2/sec^2]: 3.714787e+29 
(RotVel) Rotational Velocity [m/sec]: 546.689904 
(BodyType) Type of Body (0 == planet) []: 0.000000 
(Density) Average Density [kg/m^3]: 8730.687211 
(HEcc) Poincare's h (=e*sin(varpi) []: -0.011473 
(HZLimitDryRunaway) Semi-major axis of Dry Runaway HZ Limit [m]: -1.000000 
(HZLimRecVenus) Recent Venus HZ Limit []: -1.000000 
(HZLimRunaway) Runaway Greenhouse HZ Limit []: -1.000000 
(HZLimMoistGreenhouse) Moist Greenhouse HZ Limit []: -1.000000 
(HZLimMaxGreenhouse) Maximum Greenhouse HZ Limit []: -1.000000 
(HZLimEarlyMars) Early Mars HZ Limit []: -1.000000 
(Instellation) Orbit-averaged INcident STELLar radiATION [kg*m^2/sec^2/(m^2*sec)]: -1.000000 
(KEcc) Poincare's k (=e*cos(varpi) []: 0.002400 
(Eccentricity) Orbital Eccentricity []: 0.011721 
(OrbEnergy) Body's Total Orbital Energy [kg*m^2/sec^2]: -9.799322e+34 
(MeanMotion) Orbital Mean Motion [/sec]: 7.671101e-05 
(OrbPeriod) Orbital Period [sec]: 8.190722e+04 
(SemiMajorAxis) Semi-major Axis [m]: 1.464154e+09 
(OrbAngMom) Orbital Angular Momentum [kg*m^2/sec]: 2.554692e+39 
(ArgP) Body's argument of pericenter [rad]: 3.913631 
(Inc) Body's Inclination [rad]: 0.033554 
(LongA) Body's Longitude of ascending node [rad]: 1.005010 
(MeanLongitude) Orbital Mean Longitude [rad]: -1.364544 
(LongP) Body's Longitude of pericenter [rad]: 4.918641 
(TotOrbEnergy) System's Total Orbital Energy [kg*m^2/sec^2]: -1.948329e+35 
(OrbPotEnergy) Body's Orbital Potential Energy [kg*m^2/sec^2]: -1.959864e+35 
----- DISTORB PARAMETERS (b)------
(Sinc) Body's sin(Inc/2) in DistOrb []: 0.016776 
(Pinc) Body's Poincare p in DistOrb []: 0.014162 
(Qinc) Body's Poincare q in DistOrb []: 0.008993 
(DIncDtDistOrb) Body's inclination derivative in DistOrb [rad/sec]: 1.375407e-12 
(DSincDtDistOrb) Body's sin(Inc/2) derivative in DistOrb [/sec]: 6.876069e-13 
(DLongADtDistOrb) Body's longitude of ascending node derivative in DistOrb [rad/sec]: -5.043809e-10 
(DLongPDtDistOrb) Body's longitude of pericenter derivative in DistOrb [rad/sec]: 4.694918e-10 
(DHeccDtDistOrb) Body's Poincare h derivative in DistOrb [/sec]: 1.635642e-12 
(DKeccDtDistOrb) Body's Poincare k in DistOrb [/sec]: 5.279942e-12 
(DPincDtDistOrb) Body's Poincare p in DistOrb [/sec]: -3.955592e-12 
(DQincDtDistOrb) Body's Poincare q in DistOrb [/sec]: 7.511554e-12 
Output Order: Time[year] TotEnergy[ergs] TotAngMom[kg*m^2/s] LongP[deg] SemiMajorAxis[au] Eccentricity[] Inc[deg] LongA[deg]
Grid Output Order:

----- BODY: c ----
Active Modules: DistOrb
Module Bit Sum: 17
Color: 000000
(Mass) Mass [kg]: 4.469826e+25 
(Radius) Radius [m]: 1.591503e+07 
(RadGyra) Radius of Gyration/Moment of Inertia Constant []: 0.400000 
(RotKinEnergy) Body's Rotational Energy [kg*m^2/sec^2]: 4.789915e+30 
(RotVel) Rotational Velocity [m/sec]: 1157.373600 
(BodyType) Type of Body (0 == planet) []: 0.000000 
(Density) Average Density [kg/m^3]: 2647.157020 
(HEcc) Poincare's h (=e*sin(varpi) []: 4.969394e-05 
(HZLimitDryRunaway) Semi-major axis of Dry Runaway HZ Limit [m]: -1.000000 
(HZLimRecVenus) Recent Venus HZ Limit []: -1.000000 
(HZLimRunaway) Runaway Greenhouse HZ Limit []: -1.000000 
(HZLimMoistGreenhouse) Moist Greenhouse HZ Limit []: -1.000000 
(HZLimMaxGreenhouse) Maximum Greenhouse HZ Limit []: -1.000000 
(HZLimEarlyMars) Early Mars HZ Limit []: -1.000000 
(Instellation) Orbit-averaged INcident STELLar radiATION [kg*m^2/sec^2/(m^2*sec)]: -1.000000 
(KEcc) Poincare's k (=e*cos(varpi) []: -0.003251 
(Eccentricity) Orbital Eccentricity []: 0.003252 
(OrbEnergy) Body's Total Orbital Energy [kg*m^2/sec^2]: -9.316512e+34 
(MeanMotion) Orbital Mean Motion [/sec]: 1.457382e-05 
(OrbPeriod) Orbital Period [sec]: 4.311283e+05 
(SemiMajorAxis) Semi-major Axis [m]: 4.430555e+09 
(OrbAngMom) Orbital Angular Momentum [kg*m^2/sec]: 1.278521e+40 
(ArgP) Body's argument of pericenter [rad]: 4.257938 
(Inc) Body's Inclination [rad]: 0.005287 
(LongA) Body's Longitude of ascending node [rad]: 5.151557 
(MeanLongitude) Orbital Mean Longitude [rad]: 3.126310 
(LongP) Body's Longitude of pericenter [rad]: 3.126310 
(TotOrbEnergy) System's Total Orbital Energy [kg*m^2/sec^2]: -1.948329e+35 
(OrbPotEnergy) Body's Orbital Potential Energy [kg*m^2/sec^2]: -1.863302e+35 
----- DISTORB PARAMETERS (c)------
(Sinc) Body's sin(Inc/2) in DistOrb []: 0.002644 
(Pinc) Body's Poincare p in DistOrb []: -0.002393 
(Qinc) Body's Poincare q in DistOrb []: 0.001124 
(DIncDtDistOrb) Body's inclination derivative in DistOrb [rad/sec]: -1.871735e-12 
(DSincDtDistOrb) Body's sin(Inc/2) derivative in DistOrb [/sec]: -9.358644e-13 
(DLongADtDistOrb) Body's longitude of ascending node derivative in DistOrb [rad/sec]: -5.180863e-10 
(DLongPDtDistOrb) Body's longitude of pericenter derivative in DistOrb [rad/sec]: 1.789756e-10 
(DHeccDtDistOrb) Body's Poincare h derivative in DistOrb [/sec]: -5.743659e-13 
(DKeccDtDistOrb) Body's Poincare k in DistOrb [/sec]: -5.028301e-13 
(DPincDtDistOrb) Body's Poincare p in DistOrb [/sec]: 2.646870e-13 
(DQincDtDistOrb) Body's Poincare q in DistOrb [/sec]: -1.637622e-12 
Output Order: Time[year] LongP[deg] SemiMajorAxis[au] Eccentricity[] Inc[deg] LongA[deg]
Grid Output Order:

----- BODY: d ----
Active Modules: DistOrb
Module Bit Sum: 17
Color: 000000
(Mass) Mass [kg]: 1.185966e+24 
(Radius) Radius [m]: 6.373391e+06 
(RadGyra) Radius of Gyration/Moment of Inertia Constant []: 0.400000 
(RotKinEnergy) Body's Rotational Energy [kg*m^2/sec^2]: 2.038147e+28 
(RotVel) Rotational Velocity [m/sec]: 463.486077 
(BodyType) Type of Body (0 == planet) []: 0.000000 
(Density) Average Density [kg/m^3]: 1093.633640 
(HEcc) Poincare's h (=e*sin(varpi) []: -0.002070 
(HZLimitDryRunaway) Semi-major axis of Dry Runaway HZ Limit [m]: -1.000000 
(HZLimRecVenus) Recent Venus HZ Limit []: -1.000000 
(HZLimRunaway) Runaway Greenhouse HZ Limit []: -1.000000 
(HZLimMoistGreenhouse) Moist Greenhouse HZ Limit []: -1.000000 
(HZLimMaxGreenhouse) Maximum Greenhouse HZ Limit []: -1.000000 
(HZLimEarlyMars) Early Mars HZ Limit []: -1.000000 
(Instellation) Orbit-averaged INcident STELLar radiATION [kg*m^2/sec^2/(m^2*sec)]: -1.000000 
(KEcc) Poincare's k (=e*cos(varpi) []: 0.000166 
(Eccentricity) Orbital Eccentricity []: 0.002076 
(OrbEnergy) Body's Total Orbital Energy [kg*m^2/sec^2]: -3.674565e+33 
(MeanMotion) Orbital Mean Motion [/sec]: 2.641166e-05 
(OrbPeriod) Orbital Period [sec]: 2.378944e+05 
(SemiMajorAxis) Semi-major Axis [m]: 2.980486e+09 
(OrbAngMom) Orbital Angular Momentum [kg*m^2/sec]: 2.782526e+38 
(ArgP) Body's argument of pericenter [rad]: 1.963037 
(Inc) Body's Inclination [rad]: 0.010002 
(LongA) Body's Longitude of ascending node [rad]: 2.829260 
(MeanLongitude) Orbital Mean Longitude [rad]: -1.490888 
(LongP) Body's Longitude of pericenter [rad]: 4.792297 
(TotOrbEnergy) System's Total Orbital Energy [kg*m^2/sec^2]: -1.948329e+35 
(OrbPotEnergy) Body's Orbital Potential Energy [kg*m^2/sec^2]: -7.349130e+33 
----- DISTORB PARAMETERS (d)------
(Sinc) Body's sin(Inc/2) in DistOrb []: 0.005001 
(Pinc) Body's Poincare p in DistOrb []: 0.001537 
(Qinc) Body's Poincare q in DistOrb []: -0.004759 
(DIncDtDistOrb) Body's inclination derivative in DistOrb [rad/sec]: 2.853927e-12 
(DSincDtDistOrb) Body's sin(Inc/2) derivative in DistOrb [/sec]: 1.426946e-12 
(DLongADtDistOrb) Body's longitude of ascending node derivative in DistOrb [rad/sec]: -4.982750e-09 
(DLongPDtDistOrb) Body's longitude of pericenter derivative in DistOrb [rad/sec]: 2.367392e-09 
(DHeccDtDistOrb) Body's Poincare h derivative in DistOrb [/sec]: 7.741792e-12 
(DKeccDtDistOrb) Body's Poincare k in DistOrb [/sec]: 4.311184e-12 
(DPincDtDistOrb) Body's Poincare p in DistOrb [/sec]: 2.415116e-11 
(DQincDtDistOrb) Body's Poincare q in DistOrb [/sec]: 6.298945e-12 
Output Order: Time[year] LongP[deg] SemiMajorAxis[au] Eccentricity[] Inc[deg] LongA[deg]
Grid Output Order:



---- FINAL SYSTEM PROPERTIES ----
(Age) System Age [sec]: 3.471336e+13 
(Time) Simulation Time [sec]: 3.155760e+12 
(TotAngMom) Total Angular Momentum [kg*m^2/sec]: 1.379260e+41 
(TotEnergy) Total System Energy [kg*m^2/sec^2]: -2.502387e+40 
(PotEnergy) Body's non-orbital Potential Energy [kg*m^2/sec^2]: -2.503256e+40 
(KinEnergy) Body's non-orbital Kinetic Energy [kg*m^2/sec^2]: 8.894470e+36 
(DeltaTime) Average Timestep Over Last Output Interval [sec]: 2611.190913 

----- BODY: star ----
Active Modules: 
Module Bit Sum: 1
Color: 000000
(Mass) Mass [kg]: 2.767237e+29 
(Radius) Radius [m]: 1.225020e+08 
(RadGyra) Radius of Gyration/Moment of Inertia Constant []: 0.450000 
(BodyType) Type of Body (0 == planet) []: 0.000000 
(Density) Average Density [kg/m^3]: 3.593588e+04 
(HZLimitDryRunaway) Semi-major axis of Dry Runaway HZ Limit [m]: -1.000000 
(HZLimRecVenus) Recent Venus HZ Limit []: -1.000000 
(HZLimRunaway) Runaway Greenhouse HZ Limit []: -1.000000 
(HZLimMoistGreenhouse) Moist Greenhouse HZ Limit []: -1.000000 
(HZLimMaxGreenhouse) Maximum Greenhouse HZ Limit []: -1.000000 
(HZLimEarlyMars) Early Mars HZ Limit []: -1.000000 
(Instellation) Orbit-averaged INcident STELLar radiATION [kg*m^2/sec^2/(m^2*sec)]: -1.000000 
Output Order:
Grid Output Order:

----- BODY: b ----
Active Modules: DistOrb
Module Bit Sum: 17
Color: 000000
(Mass) Mass [kg]: 1.553681e+25 
(Radius) Radius [m]: 7.517526e+06 
(RadGyra) Radius of Gyration/Moment of Inertia Constant []: 0.400000 
(RotKinEnergy) Body's Rotational Energy [kg*m^2/sec^2]: 3.714787e+29 
(RotVel) Rotational Velocity [m/sec]: 546.689904 
(BodyType) Type of Body (0 == planet) []: 0.000000 
(Density) Average Density [kg/m^3]: 8730.687211 
(HEcc) Poincare's h (=e*sin(varpi) []: -0.001558 
(HZLimitDryRunaway) Semi-major axis of Dry Runaway HZ Limit [m]: -1.000000 
(HZLimRecVenus) Recent Venus HZ Limit []: -1.000000 
(HZLimRunaway) Runaway Greenhouse HZ Limit []: -1.000000 
(HZLimMoistGreenhouse) Moist Greenhouse HZ Limit []: -1.000000 
(HZLimMaxGreenhouse) Maximum Greenhouse HZ Limit []: -1.000000 
(HZLimEarlyMars) Early Mars HZ Limit []: -1.000000 
(Instellation) Orbit-averaged INcident STELLar radiATION [kg*m^2/sec^2/(m^2*sec)]: -1.000000 
(KEcc) Poincare's k (=e*cos(varpi) []: -0.012834 
(Eccentricity) Orbital Eccentricity []: 0.012928 
(OrbEnergy) Body's Total Orbital Energy [kg*m^2/sec^2]: -9.799322e+34 
(MeanMotion) Orbital Mean Motion [/sec]: 7.671101e-05 
(OrbPeriod) Orbital Period [sec]: 8.190722e+04 
(SemiMajorAxis) Semi-major Axis [m]: 1.464154e+09 
(OrbAngMom) Orbital Angular Momentum [kg*m^2/sec]: 2.554654e+39 
(ArgP) Body's argument of pericenter [rad]: 6.159405 
(Inc) Body's Inclination [rad]: 0.026087 
(LongA) Body's Longitude of ascending node [rad]: 3.386184 
(MeanLongitude) Orbital Mean Longitude [rad]: -3.020782 
(LongP) Body's Longitude of pericenter [rad]: 3.262404 
(TotOrbEnergy) System's Total Orbital Energy [kg*m^2/sec^2]: -1.948329e+35 
(OrbPotEnergy) Body's Orbital Potential Energy [kg*m^2/sec^2]: -1.959864e+35 
----- DISTORB PARAMETERS (b)------
(Sinc) Body's sin(Inc/2) in DistOrb []: 0.013043 
(Pinc) Body's Poincare p in DistOrb []: -0.003159 
(Qinc) Body's Poincare q in DistOrb []: -0.012655 
(DIncDtDistOrb) Body's inclination derivative in DistOrb [rad/sec]: 1.188391e-13 
(DSincDtDistOrb) Body's sin(Inc/2) derivative in DistOrb [/sec]: 5.941451e-14 
(DLongADtDistOrb) Body's longitude of ascending node derivative in DistOrb [rad/sec]: -6.662774e-10 
(DLongPDtDistOrb) Body's longitude of pericenter derivative in DistOrb [rad/sec]: 4.419326e-10 
(DHeccDtDistOrb) Body's Poincare h derivative in DistOrb [/sec]: -5.629097e-12 
(DKeccDtDistOrb) Body's Poincare k in DistOrb [/sec]: 1.040029e-12 
(DPincDtDistOrb) Body's Poincare p in DistOrb [/sec]: 8.417361e-12 
(DQincDtDistOrb) Body's Poincare q in DistOrb [/sec]: -2.162116e-12 
Output Order: Time[year] TotEnergy[ergs] TotAngMom[kg*m^2/s] LongP[deg] SemiMajorAxis[au] Eccentricity[] Inc[deg] LongA[deg]
Grid Output Order:

----- BODY: c ----
Active Modules: DistOrb
Module Bit Sum: 17
Color: 000000
(Mass) Mass [kg]: 4.469826e+25 
(Radius) Radius [m]: 1.591503e+07 
(RadGyra) Radius of Gyration/Moment of Inertia Constant []: 0.400000 
(RotKinEnergy) Body's Rotational Energy [kg*m^2/sec^2]: 4.789915e+30 
(RotVel) Rotational Velocity [m/sec]: 1157.373600 
(BodyType) Type of Body (0 == planet) []: 0.000000 
(Density) Average Density [kg/m^3]: 2647.157020 
(HEcc) Poincare's h (=e*sin(varpi) []: 0.001247 
(HZLimitDryRunaway) Semi-major axis of Dry Runaway HZ Limit [m]: -1.000000 
(HZLimRecVenus) Recent Venus HZ Limit []: -1.000000 
(HZLimRunaway) Runaway Greenhouse HZ Limit []: -1.000000 
(HZLimMoistGreenhouse) Moist Greenhouse HZ Limit []: -1.000000 
(HZLimMaxGreenhouse) Maximum Greenhouse HZ Limit []: -1.000000 
(HZLimEarlyMars) Early Mars HZ Limit []: -1.000000 
(Instellation) Orbit-averaged INcident STELLar radiATION [kg*m^2/sec^2/(m^2*sec)]: -1.000000 
(KEcc) Poincare's k (=e*cos(varpi) []: -0.001653 
(Eccentricity) Orbital Eccentricity []: 0.002070 
(OrbEnergy) Body's Total Orbital Energy [kg*m^2/sec^2]: -9.316512e+34 
(MeanMotion) Orbital Mean Motion [/sec]: 1.457382e-05 
(OrbPeriod) Orbital Period [sec]: 4.311283e+05 
(SemiMajorAxis) Semi-major Axis [m]: 4.430555e+09 
(OrbAngMom) Orbital Angular Momentum [kg*m^2/sec]: 1.278525e+40 
(ArgP) Body's argument of pericenter [rad]: 2.309522 
(Inc) Body's Inclination [rad]: 0.010539 
(LongA) Body's Longitude of ascending node [rad]: 0.185777 
(MeanLongitude) Orbital Mean Longitude [rad]: 2.495299 
(LongP) Body's Longitude of pericenter [rad]: 2.495299 
(TotOrbEnergy) System's Total Orbital Energy [kg*m^2/sec^2]: -1.948329e+35 
(OrbPotEnergy) Body's Orbital Potential Energy [kg*m^2/sec^2]: -1.863302e+35 
----- DISTORB PARAMETERS (c)------
(Sinc) Body's sin(Inc/2) in DistOrb []: 0.005269 
(Pinc) Body's Poincare p in DistOrb []: 0.000973 
(Qinc) Body's Poincare q in DistOrb []: 0.005179 
(DIncDtDistOrb) Body's inclination derivative in DistOrb [rad/sec]: -4.486044e-13 
(DSincDtDistOrb) Body's sin(Inc/2) derivative in DistOrb [/sec]: -2.242991e-13 
(DLongADtDistOrb) Body's longitude of ascending node derivative in DistOrb [rad/sec]: -2.465647e-10 
(DLongPDtDistOrb) Body's longitude of pericenter derivative in DistOrb [rad/sec]: -1.036829e-10 
(DHeccDtDistOrb) Body's Poincare h derivative in DistOrb [/sec]: 3.174396e-13 
(DKeccDtDistOrb) Body's Poincare k in DistOrb [/sec]: -6.440390e-14 
(DPincDtDistOrb) Body's Poincare p in DistOrb [/sec]: -1.318328e-12 
(DQincDtDistOrb) Body's Poincare q in DistOrb [/sec]: 1.954522e-14 
Output Order: Time[year] LongP[deg] SemiMajorAxis[au] Eccentricity[] Inc[deg] LongA[deg]
Grid Output Order:

----- BODY: d ----
Active Modules: DistOrb
Module Bit Sum: 17
Color: 000000
(Mass) Mass [kg]: 1.185966e+24 
(Radius) Radius [m]: 6.373391e+06 
(RadGyra) Radius of Gyration/Moment of Inertia Constant []: 0.400000 
(RotKinEnergy) Body's Rotational Energy [kg*m^2/sec^2]: 2.038147e+28 
(RotVel) Rotational Velocity [m/sec]: 463.486077 
(BodyType) Type of Body (0 == planet) []: 0.000000 
(Density) Average Density [kg/m^3]: 1093.633640 
(HEcc) Poincare's h (=e*sin(varpi) []: 0.003355 
(HZLimitDryRunaway) Semi-major axis of Dry Runaway HZ Limit [m]: -1.000000 
(HZLimRecVenus) Recent Venus HZ Limit []: -1.000000 
(HZLimRunaway) Runaway Greenhouse HZ Limit []: -1.000000 
(HZLimMoistGreenhouse) Moist Greenhouse HZ Limit []: -1.000000 
(HZLimMaxGreenhouse) Maximum Greenhouse HZ Limit []: -1.000000 
(HZLimEarlyMars) Early Mars HZ Limit []: -1.000000 
(Instellation) Orbit-averaged INcident STELLar radiATION [kg*m^2/sec^2/(m^2*sec)]: -1.000000 
(KEcc) Poincare's k (=e*cos(varpi) []: -0.002500 
(Eccentricity) Orbital Eccentricity []: 0.004184 
(OrbEnergy) Body's Total Orbital Energy [kg*m^2/sec^2]: -3.674565e+33 
(MeanMotion) Orbital Mean Motion [/sec]: 2.641166e-05 
(OrbPeriod) Orbital Period [sec]: 2.378944e+05 
(SemiMajorAxis) Semi-major Axis [m]: 2.980486e+09 
(OrbAngMom) Orbital Angular Momentum [kg*m^2/sec]: 2.782508e+38 
(ArgP) Body's argument of pericenter [rad]: 1.558367 
(Inc) Body's Inclination [rad]: 0.019272 
(LongA) Body's Longitude of ascending node [rad]: 0.652914 
(MeanLongitude) Orbital Mean Longitude [rad]: 2.211281 
(LongP) Body's Longitude of pericenter [rad]: 2.211281 
(TotOrbEnergy) System's Total Orbital Energy [kg*m^2/sec^2]: -1.948329e+35 
(OrbPotEnergy) Body's Orbital Potential Energy [kg*m^2/sec^2]: -7.349130e+33 
----- DISTORB PARAMETERS (d)------
(Sinc) Body's sin(Inc/2) in DistOrb []: 0.009636 
(Pinc) Body's Poincare p in DistOrb []: 0.005854 
(Qinc) Body's Poincare q in DistOrb []: 0.007654 
(DIncDtDistOrb) Body's inclination derivative in DistOrb [rad/sec]: 9.826628e-12 
(DSincDtDistOrb) Body's sin(Inc/2) derivative in DistOrb [/sec]: 4.913086e-12 
(DLongADtDistOrb) Body's longitude of ascending node derivative in DistOrb [rad/sec]: -2.571163e-09 
(DLongPDtDistOrb) Body's longitude of pericenter derivative in DistOrb [rad/sec]: 1.952253e-09 
(DHeccDtDistOrb) Body's Poincare h derivative in DistOrb [/sec]: -1.358364e-12 
(DKeccDtDistOrb) Body's Poincare k in DistOrb [/sec]: -9.175369e-12 
(DPincDtDistOrb) Body's Poincare p in DistOrb [/sec]: -1.669448e-11 
(DQincDtDistOrb) Body's Poincare q in DistOrb [/sec]: 1.895344e-11 
Output Order: Time[year] LongP[deg] SemiMajorAxis[au] Eccentricity[] Inc[deg] LongA[deg]
Grid Output Order:
