-------- Log file LP791-18.log -------

Executable: /Users/noahvowell/opt/anaconda3/envs/exo/bin/vplanet
Version: Unknown
System Name: LP791-18
Primary Input File: vpl.in
Body File #1: star.in
Body File #2: b.in
Body File #3: c.in
Body File #4: d.in
Allow files to be overwitten: Yes
Mass Units: Grams
Length Units: Meters
Time Units: Seconds
Angle Units: Radians

------- FORMATTING -----
Verbosity Level: 5
Crossover Decade for Scientific Notation: 4
Number of Digits After Decimal: 6
Integration Method: Runge-Kutta4
Direction: Forward
Time Step: 3.155760e+07
Stop Time: 3.155760e+12
Output Interval: 3.155760e+09
Use Variable Timestep: Yes
dEta: 0.010000
Minimum Value of ecc and obl: 1.000000e-10


---- INITIAL SYSTEM PROPERTIES ----
(Age) System Age [sec]: 3.155760e+13 
(Time) Simulation Time [sec]: 0.000000 
(TotAngMom) Total Angular Momentum [kg*m^2/sec]: 1.432680e+41 
(TotEnergy) Total System Energy [kg*m^2/sec^2]: -2.415615e+40 
(PotEnergy) Body's non-orbital Potential Energy [kg*m^2/sec^2]: -2.416522e+40 
(KinEnergy) Body's non-orbital Kinetic Energy [kg*m^2/sec^2]: 9.251740e+36 
(DeltaTime) Average Timestep Over Last Output Interval [sec]: 0.000000 

----- BODY: star ----
Active Modules: 
Module Bit Sum: 1
Color: 000000
(Mass) Mass [kg]: 2.750054e+29 
(Radius) Radius [m]: 1.253278e+08 
(RadGyra) Radius of Gyration/Moment of Inertia Constant []: 0.450000 
(BodyType) Type of Body (0 == planet) []: 0.000000 
(Density) Average Density [kg/m^3]: 3.335111e+04 
(HZLimitDryRunaway) Semi-major axis of Dry Runaway HZ Limit [m]: -1.000000 
(HZLimRecVenus) Recent Venus HZ Limit []: -1.000000 
(HZLimRunaway) Runaway Greenhouse HZ Limit []: -1.000000 
(HZLimMoistGreenhouse) Moist Greenhouse HZ Limit []: -1.000000 
(HZLimMaxGreenhouse) Maximum Greenhouse HZ Limit []: -1.000000 
(HZLimEarlyMars) Early Mars HZ Limit []: -1.000000 
(Instellation) Orbit-averaged INcident STELLar radiATION [kg*m^2/sec^2/(m^2*sec)]: -1.000000 
Output Order:
Grid Output Order:

----- BODY: b ----
Active Modules: DistOrb
Module Bit Sum: 17
Color: 000000
(Mass) Mass [kg]: 9.847047e+24 
(Radius) Radius [m]: 7.952960e+06 
(RadGyra) Radius of Gyration/Moment of Inertia Constant []: 0.400000 
(RotKinEnergy) Body's Rotational Energy [kg*m^2/sec^2]: 2.635032e+29 
(RotVel) Rotational Velocity [m/sec]: 578.355606 
(BodyType) Type of Body (0 == planet) []: 0.000000 
(Density) Average Density [kg/m^3]: 4673.378162 
(HEcc) Poincare's h (=e*sin(varpi) []: -0.007260 
(HZLimitDryRunaway) Semi-major axis of Dry Runaway HZ Limit [m]: -1.000000 
(HZLimRecVenus) Recent Venus HZ Limit []: -1.000000 
(HZLimRunaway) Runaway Greenhouse HZ Limit []: -1.000000 
(HZLimMoistGreenhouse) Moist Greenhouse HZ Limit []: -1.000000 
(HZLimMaxGreenhouse) Maximum Greenhouse HZ Limit []: -1.000000 
(HZLimEarlyMars) Early Mars HZ Limit []: -1.000000 
(Instellation) Orbit-averaged INcident STELLar radiATION [kg*m^2/sec^2/(m^2*sec)]: -1.000000 
(KEcc) Poincare's k (=e*cos(varpi) []: -0.010511 
(Eccentricity) Orbital Eccentricity []: 0.012774 
(OrbEnergy) Body's Total Orbital Energy [kg*m^2/sec^2]: -6.185017e+34 
(MeanMotion) Orbital Mean Motion [/sec]: 7.671131e-05 
(OrbPeriod) Orbital Period [sec]: 8.190689e+04 
(SemiMajorAxis) Semi-major Axis [m]: 1.461103e+09 
(OrbAngMom) Orbital Angular Momentum [kg*m^2/sec]: 1.612412e+39 
(ArgP) Body's argument of pericenter [rad]: 1.435637 
(Inc) Body's Inclination [rad]: 0.017148 
(LongA) Body's Longitude of ascending node [rad]: 2.310418 
(MeanLongitude) Orbital Mean Longitude [rad]: -2.537130 
(LongP) Body's Longitude of pericenter [rad]: 3.746056 
(TotOrbEnergy) System's Total Orbital Energy [kg*m^2/sec^2]: -1.733124e+35 
(OrbPotEnergy) Body's Orbital Potential Energy [kg*m^2/sec^2]: -1.237003e+35 
----- DISTORB PARAMETERS (b)------
(Sinc) Body's sin(Inc/2) in DistOrb []: 0.008574 
(Pinc) Body's Poincare p in DistOrb []: 0.006334 
(Qinc) Body's Poincare q in DistOrb []: -0.005779 
(DIncDtDistOrb) Body's inclination derivative in DistOrb [rad/sec]: -6.421783e-13 
(DSincDtDistOrb) Body's sin(Inc/2) derivative in DistOrb [/sec]: -3.210774e-13 
(DLongADtDistOrb) Body's longitude of ascending node derivative in DistOrb [rad/sec]: -5.745573e-10 
(DLongPDtDistOrb) Body's longitude of pericenter derivative in DistOrb [rad/sec]: 9.176867e-10 
(DHeccDtDistOrb) Body's Poincare h derivative in DistOrb [/sec]: -1.163556e-11 
(DKeccDtDistOrb) Body's Poincare k in DistOrb [/sec]: 3.781519e-12 
(DPincDtDistOrb) Body's Poincare p in DistOrb [/sec]: 3.083172e-12 
(DQincDtDistOrb) Body's Poincare q in DistOrb [/sec]: 3.855571e-12 
Output Order: Time[year] TotEnergy[ergs] TotAngMom[kg*m^2/s] LongP[deg] SemiMajorAxis[au] Eccentricity[] Inc[deg] LongA[deg]
Grid Output Order:

----- BODY: c ----
Active Modules: DistOrb
Module Bit Sum: 17
Color: 000000
(Mass) Mass [kg]: 4.698935e+25 
(Radius) Radius [m]: 1.529966e+07 
(RadGyra) Radius of Gyration/Moment of Inertia Constant []: 0.400000 
(RotKinEnergy) Body's Rotational Energy [kg*m^2/sec^2]: 4.653558e+30 
(RotVel) Rotational Velocity [m/sec]: 1112.622581 
(BodyType) Type of Body (0 == planet) []: 0.000000 
(Density) Average Density [kg/m^3]: 3132.316216 
(HEcc) Poincare's h (=e*sin(varpi) []: -0.003508 
(HZLimitDryRunaway) Semi-major axis of Dry Runaway HZ Limit [m]: -1.000000 
(HZLimRecVenus) Recent Venus HZ Limit []: -1.000000 
(HZLimRunaway) Runaway Greenhouse HZ Limit []: -1.000000 
(HZLimMoistGreenhouse) Moist Greenhouse HZ Limit []: -1.000000 
(HZLimMaxGreenhouse) Maximum Greenhouse HZ Limit []: -1.000000 
(HZLimEarlyMars) Early Mars HZ Limit []: -1.000000 
(Instellation) Orbit-averaged INcident STELLar radiATION [kg*m^2/sec^2/(m^2*sec)]: -1.000000 
(KEcc) Poincare's k (=e*cos(varpi) []: 0.026308 
(Eccentricity) Orbital Eccentricity []: 0.026541 
(OrbEnergy) Body's Total Orbital Energy [kg*m^2/sec^2]: -9.753426e+34 
(MeanMotion) Orbital Mean Motion [/sec]: 1.457381e-05 
(OrbPeriod) Orbital Period [sec]: 4.311286e+05 
(SemiMajorAxis) Semi-major Axis [m]: 4.421381e+09 
(OrbAngMom) Orbital Angular Momentum [kg*m^2/sec]: 1.338015e+40 
(ArgP) Body's argument of pericenter [rad]: 0.807852 
(Inc) Body's Inclination [rad]: 0.003561 
(LongA) Body's Longitude of ascending node [rad]: 5.342754 
(MeanLongitude) Orbital Mean Longitude [rad]: -0.132579 
(LongP) Body's Longitude of pericenter [rad]: 6.150606 
(TotOrbEnergy) System's Total Orbital Energy [kg*m^2/sec^2]: -1.733124e+35 
(OrbPotEnergy) Body's Orbital Potential Energy [kg*m^2/sec^2]: -1.950685e+35 
----- DISTORB PARAMETERS (c)------
(Sinc) Body's sin(Inc/2) in DistOrb []: 0.001781 
(Pinc) Body's Poincare p in DistOrb []: -0.001438 
(Qinc) Body's Poincare q in DistOrb []: 0.001050 
(DIncDtDistOrb) Body's inclination derivative in DistOrb [rad/sec]: 1.092942e-12 
(DSincDtDistOrb) Body's sin(Inc/2) derivative in DistOrb [/sec]: 5.464703e-13 
(DLongADtDistOrb) Body's longitude of ascending node derivative in DistOrb [rad/sec]: -1.503977e-09 
(DLongPDtDistOrb) Body's longitude of pericenter derivative in DistOrb [rad/sec]: 2.949009e-10 
(DHeccDtDistOrb) Body's Poincare h derivative in DistOrb [/sec]: 7.807557e-12 
(DKeccDtDistOrb) Body's Poincare k in DistOrb [/sec]: 6.653159e-13 
(DPincDtDistOrb) Body's Poincare p in DistOrb [/sec]: -2.019892e-12 
(DQincDtDistOrb) Body's Poincare q in DistOrb [/sec]: -1.841109e-12 
Output Order: Time[year] LongP[deg] SemiMajorAxis[au] Eccentricity[] Inc[deg] LongA[deg]
Grid Output Order:

----- BODY: d ----
Active Modules: DistOrb
Module Bit Sum: 17
Color: 000000
(Mass) Mass [kg]: 4.514015e+24 
(Radius) Radius [m]: 6.351790e+06 
(RadGyra) Radius of Gyration/Moment of Inertia Constant []: 0.400000 
(RotKinEnergy) Body's Rotational Energy [kg*m^2/sec^2]: 7.705086e+28 
(RotVel) Rotational Velocity [m/sec]: 461.915171 
(BodyType) Type of Body (0 == planet) []: 0.000000 
(Density) Average Density [kg/m^3]: 4205.194818 
(HEcc) Poincare's h (=e*sin(varpi) []: -0.001320 
(HZLimitDryRunaway) Semi-major axis of Dry Runaway HZ Limit [m]: -1.000000 
(HZLimRecVenus) Recent Venus HZ Limit []: -1.000000 
(HZLimRunaway) Runaway Greenhouse HZ Limit []: -1.000000 
(HZLimMoistGreenhouse) Moist Greenhouse HZ Limit []: -1.000000 
(HZLimMaxGreenhouse) Maximum Greenhouse HZ Limit []: -1.000000 
(HZLimEarlyMars) Early Mars HZ Limit []: -1.000000 
(Instellation) Orbit-averaged INcident STELLar radiATION [kg*m^2/sec^2/(m^2*sec)]: -1.000000 
(KEcc) Poincare's k (=e*cos(varpi) []: 0.002640 
(Eccentricity) Orbital Eccentricity []: 0.002951 
(OrbEnergy) Body's Total Orbital Energy [kg*m^2/sec^2]: -1.392800e+34 
(MeanMotion) Orbital Mean Motion [/sec]: 2.641139e-05 
(OrbPeriod) Orbital Period [sec]: 2.378968e+05 
(SemiMajorAxis) Semi-major Axis [m]: 2.974336e+09 
(OrbAngMom) Orbital Angular Momentum [kg*m^2/sec]: 1.054692e+39 
(ArgP) Body's argument of pericenter [rad]: 3.327819 
(Inc) Body's Inclination [rad]: 0.013655 
(LongA) Body's Longitude of ascending node [rad]: 2.491705 
(MeanLongitude) Orbital Mean Longitude [rad]: -0.463662 
(LongP) Body's Longitude of pericenter [rad]: 5.819523 
(TotOrbEnergy) System's Total Orbital Energy [kg*m^2/sec^2]: -1.733124e+35 
(OrbPotEnergy) Body's Orbital Potential Energy [kg*m^2/sec^2]: -2.785599e+34 
----- DISTORB PARAMETERS (d)------
(Sinc) Body's sin(Inc/2) in DistOrb []: 0.006828 
(Pinc) Body's Poincare p in DistOrb []: 0.004131 
(Qinc) Body's Poincare q in DistOrb []: -0.005436 
(DIncDtDistOrb) Body's inclination derivative in DistOrb [rad/sec]: -2.497651e-12 
(DSincDtDistOrb) Body's sin(Inc/2) derivative in DistOrb [/sec]: -1.248796e-12 
(DLongADtDistOrb) Body's longitude of ascending node derivative in DistOrb [rad/sec]: -3.986938e-09 
(DLongPDtDistOrb) Body's longitude of pericenter derivative in DistOrb [rad/sec]: -1.774157e-08 
(DHeccDtDistOrb) Body's Poincare h derivative in DistOrb [/sec]: -5.573463e-11 
(DKeccDtDistOrb) Body's Poincare k in DistOrb [/sec]: -5.611507e-12 
(DPincDtDistOrb) Body's Poincare p in DistOrb [/sec]: 2.091670e-11 
(DQincDtDistOrb) Body's Poincare q in DistOrb [/sec]: 1.746581e-11 
Output Order: Time[year] LongP[deg] SemiMajorAxis[au] Eccentricity[] Inc[deg] LongA[deg]
Grid Output Order:



---- FINAL SYSTEM PROPERTIES ----
(Age) System Age [sec]: 3.471336e+13 
(Time) Simulation Time [sec]: 3.155760e+12 
(TotAngMom) Total Angular Momentum [kg*m^2/sec]: 1.432680e+41 
(TotEnergy) Total System Energy [kg*m^2/sec^2]: -2.415615e+40 
(PotEnergy) Body's non-orbital Potential Energy [kg*m^2/sec^2]: -2.416522e+40 
(KinEnergy) Body's non-orbital Kinetic Energy [kg*m^2/sec^2]: 9.251740e+36 
(DeltaTime) Average Timestep Over Last Output Interval [sec]: 2818.198948 

----- BODY: star ----
Active Modules: 
Module Bit Sum: 1
Color: 000000
(Mass) Mass [kg]: 2.750054e+29 
(Radius) Radius [m]: 1.253278e+08 
(RadGyra) Radius of Gyration/Moment of Inertia Constant []: 0.450000 
(BodyType) Type of Body (0 == planet) []: 0.000000 
(Density) Average Density [kg/m^3]: 3.335111e+04 
(HZLimitDryRunaway) Semi-major axis of Dry Runaway HZ Limit [m]: -1.000000 
(HZLimRecVenus) Recent Venus HZ Limit []: -1.000000 
(HZLimRunaway) Runaway Greenhouse HZ Limit []: -1.000000 
(HZLimMoistGreenhouse) Moist Greenhouse HZ Limit []: -1.000000 
(HZLimMaxGreenhouse) Maximum Greenhouse HZ Limit []: -1.000000 
(HZLimEarlyMars) Early Mars HZ Limit []: -1.000000 
(Instellation) Orbit-averaged INcident STELLar radiATION [kg*m^2/sec^2/(m^2*sec)]: -1.000000 
Output Order:
Grid Output Order:

----- BODY: b ----
Active Modules: DistOrb
Module Bit Sum: 17
Color: 000000
(Mass) Mass [kg]: 9.847047e+24 
(Radius) Radius [m]: 7.952960e+06 
(RadGyra) Radius of Gyration/Moment of Inertia Constant []: 0.400000 
(RotKinEnergy) Body's Rotational Energy [kg*m^2/sec^2]: 2.635032e+29 
(RotVel) Rotational Velocity [m/sec]: 578.355606 
(BodyType) Type of Body (0 == planet) []: 0.000000 
(Density) Average Density [kg/m^3]: 4673.378162 
(HEcc) Poincare's h (=e*sin(varpi) []: 0.024327 
(HZLimitDryRunaway) Semi-major axis of Dry Runaway HZ Limit [m]: -1.000000 
(HZLimRecVenus) Recent Venus HZ Limit []: -1.000000 
(HZLimRunaway) Runaway Greenhouse HZ Limit []: -1.000000 
(HZLimMoistGreenhouse) Moist Greenhouse HZ Limit []: -1.000000 
(HZLimMaxGreenhouse) Maximum Greenhouse HZ Limit []: -1.000000 
(HZLimEarlyMars) Early Mars HZ Limit []: -1.000000 
(Instellation) Orbit-averaged INcident STELLar radiATION [kg*m^2/sec^2/(m^2*sec)]: -1.000000 
(KEcc) Poincare's k (=e*cos(varpi) []: -0.010608 
(Eccentricity) Orbital Eccentricity []: 0.026540 
(OrbEnergy) Body's Total Orbital Energy [kg*m^2/sec^2]: -6.185017e+34 
(MeanMotion) Orbital Mean Motion [/sec]: 7.671131e-05 
(OrbPeriod) Orbital Period [sec]: 8.190689e+04 
(SemiMajorAxis) Semi-major Axis [m]: 1.461103e+09 
(OrbAngMom) Orbital Angular Momentum [kg*m^2/sec]: 1.611976e+39 
(ArgP) Body's argument of pericenter [rad]: 0.468431 
(Inc) Body's Inclination [rad]: 0.017009 
(LongA) Body's Longitude of ascending node [rad]: 1.513569 
(MeanLongitude) Orbital Mean Longitude [rad]: 1.982000 
(LongP) Body's Longitude of pericenter [rad]: 1.982000 
(TotOrbEnergy) System's Total Orbital Energy [kg*m^2/sec^2]: -1.733124e+35 
(OrbPotEnergy) Body's Orbital Potential Energy [kg*m^2/sec^2]: -1.237003e+35 
----- DISTORB PARAMETERS (b)------
(Sinc) Body's sin(Inc/2) in DistOrb []: 0.008504 
(Pinc) Body's Poincare p in DistOrb []: 0.008490 
(Qinc) Body's Poincare q in DistOrb []: 0.000486 
(DIncDtDistOrb) Body's inclination derivative in DistOrb [rad/sec]: 1.407775e-12 
(DSincDtDistOrb) Body's sin(Inc/2) derivative in DistOrb [/sec]: 7.038620e-13 
(DLongADtDistOrb) Body's longitude of ascending node derivative in DistOrb [rad/sec]: -6.117393e-10 
(DLongPDtDistOrb) Body's longitude of pericenter derivative in DistOrb [rad/sec]: 5.280949e-10 
(DHeccDtDistOrb) Body's Poincare h derivative in DistOrb [/sec]: -1.589569e-12 
(DKeccDtDistOrb) Body's Poincare k in DistOrb [/sec]: -1.459695e-11 
(DPincDtDistOrb) Body's Poincare p in DistOrb [/sec]: 4.051524e-13 
(DQincDtDistOrb) Body's Poincare q in DistOrb [/sec]: 5.234143e-12 
Output Order: Time[year] TotEnergy[ergs] TotAngMom[kg*m^2/s] LongP[deg] SemiMajorAxis[au] Eccentricity[] Inc[deg] LongA[deg]
Grid Output Order:

----- BODY: c ----
Active Modules: DistOrb
Module Bit Sum: 17
Color: 000000
(Mass) Mass [kg]: 4.698935e+25 
(Radius) Radius [m]: 1.529966e+07 
(RadGyra) Radius of Gyration/Moment of Inertia Constant []: 0.400000 
(RotKinEnergy) Body's Rotational Energy [kg*m^2/sec^2]: 4.653558e+30 
(RotVel) Rotational Velocity [m/sec]: 1112.622581 
(BodyType) Type of Body (0 == planet) []: 0.000000 
(Density) Average Density [kg/m^3]: 3132.316216 
(HEcc) Poincare's h (=e*sin(varpi) []: -0.001593 
(HZLimitDryRunaway) Semi-major axis of Dry Runaway HZ Limit [m]: -1.000000 
(HZLimRecVenus) Recent Venus HZ Limit []: -1.000000 
(HZLimRunaway) Runaway Greenhouse HZ Limit []: -1.000000 
(HZLimMoistGreenhouse) Moist Greenhouse HZ Limit []: -1.000000 
(HZLimMaxGreenhouse) Maximum Greenhouse HZ Limit []: -1.000000 
(HZLimEarlyMars) Early Mars HZ Limit []: -1.000000 
(Instellation) Orbit-averaged INcident STELLar radiATION [kg*m^2/sec^2/(m^2*sec)]: -1.000000 
(KEcc) Poincare's k (=e*cos(varpi) []: -0.025078 
(Eccentricity) Orbital Eccentricity []: 0.025129 
(OrbEnergy) Body's Total Orbital Energy [kg*m^2/sec^2]: -9.753426e+34 
(MeanMotion) Orbital Mean Motion [/sec]: 1.457381e-05 
(OrbPeriod) Orbital Period [sec]: 4.311286e+05 
(SemiMajorAxis) Semi-major Axis [m]: 4.421381e+09 
(OrbAngMom) Orbital Angular Momentum [kg*m^2/sec]: 1.338064e+40 
(ArgP) Body's argument of pericenter [rad]: 5.071741 
(Inc) Body's Inclination [rad]: 0.003636 
(LongA) Body's Longitude of ascending node [rad]: 4.416489 
(MeanLongitude) Orbital Mean Longitude [rad]: -3.078141 
(LongP) Body's Longitude of pericenter [rad]: 3.205044 
(TotOrbEnergy) System's Total Orbital Energy [kg*m^2/sec^2]: -1.733124e+35 
(OrbPotEnergy) Body's Orbital Potential Energy [kg*m^2/sec^2]: -1.950685e+35 
----- DISTORB PARAMETERS (c)------
(Sinc) Body's sin(Inc/2) in DistOrb []: 0.001818 
(Pinc) Body's Poincare p in DistOrb []: -0.001739 
(Qinc) Body's Poincare q in DistOrb []: -0.000530 
(DIncDtDistOrb) Body's inclination derivative in DistOrb [rad/sec]: -1.550184e-12 
(DSincDtDistOrb) Body's sin(Inc/2) derivative in DistOrb [/sec]: -7.750909e-13 
(DLongADtDistOrb) Body's longitude of ascending node derivative in DistOrb [rad/sec]: -1.380937e-09 
(DLongPDtDistOrb) Body's longitude of pericenter derivative in DistOrb [rad/sec]: 2.640716e-10 
(DHeccDtDistOrb) Body's Poincare h derivative in DistOrb [/sec]: -6.470219e-12 
(DKeccDtDistOrb) Body's Poincare k in DistOrb [/sec]: 2.815647e-12 
(DPincDtDistOrb) Body's Poincare p in DistOrb [/sec]: 1.473488e-12 
(DQincDtDistOrb) Body's Poincare q in DistOrb [/sec]: -2.175433e-12 
Output Order: Time[year] LongP[deg] SemiMajorAxis[au] Eccentricity[] Inc[deg] LongA[deg]
Grid Output Order:

----- BODY: d ----
Active Modules: DistOrb
Module Bit Sum: 17
Color: 000000
(Mass) Mass [kg]: 4.514015e+24 
(Radius) Radius [m]: 6.351790e+06 
(RadGyra) Radius of Gyration/Moment of Inertia Constant []: 0.400000 
(RotKinEnergy) Body's Rotational Energy [kg*m^2/sec^2]: 7.705086e+28 
(RotVel) Rotational Velocity [m/sec]: 461.915171 
(BodyType) Type of Body (0 == planet) []: 0.000000 
(Density) Average Density [kg/m^3]: 4205.194818 
(HEcc) Poincare's h (=e*sin(varpi) []: 0.008974 
(HZLimitDryRunaway) Semi-major axis of Dry Runaway HZ Limit [m]: -1.000000 
(HZLimRecVenus) Recent Venus HZ Limit []: -1.000000 
(HZLimRunaway) Runaway Greenhouse HZ Limit []: -1.000000 
(HZLimMoistGreenhouse) Moist Greenhouse HZ Limit []: -1.000000 
(HZLimMaxGreenhouse) Maximum Greenhouse HZ Limit []: -1.000000 
(HZLimEarlyMars) Early Mars HZ Limit []: -1.000000 
(Instellation) Orbit-averaged INcident STELLar radiATION [kg*m^2/sec^2/(m^2*sec)]: -1.000000 
(KEcc) Poincare's k (=e*cos(varpi) []: -0.005143 
(Eccentricity) Orbital Eccentricity []: 0.010343 
(OrbEnergy) Body's Total Orbital Energy [kg*m^2/sec^2]: -1.392800e+34 
(MeanMotion) Orbital Mean Motion [/sec]: 2.641139e-05 
(OrbPeriod) Orbital Period [sec]: 2.378968e+05 
(SemiMajorAxis) Semi-major Axis [m]: 2.974336e+09 
(OrbAngMom) Orbital Angular Momentum [kg*m^2/sec]: 1.054640e+39 
(ArgP) Body's argument of pericenter [rad]: 1.344600 
(Inc) Body's Inclination [rad]: 0.013705 
(LongA) Body's Longitude of ascending node [rad]: 0.746631 
(MeanLongitude) Orbital Mean Longitude [rad]: 2.091231 
(LongP) Body's Longitude of pericenter [rad]: 2.091231 
(TotOrbEnergy) System's Total Orbital Energy [kg*m^2/sec^2]: -1.733124e+35 
(OrbPotEnergy) Body's Orbital Potential Energy [kg*m^2/sec^2]: -2.785599e+34 
----- DISTORB PARAMETERS (d)------
(Sinc) Body's sin(Inc/2) in DistOrb []: 0.006853 
(Pinc) Body's Poincare p in DistOrb []: 0.004654 
(Qinc) Body's Poincare q in DistOrb []: 0.005030 
(DIncDtDistOrb) Body's inclination derivative in DistOrb [rad/sec]: 2.553243e-12 
(DSincDtDistOrb) Body's sin(Inc/2) derivative in DistOrb [/sec]: 1.276591e-12 
(DLongADtDistOrb) Body's longitude of ascending node derivative in DistOrb [rad/sec]: -4.011893e-09 
(DLongPDtDistOrb) Body's longitude of pericenter derivative in DistOrb [rad/sec]: 3.661330e-10 
(DHeccDtDistOrb) Body's Poincare h derivative in DistOrb [/sec]: 4.743041e-11 
(DKeccDtDistOrb) Body's Poincare k in DistOrb [/sec]: -3.154921e-11 
(DPincDtDistOrb) Body's Poincare p in DistOrb [/sec]: -1.931158e-11 
(DQincDtDistOrb) Body's Poincare q in DistOrb [/sec]: 1.960873e-11 
Output Order: Time[year] LongP[deg] SemiMajorAxis[au] Eccentricity[] Inc[deg] LongA[deg]
Grid Output Order:
