-------- Log file LP791-18.log -------

Executable: /Users/noahvowell/opt/anaconda3/envs/exo/bin/vplanet
Version: Unknown
System Name: LP791-18
Primary Input File: vpl.in
Body File #1: star.in
Body File #2: b.in
Body File #3: c.in
Body File #4: d.in
Allow files to be overwitten: Yes
Mass Units: Grams
Length Units: Meters
Time Units: Seconds
Angle Units: Radians

------- FORMATTING -----
Verbosity Level: 5
Crossover Decade for Scientific Notation: 4
Number of Digits After Decimal: 6
Integration Method: Runge-Kutta4
Direction: Forward
Time Step: 3.155760e+07
Stop Time: 3.155760e+12
Output Interval: 3.155760e+09
Use Variable Timestep: Yes
dEta: 0.010000
Minimum Value of ecc and obl: 1.000000e-10


---- INITIAL SYSTEM PROPERTIES ----
(Age) System Age [sec]: 3.155760e+13 
(Time) Simulation Time [sec]: 0.000000 
(TotAngMom) Total Angular Momentum [kg*m^2/sec]: 1.343346e+41 
(TotEnergy) Total System Energy [kg*m^2/sec^2]: -2.286918e+40 
(PotEnergy) Body's non-orbital Potential Energy [kg*m^2/sec^2]: -2.287761e+40 
(KinEnergy) Body's non-orbital Kinetic Energy [kg*m^2/sec^2]: 8.639671e+36 
(DeltaTime) Average Timestep Over Last Output Interval [sec]: 0.000000 

----- BODY: star ----
Active Modules: 
Module Bit Sum: 1
Color: 000000
(Mass) Mass [kg]: 2.653897e+29 
(Radius) Radius [m]: 1.232858e+08 
(RadGyra) Radius of Gyration/Moment of Inertia Constant []: 0.450000 
(BodyType) Type of Body (0 == planet) []: 0.000000 
(Density) Average Density [kg/m^3]: 3.381088e+04 
(HZLimitDryRunaway) Semi-major axis of Dry Runaway HZ Limit [m]: -1.000000 
(HZLimRecVenus) Recent Venus HZ Limit []: -1.000000 
(HZLimRunaway) Runaway Greenhouse HZ Limit []: -1.000000 
(HZLimMoistGreenhouse) Moist Greenhouse HZ Limit []: -1.000000 
(HZLimMaxGreenhouse) Maximum Greenhouse HZ Limit []: -1.000000 
(HZLimEarlyMars) Early Mars HZ Limit []: -1.000000 
(Instellation) Orbit-averaged INcident STELLar radiATION [kg*m^2/sec^2/(m^2*sec)]: -1.000000 
Output Order:
Grid Output Order:

----- BODY: b ----
Active Modules: DistOrb
Module Bit Sum: 17
Color: 000000
(Mass) Mass [kg]: 1.554986e+25 
(Radius) Radius [m]: 7.255294e+06 
(RadGyra) Radius of Gyration/Moment of Inertia Constant []: 0.400000 
(RotKinEnergy) Body's Rotational Energy [kg*m^2/sec^2]: 3.463050e+29 
(RotVel) Rotational Velocity [m/sec]: 527.619833 
(BodyType) Type of Body (0 == planet) []: 0.000000 
(Density) Average Density [kg/m^3]: 9720.150828 
(HEcc) Poincare's h (=e*sin(varpi) []: -0.012429 
(HZLimitDryRunaway) Semi-major axis of Dry Runaway HZ Limit [m]: -1.000000 
(HZLimRecVenus) Recent Venus HZ Limit []: -1.000000 
(HZLimRunaway) Runaway Greenhouse HZ Limit []: -1.000000 
(HZLimMoistGreenhouse) Moist Greenhouse HZ Limit []: -1.000000 
(HZLimMaxGreenhouse) Maximum Greenhouse HZ Limit []: -1.000000 
(HZLimEarlyMars) Early Mars HZ Limit []: -1.000000 
(Instellation) Orbit-averaged INcident STELLar radiATION [kg*m^2/sec^2/(m^2*sec)]: -1.000000 
(KEcc) Poincare's k (=e*cos(varpi) []: 0.000905 
(Eccentricity) Orbital Eccentricity []: 0.012462 
(OrbEnergy) Body's Total Orbital Energy [kg*m^2/sec^2]: -9.537913e+34 
(MeanMotion) Orbital Mean Motion [/sec]: 7.671132e-05 
(OrbPeriod) Orbital Period [sec]: 8.190688e+04 
(SemiMajorAxis) Semi-major Axis [m]: 1.443882e+09 
(OrbAngMom) Orbital Angular Momentum [kg*m^2/sec]: 2.486510e+39 
(ArgP) Body's argument of pericenter [rad]: 2.368678 
(Inc) Body's Inclination [rad]: 0.045031 
(LongA) Body's Longitude of ascending node [rad]: 2.416427 
(MeanLongitude) Orbital Mean Longitude [rad]: -1.498080 
(LongP) Body's Longitude of pericenter [rad]: 4.785106 
(TotOrbEnergy) System's Total Orbital Energy [kg*m^2/sec^2]: -1.989690e+35 
(OrbPotEnergy) Body's Orbital Potential Energy [kg*m^2/sec^2]: -1.907583e+35 
----- DISTORB PARAMETERS (b)------
(Sinc) Body's sin(Inc/2) in DistOrb []: 0.022514 
(Pinc) Body's Poincare p in DistOrb []: 0.014932 
(Qinc) Body's Poincare q in DistOrb []: -0.016849 
(DIncDtDistOrb) Body's inclination derivative in DistOrb [rad/sec]: -7.293824e-13 
(DSincDtDistOrb) Body's sin(Inc/2) derivative in DistOrb [/sec]: -3.645987e-13 
(DLongADtDistOrb) Body's longitude of ascending node derivative in DistOrb [rad/sec]: -6.826905e-10 
(DLongPDtDistOrb) Body's longitude of pericenter derivative in DistOrb [rad/sec]: 4.601577e-10 
(DHeccDtDistOrb) Body's Poincare h derivative in DistOrb [/sec]: -3.292610e-12 
(DKeccDtDistOrb) Body's Poincare k in DistOrb [/sec]: 5.989533e-12 
(DPincDtDistOrb) Body's Poincare p in DistOrb [/sec]: 1.126079e-11 
(DQincDtDistOrb) Body's Poincare q in DistOrb [/sec]: 1.046703e-11 
Output Order: Time[year] TotEnergy[ergs] TotAngMom[kg*m^2/s] LongP[deg] SemiMajorAxis[au] Eccentricity[] Inc[deg] LongA[deg]
Grid Output Order:

----- BODY: c ----
Active Modules: DistOrb
Module Bit Sum: 17
Color: 000000
(Mass) Mass [kg]: 4.172057e+25 
(Radius) Radius [m]: 1.518508e+07 
(RadGyra) Radius of Gyration/Moment of Inertia Constant []: 0.400000 
(RotKinEnergy) Body's Rotational Energy [kg*m^2/sec^2]: 4.070113e+30 
(RotVel) Rotational Velocity [m/sec]: 1104.289894 
(BodyType) Type of Body (0 == planet) []: 0.000000 
(Density) Average Density [kg/m^3]: 2844.531452 
(HEcc) Poincare's h (=e*sin(varpi) []: -0.015478 
(HZLimitDryRunaway) Semi-major axis of Dry Runaway HZ Limit [m]: -1.000000 
(HZLimRecVenus) Recent Venus HZ Limit []: -1.000000 
(HZLimRunaway) Runaway Greenhouse HZ Limit []: -1.000000 
(HZLimMoistGreenhouse) Moist Greenhouse HZ Limit []: -1.000000 
(HZLimMaxGreenhouse) Maximum Greenhouse HZ Limit []: -1.000000 
(HZLimEarlyMars) Early Mars HZ Limit []: -1.000000 
(Instellation) Orbit-averaged INcident STELLar radiATION [kg*m^2/sec^2/(m^2*sec)]: -1.000000 
(KEcc) Poincare's k (=e*cos(varpi) []: -0.002538 
(Eccentricity) Orbital Eccentricity []: 0.015685 
(OrbEnergy) Body's Total Orbital Energy [kg*m^2/sec^2]: -8.456790e+34 
(MeanMotion) Orbital Mean Motion [/sec]: 1.457383e-05 
(OrbPeriod) Orbital Period [sec]: 4.311280e+05 
(SemiMajorAxis) Semi-major Axis [m]: 4.369212e+09 
(OrbAngMom) Orbital Angular Momentum [kg*m^2/sec]: 1.160402e+40 
(ArgP) Body's argument of pericenter [rad]: 5.028027 
(Inc) Body's Inclination [rad]: 0.002783 
(LongA) Body's Longitude of ascending node [rad]: 5.804999 
(MeanLongitude) Orbital Mean Longitude [rad]: -1.733345 
(LongP) Body's Longitude of pericenter [rad]: 4.549840 
(TotOrbEnergy) System's Total Orbital Energy [kg*m^2/sec^2]: -1.989690e+35 
(OrbPotEnergy) Body's Orbital Potential Energy [kg*m^2/sec^2]: -1.691358e+35 
----- DISTORB PARAMETERS (c)------
(Sinc) Body's sin(Inc/2) in DistOrb []: 0.001391 
(Pinc) Body's Poincare p in DistOrb []: -0.000640 
(Qinc) Body's Poincare q in DistOrb []: 0.001235 
(DIncDtDistOrb) Body's inclination derivative in DistOrb [rad/sec]: 6.718253e-14 
(DSincDtDistOrb) Body's sin(Inc/2) derivative in DistOrb [/sec]: 3.359123e-14 
(DLongADtDistOrb) Body's longitude of ascending node derivative in DistOrb [rad/sec]: -2.368813e-09 
(DLongPDtDistOrb) Body's longitude of pericenter derivative in DistOrb [rad/sec]: 5.308271e-10 
(DHeccDtDistOrb) Body's Poincare h derivative in DistOrb [/sec]: -9.106919e-12 
(DKeccDtDistOrb) Body's Poincare k in DistOrb [/sec]: 6.943850e-12 
(DPincDtDistOrb) Body's Poincare p in DistOrb [/sec]: -2.941569e-12 
(DQincDtDistOrb) Body's Poincare q in DistOrb [/sec]: -1.486804e-12 
Output Order: Time[year] LongP[deg] SemiMajorAxis[au] Eccentricity[] Inc[deg] LongA[deg]
Grid Output Order:

----- BODY: d ----
Active Modules: DistOrb
Module Bit Sum: 17
Color: 000000
(Mass) Mass [kg]: 6.313022e+24 
(Radius) Radius [m]: 6.340699e+06 
(RadGyra) Radius of Gyration/Moment of Inertia Constant []: 0.400000 
(RotKinEnergy) Body's Rotational Energy [kg*m^2/sec^2]: 1.073826e+29 
(RotVel) Rotational Velocity [m/sec]: 461.108677 
(BodyType) Type of Body (0 == planet) []: 0.000000 
(Density) Average Density [kg/m^3]: 5912.037147 
(HEcc) Poincare's h (=e*sin(varpi) []: 0.001006 
(HZLimitDryRunaway) Semi-major axis of Dry Runaway HZ Limit [m]: -1.000000 
(HZLimRecVenus) Recent Venus HZ Limit []: -1.000000 
(HZLimRunaway) Runaway Greenhouse HZ Limit []: -1.000000 
(HZLimMoistGreenhouse) Moist Greenhouse HZ Limit []: -1.000000 
(HZLimMaxGreenhouse) Maximum Greenhouse HZ Limit []: -1.000000 
(HZLimEarlyMars) Early Mars HZ Limit []: -1.000000 
(Instellation) Orbit-averaged INcident STELLar radiATION [kg*m^2/sec^2/(m^2*sec)]: -1.000000 
(KEcc) Poincare's k (=e*cos(varpi) []: 0.027146 
(Eccentricity) Orbital Eccentricity []: 0.027164 
(OrbEnergy) Body's Total Orbital Energy [kg*m^2/sec^2]: -1.902200e+34 
(MeanMotion) Orbital Mean Motion [/sec]: 2.641132e-05 
(OrbPeriod) Orbital Period [sec]: 2.378974e+05 
(SemiMajorAxis) Semi-major Axis [m]: 2.939270e+09 
(OrbAngMom) Orbital Angular Momentum [kg*m^2/sec]: 1.439911e+39 
(ArgP) Body's argument of pericenter [rad]: 3.059371 
(Inc) Body's Inclination [rad]: 0.004960 
(LongA) Body's Longitude of ascending node [rad]: 3.260852 
(MeanLongitude) Orbital Mean Longitude [rad]: 0.037038 
(LongP) Body's Longitude of pericenter [rad]: 0.037038 
(TotOrbEnergy) System's Total Orbital Energy [kg*m^2/sec^2]: -1.989690e+35 
(OrbPotEnergy) Body's Orbital Potential Energy [kg*m^2/sec^2]: -3.804400e+34 
----- DISTORB PARAMETERS (d)------
(Sinc) Body's sin(Inc/2) in DistOrb []: 0.002480 
(Pinc) Body's Poincare p in DistOrb []: -0.000295 
(Qinc) Body's Poincare q in DistOrb []: -0.002462 
(DIncDtDistOrb) Body's inclination derivative in DistOrb [rad/sec]: 1.106765e-11 
(DSincDtDistOrb) Body's sin(Inc/2) derivative in DistOrb [/sec]: 5.533810e-12 
(DLongADtDistOrb) Body's longitude of ascending node derivative in DistOrb [rad/sec]: -2.000849e-09 
(DLongPDtDistOrb) Body's longitude of pericenter derivative in DistOrb [rad/sec]: 3.716276e-09 
(DHeccDtDistOrb) Body's Poincare h derivative in DistOrb [/sec]: 9.941813e-11 
(DKeccDtDistOrb) Body's Poincare k in DistOrb [/sec]: -4.321838e-11 
(DPincDtDistOrb) Body's Poincare p in DistOrb [/sec]: 4.268044e-12 
(DQincDtDistOrb) Body's Poincare q in DistOrb [/sec]: -6.084827e-12 
Output Order: Time[year] LongP[deg] SemiMajorAxis[au] Eccentricity[] Inc[deg] LongA[deg]
Grid Output Order:



---- FINAL SYSTEM PROPERTIES ----
(Age) System Age [sec]: 3.471336e+13 
(Time) Simulation Time [sec]: 3.155760e+12 
(TotAngMom) Total Angular Momentum [kg*m^2/sec]: 1.343346e+41 
(TotEnergy) Total System Energy [kg*m^2/sec^2]: -2.286918e+40 
(PotEnergy) Body's non-orbital Potential Energy [kg*m^2/sec^2]: -2.287761e+40 
(KinEnergy) Body's non-orbital Kinetic Energy [kg*m^2/sec^2]: 8.639671e+36 
(DeltaTime) Average Timestep Over Last Output Interval [sec]: 3340.962940 

----- BODY: star ----
Active Modules: 
Module Bit Sum: 1
Color: 000000
(Mass) Mass [kg]: 2.653897e+29 
(Radius) Radius [m]: 1.232858e+08 
(RadGyra) Radius of Gyration/Moment of Inertia Constant []: 0.450000 
(BodyType) Type of Body (0 == planet) []: 0.000000 
(Density) Average Density [kg/m^3]: 3.381088e+04 
(HZLimitDryRunaway) Semi-major axis of Dry Runaway HZ Limit [m]: -1.000000 
(HZLimRecVenus) Recent Venus HZ Limit []: -1.000000 
(HZLimRunaway) Runaway Greenhouse HZ Limit []: -1.000000 
(HZLimMoistGreenhouse) Moist Greenhouse HZ Limit []: -1.000000 
(HZLimMaxGreenhouse) Maximum Greenhouse HZ Limit []: -1.000000 
(HZLimEarlyMars) Early Mars HZ Limit []: -1.000000 
(Instellation) Orbit-averaged INcident STELLar radiATION [kg*m^2/sec^2/(m^2*sec)]: -1.000000 
Output Order:
Grid Output Order:

----- BODY: b ----
Active Modules: DistOrb
Module Bit Sum: 17
Color: 000000
(Mass) Mass [kg]: 1.554986e+25 
(Radius) Radius [m]: 7.255294e+06 
(RadGyra) Radius of Gyration/Moment of Inertia Constant []: 0.400000 
(RotKinEnergy) Body's Rotational Energy [kg*m^2/sec^2]: 3.463050e+29 
(RotVel) Rotational Velocity [m/sec]: 527.619833 
(BodyType) Type of Body (0 == planet) []: 0.000000 
(Density) Average Density [kg/m^3]: 9720.150828 
(HEcc) Poincare's h (=e*sin(varpi) []: -0.003616 
(HZLimitDryRunaway) Semi-major axis of Dry Runaway HZ Limit [m]: -1.000000 
(HZLimRecVenus) Recent Venus HZ Limit []: -1.000000 
(HZLimRunaway) Runaway Greenhouse HZ Limit []: -1.000000 
(HZLimMoistGreenhouse) Moist Greenhouse HZ Limit []: -1.000000 
(HZLimMaxGreenhouse) Maximum Greenhouse HZ Limit []: -1.000000 
(HZLimEarlyMars) Early Mars HZ Limit []: -1.000000 
(Instellation) Orbit-averaged INcident STELLar radiATION [kg*m^2/sec^2/(m^2*sec)]: -1.000000 
(KEcc) Poincare's k (=e*cos(varpi) []: 0.010329 
(Eccentricity) Orbital Eccentricity []: 0.010944 
(OrbEnergy) Body's Total Orbital Energy [kg*m^2/sec^2]: -9.537913e+34 
(MeanMotion) Orbital Mean Motion [/sec]: 7.671132e-05 
(OrbPeriod) Orbital Period [sec]: 8.190688e+04 
(SemiMajorAxis) Semi-major Axis [m]: 1.443882e+09 
(OrbAngMom) Orbital Angular Momentum [kg*m^2/sec]: 2.486554e+39 
(ArgP) Body's argument of pericenter [rad]: 0.140088 
(Inc) Body's Inclination [rad]: 0.033994 
(LongA) Body's Longitude of ascending node [rad]: 5.806344 
(MeanLongitude) Orbital Mean Longitude [rad]: -0.336753 
(LongP) Body's Longitude of pericenter [rad]: 5.946432 
(TotOrbEnergy) System's Total Orbital Energy [kg*m^2/sec^2]: -1.989690e+35 
(OrbPotEnergy) Body's Orbital Potential Energy [kg*m^2/sec^2]: -1.907583e+35 
----- DISTORB PARAMETERS (b)------
(Sinc) Body's sin(Inc/2) in DistOrb []: 0.016996 
(Pinc) Body's Poincare p in DistOrb []: -0.007801 
(Qinc) Body's Poincare q in DistOrb []: 0.015100 
(DIncDtDistOrb) Body's inclination derivative in DistOrb [rad/sec]: -1.609189e-12 
(DSincDtDistOrb) Body's sin(Inc/2) derivative in DistOrb [/sec]: -8.044783e-13 
(DLongADtDistOrb) Body's longitude of ascending node derivative in DistOrb [rad/sec]: -8.769573e-10 
(DLongPDtDistOrb) Body's longitude of pericenter derivative in DistOrb [rad/sec]: 5.944999e-10 
(DHeccDtDistOrb) Body's Poincare h derivative in DistOrb [/sec]: 4.408165e-12 
(DKeccDtDistOrb) Body's Poincare k in DistOrb [/sec]: 7.098675e-12 
(DPincDtDistOrb) Body's Poincare p in DistOrb [/sec]: -1.287317e-11 
(DQincDtDistOrb) Body's Poincare q in DistOrb [/sec]: -7.555790e-12 
Output Order: Time[year] TotEnergy[ergs] TotAngMom[kg*m^2/s] LongP[deg] SemiMajorAxis[au] Eccentricity[] Inc[deg] LongA[deg]
Grid Output Order:

----- BODY: c ----
Active Modules: DistOrb
Module Bit Sum: 17
Color: 000000
(Mass) Mass [kg]: 4.172057e+25 
(Radius) Radius [m]: 1.518508e+07 
(RadGyra) Radius of Gyration/Moment of Inertia Constant []: 0.400000 
(RotKinEnergy) Body's Rotational Energy [kg*m^2/sec^2]: 4.070113e+30 
(RotVel) Rotational Velocity [m/sec]: 1104.289894 
(BodyType) Type of Body (0 == planet) []: 0.000000 
(Density) Average Density [kg/m^3]: 2844.531452 
(HEcc) Poincare's h (=e*sin(varpi) []: -0.000318 
(HZLimitDryRunaway) Semi-major axis of Dry Runaway HZ Limit [m]: -1.000000 
(HZLimRecVenus) Recent Venus HZ Limit []: -1.000000 
(HZLimRunaway) Runaway Greenhouse HZ Limit []: -1.000000 
(HZLimMoistGreenhouse) Moist Greenhouse HZ Limit []: -1.000000 
(HZLimMaxGreenhouse) Maximum Greenhouse HZ Limit []: -1.000000 
(HZLimEarlyMars) Early Mars HZ Limit []: -1.000000 
(Instellation) Orbit-averaged INcident STELLar radiATION [kg*m^2/sec^2/(m^2*sec)]: -1.000000 
(KEcc) Poincare's k (=e*cos(varpi) []: 0.015498 
(Eccentricity) Orbital Eccentricity []: 0.015501 
(OrbEnergy) Body's Total Orbital Energy [kg*m^2/sec^2]: -8.456790e+34 
(MeanMotion) Orbital Mean Motion [/sec]: 1.457383e-05 
(OrbPeriod) Orbital Period [sec]: 4.311280e+05 
(SemiMajorAxis) Semi-major Axis [m]: 4.369212e+09 
(OrbAngMom) Orbital Angular Momentum [kg*m^2/sec]: 1.160405e+40 
(ArgP) Body's argument of pericenter [rad]: 3.711210 
(Inc) Body's Inclination [rad]: 0.013922 
(LongA) Body's Longitude of ascending node [rad]: 2.551430 
(MeanLongitude) Orbital Mean Longitude [rad]: -0.020546 
(LongP) Body's Longitude of pericenter [rad]: 6.262639 
(TotOrbEnergy) System's Total Orbital Energy [kg*m^2/sec^2]: -1.989690e+35 
(OrbPotEnergy) Body's Orbital Potential Energy [kg*m^2/sec^2]: -1.691358e+35 
----- DISTORB PARAMETERS (c)------
(Sinc) Body's sin(Inc/2) in DistOrb []: 0.006961 
(Pinc) Body's Poincare p in DistOrb []: 0.003874 
(Qinc) Body's Poincare q in DistOrb []: -0.005783 
(DIncDtDistOrb) Body's inclination derivative in DistOrb [rad/sec]: 1.519943e-12 
(DSincDtDistOrb) Body's sin(Inc/2) derivative in DistOrb [/sec]: 7.599533e-13 
(DLongADtDistOrb) Body's longitude of ascending node derivative in DistOrb [rad/sec]: -5.466765e-10 
(DLongPDtDistOrb) Body's longitude of pericenter derivative in DistOrb [rad/sec]: 4.364969e-10 
(DHeccDtDistOrb) Body's Poincare h derivative in DistOrb [/sec]: 6.593502e-12 
(DKeccDtDistOrb) Body's Poincare k in DistOrb [/sec]: 8.474033e-12 
(DPincDtDistOrb) Body's Poincare p in DistOrb [/sec]: 3.584574e-12 
(DQincDtDistOrb) Body's Poincare q in DistOrb [/sec]: 1.486248e-12 
Output Order: Time[year] LongP[deg] SemiMajorAxis[au] Eccentricity[] Inc[deg] LongA[deg]
Grid Output Order:

----- BODY: d ----
Active Modules: DistOrb
Module Bit Sum: 17
Color: 000000
(Mass) Mass [kg]: 6.313022e+24 
(Radius) Radius [m]: 6.340699e+06 
(RadGyra) Radius of Gyration/Moment of Inertia Constant []: 0.400000 
(RotKinEnergy) Body's Rotational Energy [kg*m^2/sec^2]: 1.073826e+29 
(RotVel) Rotational Velocity [m/sec]: 461.108677 
(BodyType) Type of Body (0 == planet) []: 0.000000 
(Density) Average Density [kg/m^3]: 5912.037147 
(HEcc) Poincare's h (=e*sin(varpi) []: 0.029067 
(HZLimitDryRunaway) Semi-major axis of Dry Runaway HZ Limit [m]: -1.000000 
(HZLimRecVenus) Recent Venus HZ Limit []: -1.000000 
(HZLimRunaway) Runaway Greenhouse HZ Limit []: -1.000000 
(HZLimMoistGreenhouse) Moist Greenhouse HZ Limit []: -1.000000 
(HZLimMaxGreenhouse) Maximum Greenhouse HZ Limit []: -1.000000 
(HZLimEarlyMars) Early Mars HZ Limit []: -1.000000 
(Instellation) Orbit-averaged INcident STELLar radiATION [kg*m^2/sec^2/(m^2*sec)]: -1.000000 
(KEcc) Poincare's k (=e*cos(varpi) []: 0.000477 
(Eccentricity) Orbital Eccentricity []: 0.029071 
(OrbEnergy) Body's Total Orbital Energy [kg*m^2/sec^2]: -1.902200e+34 
(MeanMotion) Orbital Mean Motion [/sec]: 2.641132e-05 
(OrbPeriod) Orbital Period [sec]: 2.378974e+05 
(SemiMajorAxis) Semi-major Axis [m]: 2.939270e+09 
(OrbAngMom) Orbital Angular Momentum [kg*m^2/sec]: 1.439834e+39 
(ArgP) Body's argument of pericenter [rad]: 5.877127 
(Inc) Body's Inclination [rad]: 0.005563 
(LongA) Body's Longitude of ascending node [rad]: 1.960435 
(MeanLongitude) Orbital Mean Longitude [rad]: 1.554377 
(LongP) Body's Longitude of pericenter [rad]: 1.554377 
(TotOrbEnergy) System's Total Orbital Energy [kg*m^2/sec^2]: -1.989690e+35 
(OrbPotEnergy) Body's Orbital Potential Energy [kg*m^2/sec^2]: -3.804400e+34 
----- DISTORB PARAMETERS (d)------
(Sinc) Body's sin(Inc/2) in DistOrb []: 0.002782 
(Pinc) Body's Poincare p in DistOrb []: 0.002573 
(Qinc) Body's Poincare q in DistOrb []: -0.001057 
(DIncDtDistOrb) Body's inclination derivative in DistOrb [rad/sec]: -1.313466e-11 
(DSincDtDistOrb) Body's sin(Inc/2) derivative in DistOrb [/sec]: -6.567304e-12 
(DLongADtDistOrb) Body's longitude of ascending node derivative in DistOrb [rad/sec]: 5.560096e-10 
(DLongPDtDistOrb) Body's longitude of pericenter derivative in DistOrb [rad/sec]: 3.486342e-09 
(DHeccDtDistOrb) Body's Poincare h derivative in DistOrb [/sec]: -3.764558e-11 
(DKeccDtDistOrb) Body's Poincare k in DistOrb [/sec]: -1.019833e-10 
(DPincDtDistOrb) Body's Poincare p in DistOrb [/sec]: -6.662561e-12 
(DQincDtDistOrb) Body's Poincare q in DistOrb [/sec]: 1.063900e-12 
Output Order: Time[year] LongP[deg] SemiMajorAxis[au] Eccentricity[] Inc[deg] LongA[deg]
Grid Output Order:
