-------- Log file LP791-18.log -------

Executable: /Users/noahvowell/opt/anaconda3/envs/exo/bin/vplanet
Version: Unknown
System Name: LP791-18
Primary Input File: vpl.in
Body File #1: star.in
Body File #2: b.in
Body File #3: c.in
Body File #4: d.in
Allow files to be overwitten: Yes
Mass Units: Grams
Length Units: Meters
Time Units: Seconds
Angle Units: Radians

------- FORMATTING -----
Verbosity Level: 5
Crossover Decade for Scientific Notation: 4
Number of Digits After Decimal: 6
Integration Method: Runge-Kutta4
Direction: Forward
Time Step: 3.155760e+07
Stop Time: 3.155760e+12
Output Interval: 3.155760e+09
Use Variable Timestep: Yes
dEta: 0.010000
Minimum Value of ecc and obl: 1.000000e-10


---- INITIAL SYSTEM PROPERTIES ----
(Age) System Age [sec]: 3.155760e+13 
(Time) Simulation Time [sec]: 0.000000 
(TotAngMom) Total Angular Momentum [kg*m^2/sec]: 1.433691e+41 
(TotEnergy) Total System Energy [kg*m^2/sec^2]: -2.201642e+40 
(PotEnergy) Body's non-orbital Potential Energy [kg*m^2/sec^2]: -2.202557e+40 
(KinEnergy) Body's non-orbital Kinetic Energy [kg*m^2/sec^2]: 9.325573e+36 
(DeltaTime) Average Timestep Over Last Output Interval [sec]: 0.000000 

----- BODY: star ----
Active Modules: 
Module Bit Sum: 1
Color: 000000
(Mass) Mass [kg]: 2.654155e+29 
(Radius) Radius [m]: 1.280799e+08 
(RadGyra) Radius of Gyration/Moment of Inertia Constant []: 0.450000 
(BodyType) Type of Body (0 == planet) []: 0.000000 
(Density) Average Density [kg/m^3]: 3.015745e+04 
(HZLimitDryRunaway) Semi-major axis of Dry Runaway HZ Limit [m]: -1.000000 
(HZLimRecVenus) Recent Venus HZ Limit []: -1.000000 
(HZLimRunaway) Runaway Greenhouse HZ Limit []: -1.000000 
(HZLimMoistGreenhouse) Moist Greenhouse HZ Limit []: -1.000000 
(HZLimMaxGreenhouse) Maximum Greenhouse HZ Limit []: -1.000000 
(HZLimEarlyMars) Early Mars HZ Limit []: -1.000000 
(Instellation) Orbit-averaged INcident STELLar radiATION [kg*m^2/sec^2/(m^2*sec)]: -1.000000 
Output Order:
Grid Output Order:

----- BODY: b ----
Active Modules: DistOrb
Module Bit Sum: 17
Color: 000000
(Mass) Mass [kg]: 1.004416e+25 
(Radius) Radius [m]: 7.361175e+06 
(RadGyra) Radius of Gyration/Moment of Inertia Constant []: 0.400000 
(RotKinEnergy) Body's Rotational Energy [kg*m^2/sec^2]: 2.302662e+29 
(RotVel) Rotational Velocity [m/sec]: 535.319780 
(BodyType) Type of Body (0 == planet) []: 0.000000 
(Density) Average Density [kg/m^3]: 6011.508645 
(HEcc) Poincare's h (=e*sin(varpi) []: -0.013187 
(HZLimitDryRunaway) Semi-major axis of Dry Runaway HZ Limit [m]: -1.000000 
(HZLimRecVenus) Recent Venus HZ Limit []: -1.000000 
(HZLimRunaway) Runaway Greenhouse HZ Limit []: -1.000000 
(HZLimMoistGreenhouse) Moist Greenhouse HZ Limit []: -1.000000 
(HZLimMaxGreenhouse) Maximum Greenhouse HZ Limit []: -1.000000 
(HZLimEarlyMars) Early Mars HZ Limit []: -1.000000 
(Instellation) Orbit-averaged INcident STELLar radiATION [kg*m^2/sec^2/(m^2*sec)]: -1.000000 
(KEcc) Poincare's k (=e*cos(varpi) []: -0.006584 
(Eccentricity) Orbital Eccentricity []: 0.014739 
(OrbEnergy) Body's Total Orbital Energy [kg*m^2/sec^2]: -6.161261e+34 
(MeanMotion) Orbital Mean Motion [/sec]: 7.671082e-05 
(OrbPeriod) Orbital Period [sec]: 8.190742e+04 
(SemiMajorAxis) Semi-major Axis [m]: 1.443925e+09 
(OrbAngMom) Orbital Angular Momentum [kg*m^2/sec]: 1.606186e+39 
(ArgP) Body's argument of pericenter [rad]: 5.047800 
(Inc) Body's Inclination [rad]: 0.024889 
(LongA) Body's Longitude of ascending node [rad]: 5.484693 
(MeanLongitude) Orbital Mean Longitude [rad]: -2.033877 
(LongP) Body's Longitude of pericenter [rad]: 4.249308 
(TotOrbEnergy) System's Total Orbital Energy [kg*m^2/sec^2]: -1.720765e+35 
(OrbPotEnergy) Body's Orbital Potential Energy [kg*m^2/sec^2]: -1.232252e+35 
----- DISTORB PARAMETERS (b)------
(Sinc) Body's sin(Inc/2) in DistOrb []: 0.012444 
(Pinc) Body's Poincare p in DistOrb []: -0.008914 
(Qinc) Body's Poincare q in DistOrb []: 0.008684 
(DIncDtDistOrb) Body's inclination derivative in DistOrb [rad/sec]: 4.730379e-12 
(DSincDtDistOrb) Body's sin(Inc/2) derivative in DistOrb [/sec]: 2.365006e-12 
(DLongADtDistOrb) Body's longitude of ascending node derivative in DistOrb [rad/sec]: -9.817492e-10 
(DLongPDtDistOrb) Body's longitude of pericenter derivative in DistOrb [rad/sec]: 8.690527e-10 
(DHeccDtDistOrb) Body's Poincare h derivative in DistOrb [/sec]: -6.047263e-12 
(DKeccDtDistOrb) Body's Poincare k in DistOrb [/sec]: 1.129781e-11 
(DPincDtDistOrb) Body's Poincare p in DistOrb [/sec]: -1.021911e-11 
(DQincDtDistOrb) Body's Poincare q in DistOrb [/sec]: -7.101002e-12 
Output Order: Time[year] TotEnergy[ergs] TotAngMom[kg*m^2/s] LongP[deg] SemiMajorAxis[au] Eccentricity[] Inc[deg] LongA[deg]
Grid Output Order:

----- BODY: c ----
Active Modules: DistOrb
Module Bit Sum: 17
Color: 000000
(Mass) Mass [kg]: 4.140318e+25 
(Radius) Radius [m]: 1.538140e+07 
(RadGyra) Radius of Gyration/Moment of Inertia Constant []: 0.400000 
(RotKinEnergy) Body's Rotational Energy [kg*m^2/sec^2]: 4.144265e+30 
(RotVel) Rotational Velocity [m/sec]: 1118.566700 
(BodyType) Type of Body (0 == planet) []: 0.000000 
(Density) Average Density [kg/m^3]: 2716.175588 
(HEcc) Poincare's h (=e*sin(varpi) []: 0.000602 
(HZLimitDryRunaway) Semi-major axis of Dry Runaway HZ Limit [m]: -1.000000 
(HZLimRecVenus) Recent Venus HZ Limit []: -1.000000 
(HZLimRunaway) Runaway Greenhouse HZ Limit []: -1.000000 
(HZLimMoistGreenhouse) Moist Greenhouse HZ Limit []: -1.000000 
(HZLimMaxGreenhouse) Maximum Greenhouse HZ Limit []: -1.000000 
(HZLimEarlyMars) Early Mars HZ Limit []: -1.000000 
(Instellation) Orbit-averaged INcident STELLar radiATION [kg*m^2/sec^2/(m^2*sec)]: -1.000000 
(KEcc) Poincare's k (=e*cos(varpi) []: -0.005273 
(Eccentricity) Orbital Eccentricity []: 0.005307 
(OrbEnergy) Body's Total Orbital Energy [kg*m^2/sec^2]: -8.392997e+34 
(MeanMotion) Orbital Mean Motion [/sec]: 1.457381e-05 
(OrbPeriod) Orbital Period [sec]: 4.311285e+05 
(SemiMajorAxis) Semi-major Axis [m]: 4.369355e+09 
(OrbAngMom) Orbital Angular Momentum [kg*m^2/sec]: 1.151775e+40 
(ArgP) Body's argument of pericenter [rad]: 6.277902 
(Inc) Body's Inclination [rad]: 0.002966 
(LongA) Body's Longitude of ascending node [rad]: 3.033239 
(MeanLongitude) Orbital Mean Longitude [rad]: 3.027956 
(LongP) Body's Longitude of pericenter [rad]: 3.027956 
(TotOrbEnergy) System's Total Orbital Energy [kg*m^2/sec^2]: -1.720765e+35 
(OrbPotEnergy) Body's Orbital Potential Energy [kg*m^2/sec^2]: -1.678599e+35 
----- DISTORB PARAMETERS (c)------
(Sinc) Body's sin(Inc/2) in DistOrb []: 0.001483 
(Pinc) Body's Poincare p in DistOrb []: 0.000160 
(Qinc) Body's Poincare q in DistOrb []: -0.001474 
(DIncDtDistOrb) Body's inclination derivative in DistOrb [rad/sec]: -1.572906e-12 
(DSincDtDistOrb) Body's sin(Inc/2) derivative in DistOrb [/sec]: -7.864522e-13 
(DLongADtDistOrb) Body's longitude of ascending node derivative in DistOrb [rad/sec]: 1.621685e-09 
(DLongPDtDistOrb) Body's longitude of pericenter derivative in DistOrb [rad/sec]: 1.118837e-09 
(DHeccDtDistOrb) Body's Poincare h derivative in DistOrb [/sec]: -6.097908e-12 
(DKeccDtDistOrb) Body's Poincare k in DistOrb [/sec]: 1.065905e-12 
(DPincDtDistOrb) Body's Poincare p in DistOrb [/sec]: -2.475963e-12 
(DQincDtDistOrb) Body's Poincare q in DistOrb [/sec]: 5.217572e-13 
Output Order: Time[year] LongP[deg] SemiMajorAxis[au] Eccentricity[] Inc[deg] LongA[deg]
Grid Output Order:

----- BODY: d ----
Active Modules: DistOrb
Module Bit Sum: 17
Color: 000000
(Mass) Mass [kg]: 8.805574e+24 
(Radius) Radius [m]: 6.910185e+06 
(RadGyra) Radius of Gyration/Moment of Inertia Constant []: 0.400000 
(RotKinEnergy) Body's Rotational Energy [kg*m^2/sec^2]: 1.778932e+29 
(RotVel) Rotational Velocity [m/sec]: 502.522860 
(BodyType) Type of Body (0 == planet) []: 0.000000 
(Density) Average Density [kg/m^3]: 6370.888141 
(HEcc) Poincare's h (=e*sin(varpi) []: 0.004239 
(HZLimitDryRunaway) Semi-major axis of Dry Runaway HZ Limit [m]: -1.000000 
(HZLimRecVenus) Recent Venus HZ Limit []: -1.000000 
(HZLimRunaway) Runaway Greenhouse HZ Limit []: -1.000000 
(HZLimMoistGreenhouse) Moist Greenhouse HZ Limit []: -1.000000 
(HZLimMaxGreenhouse) Maximum Greenhouse HZ Limit []: -1.000000 
(HZLimEarlyMars) Early Mars HZ Limit []: -1.000000 
(Instellation) Orbit-averaged INcident STELLar radiATION [kg*m^2/sec^2/(m^2*sec)]: -1.000000 
(KEcc) Poincare's k (=e*cos(varpi) []: 0.008017 
(Eccentricity) Orbital Eccentricity []: 0.009069 
(OrbEnergy) Body's Total Orbital Energy [kg*m^2/sec^2]: -2.653397e+34 
(MeanMotion) Orbital Mean Motion [/sec]: 2.641121e-05 
(OrbPeriod) Orbital Period [sec]: 2.378984e+05 
(SemiMajorAxis) Semi-major Axis [m]: 2.939383e+09 
(OrbAngMom) Orbital Angular Momentum [kg*m^2/sec]: 2.009213e+39 
(ArgP) Body's argument of pericenter [rad]: 3.645797 
(Inc) Body's Inclination [rad]: 0.014790 
(LongA) Body's Longitude of ascending node [rad]: 3.123811 
(MeanLongitude) Orbital Mean Longitude [rad]: 0.486423 
(LongP) Body's Longitude of pericenter [rad]: 0.486423 
(TotOrbEnergy) System's Total Orbital Energy [kg*m^2/sec^2]: -1.720765e+35 
(OrbPotEnergy) Body's Orbital Potential Energy [kg*m^2/sec^2]: -5.306794e+34 
----- DISTORB PARAMETERS (d)------
(Sinc) Body's sin(Inc/2) in DistOrb []: 0.007395 
(Pinc) Body's Poincare p in DistOrb []: 0.000131 
(Qinc) Body's Poincare q in DistOrb []: -0.007394 
(DIncDtDistOrb) Body's inclination derivative in DistOrb [rad/sec]: -4.574076e-12 
(DSincDtDistOrb) Body's sin(Inc/2) derivative in DistOrb [/sec]: -2.286976e-12 
(DLongADtDistOrb) Body's longitude of ascending node derivative in DistOrb [rad/sec]: -3.030229e-09 
(DLongPDtDistOrb) Body's longitude of pericenter derivative in DistOrb [rad/sec]: 4.606915e-09 
(DHeccDtDistOrb) Body's Poincare h derivative in DistOrb [/sec]: 3.947262e-11 
(DKeccDtDistOrb) Body's Poincare k in DistOrb [/sec]: -1.472805e-11 
(DPincDtDistOrb) Body's Poincare p in DistOrb [/sec]: 2.236414e-11 
(DQincDtDistOrb) Body's Poincare q in DistOrb [/sec]: 2.685046e-12 
Output Order: Time[year] LongP[deg] SemiMajorAxis[au] Eccentricity[] Inc[deg] LongA[deg]
Grid Output Order:



---- FINAL SYSTEM PROPERTIES ----
(Age) System Age [sec]: 3.471336e+13 
(Time) Simulation Time [sec]: 3.155760e+12 
(TotAngMom) Total Angular Momentum [kg*m^2/sec]: 1.433691e+41 
(TotEnergy) Total System Energy [kg*m^2/sec^2]: -2.201642e+40 
(PotEnergy) Body's non-orbital Potential Energy [kg*m^2/sec^2]: -2.202557e+40 
(KinEnergy) Body's non-orbital Kinetic Energy [kg*m^2/sec^2]: 9.325573e+36 
(DeltaTime) Average Timestep Over Last Output Interval [sec]: 3315.236118 

----- BODY: star ----
Active Modules: 
Module Bit Sum: 1
Color: 000000
(Mass) Mass [kg]: 2.654155e+29 
(Radius) Radius [m]: 1.280799e+08 
(RadGyra) Radius of Gyration/Moment of Inertia Constant []: 0.450000 
(BodyType) Type of Body (0 == planet) []: 0.000000 
(Density) Average Density [kg/m^3]: 3.015745e+04 
(HZLimitDryRunaway) Semi-major axis of Dry Runaway HZ Limit [m]: -1.000000 
(HZLimRecVenus) Recent Venus HZ Limit []: -1.000000 
(HZLimRunaway) Runaway Greenhouse HZ Limit []: -1.000000 
(HZLimMoistGreenhouse) Moist Greenhouse HZ Limit []: -1.000000 
(HZLimMaxGreenhouse) Maximum Greenhouse HZ Limit []: -1.000000 
(HZLimEarlyMars) Early Mars HZ Limit []: -1.000000 
(Instellation) Orbit-averaged INcident STELLar radiATION [kg*m^2/sec^2/(m^2*sec)]: -1.000000 
Output Order:
Grid Output Order:

----- BODY: b ----
Active Modules: DistOrb
Module Bit Sum: 17
Color: 000000
(Mass) Mass [kg]: 1.004416e+25 
(Radius) Radius [m]: 7.361175e+06 
(RadGyra) Radius of Gyration/Moment of Inertia Constant []: 0.400000 
(RotKinEnergy) Body's Rotational Energy [kg*m^2/sec^2]: 2.302662e+29 
(RotVel) Rotational Velocity [m/sec]: 535.319780 
(BodyType) Type of Body (0 == planet) []: 0.000000 
(Density) Average Density [kg/m^3]: 6011.508645 
(HEcc) Poincare's h (=e*sin(varpi) []: 0.006833 
(HZLimitDryRunaway) Semi-major axis of Dry Runaway HZ Limit [m]: -1.000000 
(HZLimRecVenus) Recent Venus HZ Limit []: -1.000000 
(HZLimRunaway) Runaway Greenhouse HZ Limit []: -1.000000 
(HZLimMoistGreenhouse) Moist Greenhouse HZ Limit []: -1.000000 
(HZLimMaxGreenhouse) Maximum Greenhouse HZ Limit []: -1.000000 
(HZLimEarlyMars) Early Mars HZ Limit []: -1.000000 
(Instellation) Orbit-averaged INcident STELLar radiATION [kg*m^2/sec^2/(m^2*sec)]: -1.000000 
(KEcc) Poincare's k (=e*cos(varpi) []: 0.011687 
(Eccentricity) Orbital Eccentricity []: 0.013538 
(OrbEnergy) Body's Total Orbital Energy [kg*m^2/sec^2]: -6.161261e+34 
(MeanMotion) Orbital Mean Motion [/sec]: 7.671082e-05 
(OrbPeriod) Orbital Period [sec]: 8.190742e+04 
(SemiMajorAxis) Semi-major Axis [m]: 1.443925e+09 
(OrbAngMom) Orbital Angular Momentum [kg*m^2/sec]: 1.606213e+39 
(ArgP) Body's argument of pericenter [rad]: 2.777622 
(Inc) Body's Inclination [rad]: 0.026983 
(LongA) Body's Longitude of ascending node [rad]: 4.034611 
(MeanLongitude) Orbital Mean Longitude [rad]: 0.529048 
(LongP) Body's Longitude of pericenter [rad]: 0.529048 
(TotOrbEnergy) System's Total Orbital Energy [kg*m^2/sec^2]: -1.720765e+35 
(OrbPotEnergy) Body's Orbital Potential Energy [kg*m^2/sec^2]: -1.232252e+35 
----- DISTORB PARAMETERS (b)------
(Sinc) Body's sin(Inc/2) in DistOrb []: 0.013491 
(Pinc) Body's Poincare p in DistOrb []: -0.010509 
(Qinc) Body's Poincare q in DistOrb []: -0.008460 
(DIncDtDistOrb) Body's inclination derivative in DistOrb [rad/sec]: -2.937116e-12 
(DSincDtDistOrb) Body's sin(Inc/2) derivative in DistOrb [/sec]: -1.468425e-12 
(DLongADtDistOrb) Body's longitude of ascending node derivative in DistOrb [rad/sec]: -7.481919e-10 
(DLongPDtDistOrb) Body's longitude of pericenter derivative in DistOrb [rad/sec]: 9.919101e-10 
(DHeccDtDistOrb) Body's Poincare h derivative in DistOrb [/sec]: 1.067898e-11 
(DKeccDtDistOrb) Body's Poincare k in DistOrb [/sec]: -8.339737e-12 
(DPincDtDistOrb) Body's Poincare p in DistOrb [/sec]: 7.473399e-12 
(DQincDtDistOrb) Body's Poincare q in DistOrb [/sec]: -6.942059e-12 
Output Order: Time[year] TotEnergy[ergs] TotAngMom[kg*m^2/s] LongP[deg] SemiMajorAxis[au] Eccentricity[] Inc[deg] LongA[deg]
Grid Output Order:

----- BODY: c ----
Active Modules: DistOrb
Module Bit Sum: 17
Color: 000000
(Mass) Mass [kg]: 4.140318e+25 
(Radius) Radius [m]: 1.538140e+07 
(RadGyra) Radius of Gyration/Moment of Inertia Constant []: 0.400000 
(RotKinEnergy) Body's Rotational Energy [kg*m^2/sec^2]: 4.144265e+30 
(RotVel) Rotational Velocity [m/sec]: 1118.566700 
(BodyType) Type of Body (0 == planet) []: 0.000000 
(Density) Average Density [kg/m^3]: 2716.175588 
(HEcc) Poincare's h (=e*sin(varpi) []: -0.003465 
(HZLimitDryRunaway) Semi-major axis of Dry Runaway HZ Limit [m]: -1.000000 
(HZLimRecVenus) Recent Venus HZ Limit []: -1.000000 
(HZLimRunaway) Runaway Greenhouse HZ Limit []: -1.000000 
(HZLimMoistGreenhouse) Moist Greenhouse HZ Limit []: -1.000000 
(HZLimMaxGreenhouse) Maximum Greenhouse HZ Limit []: -1.000000 
(HZLimEarlyMars) Early Mars HZ Limit []: -1.000000 
(Instellation) Orbit-averaged INcident STELLar radiATION [kg*m^2/sec^2/(m^2*sec)]: -1.000000 
(KEcc) Poincare's k (=e*cos(varpi) []: 0.001923 
(Eccentricity) Orbital Eccentricity []: 0.003963 
(OrbEnergy) Body's Total Orbital Energy [kg*m^2/sec^2]: -8.392997e+34 
(MeanMotion) Orbital Mean Motion [/sec]: 1.457381e-05 
(OrbPeriod) Orbital Period [sec]: 4.311285e+05 
(SemiMajorAxis) Semi-major Axis [m]: 4.369355e+09 
(OrbAngMom) Orbital Angular Momentum [kg*m^2/sec]: 1.151782e+40 
(ArgP) Body's argument of pericenter [rad]: 2.994286 
(Inc) Body's Inclination [rad]: 0.003073 
(LongA) Body's Longitude of ascending node [rad]: 2.224753 
(MeanLongitude) Orbital Mean Longitude [rad]: -1.064146 
(LongP) Body's Longitude of pericenter [rad]: 5.219039 
(TotOrbEnergy) System's Total Orbital Energy [kg*m^2/sec^2]: -1.720765e+35 
(OrbPotEnergy) Body's Orbital Potential Energy [kg*m^2/sec^2]: -1.678599e+35 
----- DISTORB PARAMETERS (c)------
(Sinc) Body's sin(Inc/2) in DistOrb []: 0.001537 
(Pinc) Body's Poincare p in DistOrb []: 0.001220 
(Qinc) Body's Poincare q in DistOrb []: -0.000935 
(DIncDtDistOrb) Body's inclination derivative in DistOrb [rad/sec]: -1.761877e-12 
(DSincDtDistOrb) Body's sin(Inc/2) derivative in DistOrb [/sec]: -8.809375e-13 
(DLongADtDistOrb) Body's longitude of ascending node derivative in DistOrb [rad/sec]: -2.587437e-09 
(DLongPDtDistOrb) Body's longitude of pericenter derivative in DistOrb [rad/sec]: 2.185689e-11 
(DHeccDtDistOrb) Body's Poincare h derivative in DistOrb [/sec]: 4.101747e-12 
(DKeccDtDistOrb) Body's Poincare k in DistOrb [/sec]: -2.177280e-12 
(DPincDtDistOrb) Body's Poincare p in DistOrb [/sec]: 1.719629e-12 
(DQincDtDistOrb) Body's Poincare q in DistOrb [/sec]: 3.691699e-12 
Output Order: Time[year] LongP[deg] SemiMajorAxis[au] Eccentricity[] Inc[deg] LongA[deg]
Grid Output Order:

----- BODY: d ----
Active Modules: DistOrb
Module Bit Sum: 17
Color: 000000
(Mass) Mass [kg]: 8.805574e+24 
(Radius) Radius [m]: 6.910185e+06 
(RadGyra) Radius of Gyration/Moment of Inertia Constant []: 0.400000 
(RotKinEnergy) Body's Rotational Energy [kg*m^2/sec^2]: 1.778932e+29 
(RotVel) Rotational Velocity [m/sec]: 502.522860 
(BodyType) Type of Body (0 == planet) []: 0.000000 
(Density) Average Density [kg/m^3]: 6370.888141 
(HEcc) Poincare's h (=e*sin(varpi) []: -0.010695 
(HZLimitDryRunaway) Semi-major axis of Dry Runaway HZ Limit [m]: -1.000000 
(HZLimRecVenus) Recent Venus HZ Limit []: -1.000000 
(HZLimRunaway) Runaway Greenhouse HZ Limit []: -1.000000 
(HZLimMoistGreenhouse) Moist Greenhouse HZ Limit []: -1.000000 
(HZLimMaxGreenhouse) Maximum Greenhouse HZ Limit []: -1.000000 
(HZLimEarlyMars) Early Mars HZ Limit []: -1.000000 
(Instellation) Orbit-averaged INcident STELLar radiATION [kg*m^2/sec^2/(m^2*sec)]: -1.000000 
(KEcc) Poincare's k (=e*cos(varpi) []: -0.008133 
(Eccentricity) Orbital Eccentricity []: 0.013436 
(OrbEnergy) Body's Total Orbital Energy [kg*m^2/sec^2]: -2.653397e+34 
(MeanMotion) Orbital Mean Motion [/sec]: 2.641121e-05 
(OrbPeriod) Orbital Period [sec]: 2.378984e+05 
(SemiMajorAxis) Semi-major Axis [m]: 2.939383e+09 
(OrbAngMom) Orbital Angular Momentum [kg*m^2/sec]: 2.009114e+39 
(ArgP) Body's argument of pericenter [rad]: 5.029451 
(Inc) Body's Inclination [rad]: 0.011337 
(LongA) Body's Longitude of ascending node [rad]: 5.315948 
(MeanLongitude) Orbital Mean Longitude [rad]: -2.220971 
(LongP) Body's Longitude of pericenter [rad]: 4.062214 
(TotOrbEnergy) System's Total Orbital Energy [kg*m^2/sec^2]: -1.720765e+35 
(OrbPotEnergy) Body's Orbital Potential Energy [kg*m^2/sec^2]: -5.306794e+34 
----- DISTORB PARAMETERS (d)------
(Sinc) Body's sin(Inc/2) in DistOrb []: 0.005668 
(Pinc) Body's Poincare p in DistOrb []: -0.004667 
(Qinc) Body's Poincare q in DistOrb []: 0.003217 
(DIncDtDistOrb) Body's inclination derivative in DistOrb [rad/sec]: 8.346865e-12 
(DSincDtDistOrb) Body's sin(Inc/2) derivative in DistOrb [/sec]: 4.173365e-12 
(DLongADtDistOrb) Body's longitude of ascending node derivative in DistOrb [rad/sec]: -3.853798e-09 
(DLongPDtDistOrb) Body's longitude of pericenter derivative in DistOrb [rad/sec]: 3.137562e-09 
(DHeccDtDistOrb) Body's Poincare h derivative in DistOrb [/sec]: -3.291440e-11 
(DKeccDtDistOrb) Body's Poincare k in DistOrb [/sec]: 2.793183e-11 
(DPincDtDistOrb) Body's Poincare p in DistOrb [/sec]: -1.583437e-11 
(DQincDtDistOrb) Body's Poincare q in DistOrb [/sec]: -1.561622e-11 
Output Order: Time[year] LongP[deg] SemiMajorAxis[au] Eccentricity[] Inc[deg] LongA[deg]
Grid Output Order:
