-------- Log file LP791-18.log -------

Executable: /Users/noahvowell/opt/anaconda3/envs/exo/bin/vplanet
Version: Unknown
System Name: LP791-18
Primary Input File: vpl.in
Body File #1: star.in
Body File #2: b.in
Body File #3: c.in
Body File #4: d.in
Allow files to be overwitten: Yes
Mass Units: Grams
Length Units: Meters
Time Units: Seconds
Angle Units: Radians

------- FORMATTING -----
Verbosity Level: 5
Crossover Decade for Scientific Notation: 4
Number of Digits After Decimal: 6
Integration Method: Runge-Kutta4
Direction: Forward
Time Step: 3.155760e+07
Stop Time: 3.155760e+12
Output Interval: 3.155760e+09
Use Variable Timestep: Yes
dEta: 0.010000
Minimum Value of ecc and obl: 1.000000e-10


---- INITIAL SYSTEM PROPERTIES ----
(Age) System Age [sec]: 3.155760e+13 
(Time) Simulation Time [sec]: 0.000000 
(TotAngMom) Total Angular Momentum [kg*m^2/sec]: 1.269926e+41 
(TotEnergy) Total System Energy [kg*m^2/sec^2]: -2.276457e+40 
(PotEnergy) Body's non-orbital Potential Energy [kg*m^2/sec^2]: -2.277279e+40 
(KinEnergy) Body's non-orbital Kinetic Energy [kg*m^2/sec^2]: 8.371961e+36 
(DeltaTime) Average Timestep Over Last Output Interval [sec]: 0.000000 

----- BODY: star ----
Active Modules: 
Module Bit Sum: 1
Color: 000000
(Mass) Mass [kg]: 2.632402e+29 
(Radius) Radius [m]: 1.218551e+08 
(RadGyra) Radius of Gyration/Moment of Inertia Constant []: 0.450000 
(BodyType) Type of Body (0 == planet) []: 0.000000 
(Density) Average Density [kg/m^3]: 3.473218e+04 
(HZLimitDryRunaway) Semi-major axis of Dry Runaway HZ Limit [m]: -1.000000 
(HZLimRecVenus) Recent Venus HZ Limit []: -1.000000 
(HZLimRunaway) Runaway Greenhouse HZ Limit []: -1.000000 
(HZLimMoistGreenhouse) Moist Greenhouse HZ Limit []: -1.000000 
(HZLimMaxGreenhouse) Maximum Greenhouse HZ Limit []: -1.000000 
(HZLimEarlyMars) Early Mars HZ Limit []: -1.000000 
(Instellation) Orbit-averaged INcident STELLar radiATION [kg*m^2/sec^2/(m^2*sec)]: -1.000000 
Output Order:
Grid Output Order:

----- BODY: b ----
Active Modules: DistOrb
Module Bit Sum: 17
Color: 000000
(Mass) Mass [kg]: 1.197994e+25 
(Radius) Radius [m]: 7.666445e+06 
(RadGyra) Radius of Gyration/Moment of Inertia Constant []: 0.400000 
(RotKinEnergy) Body's Rotational Energy [kg*m^2/sec^2]: 2.978963e+29 
(RotVel) Rotational Velocity [m/sec]: 557.519618 
(BodyType) Type of Body (0 == planet) []: 0.000000 
(Density) Average Density [kg/m^3]: 6347.228437 
(HEcc) Poincare's h (=e*sin(varpi) []: -0.002060 
(HZLimitDryRunaway) Semi-major axis of Dry Runaway HZ Limit [m]: -1.000000 
(HZLimRecVenus) Recent Venus HZ Limit []: -1.000000 
(HZLimRunaway) Runaway Greenhouse HZ Limit []: -1.000000 
(HZLimMoistGreenhouse) Moist Greenhouse HZ Limit []: -1.000000 
(HZLimMaxGreenhouse) Maximum Greenhouse HZ Limit []: -1.000000 
(HZLimEarlyMars) Early Mars HZ Limit []: -1.000000 
(Instellation) Orbit-averaged INcident STELLar radiATION [kg*m^2/sec^2/(m^2*sec)]: -1.000000 
(KEcc) Poincare's k (=e*cos(varpi) []: 0.009041 
(Eccentricity) Orbital Eccentricity []: 0.009272 
(OrbEnergy) Body's Total Orbital Energy [kg*m^2/sec^2]: -7.308493e+34 
(MeanMotion) Orbital Mean Motion [/sec]: 7.671102e-05 
(OrbPeriod) Orbital Period [sec]: 8.190720e+04 
(SemiMajorAxis) Semi-major Axis [m]: 1.439971e+09 
(OrbAngMom) Orbital Angular Momentum [kg*m^2/sec]: 1.905379e+39 
(ArgP) Body's argument of pericenter [rad]: 5.535180 
(Inc) Body's Inclination [rad]: 0.041493 
(LongA) Body's Longitude of ascending node [rad]: 0.523985 
(MeanLongitude) Orbital Mean Longitude [rad]: -0.224021 
(LongP) Body's Longitude of pericenter [rad]: 6.059165 
(TotOrbEnergy) System's Total Orbital Energy [kg*m^2/sec^2]: -1.457860e+35 
(OrbPotEnergy) Body's Orbital Potential Energy [kg*m^2/sec^2]: -1.461699e+35 
----- DISTORB PARAMETERS (b)------
(Sinc) Body's sin(Inc/2) in DistOrb []: 0.020745 
(Pinc) Body's Poincare p in DistOrb []: 0.010379 
(Qinc) Body's Poincare q in DistOrb []: 0.017962 
(DIncDtDistOrb) Body's inclination derivative in DistOrb [rad/sec]: -2.414793e-13 
(DSincDtDistOrb) Body's sin(Inc/2) derivative in DistOrb [/sec]: -1.207136e-13 
(DLongADtDistOrb) Body's longitude of ascending node derivative in DistOrb [rad/sec]: -3.588818e-10 
(DLongPDtDistOrb) Body's longitude of pericenter derivative in DistOrb [rad/sec]: 4.421116e-10 
(DHeccDtDistOrb) Body's Poincare h derivative in DistOrb [/sec]: 4.079591e-12 
(DKeccDtDistOrb) Body's Poincare k in DistOrb [/sec]: 5.483480e-13 
(DPincDtDistOrb) Body's Poincare p in DistOrb [/sec]: -6.506476e-12 
(DQincDtDistOrb) Body's Poincare q in DistOrb [/sec]: 3.620449e-12 
Output Order: Time[year] TotEnergy[ergs] TotAngMom[kg*m^2/s] LongP[deg] SemiMajorAxis[au] Eccentricity[] Inc[deg] LongA[deg]
Grid Output Order:

----- BODY: c ----
Active Modules: DistOrb
Module Bit Sum: 17
Color: 000000
(Mass) Mass [kg]: 3.596143e+25 
(Radius) Radius [m]: 1.572012e+07 
(RadGyra) Radius of Gyration/Moment of Inertia Constant []: 0.400000 
(RotKinEnergy) Body's Rotational Energy [kg*m^2/sec^2]: 3.759856e+30 
(RotVel) Rotational Velocity [m/sec]: 1143.199738 
(BodyType) Type of Body (0 == planet) []: 0.000000 
(Density) Average Density [kg/m^3]: 2209.939574 
(HEcc) Poincare's h (=e*sin(varpi) []: -0.001109 
(HZLimitDryRunaway) Semi-major axis of Dry Runaway HZ Limit [m]: -1.000000 
(HZLimRecVenus) Recent Venus HZ Limit []: -1.000000 
(HZLimRunaway) Runaway Greenhouse HZ Limit []: -1.000000 
(HZLimMoistGreenhouse) Moist Greenhouse HZ Limit []: -1.000000 
(HZLimMaxGreenhouse) Maximum Greenhouse HZ Limit []: -1.000000 
(HZLimEarlyMars) Early Mars HZ Limit []: -1.000000 
(Instellation) Orbit-averaged INcident STELLar radiATION [kg*m^2/sec^2/(m^2*sec)]: -1.000000 
(KEcc) Poincare's k (=e*cos(varpi) []: -0.006415 
(Eccentricity) Orbital Eccentricity []: 0.006510 
(OrbEnergy) Body's Total Orbital Energy [kg*m^2/sec^2]: -7.250042e+34 
(MeanMotion) Orbital Mean Motion [/sec]: 1.457382e-05 
(OrbPeriod) Orbital Period [sec]: 4.311283e+05 
(SemiMajorAxis) Semi-major Axis [m]: 4.357357e+09 
(OrbAngMom) Orbital Angular Momentum [kg*m^2/sec]: 9.949196e+39 
(ArgP) Body's argument of pericenter [rad]: 0.695201 
(Inc) Body's Inclination [rad]: 0.000871 
(LongA) Body's Longitude of ascending node [rad]: 2.617499 
(MeanLongitude) Orbital Mean Longitude [rad]: -2.970485 
(LongP) Body's Longitude of pericenter [rad]: 3.312700 
(TotOrbEnergy) System's Total Orbital Energy [kg*m^2/sec^2]: -1.457860e+35 
(OrbPotEnergy) Body's Orbital Potential Energy [kg*m^2/sec^2]: -1.450008e+35 
----- DISTORB PARAMETERS (c)------
(Sinc) Body's sin(Inc/2) in DistOrb []: 0.000436 
(Pinc) Body's Poincare p in DistOrb []: 0.000218 
(Qinc) Body's Poincare q in DistOrb []: -0.000377 
(DIncDtDistOrb) Body's inclination derivative in DistOrb [rad/sec]: 2.400627e-12 
(DSincDtDistOrb) Body's sin(Inc/2) derivative in DistOrb [/sec]: 1.200313e-12 
(DLongADtDistOrb) Body's longitude of ascending node derivative in DistOrb [rad/sec]: -1.692310e-09 
(DLongPDtDistOrb) Body's longitude of pericenter derivative in DistOrb [rad/sec]: 1.183237e-10 
(DHeccDtDistOrb) Body's Poincare h derivative in DistOrb [/sec]: -7.783748e-13 
(DKeccDtDistOrb) Body's Poincare k in DistOrb [/sec]: 1.943900e-14 
(DPincDtDistOrb) Body's Poincare p in DistOrb [/sec]: 1.238836e-12 
(DQincDtDistOrb) Body's Poincare q in DistOrb [/sec]: -6.703382e-13 
Output Order: Time[year] LongP[deg] SemiMajorAxis[au] Eccentricity[] Inc[deg] LongA[deg]
Grid Output Order:

----- BODY: d ----
Active Modules: DistOrb
Module Bit Sum: 17
Color: 000000
(Mass) Mass [kg]: 6.693878e+22 
(Radius) Radius [m]: 6.334532e+06 
(RadGyra) Radius of Gyration/Moment of Inertia Constant []: 0.400000 
(RotKinEnergy) Body's Rotational Energy [kg*m^2/sec^2]: 1.136394e+27 
(RotVel) Rotational Velocity [m/sec]: 460.660154 
(BodyType) Type of Body (0 == planet) []: 0.000000 
(Density) Average Density [kg/m^3]: 62.870313 
(HEcc) Poincare's h (=e*sin(varpi) []: -0.001352 
(HZLimitDryRunaway) Semi-major axis of Dry Runaway HZ Limit [m]: -1.000000 
(HZLimRecVenus) Recent Venus HZ Limit []: -1.000000 
(HZLimRunaway) Runaway Greenhouse HZ Limit []: -1.000000 
(HZLimMoistGreenhouse) Moist Greenhouse HZ Limit []: -1.000000 
(HZLimMaxGreenhouse) Maximum Greenhouse HZ Limit []: -1.000000 
(HZLimEarlyMars) Early Mars HZ Limit []: -1.000000 
(Instellation) Orbit-averaged INcident STELLar radiATION [kg*m^2/sec^2/(m^2*sec)]: -1.000000 
(KEcc) Poincare's k (=e*cos(varpi) []: 0.023863 
(Eccentricity) Orbital Eccentricity []: 0.023901 
(OrbEnergy) Body's Total Orbital Energy [kg*m^2/sec^2]: -2.006075e+32 
(MeanMotion) Orbital Mean Motion [/sec]: 2.641145e-05 
(OrbPeriod) Orbital Period [sec]: 2.378962e+05 
(SemiMajorAxis) Semi-major Axis [m]: 2.931280e+09 
(OrbAngMom) Orbital Angular Momentum [kg*m^2/sec]: 1.518660e+37 
(ArgP) Body's argument of pericenter [rad]: 1.408446 
(Inc) Body's Inclination [rad]: 0.007124 
(LongA) Body's Longitude of ascending node [rad]: 4.818148 
(MeanLongitude) Orbital Mean Longitude [rad]: -0.056591 
(LongP) Body's Longitude of pericenter [rad]: 6.226594 
(TotOrbEnergy) System's Total Orbital Energy [kg*m^2/sec^2]: -1.457860e+35 
(OrbPotEnergy) Body's Orbital Potential Energy [kg*m^2/sec^2]: -4.012149e+32 
----- DISTORB PARAMETERS (d)------
(Sinc) Body's sin(Inc/2) in DistOrb []: 0.003562 
(Pinc) Body's Poincare p in DistOrb []: -0.003542 
(Qinc) Body's Poincare q in DistOrb []: 0.000376 
(DIncDtDistOrb) Body's inclination derivative in DistOrb [rad/sec]: -1.206022e-11 
(DSincDtDistOrb) Body's sin(Inc/2) derivative in DistOrb [/sec]: -6.030074e-12 
(DLongADtDistOrb) Body's longitude of ascending node derivative in DistOrb [rad/sec]: -4.042822e-09 
(DLongPDtDistOrb) Body's longitude of pericenter derivative in DistOrb [rad/sec]: 3.408602e-09 
(DHeccDtDistOrb) Body's Poincare h derivative in DistOrb [/sec]: 8.152736e-11 
(DKeccDtDistOrb) Body's Poincare k in DistOrb [/sec]: 1.304744e-12 
(DPincDtDistOrb) Body's Poincare p in DistOrb [/sec]: 4.476310e-12 
(DQincDtDistOrb) Body's Poincare q in DistOrb [/sec]: -1.495589e-11 
Output Order: Time[year] LongP[deg] SemiMajorAxis[au] Eccentricity[] Inc[deg] LongA[deg]
Grid Output Order:



---- FINAL SYSTEM PROPERTIES ----
(Age) System Age [sec]: 3.471336e+13 
(Time) Simulation Time [sec]: 3.155760e+12 
(TotAngMom) Total Angular Momentum [kg*m^2/sec]: 1.269926e+41 
(TotEnergy) Total System Energy [kg*m^2/sec^2]: -2.276457e+40 
(PotEnergy) Body's non-orbital Potential Energy [kg*m^2/sec^2]: -2.277279e+40 
(KinEnergy) Body's non-orbital Kinetic Energy [kg*m^2/sec^2]: 8.371961e+36 
(DeltaTime) Average Timestep Over Last Output Interval [sec]: 4265.935617 

----- BODY: star ----
Active Modules: 
Module Bit Sum: 1
Color: 000000
(Mass) Mass [kg]: 2.632402e+29 
(Radius) Radius [m]: 1.218551e+08 
(RadGyra) Radius of Gyration/Moment of Inertia Constant []: 0.450000 
(BodyType) Type of Body (0 == planet) []: 0.000000 
(Density) Average Density [kg/m^3]: 3.473218e+04 
(HZLimitDryRunaway) Semi-major axis of Dry Runaway HZ Limit [m]: -1.000000 
(HZLimRecVenus) Recent Venus HZ Limit []: -1.000000 
(HZLimRunaway) Runaway Greenhouse HZ Limit []: -1.000000 
(HZLimMoistGreenhouse) Moist Greenhouse HZ Limit []: -1.000000 
(HZLimMaxGreenhouse) Maximum Greenhouse HZ Limit []: -1.000000 
(HZLimEarlyMars) Early Mars HZ Limit []: -1.000000 
(Instellation) Orbit-averaged INcident STELLar radiATION [kg*m^2/sec^2/(m^2*sec)]: -1.000000 
Output Order:
Grid Output Order:

----- BODY: b ----
Active Modules: DistOrb
Module Bit Sum: 17
Color: 000000
(Mass) Mass [kg]: 1.197994e+25 
(Radius) Radius [m]: 7.666445e+06 
(RadGyra) Radius of Gyration/Moment of Inertia Constant []: 0.400000 
(RotKinEnergy) Body's Rotational Energy [kg*m^2/sec^2]: 2.978963e+29 
(RotVel) Rotational Velocity [m/sec]: 557.519618 
(BodyType) Type of Body (0 == planet) []: 0.000000 
(Density) Average Density [kg/m^3]: 6347.228437 
(HEcc) Poincare's h (=e*sin(varpi) []: 0.011347 
(HZLimitDryRunaway) Semi-major axis of Dry Runaway HZ Limit [m]: -1.000000 
(HZLimRecVenus) Recent Venus HZ Limit []: -1.000000 
(HZLimRunaway) Runaway Greenhouse HZ Limit []: -1.000000 
(HZLimMoistGreenhouse) Moist Greenhouse HZ Limit []: -1.000000 
(HZLimMaxGreenhouse) Maximum Greenhouse HZ Limit []: -1.000000 
(HZLimEarlyMars) Early Mars HZ Limit []: -1.000000 
(Instellation) Orbit-averaged INcident STELLar radiATION [kg*m^2/sec^2/(m^2*sec)]: -1.000000 
(KEcc) Poincare's k (=e*cos(varpi) []: -0.001278 
(Eccentricity) Orbital Eccentricity []: 0.011418 
(OrbEnergy) Body's Total Orbital Energy [kg*m^2/sec^2]: -7.308493e+34 
(MeanMotion) Orbital Mean Motion [/sec]: 7.671102e-05 
(OrbPeriod) Orbital Period [sec]: 8.190720e+04 
(SemiMajorAxis) Semi-major Axis [m]: 1.439971e+09 
(OrbAngMom) Orbital Angular Momentum [kg*m^2/sec]: 1.905337e+39 
(ArgP) Body's argument of pericenter [rad]: 2.312656 
(Inc) Body's Inclination [rad]: 0.036673 
(LongA) Body's Longitude of ascending node [rad]: 5.653478 
(MeanLongitude) Orbital Mean Longitude [rad]: 1.682950 
(LongP) Body's Longitude of pericenter [rad]: 1.682950 
(TotOrbEnergy) System's Total Orbital Energy [kg*m^2/sec^2]: -1.457860e+35 
(OrbPotEnergy) Body's Orbital Potential Energy [kg*m^2/sec^2]: -1.461699e+35 
----- DISTORB PARAMETERS (b)------
(Sinc) Body's sin(Inc/2) in DistOrb []: 0.018335 
(Pinc) Body's Poincare p in DistOrb []: -0.010798 
(Qinc) Body's Poincare q in DistOrb []: 0.014819 
(DIncDtDistOrb) Body's inclination derivative in DistOrb [rad/sec]: -2.532907e-12 
(DSincDtDistOrb) Body's sin(Inc/2) derivative in DistOrb [/sec]: -1.266241e-12 
(DLongADtDistOrb) Body's longitude of ascending node derivative in DistOrb [rad/sec]: -4.004033e-10 
(DLongPDtDistOrb) Body's longitude of pericenter derivative in DistOrb [rad/sec]: 3.632372e-10 
(DHeccDtDistOrb) Body's Poincare h derivative in DistOrb [/sec]: 3.101443e-13 
(DKeccDtDistOrb) Body's Poincare k in DistOrb [/sec]: -4.208707e-12 
(DPincDtDistOrb) Body's Poincare p in DistOrb [/sec]: -5.187695e-12 
(DQincDtDistOrb) Body's Poincare q in DistOrb [/sec]: -5.346838e-12 
Output Order: Time[year] TotEnergy[ergs] TotAngMom[kg*m^2/s] LongP[deg] SemiMajorAxis[au] Eccentricity[] Inc[deg] LongA[deg]
Grid Output Order:

----- BODY: c ----
Active Modules: DistOrb
Module Bit Sum: 17
Color: 000000
(Mass) Mass [kg]: 3.596143e+25 
(Radius) Radius [m]: 1.572012e+07 
(RadGyra) Radius of Gyration/Moment of Inertia Constant []: 0.400000 
(RotKinEnergy) Body's Rotational Energy [kg*m^2/sec^2]: 3.759856e+30 
(RotVel) Rotational Velocity [m/sec]: 1143.199738 
(BodyType) Type of Body (0 == planet) []: 0.000000 
(Density) Average Density [kg/m^3]: 2209.939574 
(HEcc) Poincare's h (=e*sin(varpi) []: -0.001684 
(HZLimitDryRunaway) Semi-major axis of Dry Runaway HZ Limit [m]: -1.000000 
(HZLimRecVenus) Recent Venus HZ Limit []: -1.000000 
(HZLimRunaway) Runaway Greenhouse HZ Limit []: -1.000000 
(HZLimMoistGreenhouse) Moist Greenhouse HZ Limit []: -1.000000 
(HZLimMaxGreenhouse) Maximum Greenhouse HZ Limit []: -1.000000 
(HZLimEarlyMars) Early Mars HZ Limit []: -1.000000 
(Instellation) Orbit-averaged INcident STELLar radiATION [kg*m^2/sec^2/(m^2*sec)]: -1.000000 
(KEcc) Poincare's k (=e*cos(varpi) []: -0.005555 
(Eccentricity) Orbital Eccentricity []: 0.005805 
(OrbEnergy) Body's Total Orbital Energy [kg*m^2/sec^2]: -7.250042e+34 
(MeanMotion) Orbital Mean Motion [/sec]: 1.457382e-05 
(OrbPeriod) Orbital Period [sec]: 4.311283e+05 
(SemiMajorAxis) Semi-major Axis [m]: 4.357357e+09 
(OrbAngMom) Orbital Angular Momentum [kg*m^2/sec]: 9.949239e+39 
(ArgP) Body's argument of pericenter [rad]: 1.918561 
(Inc) Body's Inclination [rad]: 0.008528 
(LongA) Body's Longitude of ascending node [rad]: 1.517335 
(MeanLongitude) Orbital Mean Longitude [rad]: -2.847289 
(LongP) Body's Longitude of pericenter [rad]: 3.435896 
(TotOrbEnergy) System's Total Orbital Energy [kg*m^2/sec^2]: -1.457860e+35 
(OrbPotEnergy) Body's Orbital Potential Energy [kg*m^2/sec^2]: -1.450008e+35 
----- DISTORB PARAMETERS (c)------
(Sinc) Body's sin(Inc/2) in DistOrb []: 0.004264 
(Pinc) Body's Poincare p in DistOrb []: 0.004258 
(Qinc) Body's Poincare q in DistOrb []: 0.000228 
(DIncDtDistOrb) Body's inclination derivative in DistOrb [rad/sec]: 2.056727e-12 
(DSincDtDistOrb) Body's sin(Inc/2) derivative in DistOrb [/sec]: 1.028354e-12 
(DLongADtDistOrb) Body's longitude of ascending node derivative in DistOrb [rad/sec]: -2.237719e-10 
(DLongPDtDistOrb) Body's longitude of pericenter derivative in DistOrb [rad/sec]: 8.689835e-11 
(DHeccDtDistOrb) Body's Poincare h derivative in DistOrb [/sec]: -3.722441e-13 
(DKeccDtDistOrb) Body's Poincare k in DistOrb [/sec]: 5.108885e-13 
(DPincDtDistOrb) Body's Poincare p in DistOrb [/sec]: 9.758965e-13 
(DQincDtDistOrb) Body's Poincare q in DistOrb [/sec]: 1.007784e-12 
Output Order: Time[year] LongP[deg] SemiMajorAxis[au] Eccentricity[] Inc[deg] LongA[deg]
Grid Output Order:

----- BODY: d ----
Active Modules: DistOrb
Module Bit Sum: 17
Color: 000000
(Mass) Mass [kg]: 6.693878e+22 
(Radius) Radius [m]: 6.334532e+06 
(RadGyra) Radius of Gyration/Moment of Inertia Constant []: 0.400000 
(RotKinEnergy) Body's Rotational Energy [kg*m^2/sec^2]: 1.136394e+27 
(RotVel) Rotational Velocity [m/sec]: 460.660154 
(BodyType) Type of Body (0 == planet) []: 0.000000 
(Density) Average Density [kg/m^3]: 62.870313 
(HEcc) Poincare's h (=e*sin(varpi) []: 0.026073 
(HZLimitDryRunaway) Semi-major axis of Dry Runaway HZ Limit [m]: -1.000000 
(HZLimRecVenus) Recent Venus HZ Limit []: -1.000000 
(HZLimRunaway) Runaway Greenhouse HZ Limit []: -1.000000 
(HZLimMoistGreenhouse) Moist Greenhouse HZ Limit []: -1.000000 
(HZLimMaxGreenhouse) Maximum Greenhouse HZ Limit []: -1.000000 
(HZLimEarlyMars) Early Mars HZ Limit []: -1.000000 
(Instellation) Orbit-averaged INcident STELLar radiATION [kg*m^2/sec^2/(m^2*sec)]: -1.000000 
(KEcc) Poincare's k (=e*cos(varpi) []: 0.004121 
(Eccentricity) Orbital Eccentricity []: 0.026397 
(OrbEnergy) Body's Total Orbital Energy [kg*m^2/sec^2]: -2.006075e+32 
(MeanMotion) Orbital Mean Motion [/sec]: 2.641145e-05 
(OrbPeriod) Orbital Period [sec]: 2.378962e+05 
(SemiMajorAxis) Semi-major Axis [m]: 2.931280e+09 
(OrbAngMom) Orbital Angular Momentum [kg*m^2/sec]: 1.518565e+37 
(ArgP) Body's argument of pericenter [rad]: 5.831882 
(Inc) Body's Inclination [rad]: 0.012349 
(LongA) Body's Longitude of ascending node [rad]: 1.865361 
(MeanLongitude) Orbital Mean Longitude [rad]: 1.414058 
(LongP) Body's Longitude of pericenter [rad]: 1.414058 
(TotOrbEnergy) System's Total Orbital Energy [kg*m^2/sec^2]: -1.457860e+35 
(OrbPotEnergy) Body's Orbital Potential Energy [kg*m^2/sec^2]: -4.012149e+32 
----- DISTORB PARAMETERS (d)------
(Sinc) Body's sin(Inc/2) in DistOrb []: 0.006175 
(Pinc) Body's Poincare p in DistOrb []: 0.005909 
(Qinc) Body's Poincare q in DistOrb []: -0.001793 
(DIncDtDistOrb) Body's inclination derivative in DistOrb [rad/sec]: 1.574633e-11 
(DSincDtDistOrb) Body's sin(Inc/2) derivative in DistOrb [/sec]: 7.873017e-12 
(DLongADtDistOrb) Body's longitude of ascending node derivative in DistOrb [rad/sec]: -2.146667e-09 
(DLongPDtDistOrb) Body's longitude of pericenter derivative in DistOrb [rad/sec]: 3.056330e-09 
(DHeccDtDistOrb) Body's Poincare h derivative in DistOrb [/sec]: 2.373132e-11 
(DKeccDtDistOrb) Body's Poincare k in DistOrb [/sec]: -7.792899e-11 
(DPincDtDistOrb) Body's Poincare p in DistOrb [/sec]: 1.138216e-11 
(DQincDtDistOrb) Body's Poincare q in DistOrb [/sec]: 1.039837e-11 
Output Order: Time[year] LongP[deg] SemiMajorAxis[au] Eccentricity[] Inc[deg] LongA[deg]
Grid Output Order:
