-------- Log file LP791-18.log -------

Executable: /Users/noahvowell/opt/anaconda3/envs/exo/bin/vplanet
Version: Unknown
System Name: LP791-18
Primary Input File: vpl.in
Body File #1: star.in
Body File #2: b.in
Body File #3: c.in
Body File #4: d.in
Allow files to be overwitten: Yes
Mass Units: Grams
Length Units: Meters
Time Units: Seconds
Angle Units: Radians

------- FORMATTING -----
Verbosity Level: 5
Crossover Decade for Scientific Notation: 4
Number of Digits After Decimal: 6
Integration Method: Runge-Kutta4
Direction: Forward
Time Step: 3.155760e+07
Stop Time: 3.155760e+12
Output Interval: 3.155760e+09
Use Variable Timestep: Yes
dEta: 0.010000
Minimum Value of ecc and obl: 1.000000e-10


---- INITIAL SYSTEM PROPERTIES ----
(Age) System Age [sec]: 3.155760e+13 
(Time) Simulation Time [sec]: 0.000000 
(TotAngMom) Total Angular Momentum [kg*m^2/sec]: 1.258256e+41 
(TotEnergy) Total System Energy [kg*m^2/sec^2]: -2.269645e+40 
(PotEnergy) Body's non-orbital Potential Energy [kg*m^2/sec^2]: -2.270415e+40 
(KinEnergy) Body's non-orbital Kinetic Energy [kg*m^2/sec^2]: 7.906950e+36 
(DeltaTime) Average Timestep Over Last Output Interval [sec]: 0.000000 

----- BODY: star ----
Active Modules: 
Module Bit Sum: 1
Color: 000000
(Mass) Mass [kg]: 2.599346e+29 
(Radius) Radius [m]: 1.191732e+08 
(RadGyra) Radius of Gyration/Moment of Inertia Constant []: 0.450000 
(BodyType) Type of Body (0 == planet) []: 0.000000 
(Density) Average Density [kg/m^3]: 3.666395e+04 
(HZLimitDryRunaway) Semi-major axis of Dry Runaway HZ Limit [m]: -1.000000 
(HZLimRecVenus) Recent Venus HZ Limit []: -1.000000 
(HZLimRunaway) Runaway Greenhouse HZ Limit []: -1.000000 
(HZLimMoistGreenhouse) Moist Greenhouse HZ Limit []: -1.000000 
(HZLimMaxGreenhouse) Maximum Greenhouse HZ Limit []: -1.000000 
(HZLimEarlyMars) Early Mars HZ Limit []: -1.000000 
(Instellation) Orbit-averaged INcident STELLar radiATION [kg*m^2/sec^2/(m^2*sec)]: -1.000000 
Output Order:
Grid Output Order:

----- BODY: b ----
Active Modules: DistOrb
Module Bit Sum: 17
Color: 000000
(Mass) Mass [kg]: 1.435021e+25 
(Radius) Radius [m]: 7.927842e+06 
(RadGyra) Radius of Gyration/Moment of Inertia Constant []: 0.400000 
(RotKinEnergy) Body's Rotational Energy [kg*m^2/sec^2]: 3.815842e+29 
(RotVel) Rotational Velocity [m/sec]: 576.528925 
(BodyType) Type of Body (0 == planet) []: 0.000000 
(Density) Average Density [kg/m^3]: 6875.505551 
(HEcc) Poincare's h (=e*sin(varpi) []: 0.002505 
(HZLimitDryRunaway) Semi-major axis of Dry Runaway HZ Limit [m]: -1.000000 
(HZLimRecVenus) Recent Venus HZ Limit []: -1.000000 
(HZLimRunaway) Runaway Greenhouse HZ Limit []: -1.000000 
(HZLimMoistGreenhouse) Moist Greenhouse HZ Limit []: -1.000000 
(HZLimMaxGreenhouse) Maximum Greenhouse HZ Limit []: -1.000000 
(HZLimEarlyMars) Early Mars HZ Limit []: -1.000000 
(Instellation) Orbit-averaged INcident STELLar radiATION [kg*m^2/sec^2/(m^2*sec)]: -1.000000 
(KEcc) Poincare's k (=e*cos(varpi) []: -0.015278 
(Eccentricity) Orbital Eccentricity []: 0.015482 
(OrbEnergy) Body's Total Orbital Energy [kg*m^2/sec^2]: -8.681047e+34 
(MeanMotion) Orbital Mean Motion [/sec]: 7.671129e-05 
(OrbPeriod) Orbital Period [sec]: 8.190692e+04 
(SemiMajorAxis) Semi-major Axis [m]: 1.433919e+09 
(OrbAngMom) Orbital Angular Momentum [kg*m^2/sec]: 2.263032e+39 
(ArgP) Body's argument of pericenter [rad]: 6.250212 
(Inc) Body's Inclination [rad]: 0.013090 
(LongA) Body's Longitude of ascending node [rad]: 3.012031 
(MeanLongitude) Orbital Mean Longitude [rad]: 2.979057 
(LongP) Body's Longitude of pericenter [rad]: 2.979057 
(TotOrbEnergy) System's Total Orbital Energy [kg*m^2/sec^2]: -2.036267e+35 
(OrbPotEnergy) Body's Orbital Potential Energy [kg*m^2/sec^2]: -1.736209e+35 
----- DISTORB PARAMETERS (b)------
(Sinc) Body's sin(Inc/2) in DistOrb []: 0.006545 
(Pinc) Body's Poincare p in DistOrb []: 0.000846 
(Qinc) Body's Poincare q in DistOrb []: -0.006490 
(DIncDtDistOrb) Body's inclination derivative in DistOrb [rad/sec]: -6.360077e-12 
(DSincDtDistOrb) Body's sin(Inc/2) derivative in DistOrb [/sec]: -3.179971e-12 
(DLongADtDistOrb) Body's longitude of ascending node derivative in DistOrb [rad/sec]: -1.057502e-09 
(DLongPDtDistOrb) Body's longitude of pericenter derivative in DistOrb [rad/sec]: 5.899336e-10 
(DHeccDtDistOrb) Body's Poincare h derivative in DistOrb [/sec]: -8.558334e-12 
(DKeccDtDistOrb) Body's Poincare k in DistOrb [/sec]: -4.249378e-12 
(DPincDtDistOrb) Body's Poincare p in DistOrb [/sec]: 6.452499e-12 
(DQincDtDistOrb) Body's Poincare q in DistOrb [/sec]: 4.047555e-12 
Output Order: Time[year] TotEnergy[ergs] TotAngMom[kg*m^2/s] LongP[deg] SemiMajorAxis[au] Eccentricity[] Inc[deg] LongA[deg]
Grid Output Order:

----- BODY: c ----
Active Modules: DistOrb
Module Bit Sum: 17
Color: 000000
(Mass) Mass [kg]: 4.871282e+25 
(Radius) Radius [m]: 1.418209e+07 
(RadGyra) Radius of Gyration/Moment of Inertia Constant []: 0.400000 
(RotKinEnergy) Body's Rotational Energy [kg*m^2/sec^2]: 4.145205e+30 
(RotVel) Rotational Velocity [m/sec]: 1031.350733 
(BodyType) Type of Body (0 == planet) []: 0.000000 
(Density) Average Density [kg/m^3]: 4076.936181 
(HEcc) Poincare's h (=e*sin(varpi) []: -0.012282 
(HZLimitDryRunaway) Semi-major axis of Dry Runaway HZ Limit [m]: -1.000000 
(HZLimRecVenus) Recent Venus HZ Limit []: -1.000000 
(HZLimRunaway) Runaway Greenhouse HZ Limit []: -1.000000 
(HZLimMoistGreenhouse) Moist Greenhouse HZ Limit []: -1.000000 
(HZLimMaxGreenhouse) Maximum Greenhouse HZ Limit []: -1.000000 
(HZLimEarlyMars) Early Mars HZ Limit []: -1.000000 
(Instellation) Orbit-averaged INcident STELLar radiATION [kg*m^2/sec^2/(m^2*sec)]: -1.000000 
(KEcc) Poincare's k (=e*cos(varpi) []: -0.008232 
(Eccentricity) Orbital Eccentricity []: 0.014786 
(OrbEnergy) Body's Total Orbital Energy [kg*m^2/sec^2]: -9.738262e+34 
(MeanMotion) Orbital Mean Motion [/sec]: 1.457385e-05 
(OrbPeriod) Orbital Period [sec]: 4.311273e+05 
(SemiMajorAxis) Semi-major Axis [m]: 4.339108e+09 
(OrbAngMom) Orbital Angular Momentum [kg*m^2/sec]: 1.336256e+40 
(ArgP) Body's argument of pericenter [rad]: 4.998909 
(Inc) Body's Inclination [rad]: 0.005282 
(LongA) Body's Longitude of ascending node [rad]: 5.406160 
(MeanLongitude) Orbital Mean Longitude [rad]: -2.161302 
(LongP) Body's Longitude of pericenter [rad]: 4.121883 
(TotOrbEnergy) System's Total Orbital Energy [kg*m^2/sec^2]: -2.036267e+35 
(OrbPotEnergy) Body's Orbital Potential Energy [kg*m^2/sec^2]: -1.947652e+35 
----- DISTORB PARAMETERS (c)------
(Sinc) Body's sin(Inc/2) in DistOrb []: 0.002641 
(Pinc) Body's Poincare p in DistOrb []: -0.002031 
(Qinc) Body's Poincare q in DistOrb []: 0.001689 
(DIncDtDistOrb) Body's inclination derivative in DistOrb [rad/sec]: 3.600811e-12 
(DSincDtDistOrb) Body's sin(Inc/2) derivative in DistOrb [/sec]: 1.800399e-12 
(DLongADtDistOrb) Body's longitude of ascending node derivative in DistOrb [rad/sec]: 5.338354e-10 
(DLongPDtDistOrb) Body's longitude of pericenter derivative in DistOrb [rad/sec]: 3.600968e-10 
(DHeccDtDistOrb) Body's Poincare h derivative in DistOrb [/sec]: -4.908920e-13 
(DKeccDtDistOrb) Body's Poincare k in DistOrb [/sec]: 6.080629e-12 
(DPincDtDistOrb) Body's Poincare p in DistOrb [/sec]: -4.826366e-13 
(DQincDtDistOrb) Body's Poincare q in DistOrb [/sec]: 2.235279e-12 
Output Order: Time[year] LongP[deg] SemiMajorAxis[au] Eccentricity[] Inc[deg] LongA[deg]
Grid Output Order:

----- BODY: d ----
Active Modules: DistOrb
Module Bit Sum: 17
Color: 000000
(Mass) Mass [kg]: 6.539531e+24 
(Radius) Radius [m]: 6.758557e+06 
(RadGyra) Radius of Gyration/Moment of Inertia Constant []: 0.400000 
(RotKinEnergy) Body's Rotational Energy [kg*m^2/sec^2]: 1.263796e+29 
(RotVel) Rotational Velocity [m/sec]: 491.496148 
(BodyType) Type of Body (0 == planet) []: 0.000000 
(Density) Average Density [kg/m^3]: 5057.035483 
(HEcc) Poincare's h (=e*sin(varpi) []: 0.000650 
(HZLimitDryRunaway) Semi-major axis of Dry Runaway HZ Limit [m]: -1.000000 
(HZLimRecVenus) Recent Venus HZ Limit []: -1.000000 
(HZLimRunaway) Runaway Greenhouse HZ Limit []: -1.000000 
(HZLimMoistGreenhouse) Moist Greenhouse HZ Limit []: -1.000000 
(HZLimMaxGreenhouse) Maximum Greenhouse HZ Limit []: -1.000000 
(HZLimEarlyMars) Early Mars HZ Limit []: -1.000000 
(Instellation) Orbit-averaged INcident STELLar radiATION [kg*m^2/sec^2/(m^2*sec)]: -1.000000 
(KEcc) Poincare's k (=e*cos(varpi) []: -0.009429 
(Eccentricity) Orbital Eccentricity []: 0.009451 
(OrbEnergy) Body's Total Orbital Energy [kg*m^2/sec^2]: -1.943365e+34 
(MeanMotion) Orbital Mean Motion [/sec]: 2.641153e-05 
(OrbPeriod) Orbital Period [sec]: 2.378956e+05 
(SemiMajorAxis) Semi-major Axis [m]: 2.918978e+09 
(OrbAngMom) Orbital Angular Momentum [kg*m^2/sec]: 1.471538e+39 
(ArgP) Body's argument of pericenter [rad]: 4.389386 
(Inc) Body's Inclination [rad]: 0.017274 
(LongA) Body's Longitude of ascending node [rad]: 4.966569 
(MeanLongitude) Orbital Mean Longitude [rad]: 3.072769 
(LongP) Body's Longitude of pericenter [rad]: 3.072769 
(TotOrbEnergy) System's Total Orbital Energy [kg*m^2/sec^2]: -2.036267e+35 
(OrbPotEnergy) Body's Orbital Potential Energy [kg*m^2/sec^2]: -3.886730e+34 
----- DISTORB PARAMETERS (d)------
(Sinc) Body's sin(Inc/2) in DistOrb []: 0.008637 
(Pinc) Body's Poincare p in DistOrb []: -0.008359 
(Qinc) Body's Poincare q in DistOrb []: 0.002172 
(DIncDtDistOrb) Body's inclination derivative in DistOrb [rad/sec]: -2.612749e-12 
(DSincDtDistOrb) Body's sin(Inc/2) derivative in DistOrb [/sec]: -1.306326e-12 
(DLongADtDistOrb) Body's longitude of ascending node derivative in DistOrb [rad/sec]: -3.133974e-09 
(DLongPDtDistOrb) Body's longitude of pericenter derivative in DistOrb [rad/sec]: 1.385747e-09 
(DHeccDtDistOrb) Body's Poincare h derivative in DistOrb [/sec]: -1.063938e-11 
(DKeccDtDistOrb) Body's Poincare k in DistOrb [/sec]: -3.610501e-11 
(DPincDtDistOrb) Body's Poincare p in DistOrb [/sec]: -5.541969e-12 
(DQincDtDistOrb) Body's Poincare q in DistOrb [/sec]: -2.652685e-11 
Output Order: Time[year] LongP[deg] SemiMajorAxis[au] Eccentricity[] Inc[deg] LongA[deg]
Grid Output Order:



---- FINAL SYSTEM PROPERTIES ----
(Age) System Age [sec]: 3.471336e+13 
(Time) Simulation Time [sec]: 3.155760e+12 
(TotAngMom) Total Angular Momentum [kg*m^2/sec]: 1.258256e+41 
(TotEnergy) Total System Energy [kg*m^2/sec^2]: -2.269645e+40 
(PotEnergy) Body's non-orbital Potential Energy [kg*m^2/sec^2]: -2.270415e+40 
(KinEnergy) Body's non-orbital Kinetic Energy [kg*m^2/sec^2]: 7.906950e+36 
(DeltaTime) Average Timestep Over Last Output Interval [sec]: 2652.133171 

----- BODY: star ----
Active Modules: 
Module Bit Sum: 1
Color: 000000
(Mass) Mass [kg]: 2.599346e+29 
(Radius) Radius [m]: 1.191732e+08 
(RadGyra) Radius of Gyration/Moment of Inertia Constant []: 0.450000 
(BodyType) Type of Body (0 == planet) []: 0.000000 
(Density) Average Density [kg/m^3]: 3.666395e+04 
(HZLimitDryRunaway) Semi-major axis of Dry Runaway HZ Limit [m]: -1.000000 
(HZLimRecVenus) Recent Venus HZ Limit []: -1.000000 
(HZLimRunaway) Runaway Greenhouse HZ Limit []: -1.000000 
(HZLimMoistGreenhouse) Moist Greenhouse HZ Limit []: -1.000000 
(HZLimMaxGreenhouse) Maximum Greenhouse HZ Limit []: -1.000000 
(HZLimEarlyMars) Early Mars HZ Limit []: -1.000000 
(Instellation) Orbit-averaged INcident STELLar radiATION [kg*m^2/sec^2/(m^2*sec)]: -1.000000 
Output Order:
Grid Output Order:

----- BODY: b ----
Active Modules: DistOrb
Module Bit Sum: 17
Color: 000000
(Mass) Mass [kg]: 1.435021e+25 
(Radius) Radius [m]: 7.927842e+06 
(RadGyra) Radius of Gyration/Moment of Inertia Constant []: 0.400000 
(RotKinEnergy) Body's Rotational Energy [kg*m^2/sec^2]: 3.815842e+29 
(RotVel) Rotational Velocity [m/sec]: 576.528925 
(BodyType) Type of Body (0 == planet) []: 0.000000 
(Density) Average Density [kg/m^3]: 6875.505551 
(HEcc) Poincare's h (=e*sin(varpi) []: 0.012410 
(HZLimitDryRunaway) Semi-major axis of Dry Runaway HZ Limit [m]: -1.000000 
(HZLimRecVenus) Recent Venus HZ Limit []: -1.000000 
(HZLimRunaway) Runaway Greenhouse HZ Limit []: -1.000000 
(HZLimMoistGreenhouse) Moist Greenhouse HZ Limit []: -1.000000 
(HZLimMaxGreenhouse) Maximum Greenhouse HZ Limit []: -1.000000 
(HZLimEarlyMars) Early Mars HZ Limit []: -1.000000 
(Instellation) Orbit-averaged INcident STELLar radiATION [kg*m^2/sec^2/(m^2*sec)]: -1.000000 
(KEcc) Poincare's k (=e*cos(varpi) []: 0.014274 
(Eccentricity) Orbital Eccentricity []: 0.018914 
(OrbEnergy) Body's Total Orbital Energy [kg*m^2/sec^2]: -8.681047e+34 
(MeanMotion) Orbital Mean Motion [/sec]: 7.671129e-05 
(OrbPeriod) Orbital Period [sec]: 8.190692e+04 
(SemiMajorAxis) Semi-major Axis [m]: 1.433919e+09 
(OrbAngMom) Orbital Angular Momentum [kg*m^2/sec]: 2.262899e+39 
(ArgP) Body's argument of pericenter [rad]: 1.183623 
(Inc) Body's Inclination [rad]: 0.018637 
(LongA) Body's Longitude of ascending node [rad]: 5.815207 
(MeanLongitude) Orbital Mean Longitude [rad]: 0.715645 
(LongP) Body's Longitude of pericenter [rad]: 0.715645 
(TotOrbEnergy) System's Total Orbital Energy [kg*m^2/sec^2]: -2.036267e+35 
(OrbPotEnergy) Body's Orbital Potential Energy [kg*m^2/sec^2]: -1.736209e+35 
----- DISTORB PARAMETERS (b)------
(Sinc) Body's sin(Inc/2) in DistOrb []: 0.009318 
(Pinc) Body's Poincare p in DistOrb []: -0.004203 
(Qinc) Body's Poincare q in DistOrb []: 0.008316 
(DIncDtDistOrb) Body's inclination derivative in DistOrb [rad/sec]: 3.050684e-12 
(DSincDtDistOrb) Body's sin(Inc/2) derivative in DistOrb [/sec]: 1.525276e-12 
(DLongADtDistOrb) Body's longitude of ascending node derivative in DistOrb [rad/sec]: -8.752971e-10 
(DLongPDtDistOrb) Body's longitude of pericenter derivative in DistOrb [rad/sec]: 5.363404e-10 
(DHeccDtDistOrb) Body's Poincare h derivative in DistOrb [/sec]: 6.544140e-12 
(DKeccDtDistOrb) Body's Poincare k in DistOrb [/sec]: -7.934534e-12 
(DPincDtDistOrb) Body's Poincare p in DistOrb [/sec]: -7.967287e-12 
(DQincDtDistOrb) Body's Poincare q in DistOrb [/sec]: -2.317842e-12 
Output Order: Time[year] TotEnergy[ergs] TotAngMom[kg*m^2/s] LongP[deg] SemiMajorAxis[au] Eccentricity[] Inc[deg] LongA[deg]
Grid Output Order:

----- BODY: c ----
Active Modules: DistOrb
Module Bit Sum: 17
Color: 000000
(Mass) Mass [kg]: 4.871282e+25 
(Radius) Radius [m]: 1.418209e+07 
(RadGyra) Radius of Gyration/Moment of Inertia Constant []: 0.400000 
(RotKinEnergy) Body's Rotational Energy [kg*m^2/sec^2]: 4.145205e+30 
(RotVel) Rotational Velocity [m/sec]: 1031.350733 
(BodyType) Type of Body (0 == planet) []: 0.000000 
(Density) Average Density [kg/m^3]: 4076.936181 
(HEcc) Poincare's h (=e*sin(varpi) []: -0.000689 
(HZLimitDryRunaway) Semi-major axis of Dry Runaway HZ Limit [m]: -1.000000 
(HZLimRecVenus) Recent Venus HZ Limit []: -1.000000 
(HZLimRunaway) Runaway Greenhouse HZ Limit []: -1.000000 
(HZLimMoistGreenhouse) Moist Greenhouse HZ Limit []: -1.000000 
(HZLimMaxGreenhouse) Maximum Greenhouse HZ Limit []: -1.000000 
(HZLimEarlyMars) Early Mars HZ Limit []: -1.000000 
(Instellation) Orbit-averaged INcident STELLar radiATION [kg*m^2/sec^2/(m^2*sec)]: -1.000000 
(KEcc) Poincare's k (=e*cos(varpi) []: 0.013578 
(Eccentricity) Orbital Eccentricity []: 0.013596 
(OrbEnergy) Body's Total Orbital Energy [kg*m^2/sec^2]: -9.738262e+34 
(MeanMotion) Orbital Mean Motion [/sec]: 1.457385e-05 
(OrbPeriod) Orbital Period [sec]: 4.311273e+05 
(SemiMajorAxis) Semi-major Axis [m]: 4.339108e+09 
(OrbAngMom) Orbital Angular Momentum [kg*m^2/sec]: 1.336278e+40 
(ArgP) Body's argument of pericenter [rad]: 1.514694 
(Inc) Body's Inclination [rad]: 0.004266 
(LongA) Body's Longitude of ascending node [rad]: 4.717791 
(MeanLongitude) Orbital Mean Longitude [rad]: -0.050701 
(LongP) Body's Longitude of pericenter [rad]: 6.232485 
(TotOrbEnergy) System's Total Orbital Energy [kg*m^2/sec^2]: -2.036267e+35 
(OrbPotEnergy) Body's Orbital Potential Energy [kg*m^2/sec^2]: -1.947652e+35 
----- DISTORB PARAMETERS (c)------
(Sinc) Body's sin(Inc/2) in DistOrb []: 0.002133 
(Pinc) Body's Poincare p in DistOrb []: -0.002133 
(Qinc) Body's Poincare q in DistOrb []: 1.152293e-05 
(DIncDtDistOrb) Body's inclination derivative in DistOrb [rad/sec]: 2.833267e-12 
(DSincDtDistOrb) Body's sin(Inc/2) derivative in DistOrb [/sec]: 1.416630e-12 
(DLongADtDistOrb) Body's longitude of ascending node derivative in DistOrb [rad/sec]: -3.756776e-10 
(DLongPDtDistOrb) Body's longitude of pericenter derivative in DistOrb [rad/sec]: 2.142695e-10 
(DHeccDtDistOrb) Body's Poincare h derivative in DistOrb [/sec]: 2.720764e-12 
(DKeccDtDistOrb) Body's Poincare k in DistOrb [/sec]: 3.865399e-12 
(DPincDtDistOrb) Body's Poincare p in DistOrb [/sec]: -1.420938e-12 
(DQincDtDistOrb) Body's Poincare q in DistOrb [/sec]: -7.937025e-13 
Output Order: Time[year] LongP[deg] SemiMajorAxis[au] Eccentricity[] Inc[deg] LongA[deg]
Grid Output Order:

----- BODY: d ----
Active Modules: DistOrb
Module Bit Sum: 17
Color: 000000
(Mass) Mass [kg]: 6.539531e+24 
(Radius) Radius [m]: 6.758557e+06 
(RadGyra) Radius of Gyration/Moment of Inertia Constant []: 0.400000 
(RotKinEnergy) Body's Rotational Energy [kg*m^2/sec^2]: 1.263796e+29 
(RotVel) Rotational Velocity [m/sec]: 491.496148 
(BodyType) Type of Body (0 == planet) []: 0.000000 
(Density) Average Density [kg/m^3]: 5057.035483 
(HEcc) Poincare's h (=e*sin(varpi) []: 0.010228 
(HZLimitDryRunaway) Semi-major axis of Dry Runaway HZ Limit [m]: -1.000000 
(HZLimRecVenus) Recent Venus HZ Limit []: -1.000000 
(HZLimRunaway) Runaway Greenhouse HZ Limit []: -1.000000 
(HZLimMoistGreenhouse) Moist Greenhouse HZ Limit []: -1.000000 
(HZLimMaxGreenhouse) Maximum Greenhouse HZ Limit []: -1.000000 
(HZLimEarlyMars) Early Mars HZ Limit []: -1.000000 
(Instellation) Orbit-averaged INcident STELLar radiATION [kg*m^2/sec^2/(m^2*sec)]: -1.000000 
(KEcc) Poincare's k (=e*cos(varpi) []: 0.010497 
(Eccentricity) Orbital Eccentricity []: 0.014656 
(OrbEnergy) Body's Total Orbital Energy [kg*m^2/sec^2]: -1.943365e+34 
(MeanMotion) Orbital Mean Motion [/sec]: 2.641153e-05 
(OrbPeriod) Orbital Period [sec]: 2.378956e+05 
(SemiMajorAxis) Semi-major Axis [m]: 2.918978e+09 
(OrbAngMom) Orbital Angular Momentum [kg*m^2/sec]: 1.471445e+39 
(ArgP) Body's argument of pericenter [rad]: 3.976545 
(Inc) Body's Inclination [rad]: 0.010750 
(LongA) Body's Longitude of ascending node [rad]: 3.079090 
(MeanLongitude) Orbital Mean Longitude [rad]: 0.772450 
(LongP) Body's Longitude of pericenter [rad]: 0.772450 
(TotOrbEnergy) System's Total Orbital Energy [kg*m^2/sec^2]: -2.036267e+35 
(OrbPotEnergy) Body's Orbital Potential Energy [kg*m^2/sec^2]: -3.886730e+34 
----- DISTORB PARAMETERS (d)------
(Sinc) Body's sin(Inc/2) in DistOrb []: 0.005375 
(Pinc) Body's Poincare p in DistOrb []: 0.000336 
(Qinc) Body's Poincare q in DistOrb []: -0.005364 
(DIncDtDistOrb) Body's inclination derivative in DistOrb [rad/sec]: -1.836732e-11 
(DSincDtDistOrb) Body's sin(Inc/2) derivative in DistOrb [/sec]: -9.183528e-12 
(DLongADtDistOrb) Body's longitude of ascending node derivative in DistOrb [rad/sec]: -4.796723e-09 
(DLongPDtDistOrb) Body's longitude of pericenter derivative in DistOrb [rad/sec]: 1.888129e-09 
(DHeccDtDistOrb) Body's Poincare h derivative in DistOrb [/sec]: 2.866167e-13 
(DKeccDtDistOrb) Body's Poincare k in DistOrb [/sec]: -3.935749e-11 
(DPincDtDistOrb) Body's Poincare p in DistOrb [/sec]: 2.515798e-11 
(DQincDtDistOrb) Body's Poincare q in DistOrb [/sec]: 1.077598e-11 
Output Order: Time[year] LongP[deg] SemiMajorAxis[au] Eccentricity[] Inc[deg] LongA[deg]
Grid Output Order:
