-------- Log file system.log -------

Executable: /Users/mohammadzishanshadab/opt/anaconda3/bin/vplanet
Version: Unknown
System Name: system
Primary Input File: vpl.in
Body File #1: star.in
Allow files to be overwitten: Yes
Mass Units: Grams
Length Units: Meters
Time Units: Seconds
Angle Units: Radians

------- FORMATTING -----
Verbosity Level: 0
Crossover Decade for Scientific Notation: 4
Number of Digits After Decimal: 6
Integration Method: Runge-Kutta4
Direction: Forward
Time Step: 3.155760e+07
Stop Time: 2.880118e+17
Output Interval: 3.155760e+13
Use Variable Timestep: Yes
dEta: 0.010000
Minimum Value of ecc and obl: 1.000000e-10


---- INITIAL SYSTEM PROPERTIES ----
(Age) System Age [sec]: 1.577880e+14 
(Time) Simulation Time [sec]: 0.000000 
(TotAngMom) Total Angular Momentum [kg*m^2/sec]: 8.710901e+41 
(TotEnergy) Total System Energy [kg*m^2/sec^2]: -6.916626e+39 
(PotEnergy) Body's non-orbital Potential Energy [kg*m^2/sec^2]: -6.948300e+39 
(KinEnergy) Body's non-orbital Kinetic Energy [kg*m^2/sec^2]: 3.167373e+37 
(DeltaTime) Average Timestep Over Last Output Interval [sec]: 0.000000 

----- BODY: star ----
Active Modules: STELLAR
Module Bit Sum: 65
Color: 000000
(Mass) Mass [kg]: 2.802076e+29 
(Radius) Radius [m]: 4.525191e+08 
(RadGyra) Radius of Gyration/Moment of Inertia Constant []: 0.456901 
(RotAngMom) Rotational Angular Momentum [kg*m^2/sec]: 8.710901e+41 
(RotVel) Rotational Velocity [m/sec]: 3.290811e+04 
(BodyType) Type of Body (0 == planet) []: 0.000000 
(RotRate) Rotational Frequency [/sec]: 7.272205e-05 
(RotPer) Rotational Period [sec]: 8.640000e+04 
(Density) Average Density [kg/m^3]: 721.905982 
(HZLimitDryRunaway) Semi-major axis of Dry Runaway HZ Limit [m]: 2.577807e+10 
(HZLimRecVenus) Recent Venus HZ Limit [m]: 2.313361e+10 
(HZLimRunaway) Runaway Greenhouse HZ Limit [m]: 3.048549e+10 
(HZLimMoistGreenhouse) Moist Greenhouse HZ Limit [m]: 3.060958e+10 
(HZLimMaxGreenhouse) Maximum Greenhouse HZ Limit [m]: 5.837541e+10 
(HZLimEarlyMars) Early Mars HZ Limit [m]: 6.366444e+10 
(Instellation) Orbit-averaged INcident STELLar radiATION [kg*m^2/sec^2/(m^2*sec)]: -1.000000 
(CriticalSemiMajorAxis) Holman & Wiegert (1999) P-type Critical Semi-major Axis [m]: -1.000000 
(LXUVTot) Total XUV Luminosity [LSUN]: 0.000405 
(LostEnergy) Body's Total Lost Energy [kg*m^2/sec^2]: 5.562685e-309 
(LostAngMom) Lost Angular Momentum due to Magnetic Braking [kg*m^2/sec]: 5.562685e-309 
----- STELLAR PARAMETERS (star)------
(Luminosity) Luminosity [LSUN]: 0.036042 
(LXUVStellar) Base X-ray/XUV Luminosity [kg*m^2/sec^3]: 1.556677e+23 
(Temperature) Effective Temperature [K]: 3119.177340 
(LXUVFrac) Fraction of luminosity in XUV []: 0.011230 
(RossbyNumber) Rossby Number []: 0.015723 
(DRotPerDtStellar) Time Rate of Change of Rotation Period in STELLAR []: -1.097292e-10 
Output Order: Time[year] Luminosity[LSUN] LXUVTot[LSUN] Radius[m] Temperature[K] HZLimRecVenus[m] HZLimRunaway[m] HZLimMaxGreenhouse[m] HZLimEarlyMars[m]
Grid Output Order:



---- FINAL SYSTEM PROPERTIES ----
(Age) System Age [sec]: 2.881840e+17 
(Time) Simulation Time [sec]: 2.880262e+17 
(TotAngMom) Total Angular Momentum [kg*m^2/sec]: 8.718815e+41 
(TotEnergy) Total System Energy [kg*m^2/sec^2]: -6.914423e+39 
(PotEnergy) Body's non-orbital Potential Energy [kg*m^2/sec^2]: -2.713550e+40 
(KinEnergy) Body's non-orbital Kinetic Energy [kg*m^2/sec^2]: 2.844348e+32 
(DeltaTime) Average Timestep Over Last Output Interval [sec]: 1.492692e+08 

----- BODY: star ----
Active Modules: STELLAR
Module Bit Sum: 65
Color: 000000
(Mass) Mass [kg]: 2.802076e+29 
(Radius) Radius [m]: 1.158718e+08 
(RadGyra) Radius of Gyration/Moment of Inertia Constant []: 0.462291 
(RotAngMom) Rotational Angular Momentum [kg*m^2/sec]: 6.762994e+38 
(RotVel) Rotational Velocity [m/sec]: 97.465607 
(BodyType) Type of Body (0 == planet) []: 0.000000 
(RotRate) Rotational Frequency [/sec]: 8.411506e-07 
(RotPer) Rotational Period [sec]: 7.469751e+06 
(Density) Average Density [kg/m^3]: 4.299901e+04 
(HZLimitDryRunaway) Semi-major axis of Dry Runaway HZ Limit [m]: 6.499167e+09 
(HZLimRecVenus) Recent Venus HZ Limit [m]: 5.834683e+09 
(HZLimRunaway) Runaway Greenhouse HZ Limit [m]: 7.687572e+09 
(HZLimMoistGreenhouse) Moist Greenhouse HZ Limit [m]: 7.720248e+09 
(HZLimMaxGreenhouse) Maximum Greenhouse HZ Limit [m]: 1.473492e+10 
(HZLimEarlyMars) Early Mars HZ Limit [m]: 1.606995e+10 
(Instellation) Orbit-averaged INcident STELLar radiATION [kg*m^2/sec^2/(m^2*sec)]: -1.000000 
(CriticalSemiMajorAxis) Holman & Wiegert (1999) P-type Critical Semi-major Axis [m]: -1.000000 
(LXUVTot) Total XUV Luminosity [LSUN]: 1.130563e-07 
(LostEnergy) Body's Total Lost Energy [kg*m^2/sec^2]: 2.022108e+40 
(LostAngMom) Lost Angular Momentum due to Magnetic Braking [kg*m^2/sec]: 8.712052e+41 
----- STELLAR PARAMETERS (star)------
(Luminosity) Luminosity [LSUN]: 0.002291 
(LXUVStellar) Base X-ray/XUV Luminosity [kg*m^2/sec^3]: 4.348146e+19 
(Temperature) Effective Temperature [K]: 3098.208590 
(LXUVFrac) Fraction of luminosity in XUV []: 4.934814e-05 
(RossbyNumber) Rossby Number []: 1.344786 
(DRotPerDtStellar) Time Rate of Change of Rotation Period in STELLAR []: 1.244592e-11 
Output Order: Time[year] Luminosity[LSUN] LXUVTot[LSUN] Radius[m] Temperature[K] HZLimRecVenus[m] HZLimRunaway[m] HZLimMaxGreenhouse[m] HZLimEarlyMars[m]
Grid Output Order:
