-------- Log file LP791-18.log -------

Executable: /home/solontoi/anaconda3/envs/vplanet/bin/vplanet
Version: Unknown
System Name: LP791-18
Primary Input File: vpl.in
Body File #1: star.in
Body File #2: b.in
Body File #3: c.in
Body File #4: d.in
Allow files to be overwitten: Yes
Mass Units: Grams
Length Units: Meters
Time Units: Seconds
Angle Units: Radians

------- FORMATTING -----
Verbosity Level: 5
Crossover Decade for Scientific Notation: 4
Number of Digits After Decimal: 6
Integration Method: Runge-Kutta4
Direction: Forward
Time Step: 3.155760e+07
Stop Time: 3.155760e+15
Output Interval: 3.155760e+12
Use Variable Timestep: Yes
dEta: 0.100000
Minimum Value of ecc and obl: 1.000000e-10


---- INITIAL SYSTEM PROPERTIES ----
(Age) System Age [sec]: 3.155760e+13 
(Time) Simulation Time [sec]: 0.000000 
(TotAngMom) Total Angular Momentum [kg*m^2/sec]: 1.570301e+41 
(TotEnergy) Total System Energy [kg*m^2/sec^2]: -2.275497e+40 
(PotEnergy) Body's non-orbital Potential Energy [kg*m^2/sec^2]: -2.276500e+40 
(KinEnergy) Body's non-orbital Kinetic Energy [kg*m^2/sec^2]: 1.022992e+37 
(DeltaTime) Average Timestep Over Last Output Interval [sec]: 0.000000 

----- BODY: star ----
Active Modules: EqTide
Module Bit Sum: 3
Color: 000000
(Mass) Mass [kg]: 2.739692e+29 
(Obliquity) Obliquity [rad]: 0.000000 
(PrecA) Body's precession angle [rad]: 0.000000 
(Xobl) Body's sin(obliquity)*cos(precession angle) []: 0.000000 
(Yobl) Body's sin(obliquity)*sin(precession angle) []: 0.000000 
(Zobl) Body's cos(obliquity) []: 1.000000 
(Radius) Radius [m]: 1.320358e+08 
(RadGyra) Radius of Gyration/Moment of Inertia Constant []: 0.450000 
(RotAngMom) Rotational Angular Momentum [kg*m^2/sec]: 1.406715e+41 
(RotKinEnergy) Body's Rotational Energy [kg*m^2/sec^2]: 1.022992e+37 
(RotVel) Rotational Velocity [m/sec]: 1.920382e+04 
(BodyType) Type of Body (0 == planet) []: 0.000000 
(RotRate) Rotational Frequency [/sec]: 0.000145 
(RotPer) Rotational Period [days]: 0.500000 
(Density) Average Density [kg/m^3]: 2.841439e+04 
(SurfEnFluxTotal) Total Surface Energy Flux [kg*m^2/sec^2/(m^2*sec)]: 0.012528 
(TidalQ) Tidal Q []: 1.000000e+06 
(ImK2) Im(k_2) []: -5.000000e-07 
(K2) k_2 []: 0.500000 
(K2Man) Real Love Number k2 Mantle []: 0.010000 
(Imk2Man) Imaginary Love Number k2 Mantle []: 0.000000 
(TidalQMantle) Mantle's Tidal Q []: 100.000000 
(HEcc) Poincare's h (=e*sin(varpi) []: 0.000000 
(HZLimitDryRunaway) Semi-major axis of Dry Runaway HZ Limit [m]: -1.000000 
(HZLimRecVenus) Recent Venus HZ Limit []: -1.000000 
(HZLimRunaway) Runaway Greenhouse HZ Limit []: -1.000000 
(HZLimMoistGreenhouse) Moist Greenhouse HZ Limit []: -1.000000 
(HZLimMaxGreenhouse) Maximum Greenhouse HZ Limit []: -1.000000 
(HZLimEarlyMars) Early Mars HZ Limit []: -1.000000 
(Instellation) Orbit-averaged INcident STELLar radiATION [kg*m^2/sec^2/(m^2*sec)]: -1.000000 
(KEcc) Poincare's k (=e*cos(varpi) []: 0.000000 
(Eccentricity) Orbital Eccentricity []: -1.000000 
(OrbEnergy) Body's Total Orbital Energy [kg*m^2/sec^2]: 0.000000 
(MeanMotion) Orbital Mean Motion [/sec]: -1.000000 
(OrbPeriod) Orbital Period [sec]: -1.000000 
(SemiMajorAxis) Semi-major Axis [m]: -1.000000 
(CriticalSemiMajorAxis) Holman & Wiegert (1999) P-type Critical Semi-major Axis [m]: -1.000000 
(COPP) Climate Obliquity Precession Parameter []: 0.000000 
(OrbAngMom) Orbital Angular Momentum [kg*m^2/sec]: 0.000000 
(LongP) Body's Longitude of pericenter [rad]: 0.000000 
(TotOrbEnergy) System's Total Orbital Energy [kg*m^2/sec^2]: -1.948708e+35 
(OrbPotEnergy) Body's Orbital Potential Energy [kg*m^2/sec^2]: -1.000000 
(LostEnergy) Body's Total Lost Energy [kg*m^2/sec^2]: 5.562685e-309 
----- EQTIDE PARAMETERS (star)------
(LockTime) Time when body tidally locked. [sec]: -1.000000 
(BodyDsemiDtEqtide) In EqTide, the total change in semi-major axis is due to dissipation in both bodies. This output parameter returns the change due to current body. []: -1.000000 
(BodyDeccDt) In EqTide, the total change in eccentricity is due to towrues on both bodies. This output parameter returns the change due to current body. []: -1.000000 
(DOblDtEqtide) Time Rate of Change of Obliquity in EqTide [rad/sec]: 0.000000 
(DRotPerDtEqtide) Time Rate of Change of Rotation Period in EqTide []: 1.159385e-17 
(DRotRateDtEqtide) Time Rate of Change of Rotational Frequency in EqTide [/sec^2]: -3.903373e-26 
(EqRotRateDiscrete) CPL2 Discrete Equilibrium Spin Rate [/sec]: 7.329838e-05 
(EqRotPerDiscrete) CPL2 Discrete Equilibrium Spin Period [sec]: 8.572066e+04 
(EqRotRateCont) CPL2 Continuous Equilibrium Spin Rate [/sec]: 7.443989e-05 
(EqRotPerCont) CPL2 Continuous Equilibrium Rotation Period [sec]: 8.440616e+04 
(EqRotPer) Equilibrium Rotation Period [sec]: 8.572066e+04 
(EqTidePower) Equilibrium Power from Tides [/sec]: 0.000000 
(GammaRot) Gamma_Rotation [sec]: -1.000000 
(GammaOrb) Gamma_Orbital [sec]: -1.000000 
(OceanK2) Ocean's Love number k_2 []: 0.010000 
(EnvTidalQ) Envelope Tidal Q []: -1.000000 
(OceanTidalQ) Ocean Tidal Q []: -1.000000 
(TideLock) Tidally Locked? []: 0.000000 
(RotTimeEqtide) Timescale for Rotational Evolution in EqTide [sec]: 3.816630e+21 
(EnvK2) Envelope's Love number k_2 []: 0.010000 
(OblTimeEqtide) Timescale for Obliquity Evolution in EqTide []: -1.000000 
(PowerEqtide) Internal Power due to Tides in EqTide [kg*m^2/sec^3]: 2.744470e+15 
(SurfEnFluxEqtide) Surface Energy Flux due to Tides in EqTide [kg*m^2/sec^2/(m^2*sec)]: 0.012528 
Tidal Perturbers: b, c, d
Output Order: Time[year] RotPer[days]
Grid Output Order:

----- BODY: b ----
Active Modules: EqTide
Module Bit Sum: 3
Color: 000000
(Mass) Mass [kg]: 1.450865e+25 
(Obliquity) Obliquity [rad]: 0.000000 
(PrecA) Body's precession angle [rad]: 0.000000 
(Xobl) Body's sin(obliquity)*cos(precession angle) []: 0.000000 
(Yobl) Body's sin(obliquity)*sin(precession angle) []: 0.000000 
(Zobl) Body's cos(obliquity) []: 1.000000 
(Radius) Radius [m]: 7.465750e+06 
(RadGyra) Radius of Gyration/Moment of Inertia Constant []: 0.400000 
(RotAngMom) Rotational Angular Momentum [kg*m^2/sec]: 9.409359e+33 
(RotKinEnergy) Body's Rotational Energy [kg*m^2/sec^2]: 3.421339e+29 
(RotVel) Rotational Velocity [m/sec]: 542.924643 
(BodyType) Type of Body (0 == planet) []: 0.000000 
(RotRate) Rotational Frequency [/sec]: 7.272205e-05 
(RotPer) Rotational Period [days]: 1.000000 
(Density) Average Density [kg/m^3]: 8323.733716 
(SurfEnFluxTotal) Total Surface Energy Flux [W/m^2]: 9213.399709 
(TidalQ) Tidal Q []: 995.995858 
(ImK2) Im(k_2) []: -0.000301 
(K2) k_2 []: 0.300000 
(K2Man) Real Love Number k2 Mantle []: 0.010000 
(Imk2Man) Imaginary Love Number k2 Mantle []: 0.000000 
(TidalQMantle) Mantle's Tidal Q []: 100.000000 
(HEcc) Poincare's h (=e*sin(varpi) []: 0.000000 
(HZLimitDryRunaway) Semi-major axis of Dry Runaway HZ Limit [m]: -1.000000 
(HZLimRecVenus) Recent Venus HZ Limit []: -1.000000 
(HZLimRunaway) Runaway Greenhouse HZ Limit []: -1.000000 
(HZLimMoistGreenhouse) Moist Greenhouse HZ Limit []: -1.000000 
(HZLimMaxGreenhouse) Maximum Greenhouse HZ Limit []: -1.000000 
(HZLimEarlyMars) Early Mars HZ Limit []: -1.000000 
(Instellation) Orbit-averaged INcident STELLar radiATION [kg*m^2/sec^2/(m^2*sec)]: -1.000000 
(KEcc) Poincare's k (=e*cos(varpi) []: 0.040488 
(Eccentricity) Orbital Eccentricity []: 0.040488 
(OrbEnergy) Body's Total Orbital Energy [kg*m^2/sec^2]: -8.818399e+34 
(MeanMotion) Orbital Mean Motion [/sec]: 7.329838e-05 
(OrbPeriod) Orbital Period [sec]: 8.572066e+04 
(SemiMajorAxis) Semi-major Axis [m]: 1.504227e+09 
(CriticalSemiMajorAxis) Holman & Wiegert (1999) P-type Critical Semi-major Axis [m]: -1.000000 
(COPP) Climate Obliquity Precession Parameter []: 0.000000 
(OrbAngMom) Orbital Angular Momentum [kg*m^2/sec]: 2.404192e+39 
(LongP) Body's Longitude of pericenter [rad]: 0.000000 
(TotOrbEnergy) System's Total Orbital Energy [kg*m^2/sec^2]: -1.948708e+35 
(OrbPotEnergy) Body's Orbital Potential Energy [kg*m^2/sec^2]: -1.763680e+35 
(LostEnergy) Body's Total Lost Energy [kg*m^2/sec^2]: 5.562685e-309 
----- EQTIDE PARAMETERS (b)------
(TidalRadius) In EqTide, the value of the radius that enters the tidal evolution equations. This parameter is distinct from others, such as the radius of XUV absorption or a pressure level in an atmosphere. [m]: 7.465750e+06 
(DsemiDtEqtide) Total da/dt from EqTide [m/sec]: -5.795867e-06 
(DeccDtEqtide) Total de/dt from EqTide [/sec]: -4.956399e-16 
(DMeanMotionDtEqtide) Total dMeanMotion/dt from EqTide [/sec^2]: 4.236338e-19 
(DOrbPerDtEqtide) Total dOrbPer/dt from EqTide []: -4.954293e-10 
(EccTimeEqtide) Timescale for Eccentricity Evolution (e/[de/dt]) in EqTide [sec]: 8.168934e+13 
(SemiTimeEqtide) Timescale for Semi-major Axis Evolution (a/[da/dt]) in EqTide [sec]: 2.595345e+14 
(DHEccDtEqtide) Time Rate of Change of Poincare's h in EqTide [/sec]: -0.000000 
(DKEccDtEqtide) Time Rate of Change of Poincare's k in EqTide [/sec]: -4.956399e-16 
(DXoblDtEqtide) Time Rate of Change of Laskar's X in EqTide [/sec]: 0.000000 
(DYoblDtEqtide) Time Rate of Change of Laskar's Y in EqTide [/sec]: 0.000000 
(DZoblDtEqtide) Time Rate of Change of Laskar's Z in EqTide [/sec]: 0.000000 
(LockTime) Time when body tidally locked. [sec]: -1.000000 
(BodyDsemiDtEqtide) In EqTide, the total change in semi-major axis is due to dissipation in both bodies. This output parameter returns the change due to current body. []: -1.000000 
(BodyDeccDt) In EqTide, the total change in eccentricity is due to towrues on both bodies. This output parameter returns the change due to current body. []: -1.000000 
(DOblDtEqtide) Time Rate of Change of Obliquity in EqTide [rad/sec]: 0.000000 
(DRotPerDtEqtide) Time Rate of Change of Rotation Period in EqTide []: -4.208799e-05 
(DRotRateDtEqtide) Time Rate of Change of Rotational Frequency in EqTide [/sec^2]: 3.542506e-14 
(EqRotRateDiscrete) CPL2 Discrete Equilibrium Spin Rate [/sec]: 7.329838e-05 
(EqRotPerDiscrete) CPL2 Discrete Equilibrium Spin Period [sec]: 8.572066e+04 
(EqRotRateCont) CPL2 Continuous Equilibrium Spin Rate [/sec]: 7.443989e-05 
(EqRotPerCont) CPL2 Continuous Equilibrium Rotation Period [sec]: 8.440616e+04 
(EqRotPer) Equilibrium Rotation Period [sec]: 8.572066e+04 
(EqTidePower) Equilibrium Power from Tides [/sec]: 0.000000 
(GammaRot) Gamma_Rotation [sec]: -1.000000 
(GammaOrb) Gamma_Orbital [sec]: -1.000000 
(OceanK2) Ocean's Love number k_2 []: 0.010000 
(EnvTidalQ) Envelope Tidal Q []: -1.000000 
(OceanTidalQ) Ocean Tidal Q []: -1.000000 
(TideLock) Tidally Locked? []: 0.000000 
(RotTimeEqtide) Timescale for Rotational Evolution in EqTide [sec]: 2.052842e+09 
(EnvK2) Envelope's Love number k_2 []: 0.010000 
(OblTimeEqtide) Timescale for Obliquity Evolution in EqTide []: -1.000000 
(PowerEqtide) Internal Power due to Tides in EqTide [kg*m^2/sec^3]: 6.453222e+18 
(SurfEnFluxEqtide) Surface Energy Flux due to Tides in EqTide [kg*m^2/sec^2/(m^2*sec)]: 9213.399709 
Tidal Perturbers: star
Output Order: Time[year] TotEnergy[ergs] TotAngMom[kg*m^2/s] RotPer[days] SemiMajorAxis[au] Eccentricity[] SurfEnFluxTotal[W/m^2]
Grid Output Order:

----- BODY: c ----
Active Modules: EqTide
Module Bit Sum: 3
Color: 000000
(Mass) Mass [kg]: 4.618041e+25 
(Obliquity) Obliquity [rad]: 0.000000 
(PrecA) Body's precession angle [rad]: 0.000000 
(Xobl) Body's sin(obliquity)*cos(precession angle) []: 0.000000 
(Yobl) Body's sin(obliquity)*sin(precession angle) []: 0.000000 
(Zobl) Body's cos(obliquity) []: 1.000000 
(Radius) Radius [m]: 1.585524e+07 
(RadGyra) Radius of Gyration/Moment of Inertia Constant []: 0.400000 
(RotAngMom) Rotational Angular Momentum [kg*m^2/sec]: 1.350795e+35 
(RotKinEnergy) Body's Rotational Energy [kg*m^2/sec^2]: 4.911628e+30 
(RotVel) Rotational Velocity [m/sec]: 1153.025296 
(BodyType) Type of Body (0 == planet) []: 0.000000 
(RotRate) Rotational Frequency [/sec]: 7.272205e-05 
(RotPer) Rotational Period [days]: 1.000000 
(Density) Average Density [kg/m^3]: 2765.992957 
(SurfEnFluxTotal) Total Surface Energy Flux [W/m^2]: 130.875717 
(TidalQ) Tidal Q []: 5.044997e+04 
(ImK2) Im(k_2) []: -5.946486e-06 
(K2) k_2 []: 0.300000 
(K2Man) Real Love Number k2 Mantle []: 0.010000 
(Imk2Man) Imaginary Love Number k2 Mantle []: 0.000000 
(TidalQMantle) Mantle's Tidal Q []: 100.000000 
(HEcc) Poincare's h (=e*sin(varpi) []: 0.000000 
(HZLimitDryRunaway) Semi-major axis of Dry Runaway HZ Limit [m]: -1.000000 
(HZLimRecVenus) Recent Venus HZ Limit []: -1.000000 
(HZLimRunaway) Runaway Greenhouse HZ Limit []: -1.000000 
(HZLimMoistGreenhouse) Moist Greenhouse HZ Limit []: -1.000000 
(HZLimMaxGreenhouse) Maximum Greenhouse HZ Limit []: -1.000000 
(HZLimEarlyMars) Early Mars HZ Limit []: -1.000000 
(Instellation) Orbit-averaged INcident STELLar radiATION [kg*m^2/sec^2/(m^2*sec)]: -1.000000 
(KEcc) Poincare's k (=e*cos(varpi) []: 0.269866 
(Eccentricity) Orbital Eccentricity []: 0.269866 
(OrbEnergy) Body's Total Orbital Energy [kg*m^2/sec^2]: -9.206878e+34 
(MeanMotion) Orbital Mean Motion [/sec]: 1.377074e-05 
(OrbPeriod) Orbital Period [sec]: 4.562707e+05 
(SemiMajorAxis) Semi-major Axis [m]: 4.585869e+09 
(CriticalSemiMajorAxis) Holman & Wiegert (1999) P-type Critical Semi-major Axis [m]: -1.000000 
(COPP) Climate Obliquity Precession Parameter []: 0.000000 
(OrbAngMom) Orbital Angular Momentum [kg*m^2/sec]: 1.287554e+40 
(LongP) Body's Longitude of pericenter [rad]: 0.000000 
(TotOrbEnergy) System's Total Orbital Energy [kg*m^2/sec^2]: -1.948708e+35 
(OrbPotEnergy) Body's Orbital Potential Energy [kg*m^2/sec^2]: -1.841376e+35 
(LostEnergy) Body's Total Lost Energy [kg*m^2/sec^2]: 5.562685e-309 
----- EQTIDE PARAMETERS (c)------
(TidalRadius) In EqTide, the value of the radius that enters the tidal evolution equations. This parameter is distinct from others, such as the radius of XUV absorption or a pressure level in an atmosphere. [m]: 1.585524e+07 
(DsemiDtEqtide) Total da/dt from EqTide [m/sec]: 6.368431e-09 
(DeccDtEqtide) Total de/dt from EqTide [/sec]: 4.615206e-19 
(DMeanMotionDtEqtide) Total dMeanMotion/dt from EqTide [/sec^2]: -2.868530e-23 
(DOrbPerDtEqtide) Total dOrbPer/dt from EqTide []: 9.504400e-13 
(EccTimeEqtide) Timescale for Eccentricity Evolution (e/[de/dt]) in EqTide [sec]: 5.847315e+17 
(SemiTimeEqtide) Timescale for Semi-major Axis Evolution (a/[da/dt]) in EqTide [sec]: 7.200939e+17 
(DHEccDtEqtide) Time Rate of Change of Poincare's h in EqTide [/sec]: 0.000000 
(DKEccDtEqtide) Time Rate of Change of Poincare's k in EqTide [/sec]: 4.615206e-19 
(DXoblDtEqtide) Time Rate of Change of Laskar's X in EqTide [/sec]: 0.000000 
(DYoblDtEqtide) Time Rate of Change of Laskar's Y in EqTide [/sec]: 0.000000 
(DZoblDtEqtide) Time Rate of Change of Laskar's Z in EqTide [/sec]: 0.000000 
(LockTime) Time when body tidally locked. [sec]: -1.000000 
(BodyDsemiDtEqtide) In EqTide, the total change in semi-major axis is due to dissipation in both bodies. This output parameter returns the change due to current body. []: -1.000000 
(BodyDeccDt) In EqTide, the total change in eccentricity is due to towrues on both bodies. This output parameter returns the change due to current body. []: -1.000000 
(DOblDtEqtide) Time Rate of Change of Obliquity in EqTide [rad/sec]: 0.000000 
(DRotPerDtEqtide) Time Rate of Change of Rotation Period in EqTide []: 4.760858e-09 
(DRotRateDtEqtide) Time Rate of Change of Rotational Frequency in EqTide [/sec^2]: -4.007168e-18 
(EqRotRateDiscrete) CPL2 Discrete Equilibrium Spin Rate [/sec]: 2.065611e-05 
(EqRotPerDiscrete) CPL2 Discrete Equilibrium Spin Period [sec]: 3.041805e+05 
(EqRotRateCont) CPL2 Continuous Equilibrium Spin Rate [/sec]: 2.329818e-05 
(EqRotPerCont) CPL2 Continuous Equilibrium Rotation Period [sec]: 2.696857e+05 
(EqRotPer) Equilibrium Rotation Period [sec]: 3.041805e+05 
(EqTidePower) Equilibrium Power from Tides [/sec]: 0.000000 
(GammaRot) Gamma_Rotation [sec]: -1.000000 
(GammaOrb) Gamma_Orbital [sec]: -1.000000 
(OceanK2) Ocean's Love number k_2 []: 0.010000 
(EnvTidalQ) Envelope Tidal Q []: -1.000000 
(OceanTidalQ) Ocean Tidal Q []: -1.000000 
(TideLock) Tidally Locked? []: 0.000000 
(RotTimeEqtide) Timescale for Rotational Evolution in EqTide [sec]: 1.814799e+13 
(EnvK2) Envelope's Love number k_2 []: 0.010000 
(OblTimeEqtide) Timescale for Obliquity Evolution in EqTide []: -1.000000 
(PowerEqtide) Internal Power due to Tides in EqTide [kg*m^2/sec^3]: 4.134418e+17 
(SurfEnFluxEqtide) Surface Energy Flux due to Tides in EqTide [kg*m^2/sec^2/(m^2*sec)]: 130.875717 
Tidal Perturbers: star
Output Order: Time[year] RotPer[days] SemiMajorAxis[au] Eccentricity[] SurfEnFluxTotal[W/m^2]
Grid Output Order:

----- BODY: d ----
Active Modules: EqTide
Module Bit Sum: 3
Color: 000000
(Mass) Mass [kg]: 4.753172e+24 
(Obliquity) Obliquity [rad]: 0.000000 
(PrecA) Body's precession angle [rad]: 0.000000 
(Xobl) Body's sin(obliquity)*cos(precession angle) []: 0.000000 
(Yobl) Body's sin(obliquity)*sin(precession angle) []: 0.000000 
(Zobl) Body's cos(obliquity) []: 1.000000 
(Radius) Radius [m]: 6.944506e+06 
(RadGyra) Radius of Gyration/Moment of Inertia Constant []: 0.400000 
(RotAngMom) Rotational Angular Momentum [kg*m^2/sec]: 2.667180e+33 
(RotKinEnergy) Body's Rotational Energy [kg*m^2/sec^2]: 9.698141e+28 
(RotVel) Rotational Velocity [m/sec]: 505.018710 
(BodyType) Type of Body (0 == planet) []: 0.000000 
(RotRate) Rotational Frequency [/sec]: 7.272205e-05 
(RotPer) Rotational Period [days]: 1.000000 
(Density) Average Density [kg/m^3]: 3388.214626 
(SurfEnFluxTotal) Total Surface Energy Flux [W/m^2]: 5955.403090 
(TidalQ) Tidal Q []: 837.469391 
(ImK2) Im(k_2) []: -0.000358 
(K2) k_2 []: 0.300000 
(K2Man) Real Love Number k2 Mantle []: 0.010000 
(Imk2Man) Imaginary Love Number k2 Mantle []: 0.000000 
(TidalQMantle) Mantle's Tidal Q []: 100.000000 
(HEcc) Poincare's h (=e*sin(varpi) []: 0.000000 
(HZLimitDryRunaway) Semi-major axis of Dry Runaway HZ Limit [m]: -1.000000 
(HZLimRecVenus) Recent Venus HZ Limit []: -1.000000 
(HZLimRunaway) Runaway Greenhouse HZ Limit []: -1.000000 
(HZLimMoistGreenhouse) Moist Greenhouse HZ Limit []: -1.000000 
(HZLimMaxGreenhouse) Maximum Greenhouse HZ Limit []: -1.000000 
(HZLimEarlyMars) Early Mars HZ Limit []: -1.000000 
(Instellation) Orbit-averaged INcident STELLar radiATION [kg*m^2/sec^2/(m^2*sec)]: -1.000000 
(KEcc) Poincare's k (=e*cos(varpi) []: 0.228995 
(Eccentricity) Orbital Eccentricity []: 0.228995 
(OrbEnergy) Body's Total Orbital Energy [kg*m^2/sec^2]: -1.461799e+34 
(MeanMotion) Orbital Mean Motion [/sec]: 2.638147e-05 
(OrbPeriod) Orbital Period [sec]: 2.381666e+05 
(SemiMajorAxis) Semi-major Axis [m]: 2.972843e+09 
(CriticalSemiMajorAxis) Holman & Wiegert (1999) P-type Critical Semi-major Axis [m]: -1.000000 
(COPP) Climate Obliquity Precession Parameter []: 0.000000 
(OrbAngMom) Orbital Angular Momentum [kg*m^2/sec]: 1.078754e+39 
(LongP) Body's Longitude of pericenter [rad]: 0.000000 
(TotOrbEnergy) System's Total Orbital Energy [kg*m^2/sec^2]: -1.948708e+35 
(OrbPotEnergy) Body's Orbital Potential Energy [kg*m^2/sec^2]: -2.923599e+34 
(LostEnergy) Body's Total Lost Energy [kg*m^2/sec^2]: 5.562685e-309 
----- EQTIDE PARAMETERS (d)------
(TidalRadius) In EqTide, the value of the radius that enters the tidal evolution equations. This parameter is distinct from others, such as the radius of XUV absorption or a pressure level in an atmosphere. [m]: 6.944506e+06 
(DsemiDtEqtide) Total da/dt from EqTide [m/sec]: 5.638460e-07 
(DeccDtEqtide) Total de/dt from EqTide [/sec]: 6.181980e-17 
(DMeanMotionDtEqtide) Total dMeanMotion/dt from EqTide [/sec^2]: -7.505485e-21 
(DOrbPerDtEqtide) Total dOrbPer/dt from EqTide []: 6.775803e-11 
(EccTimeEqtide) Timescale for Eccentricity Evolution (e/[de/dt]) in EqTide [sec]: 3.704233e+15 
(SemiTimeEqtide) Timescale for Semi-major Axis Evolution (a/[da/dt]) in EqTide [sec]: 5.272437e+15 
(DHEccDtEqtide) Time Rate of Change of Poincare's h in EqTide [/sec]: 0.000000 
(DKEccDtEqtide) Time Rate of Change of Poincare's k in EqTide [/sec]: 6.181980e-17 
(DXoblDtEqtide) Time Rate of Change of Laskar's X in EqTide [/sec]: 0.000000 
(DYoblDtEqtide) Time Rate of Change of Laskar's Y in EqTide [/sec]: 0.000000 
(DZoblDtEqtide) Time Rate of Change of Laskar's Z in EqTide [/sec]: 0.000000 
(LockTime) Time when body tidally locked. [sec]: -1.000000 
(BodyDsemiDtEqtide) In EqTide, the total change in semi-major axis is due to dissipation in both bodies. This output parameter returns the change due to current body. []: -1.000000 
(BodyDeccDt) In EqTide, the total change in eccentricity is due to towrues on both bodies. This output parameter returns the change due to current body. []: -1.000000 
(DOblDtEqtide) Time Rate of Change of Obliquity in EqTide [rad/sec]: 0.000000 
(DRotPerDtEqtide) Time Rate of Change of Rotation Period in EqTide []: 2.842690e-06 
(DRotRateDtEqtide) Time Rate of Change of Rotational Frequency in EqTide [/sec^2]: -2.392665e-15 
(EqRotRateDiscrete) CPL2 Discrete Equilibrium Spin Rate [/sec]: 2.638147e-05 
(EqRotPerDiscrete) CPL2 Discrete Equilibrium Spin Period [sec]: 2.381666e+05 
(EqRotRateCont) CPL2 Continuous Equilibrium Spin Rate [/sec]: 3.952386e-05 
(EqRotPerCont) CPL2 Continuous Equilibrium Rotation Period [sec]: 1.589720e+05 
(EqRotPer) Equilibrium Rotation Period [sec]: 2.381666e+05 
(EqTidePower) Equilibrium Power from Tides [/sec]: 0.000000 
(GammaRot) Gamma_Rotation [sec]: -1.000000 
(GammaOrb) Gamma_Orbital [sec]: -1.000000 
(OceanK2) Ocean's Love number k_2 []: 0.010000 
(EnvTidalQ) Envelope Tidal Q []: -1.000000 
(OceanTidalQ) Ocean Tidal Q []: -1.000000 
(TideLock) Tidally Locked? []: 0.000000 
(RotTimeEqtide) Timescale for Rotational Evolution in EqTide [sec]: 3.039375e+10 
(EnvK2) Envelope's Love number k_2 []: 0.010000 
(OblTimeEqtide) Timescale for Obliquity Evolution in EqTide []: -1.000000 
(PowerEqtide) Internal Power due to Tides in EqTide [kg*m^2/sec^3]: 3.609140e+18 
(SurfEnFluxEqtide) Surface Energy Flux due to Tides in EqTide [kg*m^2/sec^2/(m^2*sec)]: 5955.403090 
Tidal Perturbers: star
Output Order: Time[year] RotPer[days] SemiMajorAxis[au] Eccentricity[] SurfEnFluxTotal[W/m^2]
Grid Output Order:



---- FINAL SYSTEM PROPERTIES ----
(Age) System Age [sec]: 3.187318e+15 
(Time) Simulation Time [sec]: 3.155760e+15 
(TotAngMom) Total Angular Momentum [kg*m^2/sec]: 1.570251e+41 
(TotEnergy) Total System Energy [kg*m^2/sec^2]: -2.275497e+40 
(PotEnergy) Body's non-orbital Potential Energy [kg*m^2/sec^2]: -2.276500e+40 
(KinEnergy) Body's non-orbital Kinetic Energy [kg*m^2/sec^2]: 1.022990e+37 
(DeltaTime) Average Timestep Over Last Output Interval [sec]: 3.022759e+09 

----- BODY: star ----
Active Modules: EqTide
Module Bit Sum: 3
Color: 000000
(Mass) Mass [kg]: 2.739692e+29 
(Obliquity) Obliquity [rad]: 0.000000 
(PrecA) Body's precession angle [rad]: 0.000000 
(Xobl) Body's sin(obliquity)*cos(precession angle) []: 0.000000 
(Yobl) Body's sin(obliquity)*sin(precession angle) []: 0.000000 
(Zobl) Body's cos(obliquity) []: 1.000000 
(Radius) Radius [m]: 1.320358e+08 
(RadGyra) Radius of Gyration/Moment of Inertia Constant []: 0.450000 
(RotAngMom) Rotational Angular Momentum [kg*m^2/sec]: 1.406714e+41 
(RotKinEnergy) Body's Rotational Energy [kg*m^2/sec^2]: 1.022990e+37 
(RotVel) Rotational Velocity [m/sec]: 1.920381e+04 
(BodyType) Type of Body (0 == planet) []: 0.000000 
(RotRate) Rotational Frequency [/sec]: 0.000145 
(RotPer) Rotational Period [days]: 0.500000 
(Density) Average Density [kg/m^3]: 2.841439e+04 
(SurfEnFluxTotal) Total Surface Energy Flux [kg*m^2/sec^2/(m^2*sec)]: 0.012571 
(TidalQ) Tidal Q []: 1.000000e+06 
(ImK2) Im(k_2) []: -5.000000e-07 
(K2) k_2 []: 0.500000 
(K2Man) Real Love Number k2 Mantle []: 0.010000 
(Imk2Man) Imaginary Love Number k2 Mantle []: 0.000000 
(TidalQMantle) Mantle's Tidal Q []: 100.000000 
(HEcc) Poincare's h (=e*sin(varpi) []: 0.000000 
(HZLimitDryRunaway) Semi-major axis of Dry Runaway HZ Limit [m]: -1.000000 
(HZLimRecVenus) Recent Venus HZ Limit []: -1.000000 
(HZLimRunaway) Runaway Greenhouse HZ Limit []: -1.000000 
(HZLimMoistGreenhouse) Moist Greenhouse HZ Limit []: -1.000000 
(HZLimMaxGreenhouse) Maximum Greenhouse HZ Limit []: -1.000000 
(HZLimEarlyMars) Early Mars HZ Limit []: -1.000000 
(Instellation) Orbit-averaged INcident STELLar radiATION [kg*m^2/sec^2/(m^2*sec)]: -1.000000 
(KEcc) Poincare's k (=e*cos(varpi) []: 0.000000 
(Eccentricity) Orbital Eccentricity []: -1.000000 
(OrbEnergy) Body's Total Orbital Energy [kg*m^2/sec^2]: 0.000000 
(MeanMotion) Orbital Mean Motion [/sec]: -1.000000 
(OrbPeriod) Orbital Period [sec]: -1.000000 
(SemiMajorAxis) Semi-major Axis [m]: -1.000000 
(CriticalSemiMajorAxis) Holman & Wiegert (1999) P-type Critical Semi-major Axis [m]: -1.000000 
(COPP) Climate Obliquity Precession Parameter []: 0.000000 
(OrbAngMom) Orbital Angular Momentum [kg*m^2/sec]: 0.000000 
(LongP) Body's Longitude of pericenter [rad]: 0.000000 
(TotOrbEnergy) System's Total Orbital Energy [kg*m^2/sec^2]: -1.958642e+35 
(OrbPotEnergy) Body's Orbital Potential Energy [kg*m^2/sec^2]: -1.000000 
(LostEnergy) Body's Total Lost Energy [kg*m^2/sec^2]: 8.691489e+30 
----- EQTIDE PARAMETERS (star)------
(LockTime) Time when body tidally locked. [sec]: -1.000000 
(BodyDsemiDtEqtide) In EqTide, the total change in semi-major axis is due to dissipation in both bodies. This output parameter returns the change due to current body. []: -1.000000 
(BodyDeccDt) In EqTide, the total change in eccentricity is due to towrues on both bodies. This output parameter returns the change due to current body. []: -1.000000 
(DOblDtEqtide) Time Rate of Change of Obliquity in EqTide [rad/sec]: 0.000000 
(DRotPerDtEqtide) Time Rate of Change of Rotation Period in EqTide []: 1.156113e-17 
(DRotRateDtEqtide) Time Rate of Change of Rotational Frequency in EqTide [/sec^2]: -3.892351e-26 
(EqRotRateDiscrete) CPL2 Discrete Equilibrium Spin Rate [/sec]: 7.346818e-05 
(EqRotPerDiscrete) CPL2 Discrete Equilibrium Spin Period [sec]: 8.552254e+04 
(EqRotRateCont) CPL2 Continuous Equilibrium Spin Rate [/sec]: 7.346818e-05 
(EqRotPerCont) CPL2 Continuous Equilibrium Rotation Period [sec]: 8.552254e+04 
(EqRotPer) Equilibrium Rotation Period [sec]: 8.552254e+04 
(EqTidePower) Equilibrium Power from Tides [/sec]: 0.000000 
(GammaRot) Gamma_Rotation [sec]: -1.000000 
(GammaOrb) Gamma_Orbital [sec]: -1.000000 
(OceanK2) Ocean's Love number k_2 []: 0.010000 
(EnvTidalQ) Envelope Tidal Q []: -1.000000 
(OceanTidalQ) Ocean Tidal Q []: -1.000000 
(TideLock) Tidally Locked? []: 0.000000 
(RotTimeEqtide) Timescale for Rotational Evolution in EqTide [sec]: 3.827854e+21 
(EnvK2) Envelope's Love number k_2 []: 0.010000 
(OblTimeEqtide) Timescale for Obliquity Evolution in EqTide []: -1.000000 
(PowerEqtide) Internal Power due to Tides in EqTide [kg*m^2/sec^3]: 2.753959e+15 
(SurfEnFluxEqtide) Surface Energy Flux due to Tides in EqTide [kg*m^2/sec^2/(m^2*sec)]: 0.012571 
Tidal Perturbers: b, c, d
Output Order: Time[year] RotPer[days]
Grid Output Order:

----- BODY: b ----
Active Modules: EqTide
Module Bit Sum: 3
Color: 000000
(Mass) Mass [kg]: 1.450865e+25 
(Obliquity) Obliquity [rad]: 0.000000 
(PrecA) Body's precession angle [rad]: 0.000000 
(Xobl) Body's sin(obliquity)*cos(precession angle) []: 0.000000 
(Yobl) Body's sin(obliquity)*sin(precession angle) []: 0.000000 
(Zobl) Body's cos(obliquity) []: 1.000000 
(Radius) Radius [m]: 7.465750e+06 
(RadGyra) Radius of Gyration/Moment of Inertia Constant []: 0.400000 
(RotAngMom) Rotational Angular Momentum [kg*m^2/sec]: 9.505899e+33 
(RotKinEnergy) Body's Rotational Energy [kg*m^2/sec^2]: 3.491906e+29 
(RotVel) Rotational Velocity [m/sec]: 548.495053 
(BodyType) Type of Body (0 == planet) []: 0.000000 
(RotRate) Rotational Frequency [/sec]: 7.346818e-05 
(RotPer) Rotational Period [days]: 0.989844 
(Density) Average Density [kg/m^3]: 8323.733716 
(SurfEnFluxTotal) Total Surface Energy Flux [W/m^2]: 0.000000 
(TidalQ) Tidal Q []: 995.995858 
(ImK2) Im(k_2) []: -0.000301 
(K2) k_2 []: 0.300000 
(K2Man) Real Love Number k2 Mantle []: 0.010000 
(Imk2Man) Imaginary Love Number k2 Mantle []: 0.000000 
(TidalQMantle) Mantle's Tidal Q []: 100.000000 
(HEcc) Poincare's h (=e*sin(varpi) []: 0.000000 
(HZLimitDryRunaway) Semi-major axis of Dry Runaway HZ Limit [m]: -1.000000 
(HZLimRecVenus) Recent Venus HZ Limit []: -1.000000 
(HZLimRunaway) Runaway Greenhouse HZ Limit []: -1.000000 
(HZLimMoistGreenhouse) Moist Greenhouse HZ Limit []: -1.000000 
(HZLimMaxGreenhouse) Maximum Greenhouse HZ Limit []: -1.000000 
(HZLimEarlyMars) Early Mars HZ Limit []: -1.000000 
(Instellation) Orbit-averaged INcident STELLar radiATION [kg*m^2/sec^2/(m^2*sec)]: -1.000000 
(KEcc) Poincare's k (=e*cos(varpi) []: 0.000000 
(Eccentricity) Orbital Eccentricity []: 0.000000 
(OrbEnergy) Body's Total Orbital Energy [kg*m^2/sec^2]: -8.832013e+34 
(MeanMotion) Orbital Mean Motion [/sec]: 7.346818e-05 
(OrbPeriod) Orbital Period [sec]: 8.552254e+04 
(SemiMajorAxis) Semi-major Axis [m]: 1.501909e+09 
(CriticalSemiMajorAxis) Holman & Wiegert (1999) P-type Critical Semi-major Axis [m]: -1.000000 
(COPP) Climate Obliquity Precession Parameter []: 0.000000 
(OrbAngMom) Orbital Angular Momentum [kg*m^2/sec]: 2.404310e+39 
(LongP) Body's Longitude of pericenter [rad]: 0.000000 
(TotOrbEnergy) System's Total Orbital Energy [kg*m^2/sec^2]: -1.958642e+35 
(OrbPotEnergy) Body's Orbital Potential Energy [kg*m^2/sec^2]: -1.766403e+35 
(LostEnergy) Body's Total Lost Energy [kg*m^2/sec^2]: 1.446841e+32 
----- EQTIDE PARAMETERS (b)------
(TidalRadius) In EqTide, the value of the radius that enters the tidal evolution equations. This parameter is distinct from others, such as the radius of XUV absorption or a pressure level in an atmosphere. [m]: 7.465750e+06 
(DsemiDtEqtide) Total da/dt from EqTide [m/sec]: 4.602562e-11 
(DeccDtEqtide) Total de/dt from EqTide [/sec]: -0.000000 
(DMeanMotionDtEqtide) Total dMeanMotion/dt from EqTide [/sec^2]: -3.377121e-24 
(DOrbPerDtEqtide) Total dOrbPer/dt from EqTide []: 3.931226e-15 
(EccTimeEqtide) Timescale for Eccentricity Evolution (e/[de/dt]) in EqTide [sec]: 0.000000 
(SemiTimeEqtide) Timescale for Semi-major Axis Evolution (a/[da/dt]) in EqTide [sec]: 3.263201e+19 
(DHEccDtEqtide) Time Rate of Change of Poincare's h in EqTide [/sec]: -0.000000 
(DKEccDtEqtide) Time Rate of Change of Poincare's k in EqTide [/sec]: -0.000000 
(DXoblDtEqtide) Time Rate of Change of Laskar's X in EqTide [/sec]: 0.000000 
(DYoblDtEqtide) Time Rate of Change of Laskar's Y in EqTide [/sec]: 0.000000 
(DZoblDtEqtide) Time Rate of Change of Laskar's Z in EqTide [/sec]: 0.000000 
(LockTime) Time when body tidally locked. [sec]: 0.000000 
(BodyDsemiDtEqtide) In EqTide, the total change in semi-major axis is due to dissipation in both bodies. This output parameter returns the change due to current body. []: -1.000000 
(BodyDeccDt) In EqTide, the total change in eccentricity is due to towrues on both bodies. This output parameter returns the change due to current body. []: -1.000000 
(DOblDtEqtide) Time Rate of Change of Obliquity in EqTide [rad/sec]: 0.000000 
(DRotPerDtEqtide) Time Rate of Change of Rotation Period in EqTide []: -6.475387e-300 
(DRotRateDtEqtide) Time Rate of Change of Rotational Frequency in EqTide [/sec^2]: 5.562685e-309 
(EqRotRateDiscrete) CPL2 Discrete Equilibrium Spin Rate [/sec]: 7.346818e-05 
(EqRotPerDiscrete) CPL2 Discrete Equilibrium Spin Period [sec]: 8.552254e+04 
(EqRotRateCont) CPL2 Continuous Equilibrium Spin Rate [/sec]: 7.346818e-05 
(EqRotPerCont) CPL2 Continuous Equilibrium Rotation Period [sec]: 8.552254e+04 
(EqRotPer) Equilibrium Rotation Period [sec]: 8.552254e+04 
(EqTidePower) Equilibrium Power from Tides [/sec]: 0.000000 
(GammaRot) Gamma_Rotation [sec]: -1.000000 
(GammaOrb) Gamma_Orbital [sec]: -1.000000 
(OceanK2) Ocean's Love number k_2 []: 0.010000 
(EnvTidalQ) Envelope Tidal Q []: -1.000000 
(OceanTidalQ) Ocean Tidal Q []: -1.000000 
(TideLock) Tidally Locked? []: 1.000000 
(RotTimeEqtide) Timescale for Rotational Evolution in EqTide [sec]: 1.320732e+304 
(EnvK2) Envelope's Love number k_2 []: 0.010000 
(OblTimeEqtide) Timescale for Obliquity Evolution in EqTide []: -1.000000 
(PowerEqtide) Internal Power due to Tides in EqTide [kg*m^2/sec^3]: 0.000000 
(SurfEnFluxEqtide) Surface Energy Flux due to Tides in EqTide [kg*m^2/sec^2/(m^2*sec)]: 0.000000 
Tidal Perturbers: star
Output Order: Time[year] TotEnergy[ergs] TotAngMom[kg*m^2/s] RotPer[days] SemiMajorAxis[au] Eccentricity[] SurfEnFluxTotal[W/m^2]
Grid Output Order:

----- BODY: c ----
Active Modules: EqTide
Module Bit Sum: 3
Color: 000000
(Mass) Mass [kg]: 4.618041e+25 
(Obliquity) Obliquity [rad]: 0.000000 
(PrecA) Body's precession angle [rad]: 0.000000 
(Xobl) Body's sin(obliquity)*cos(precession angle) []: 0.000000 
(Yobl) Body's sin(obliquity)*sin(precession angle) []: 0.000000 
(Zobl) Body's cos(obliquity) []: 1.000000 
(Radius) Radius [m]: 1.585524e+07 
(RadGyra) Radius of Gyration/Moment of Inertia Constant []: 0.400000 
(RotAngMom) Rotational Angular Momentum [kg*m^2/sec]: 3.843334e+34 
(RotKinEnergy) Body's Rotational Energy [kg*m^2/sec^2]: 3.976152e+29 
(RotVel) Rotational Velocity [m/sec]: 328.063264 
(BodyType) Type of Body (0 == planet) []: 0.000000 
(RotRate) Rotational Frequency [/sec]: 2.069116e-05 
(RotPer) Rotational Period [days]: 3.514643 
(Density) Average Density [kg/m^3]: 2765.992957 
(SurfEnFluxTotal) Total Surface Energy Flux [W/m^2]: 8.277043 
(TidalQ) Tidal Q []: 5.044997e+04 
(ImK2) Im(k_2) []: -5.946486e-06 
(K2) k_2 []: 0.300000 
(K2Man) Real Love Number k2 Mantle []: 0.010000 
(Imk2Man) Imaginary Love Number k2 Mantle []: 0.000000 
(TidalQMantle) Mantle's Tidal Q []: 100.000000 
(HEcc) Poincare's h (=e*sin(varpi) []: 0.000000 
(HZLimitDryRunaway) Semi-major axis of Dry Runaway HZ Limit [m]: -1.000000 
(HZLimRecVenus) Recent Venus HZ Limit []: -1.000000 
(HZLimRunaway) Runaway Greenhouse HZ Limit []: -1.000000 
(HZLimMoistGreenhouse) Moist Greenhouse HZ Limit []: -1.000000 
(HZLimMaxGreenhouse) Maximum Greenhouse HZ Limit []: -1.000000 
(HZLimEarlyMars) Early Mars HZ Limit []: -1.000000 
(Instellation) Orbit-averaged INcident STELLar radiATION [kg*m^2/sec^2/(m^2*sec)]: -1.000000 
(KEcc) Poincare's k (=e*cos(varpi) []: 0.269433 
(Eccentricity) Orbital Eccentricity []: 0.269433 
(OrbEnergy) Body's Total Orbital Energy [kg*m^2/sec^2]: -9.217290e+34 
(MeanMotion) Orbital Mean Motion [/sec]: 1.379411e-05 
(OrbPeriod) Orbital Period [sec]: 4.554977e+05 
(SemiMajorAxis) Semi-major Axis [m]: 4.580688e+09 
(CriticalSemiMajorAxis) Holman & Wiegert (1999) P-type Critical Semi-major Axis [m]: -1.000000 
(COPP) Climate Obliquity Precession Parameter []: 0.000000 
(OrbAngMom) Orbital Angular Momentum [kg*m^2/sec]: 1.286988e+40 
(LongP) Body's Longitude of pericenter [rad]: 0.000000 
(TotOrbEnergy) System's Total Orbital Energy [kg*m^2/sec^2]: -1.958642e+35 
(OrbPotEnergy) Body's Orbital Potential Energy [kg*m^2/sec^2]: -1.843458e+35 
(LostEnergy) Body's Total Lost Energy [kg*m^2/sec^2]: 8.503835e+31 
----- EQTIDE PARAMETERS (c)------
(TidalRadius) In EqTide, the value of the radius that enters the tidal evolution equations. This parameter is distinct from others, such as the radius of XUV absorption or a pressure level in an atmosphere. [m]: 1.585524e+07 
(DsemiDtEqtide) Total da/dt from EqTide [m/sec]: -1.687721e-09 
(DeccDtEqtide) Total de/dt from EqTide [/sec]: -1.343100e-19 
(DMeanMotionDtEqtide) Total dMeanMotion/dt from EqTide [/sec^2]: 7.623509e-24 
(DOrbPerDtEqtide) Total dOrbPer/dt from EqTide []: -2.517373e-13 
(EccTimeEqtide) Timescale for Eccentricity Evolution (e/[de/dt]) in EqTide [sec]: 2.006049e+18 
(SemiTimeEqtide) Timescale for Semi-major Axis Evolution (a/[da/dt]) in EqTide [sec]: 2.714126e+18 
(DHEccDtEqtide) Time Rate of Change of Poincare's h in EqTide [/sec]: -0.000000 
(DKEccDtEqtide) Time Rate of Change of Poincare's k in EqTide [/sec]: -1.343100e-19 
(DXoblDtEqtide) Time Rate of Change of Laskar's X in EqTide [/sec]: 0.000000 
(DYoblDtEqtide) Time Rate of Change of Laskar's Y in EqTide [/sec]: 0.000000 
(DZoblDtEqtide) Time Rate of Change of Laskar's Z in EqTide [/sec]: 0.000000 
(LockTime) Time when body tidally locked. [sec]: 6.311520e+13 
(BodyDsemiDtEqtide) In EqTide, the total change in semi-major axis is due to dissipation in both bodies. This output parameter returns the change due to current body. []: -1.000000 
(BodyDeccDt) In EqTide, the total change in eccentricity is due to towrues on both bodies. This output parameter returns the change due to current body. []: -1.000000 
(DOblDtEqtide) Time Rate of Change of Obliquity in EqTide [rad/sec]: 0.000000 
(DRotPerDtEqtide) Time Rate of Change of Rotation Period in EqTide []: -8.163841e-299 
(DRotRateDtEqtide) Time Rate of Change of Rotational Frequency in EqTide [/sec^2]: 5.562685e-309 
(EqRotRateDiscrete) CPL2 Discrete Equilibrium Spin Rate [/sec]: 2.069116e-05 
(EqRotPerDiscrete) CPL2 Discrete Equilibrium Spin Period [sec]: 3.036652e+05 
(EqRotRateCont) CPL2 Continuous Equilibrium Spin Rate [/sec]: 2.330711e-05 
(EqRotPerCont) CPL2 Continuous Equilibrium Rotation Period [sec]: 2.695824e+05 
(EqRotPer) Equilibrium Rotation Period [sec]: 3.036652e+05 
(EqTidePower) Equilibrium Power from Tides [/sec]: 0.000000 
(GammaRot) Gamma_Rotation [sec]: -1.000000 
(GammaOrb) Gamma_Orbital [sec]: -1.000000 
(OceanK2) Ocean's Love number k_2 []: 0.010000 
(EnvTidalQ) Envelope Tidal Q []: -1.000000 
(OceanTidalQ) Ocean Tidal Q []: -1.000000 
(TideLock) Tidally Locked? []: 1.000000 
(RotTimeEqtide) Timescale for Rotational Evolution in EqTide [sec]: 3.719636e+303 
(EnvK2) Envelope's Love number k_2 []: 0.010000 
(OblTimeEqtide) Timescale for Obliquity Evolution in EqTide []: -1.000000 
(PowerEqtide) Internal Power due to Tides in EqTide [kg*m^2/sec^3]: 2.614752e+16 
(SurfEnFluxEqtide) Surface Energy Flux due to Tides in EqTide [kg*m^2/sec^2/(m^2*sec)]: 8.277043 
Tidal Perturbers: star
Output Order: Time[year] RotPer[days] SemiMajorAxis[au] Eccentricity[] SurfEnFluxTotal[W/m^2]
Grid Output Order:

----- BODY: d ----
Active Modules: EqTide
Module Bit Sum: 3
Color: 000000
(Mass) Mass [kg]: 4.753172e+24 
(Obliquity) Obliquity [rad]: 0.000000 
(PrecA) Body's precession angle [rad]: 0.000000 
(Xobl) Body's sin(obliquity)*cos(precession angle) []: 0.000000 
(Yobl) Body's sin(obliquity)*sin(precession angle) []: 0.000000 
(Zobl) Body's cos(obliquity) []: 1.000000 
(Radius) Radius [m]: 6.944506e+06 
(RadGyra) Radius of Gyration/Moment of Inertia Constant []: 0.400000 
(RotAngMom) Rotational Angular Momentum [kg*m^2/sec]: 1.043307e+33 
(RotKinEnergy) Body's Rotational Energy [kg*m^2/sec^2]: 1.483911e+28 
(RotVel) Rotational Velocity [m/sec]: 197.545537 
(BodyType) Type of Body (0 == planet) []: 0.000000 
(RotRate) Rotational Frequency [/sec]: 2.844631e-05 
(RotPer) Rotational Period [days]: 2.556467 
(Density) Average Density [kg/m^3]: 3388.214626 
(SurfEnFluxTotal) Total Surface Energy Flux [W/m^2]: 61.448770 
(TidalQ) Tidal Q []: 837.469391 
(ImK2) Im(k_2) []: -0.000358 
(K2) k_2 []: 0.300000 
(K2Man) Real Love Number k2 Mantle []: 0.010000 
(Imk2Man) Imaginary Love Number k2 Mantle []: 0.000000 
(TidalQMantle) Mantle's Tidal Q []: 100.000000 
(HEcc) Poincare's h (=e*sin(varpi) []: 0.000000 
(HZLimitDryRunaway) Semi-major axis of Dry Runaway HZ Limit [m]: -1.000000 
(HZLimRecVenus) Recent Venus HZ Limit []: -1.000000 
(HZLimRunaway) Runaway Greenhouse HZ Limit []: -1.000000 
(HZLimMoistGreenhouse) Moist Greenhouse HZ Limit []: -1.000000 
(HZLimMaxGreenhouse) Maximum Greenhouse HZ Limit []: -1.000000 
(HZLimEarlyMars) Early Mars HZ Limit []: -1.000000 
(Instellation) Orbit-averaged INcident STELLar radiATION [kg*m^2/sec^2/(m^2*sec)]: -1.000000 
(KEcc) Poincare's k (=e*cos(varpi) []: 0.046868 
(Eccentricity) Orbital Eccentricity []: 0.046868 
(OrbEnergy) Body's Total Orbital Energy [kg*m^2/sec^2]: -1.537113e+34 
(MeanMotion) Orbital Mean Motion [/sec]: 2.844631e-05 
(OrbPeriod) Orbital Period [sec]: 2.208788e+05 
(SemiMajorAxis) Semi-major Axis [m]: 2.827183e+09 
(CriticalSemiMajorAxis) Holman & Wiegert (1999) P-type Critical Semi-major Axis [m]: -1.000000 
(COPP) Climate Obliquity Precession Parameter []: 0.000000 
(OrbAngMom) Orbital Angular Momentum [kg*m^2/sec]: 1.079524e+39 
(LongP) Body's Longitude of pericenter [rad]: 0.000000 
(TotOrbEnergy) System's Total Orbital Energy [kg*m^2/sec^2]: -1.958642e+35 
(OrbPotEnergy) Body's Orbital Potential Energy [kg*m^2/sec^2]: -3.074226e+34 
(LostEnergy) Body's Total Lost Energy [kg*m^2/sec^2]: 7.532463e+32 
----- EQTIDE PARAMETERS (d)------
(TidalRadius) In EqTide, the value of the radius that enters the tidal evolution equations. This parameter is distinct from others, such as the radius of XUV absorption or a pressure level in an atmosphere. [m]: 6.944506e+06 
(DsemiDtEqtide) Total da/dt from EqTide [m/sec]: -6.848945e-09 
(DeccDtEqtide) Total de/dt from EqTide [/sec]: -2.584616e-17 
(DMeanMotionDtEqtide) Total dMeanMotion/dt from EqTide [/sec^2]: 1.033682e-22 
(DOrbPerDtEqtide) Total dOrbPer/dt from EqTide []: -8.026292e-13 
(EccTimeEqtide) Timescale for Eccentricity Evolution (e/[de/dt]) in EqTide [sec]: 1.813334e+15 
(SemiTimeEqtide) Timescale for Semi-major Axis Evolution (a/[da/dt]) in EqTide [sec]: 4.127911e+17 
(DHEccDtEqtide) Time Rate of Change of Poincare's h in EqTide [/sec]: -0.000000 
(DKEccDtEqtide) Time Rate of Change of Poincare's k in EqTide [/sec]: -2.584616e-17 
(DXoblDtEqtide) Time Rate of Change of Laskar's X in EqTide [/sec]: 0.000000 
(DYoblDtEqtide) Time Rate of Change of Laskar's Y in EqTide [/sec]: 0.000000 
(DZoblDtEqtide) Time Rate of Change of Laskar's Z in EqTide [/sec]: 0.000000 
(LockTime) Time when body tidally locked. [sec]: 2.825131e+11 
(BodyDsemiDtEqtide) In EqTide, the total change in semi-major axis is due to dissipation in both bodies. This output parameter returns the change due to current body. []: -1.000000 
(BodyDeccDt) In EqTide, the total change in eccentricity is due to towrues on both bodies. This output parameter returns the change due to current body. []: -1.000000 
(DOblDtEqtide) Time Rate of Change of Obliquity in EqTide [rad/sec]: 0.000000 
(DRotPerDtEqtide) Time Rate of Change of Rotation Period in EqTide []: -4.319292e-299 
(DRotRateDtEqtide) Time Rate of Change of Rotational Frequency in EqTide [/sec^2]: 5.562685e-309 
(EqRotRateDiscrete) CPL2 Discrete Equilibrium Spin Rate [/sec]: 2.844631e-05 
(EqRotPerDiscrete) CPL2 Discrete Equilibrium Spin Period [sec]: 2.208788e+05 
(EqRotRateCont) CPL2 Continuous Equilibrium Spin Rate [/sec]: 2.903991e-05 
(EqRotPerCont) CPL2 Continuous Equilibrium Rotation Period [sec]: 2.163638e+05 
(EqRotPer) Equilibrium Rotation Period [sec]: 2.208788e+05 
(EqTidePower) Equilibrium Power from Tides [/sec]: 0.000000 
(GammaRot) Gamma_Rotation [sec]: -1.000000 
(GammaOrb) Gamma_Orbital [sec]: -1.000000 
(OceanK2) Ocean's Love number k_2 []: 0.010000 
(EnvTidalQ) Envelope Tidal Q []: -1.000000 
(OceanTidalQ) Ocean Tidal Q []: -1.000000 
(TideLock) Tidally Locked? []: 1.000000 
(RotTimeEqtide) Timescale for Rotational Evolution in EqTide [sec]: 5.113773e+303 
(EnvK2) Envelope's Love number k_2 []: 0.010000 
(OblTimeEqtide) Timescale for Obliquity Evolution in EqTide []: -1.000000 
(PowerEqtide) Internal Power due to Tides in EqTide [kg*m^2/sec^3]: 3.723966e+16 
(SurfEnFluxEqtide) Surface Energy Flux due to Tides in EqTide [kg*m^2/sec^2/(m^2*sec)]: 61.448770 
Tidal Perturbers: star
Output Order: Time[year] RotPer[days] SemiMajorAxis[au] Eccentricity[] SurfEnFluxTotal[W/m^2]
Grid Output Order:
