-------- Log file LP791-18.log -------

Executable: /home/solontoi/anaconda3/envs/vplanet/bin/vplanet
Version: Unknown
System Name: LP791-18
Primary Input File: vpl.in
Body File #1: star.in
Body File #2: b.in
Body File #3: c.in
Body File #4: d.in
Allow files to be overwitten: Yes
Mass Units: Grams
Length Units: Meters
Time Units: Seconds
Angle Units: Radians

------- FORMATTING -----
Verbosity Level: 5
Crossover Decade for Scientific Notation: 4
Number of Digits After Decimal: 6
Integration Method: Runge-Kutta4
Direction: Forward
Time Step: 3.155760e+07
Stop Time: 3.155760e+15
Output Interval: 3.155760e+12
Use Variable Timestep: Yes
dEta: 0.100000
Minimum Value of ecc and obl: 1.000000e-10


---- INITIAL SYSTEM PROPERTIES ----
(Age) System Age [sec]: 3.155760e+13 
(Time) Simulation Time [sec]: 0.000000 
(TotAngMom) Total Angular Momentum [kg*m^2/sec]: 1.511180e+41 
(TotEnergy) Total System Energy [kg*m^2/sec^2]: -2.215581e+40 
(PotEnergy) Body's non-orbital Potential Energy [kg*m^2/sec^2]: -2.216551e+40 
(KinEnergy) Body's non-orbital Kinetic Energy [kg*m^2/sec^2]: 9.882128e+36 
(DeltaTime) Average Timestep Over Last Output Interval [sec]: 0.000000 

----- BODY: star ----
Active Modules: EqTide
Module Bit Sum: 3
Color: 000000
(Mass) Mass [kg]: 2.691916e+29 
(Obliquity) Obliquity [rad]: 0.000000 
(PrecA) Body's precession angle [rad]: 0.000000 
(Xobl) Body's sin(obliquity)*cos(precession angle) []: 0.000000 
(Yobl) Body's sin(obliquity)*sin(precession angle) []: 0.000000 
(Zobl) Body's cos(obliquity) []: 1.000000 
(Radius) Radius [m]: 1.309185e+08 
(RadGyra) Radius of Gyration/Moment of Inertia Constant []: 0.450000 
(RotAngMom) Rotational Angular Momentum [kg*m^2/sec]: 1.358890e+41 
(RotKinEnergy) Body's Rotational Energy [kg*m^2/sec^2]: 9.882128e+36 
(RotVel) Rotational Velocity [m/sec]: 1.904132e+04 
(BodyType) Type of Body (0 == planet) []: 0.000000 
(RotRate) Rotational Frequency [/sec]: 0.000145 
(RotPer) Rotational Period [days]: 0.500000 
(Density) Average Density [kg/m^3]: 2.863981e+04 
(SurfEnFluxTotal) Total Surface Energy Flux [kg*m^2/sec^2/(m^2*sec)]: 0.010905 
(TidalQ) Tidal Q []: 1.000000e+06 
(ImK2) Im(k_2) []: -5.000000e-07 
(K2) k_2 []: 0.500000 
(K2Man) Real Love Number k2 Mantle []: 0.010000 
(Imk2Man) Imaginary Love Number k2 Mantle []: 0.000000 
(TidalQMantle) Mantle's Tidal Q []: 100.000000 
(HEcc) Poincare's h (=e*sin(varpi) []: 0.000000 
(HZLimitDryRunaway) Semi-major axis of Dry Runaway HZ Limit [m]: -1.000000 
(HZLimRecVenus) Recent Venus HZ Limit []: -1.000000 
(HZLimRunaway) Runaway Greenhouse HZ Limit []: -1.000000 
(HZLimMoistGreenhouse) Moist Greenhouse HZ Limit []: -1.000000 
(HZLimMaxGreenhouse) Maximum Greenhouse HZ Limit []: -1.000000 
(HZLimEarlyMars) Early Mars HZ Limit []: -1.000000 
(Instellation) Orbit-averaged INcident STELLar radiATION [kg*m^2/sec^2/(m^2*sec)]: -1.000000 
(KEcc) Poincare's k (=e*cos(varpi) []: 0.000000 
(Eccentricity) Orbital Eccentricity []: -1.000000 
(OrbEnergy) Body's Total Orbital Energy [kg*m^2/sec^2]: 0.000000 
(MeanMotion) Orbital Mean Motion [/sec]: -1.000000 
(OrbPeriod) Orbital Period [sec]: -1.000000 
(SemiMajorAxis) Semi-major Axis [m]: -1.000000 
(CriticalSemiMajorAxis) Holman & Wiegert (1999) P-type Critical Semi-major Axis [m]: -1.000000 
(COPP) Climate Obliquity Precession Parameter []: 0.000000 
(OrbAngMom) Orbital Angular Momentum [kg*m^2/sec]: 0.000000 
(LongP) Body's Longitude of pericenter [rad]: 0.000000 
(TotOrbEnergy) System's Total Orbital Energy [kg*m^2/sec^2]: -1.819609e+35 
(OrbPotEnergy) Body's Orbital Potential Energy [kg*m^2/sec^2]: -1.000000 
(LostEnergy) Body's Total Lost Energy [kg*m^2/sec^2]: 5.562685e-309 
----- EQTIDE PARAMETERS (star)------
(LockTime) Time when body tidally locked. [sec]: -1.000000 
(BodyDsemiDtEqtide) In EqTide, the total change in semi-major axis is due to dissipation in both bodies. This output parameter returns the change due to current body. []: -1.000000 
(BodyDeccDt) In EqTide, the total change in eccentricity is due to towrues on both bodies. This output parameter returns the change due to current body. []: -1.000000 
(DOblDtEqtide) Time Rate of Change of Obliquity in EqTide [rad/sec]: 0.000000 
(DRotPerDtEqtide) Time Rate of Change of Rotation Period in EqTide []: 1.347637e-17 
(DRotRateDtEqtide) Time Rate of Change of Rotational Frequency in EqTide [/sec^2]: -4.537173e-26 
(EqRotRateDiscrete) CPL2 Discrete Equilibrium Spin Rate [/sec]: 7.778676e-05 
(EqRotPerDiscrete) CPL2 Discrete Equilibrium Spin Period [sec]: 8.077448e+04 
(EqRotRateCont) CPL2 Continuous Equilibrium Spin Rate [/sec]: 0.000110 
(EqRotPerCont) CPL2 Continuous Equilibrium Rotation Period [sec]: 5.723554e+04 
(EqRotPer) Equilibrium Rotation Period [sec]: 8.077448e+04 
(EqTidePower) Equilibrium Power from Tides [/sec]: 0.000000 
(GammaRot) Gamma_Rotation [sec]: -1.000000 
(GammaOrb) Gamma_Orbital [sec]: -1.000000 
(OceanK2) Ocean's Love number k_2 []: 0.010000 
(EnvTidalQ) Envelope Tidal Q []: -1.000000 
(OceanTidalQ) Ocean Tidal Q []: -1.000000 
(TideLock) Tidally Locked? []: 0.000000 
(RotTimeEqtide) Timescale for Rotational Evolution in EqTide [sec]: 3.276152e+21 
(EnvK2) Envelope's Love number k_2 []: 0.010000 
(OblTimeEqtide) Timescale for Obliquity Evolution in EqTide []: -1.000000 
(PowerEqtide) Internal Power due to Tides in EqTide [kg*m^2/sec^3]: 2.348691e+15 
(SurfEnFluxEqtide) Surface Energy Flux due to Tides in EqTide [kg*m^2/sec^2/(m^2*sec)]: 0.010905 
Tidal Perturbers: b, c, d
Output Order: Time[year] RotPer[days]
Grid Output Order:

----- BODY: b ----
Active Modules: EqTide
Module Bit Sum: 3
Color: 000000
(Mass) Mass [kg]: 1.201249e+25 
(Obliquity) Obliquity [rad]: 0.000000 
(PrecA) Body's precession angle [rad]: 0.000000 
(Xobl) Body's sin(obliquity)*cos(precession angle) []: 0.000000 
(Yobl) Body's sin(obliquity)*sin(precession angle) []: 0.000000 
(Zobl) Body's cos(obliquity) []: 1.000000 
(Radius) Radius [m]: 8.215631e+06 
(RadGyra) Radius of Gyration/Moment of Inertia Constant []: 0.400000 
(RotAngMom) Rotational Angular Momentum [kg*m^2/sec]: 9.434109e+33 
(RotKinEnergy) Body's Rotational Energy [kg*m^2/sec^2]: 3.430339e+29 
(RotVel) Rotational Velocity [m/sec]: 597.457512 
(BodyType) Type of Body (0 == planet) []: 0.000000 
(RotRate) Rotational Frequency [/sec]: 7.272205e-05 
(RotPer) Rotational Period [days]: 1.000000 
(Density) Average Density [kg/m^3]: 5171.560990 
(SurfEnFluxTotal) Total Surface Energy Flux [W/m^2]: 5.538321e+05 
(TidalQ) Tidal Q []: 593.372729 
(ImK2) Im(k_2) []: -0.000506 
(K2) k_2 []: 0.300000 
(K2Man) Real Love Number k2 Mantle []: 0.010000 
(Imk2Man) Imaginary Love Number k2 Mantle []: 0.000000 
(TidalQMantle) Mantle's Tidal Q []: 100.000000 
(HEcc) Poincare's h (=e*sin(varpi) []: 0.000000 
(HZLimitDryRunaway) Semi-major axis of Dry Runaway HZ Limit [m]: -1.000000 
(HZLimRecVenus) Recent Venus HZ Limit []: -1.000000 
(HZLimRunaway) Runaway Greenhouse HZ Limit []: -1.000000 
(HZLimMoistGreenhouse) Moist Greenhouse HZ Limit []: -1.000000 
(HZLimMaxGreenhouse) Maximum Greenhouse HZ Limit []: -1.000000 
(HZLimEarlyMars) Early Mars HZ Limit []: -1.000000 
(Instellation) Orbit-averaged INcident STELLar radiATION [kg*m^2/sec^2/(m^2*sec)]: -1.000000 
(KEcc) Poincare's k (=e*cos(varpi) []: 0.208065 
(Eccentricity) Orbital Eccentricity []: 0.208065 
(OrbEnergy) Body's Total Orbital Energy [kg*m^2/sec^2]: -7.507769e+34 
(MeanMotion) Orbital Mean Motion [/sec]: 7.778676e-05 
(OrbPeriod) Orbital Period [sec]: 8.077448e+04 
(SemiMajorAxis) Semi-major Axis [m]: 1.437335e+09 
(CriticalSemiMajorAxis) Holman & Wiegert (1999) P-type Critical Semi-major Axis [m]: -1.000000 
(COPP) Climate Obliquity Precession Parameter []: 0.000000 
(OrbAngMom) Orbital Angular Momentum [kg*m^2/sec]: 1.888100e+39 
(LongP) Body's Longitude of pericenter [rad]: 0.000000 
(TotOrbEnergy) System's Total Orbital Energy [kg*m^2/sec^2]: -1.819609e+35 
(OrbPotEnergy) Body's Orbital Potential Energy [kg*m^2/sec^2]: -1.501554e+35 
(LostEnergy) Body's Total Lost Energy [kg*m^2/sec^2]: 5.562685e-309 
----- EQTIDE PARAMETERS (b)------
(TidalRadius) In EqTide, the value of the radius that enters the tidal evolution equations. This parameter is distinct from others, such as the radius of XUV absorption or a pressure level in an atmosphere. [m]: 8.215631e+06 
(DsemiDtEqtide) Total da/dt from EqTide [m/sec]: -3.723801e-05 
(DeccDtEqtide) Total de/dt from EqTide [/sec]: -1.090800e-14 
(DMeanMotionDtEqtide) Total dMeanMotion/dt from EqTide [/sec^2]: 3.022912e-18 
(DOrbPerDtEqtide) Total dOrbPer/dt from EqTide []: -3.139019e-09 
(EccTimeEqtide) Timescale for Eccentricity Evolution (e/[de/dt]) in EqTide [sec]: 1.907451e+13 
(SemiTimeEqtide) Timescale for Semi-major Axis Evolution (a/[da/dt]) in EqTide [sec]: 3.859859e+13 
(DHEccDtEqtide) Time Rate of Change of Poincare's h in EqTide [/sec]: -0.000000 
(DKEccDtEqtide) Time Rate of Change of Poincare's k in EqTide [/sec]: -1.090800e-14 
(DXoblDtEqtide) Time Rate of Change of Laskar's X in EqTide [/sec]: 0.000000 
(DYoblDtEqtide) Time Rate of Change of Laskar's Y in EqTide [/sec]: 0.000000 
(DZoblDtEqtide) Time Rate of Change of Laskar's Z in EqTide [/sec]: 0.000000 
(LockTime) Time when body tidally locked. [sec]: -1.000000 
(BodyDsemiDtEqtide) In EqTide, the total change in semi-major axis is due to dissipation in both bodies. This output parameter returns the change due to current body. []: -1.000000 
(BodyDeccDt) In EqTide, the total change in eccentricity is due to towrues on both bodies. This output parameter returns the change due to current body. []: -1.000000 
(DOblDtEqtide) Time Rate of Change of Obliquity in EqTide [rad/sec]: 0.000000 
(DRotPerDtEqtide) Time Rate of Change of Rotation Period in EqTide []: -0.000186 
(DRotRateDtEqtide) Time Rate of Change of Rotational Frequency in EqTide [/sec^2]: 1.563835e-13 
(EqRotRateDiscrete) CPL2 Discrete Equilibrium Spin Rate [/sec]: 7.778676e-05 
(EqRotPerDiscrete) CPL2 Discrete Equilibrium Spin Period [sec]: 8.077448e+04 
(EqRotRateCont) CPL2 Continuous Equilibrium Spin Rate [/sec]: 0.000110 
(EqRotPerCont) CPL2 Continuous Equilibrium Rotation Period [sec]: 5.723554e+04 
(EqRotPer) Equilibrium Rotation Period [sec]: 8.077448e+04 
(EqTidePower) Equilibrium Power from Tides [/sec]: 0.000000 
(GammaRot) Gamma_Rotation [sec]: -1.000000 
(GammaOrb) Gamma_Orbital [sec]: -1.000000 
(OceanK2) Ocean's Love number k_2 []: 0.010000 
(EnvTidalQ) Envelope Tidal Q []: -1.000000 
(OceanTidalQ) Ocean Tidal Q []: -1.000000 
(TideLock) Tidally Locked? []: 0.000000 
(RotTimeEqtide) Timescale for Rotational Evolution in EqTide [sec]: 4.650237e+08 
(EnvK2) Envelope's Love number k_2 []: 0.010000 
(OblTimeEqtide) Timescale for Obliquity Evolution in EqTide []: -1.000000 
(PowerEqtide) Internal Power due to Tides in EqTide [kg*m^2/sec^3]: 4.697532e+20 
(SurfEnFluxEqtide) Surface Energy Flux due to Tides in EqTide [kg*m^2/sec^2/(m^2*sec)]: 5.538321e+05 
Tidal Perturbers: star
Output Order: Time[year] TotEnergy[ergs] TotAngMom[kg*m^2/s] RotPer[days] SemiMajorAxis[au] Eccentricity[] SurfEnFluxTotal[W/m^2]
Grid Output Order:

----- BODY: c ----
Active Modules: EqTide
Module Bit Sum: 3
Color: 000000
(Mass) Mass [kg]: 4.032108e+25 
(Obliquity) Obliquity [rad]: 0.000000 
(PrecA) Body's precession angle [rad]: 0.000000 
(Xobl) Body's sin(obliquity)*cos(precession angle) []: 0.000000 
(Yobl) Body's sin(obliquity)*sin(precession angle) []: 0.000000 
(Zobl) Body's cos(obliquity) []: 1.000000 
(Radius) Radius [m]: 1.628675e+07 
(RadGyra) Radius of Gyration/Moment of Inertia Constant []: 0.400000 
(RotAngMom) Rotational Angular Momentum [kg*m^2/sec]: 1.244478e+35 
(RotKinEnergy) Body's Rotational Energy [kg*m^2/sec^2]: 4.525049e+30 
(RotVel) Rotational Velocity [m/sec]: 1184.405852 
(BodyType) Type of Body (0 == planet) []: 0.000000 
(RotRate) Rotational Frequency [/sec]: 7.272205e-05 
(RotPer) Rotational Period [days]: 1.000000 
(Density) Average Density [kg/m^3]: 2228.128931 
(SurfEnFluxTotal) Total Surface Energy Flux [W/m^2]: 62.386119 
(TidalQ) Tidal Q []: 8.934850e+04 
(ImK2) Im(k_2) []: -3.357639e-06 
(K2) k_2 []: 0.300000 
(K2Man) Real Love Number k2 Mantle []: 0.010000 
(Imk2Man) Imaginary Love Number k2 Mantle []: 0.000000 
(TidalQMantle) Mantle's Tidal Q []: 100.000000 
(HEcc) Poincare's h (=e*sin(varpi) []: 0.000000 
(HZLimitDryRunaway) Semi-major axis of Dry Runaway HZ Limit [m]: -1.000000 
(HZLimRecVenus) Recent Venus HZ Limit []: -1.000000 
(HZLimRunaway) Runaway Greenhouse HZ Limit []: -1.000000 
(HZLimMoistGreenhouse) Moist Greenhouse HZ Limit []: -1.000000 
(HZLimMaxGreenhouse) Maximum Greenhouse HZ Limit []: -1.000000 
(HZLimEarlyMars) Early Mars HZ Limit []: -1.000000 
(Instellation) Orbit-averaged INcident STELLar radiATION [kg*m^2/sec^2/(m^2*sec)]: -1.000000 
(KEcc) Poincare's k (=e*cos(varpi) []: 0.040512 
(Eccentricity) Orbital Eccentricity []: 0.040512 
(OrbEnergy) Body's Total Orbital Energy [kg*m^2/sec^2]: -8.110346e+34 
(MeanMotion) Orbital Mean Motion [/sec]: 1.420275e-05 
(OrbPeriod) Orbital Period [sec]: 4.423922e+05 
(SemiMajorAxis) Semi-major Axis [m]: 4.466102e+09 
(CriticalSemiMajorAxis) Holman & Wiegert (1999) P-type Critical Semi-major Axis [m]: -1.000000 
(COPP) Climate Obliquity Precession Parameter []: 0.000000 
(OrbAngMom) Orbital Angular Momentum [kg*m^2/sec]: 1.141143e+40 
(LongP) Body's Longitude of pericenter [rad]: 0.000000 
(TotOrbEnergy) System's Total Orbital Energy [kg*m^2/sec^2]: -1.819609e+35 
(OrbPotEnergy) Body's Orbital Potential Energy [kg*m^2/sec^2]: -1.622069e+35 
(LostEnergy) Body's Total Lost Energy [kg*m^2/sec^2]: 5.562685e-309 
----- EQTIDE PARAMETERS (c)------
(TidalRadius) In EqTide, the value of the radius that enters the tidal evolution equations. This parameter is distinct from others, such as the radius of XUV absorption or a pressure level in an atmosphere. [m]: 1.628675e+07 
(DsemiDtEqtide) Total da/dt from EqTide [m/sec]: 2.809033e-09 
(DeccDtEqtide) Total de/dt from EqTide [/sec]: 5.927568e-20 
(DMeanMotionDtEqtide) Total dMeanMotion/dt from EqTide [/sec^2]: -1.339960e-23 
(DOrbPerDtEqtide) Total dOrbPer/dt from EqTide []: 4.173754e-13 
(EccTimeEqtide) Timescale for Eccentricity Evolution (e/[de/dt]) in EqTide [sec]: 6.834426e+17 
(SemiTimeEqtide) Timescale for Semi-major Axis Evolution (a/[da/dt]) in EqTide [sec]: 1.589907e+18 
(DHEccDtEqtide) Time Rate of Change of Poincare's h in EqTide [/sec]: 0.000000 
(DKEccDtEqtide) Time Rate of Change of Poincare's k in EqTide [/sec]: 5.927568e-20 
(DXoblDtEqtide) Time Rate of Change of Laskar's X in EqTide [/sec]: 0.000000 
(DYoblDtEqtide) Time Rate of Change of Laskar's Y in EqTide [/sec]: 0.000000 
(DZoblDtEqtide) Time Rate of Change of Laskar's Z in EqTide [/sec]: 0.000000 
(LockTime) Time when body tidally locked. [sec]: -1.000000 
(BodyDsemiDtEqtide) In EqTide, the total change in semi-major axis is due to dissipation in both bodies. This output parameter returns the change due to current body. []: -1.000000 
(BodyDeccDt) In EqTide, the total change in eccentricity is due to towrues on both bodies. This output parameter returns the change due to current body. []: -1.000000 
(DOblDtEqtide) Time Rate of Change of Obliquity in EqTide [rad/sec]: 0.000000 
(DRotPerDtEqtide) Time Rate of Change of Rotation Period in EqTide []: 2.472249e-09 
(DRotRateDtEqtide) Time Rate of Change of Rotational Frequency in EqTide [/sec^2]: -2.080868e-18 
(EqRotRateDiscrete) CPL2 Discrete Equilibrium Spin Rate [/sec]: 1.420275e-05 
(EqRotPerDiscrete) CPL2 Discrete Equilibrium Spin Period [sec]: 4.423922e+05 
(EqRotRateCont) CPL2 Continuous Equilibrium Spin Rate [/sec]: 1.442419e-05 
(EqRotPerCont) CPL2 Continuous Equilibrium Rotation Period [sec]: 4.356006e+05 
(EqRotPer) Equilibrium Rotation Period [sec]: 4.423922e+05 
(EqTidePower) Equilibrium Power from Tides [/sec]: 0.000000 
(GammaRot) Gamma_Rotation [sec]: -1.000000 
(GammaOrb) Gamma_Orbital [sec]: -1.000000 
(OceanK2) Ocean's Love number k_2 []: 0.010000 
(EnvTidalQ) Envelope Tidal Q []: -1.000000 
(OceanTidalQ) Ocean Tidal Q []: -1.000000 
(TideLock) Tidally Locked? []: 0.000000 
(RotTimeEqtide) Timescale for Rotational Evolution in EqTide [sec]: 3.494794e+13 
(EnvK2) Envelope's Love number k_2 []: 0.010000 
(OblTimeEqtide) Timescale for Obliquity Evolution in EqTide []: -1.000000 
(PowerEqtide) Internal Power due to Tides in EqTide [kg*m^2/sec^3]: 2.079537e+17 
(SurfEnFluxEqtide) Surface Energy Flux due to Tides in EqTide [kg*m^2/sec^2/(m^2*sec)]: 62.386119 
Tidal Perturbers: star
Output Order: Time[year] RotPer[days] SemiMajorAxis[au] Eccentricity[] SurfEnFluxTotal[W/m^2]
Grid Output Order:

----- BODY: d ----
Active Modules: EqTide
Module Bit Sum: 3
Color: 000000
(Mass) Mass [kg]: 8.503891e+24 
(Obliquity) Obliquity [rad]: 0.000000 
(PrecA) Body's precession angle [rad]: 0.000000 
(Xobl) Body's sin(obliquity)*cos(precession angle) []: 0.000000 
(Yobl) Body's sin(obliquity)*sin(precession angle) []: 0.000000 
(Zobl) Body's cos(obliquity) []: 1.000000 
(Radius) Radius [m]: 6.287115e+06 
(RadGyra) Radius of Gyration/Moment of Inertia Constant []: 0.400000 
(RotAngMom) Rotational Angular Momentum [kg*m^2/sec]: 3.911169e+33 
(RotKinEnergy) Body's Rotational Energy [kg*m^2/sec^2]: 1.422141e+29 
(RotVel) Rotational Velocity [m/sec]: 457.211889 
(BodyType) Type of Body (0 == planet) []: 0.000000 
(RotRate) Rotational Frequency [/sec]: 7.272205e-05 
(RotPer) Rotational Period [days]: 1.000000 
(Density) Average Density [kg/m^3]: 8169.113379 
(SurfEnFluxTotal) Total Surface Energy Flux [W/m^2]: 2.940118e+04 
(TidalQ) Tidal Q []: 115.495922 
(ImK2) Im(k_2) []: -0.002597 
(K2) k_2 []: 0.300000 
(K2Man) Real Love Number k2 Mantle []: 0.010000 
(Imk2Man) Imaginary Love Number k2 Mantle []: 0.000000 
(TidalQMantle) Mantle's Tidal Q []: 100.000000 
(HEcc) Poincare's h (=e*sin(varpi) []: 0.000000 
(HZLimitDryRunaway) Semi-major axis of Dry Runaway HZ Limit [m]: -1.000000 
(HZLimRecVenus) Recent Venus HZ Limit []: -1.000000 
(HZLimRunaway) Runaway Greenhouse HZ Limit []: -1.000000 
(HZLimMoistGreenhouse) Moist Greenhouse HZ Limit []: -1.000000 
(HZLimMaxGreenhouse) Maximum Greenhouse HZ Limit []: -1.000000 
(HZLimEarlyMars) Early Mars HZ Limit []: -1.000000 
(Instellation) Orbit-averaged INcident STELLar radiATION [kg*m^2/sec^2/(m^2*sec)]: -1.000000 
(KEcc) Poincare's k (=e*cos(varpi) []: 0.182068 
(Eccentricity) Orbital Eccentricity []: 0.182068 
(OrbEnergy) Body's Total Orbital Energy [kg*m^2/sec^2]: -2.577977e+34 
(MeanMotion) Orbital Mean Motion [/sec]: 2.627714e-05 
(OrbPeriod) Orbital Period [sec]: 2.391122e+05 
(SemiMajorAxis) Semi-major Axis [m]: 2.963292e+09 
(CriticalSemiMajorAxis) Holman & Wiegert (1999) P-type Critical Semi-major Axis [m]: -1.000000 
(COPP) Climate Obliquity Precession Parameter []: 0.000000 
(OrbAngMom) Orbital Angular Momentum [kg*m^2/sec]: 1.929349e+39 
(LongP) Body's Longitude of pericenter [rad]: 0.000000 
(TotOrbEnergy) System's Total Orbital Energy [kg*m^2/sec^2]: -1.819609e+35 
(OrbPotEnergy) Body's Orbital Potential Energy [kg*m^2/sec^2]: -5.155955e+34 
(LostEnergy) Body's Total Lost Energy [kg*m^2/sec^2]: 5.562685e-309 
----- EQTIDE PARAMETERS (d)------
(TidalRadius) In EqTide, the value of the radius that enters the tidal evolution equations. This parameter is distinct from others, such as the radius of XUV absorption or a pressure level in an atmosphere. [m]: 6.287115e+06 
(DsemiDtEqtide) Total da/dt from EqTide [m/sec]: 1.174772e-06 
(DeccDtEqtide) Total de/dt from EqTide [/sec]: 1.204977e-16 
(DMeanMotionDtEqtide) Total dMeanMotion/dt from EqTide [/sec^2]: -1.562603e-20 
(DOrbPerDtEqtide) Total dOrbPer/dt from EqTide []: 1.421910e-10 
(EccTimeEqtide) Timescale for Eccentricity Evolution (e/[de/dt]) in EqTide [sec]: 1.510962e+15 
(SemiTimeEqtide) Timescale for Semi-major Axis Evolution (a/[da/dt]) in EqTide [sec]: 2.522440e+15 
(DHEccDtEqtide) Time Rate of Change of Poincare's h in EqTide [/sec]: 0.000000 
(DKEccDtEqtide) Time Rate of Change of Poincare's k in EqTide [/sec]: 1.204977e-16 
(DXoblDtEqtide) Time Rate of Change of Laskar's X in EqTide [/sec]: 0.000000 
(DYoblDtEqtide) Time Rate of Change of Laskar's Y in EqTide [/sec]: 0.000000 
(DZoblDtEqtide) Time Rate of Change of Laskar's Z in EqTide [/sec]: 0.000000 
(LockTime) Time when body tidally locked. [sec]: -1.000000 
(BodyDsemiDtEqtide) In EqTide, the total change in semi-major axis is due to dissipation in both bodies. This output parameter returns the change due to current body. []: -1.000000 
(BodyDeccDt) In EqTide, the total change in eccentricity is due to towrues on both bodies. This output parameter returns the change due to current body. []: -1.000000 
(DOblDtEqtide) Time Rate of Change of Obliquity in EqTide [rad/sec]: 0.000000 
(DRotPerDtEqtide) Time Rate of Change of Rotation Period in EqTide []: 7.540826e-06 
(DRotRateDtEqtide) Time Rate of Change of Rotational Frequency in EqTide [/sec^2]: -6.347041e-15 
(EqRotRateDiscrete) CPL2 Discrete Equilibrium Spin Rate [/sec]: 2.627714e-05 
(EqRotPerDiscrete) CPL2 Discrete Equilibrium Spin Period [sec]: 2.391122e+05 
(EqRotRateCont) CPL2 Continuous Equilibrium Spin Rate [/sec]: 3.455212e-05 
(EqRotPerCont) CPL2 Continuous Equilibrium Rotation Period [sec]: 1.818466e+05 
(EqRotPer) Equilibrium Rotation Period [sec]: 2.391122e+05 
(EqTidePower) Equilibrium Power from Tides [/sec]: 0.000000 
(GammaRot) Gamma_Rotation [sec]: -1.000000 
(GammaOrb) Gamma_Orbital [sec]: -1.000000 
(OceanK2) Ocean's Love number k_2 []: 0.010000 
(EnvTidalQ) Envelope Tidal Q []: -1.000000 
(OceanTidalQ) Ocean Tidal Q []: -1.000000 
(TideLock) Tidally Locked? []: 0.000000 
(RotTimeEqtide) Timescale for Rotational Evolution in EqTide [sec]: 1.145763e+10 
(EnvK2) Envelope's Love number k_2 []: 0.010000 
(OblTimeEqtide) Timescale for Obliquity Evolution in EqTide []: -1.000000 
(PowerEqtide) Internal Power due to Tides in EqTide [kg*m^2/sec^3]: 1.460419e+19 
(SurfEnFluxEqtide) Surface Energy Flux due to Tides in EqTide [kg*m^2/sec^2/(m^2*sec)]: 2.940118e+04 
Tidal Perturbers: star
Output Order: Time[year] RotPer[days] SemiMajorAxis[au] Eccentricity[] SurfEnFluxTotal[W/m^2]
Grid Output Order:



---- FINAL SYSTEM PROPERTIES ----
(Age) System Age [sec]: 3.187318e+15 
(Time) Simulation Time [sec]: 3.155760e+15 
(TotAngMom) Total Angular Momentum [kg*m^2/sec]: 1.511195e+41 
(TotEnergy) Total System Energy [kg*m^2/sec^2]: -2.215581e+40 
(PotEnergy) Body's non-orbital Potential Energy [kg*m^2/sec^2]: -2.216551e+40 
(KinEnergy) Body's non-orbital Kinetic Energy [kg*m^2/sec^2]: 9.882109e+36 
(DeltaTime) Average Timestep Over Last Output Interval [sec]: 2.634190e+09 

----- BODY: star ----
Active Modules: EqTide
Module Bit Sum: 3
Color: 000000
(Mass) Mass [kg]: 2.691916e+29 
(Obliquity) Obliquity [rad]: 0.000000 
(PrecA) Body's precession angle [rad]: 0.000000 
(Xobl) Body's sin(obliquity)*cos(precession angle) []: 0.000000 
(Yobl) Body's sin(obliquity)*sin(precession angle) []: 0.000000 
(Zobl) Body's cos(obliquity) []: 1.000000 
(Radius) Radius [m]: 1.309185e+08 
(RadGyra) Radius of Gyration/Moment of Inertia Constant []: 0.450000 
(RotAngMom) Rotational Angular Momentum [kg*m^2/sec]: 1.358889e+41 
(RotKinEnergy) Body's Rotational Energy [kg*m^2/sec^2]: 9.882109e+36 
(RotVel) Rotational Velocity [m/sec]: 1.904130e+04 
(BodyType) Type of Body (0 == planet) []: 0.000000 
(RotRate) Rotational Frequency [/sec]: 0.000145 
(RotPer) Rotational Period [days]: 0.500000 
(Density) Average Density [kg/m^3]: 2.863981e+04 
(SurfEnFluxTotal) Total Surface Energy Flux [kg*m^2/sec^2/(m^2*sec)]: 0.012216 
(TidalQ) Tidal Q []: 1.000000e+06 
(ImK2) Im(k_2) []: -5.000000e-07 
(K2) k_2 []: 0.500000 
(K2Man) Real Love Number k2 Mantle []: 0.010000 
(Imk2Man) Imaginary Love Number k2 Mantle []: 0.000000 
(TidalQMantle) Mantle's Tidal Q []: 100.000000 
(HEcc) Poincare's h (=e*sin(varpi) []: 0.000000 
(HZLimitDryRunaway) Semi-major axis of Dry Runaway HZ Limit [m]: -1.000000 
(HZLimRecVenus) Recent Venus HZ Limit []: -1.000000 
(HZLimRunaway) Runaway Greenhouse HZ Limit []: -1.000000 
(HZLimMoistGreenhouse) Moist Greenhouse HZ Limit []: -1.000000 
(HZLimMaxGreenhouse) Maximum Greenhouse HZ Limit []: -1.000000 
(HZLimEarlyMars) Early Mars HZ Limit []: -1.000000 
(Instellation) Orbit-averaged INcident STELLar radiATION [kg*m^2/sec^2/(m^2*sec)]: -1.000000 
(KEcc) Poincare's k (=e*cos(varpi) []: 0.000000 
(Eccentricity) Orbital Eccentricity []: -1.000000 
(OrbEnergy) Body's Total Orbital Energy [kg*m^2/sec^2]: 0.000000 
(MeanMotion) Orbital Mean Motion [/sec]: -1.000000 
(OrbPeriod) Orbital Period [sec]: -1.000000 
(SemiMajorAxis) Semi-major Axis [m]: -1.000000 
(CriticalSemiMajorAxis) Holman & Wiegert (1999) P-type Critical Semi-major Axis [m]: -1.000000 
(COPP) Climate Obliquity Precession Parameter []: 0.000000 
(OrbAngMom) Orbital Angular Momentum [kg*m^2/sec]: 0.000000 
(LongP) Body's Longitude of pericenter [rad]: 0.000000 
(TotOrbEnergy) System's Total Orbital Energy [kg*m^2/sec^2]: -1.861404e+35 
(OrbPotEnergy) Body's Orbital Potential Energy [kg*m^2/sec^2]: -1.000000 
(LostEnergy) Body's Total Lost Energy [kg*m^2/sec^2]: 8.303087e+30 
----- EQTIDE PARAMETERS (star)------
(LockTime) Time when body tidally locked. [sec]: -1.000000 
(BodyDsemiDtEqtide) In EqTide, the total change in semi-major axis is due to dissipation in both bodies. This output parameter returns the change due to current body. []: -1.000000 
(BodyDeccDt) In EqTide, the total change in eccentricity is due to towrues on both bodies. This output parameter returns the change due to current body. []: -1.000000 
(DOblDtEqtide) Time Rate of Change of Obliquity in EqTide [rad/sec]: 0.000000 
(DRotPerDtEqtide) Time Rate of Change of Rotation Period in EqTide []: 1.318268e-17 
(DRotRateDtEqtide) Time Rate of Change of Rotational Frequency in EqTide [/sec^2]: -4.438287e-26 
(EqRotRateDiscrete) CPL2 Discrete Equilibrium Spin Rate [/sec]: 8.298869e-05 
(EqRotPerDiscrete) CPL2 Discrete Equilibrium Spin Period [sec]: 7.571135e+04 
(EqRotRateCont) CPL2 Continuous Equilibrium Spin Rate [/sec]: 8.298869e-05 
(EqRotPerCont) CPL2 Continuous Equilibrium Rotation Period [sec]: 7.571135e+04 
(EqRotPer) Equilibrium Rotation Period [sec]: 7.571135e+04 
(EqTidePower) Equilibrium Power from Tides [/sec]: 0.000000 
(GammaRot) Gamma_Rotation [sec]: -1.000000 
(GammaOrb) Gamma_Orbital [sec]: -1.000000 
(OceanK2) Ocean's Love number k_2 []: 0.010000 
(EnvTidalQ) Envelope Tidal Q []: -1.000000 
(OceanTidalQ) Ocean Tidal Q []: -1.000000 
(TideLock) Tidally Locked? []: 0.000000 
(RotTimeEqtide) Timescale for Rotational Evolution in EqTide [sec]: 3.349810e+21 
(EnvK2) Envelope's Love number k_2 []: 0.010000 
(OblTimeEqtide) Timescale for Obliquity Evolution in EqTide []: -1.000000 
(PowerEqtide) Internal Power due to Tides in EqTide [kg*m^2/sec^3]: 2.631143e+15 
(SurfEnFluxEqtide) Surface Energy Flux due to Tides in EqTide [kg*m^2/sec^2/(m^2*sec)]: 0.012216 
Tidal Perturbers: b, c, d
Output Order: Time[year] RotPer[days]
Grid Output Order:

----- BODY: b ----
Active Modules: EqTide
Module Bit Sum: 3
Color: 000000
(Mass) Mass [kg]: 1.201249e+25 
(Obliquity) Obliquity [rad]: 0.000000 
(PrecA) Body's precession angle [rad]: 0.000000 
(Xobl) Body's sin(obliquity)*cos(precession angle) []: 0.000000 
(Yobl) Body's sin(obliquity)*sin(precession angle) []: 0.000000 
(Zobl) Body's cos(obliquity) []: 1.000000 
(Radius) Radius [m]: 8.215631e+06 
(RadGyra) Radius of Gyration/Moment of Inertia Constant []: 0.400000 
(RotAngMom) Rotational Angular Momentum [kg*m^2/sec]: 1.076598e+34 
(RotKinEnergy) Body's Rotational Energy [kg*m^2/sec^2]: 4.467274e+29 
(RotVel) Rotational Velocity [m/sec]: 681.804408 
(BodyType) Type of Body (0 == planet) []: 0.000000 
(RotRate) Rotational Frequency [/sec]: 8.298869e-05 
(RotPer) Rotational Period [days]: 0.876289 
(Density) Average Density [kg/m^3]: 5171.560990 
(SurfEnFluxTotal) Total Surface Energy Flux [W/m^2]: 0.000000 
(TidalQ) Tidal Q []: 593.372729 
(ImK2) Im(k_2) []: -0.000506 
(K2) k_2 []: 0.300000 
(K2Man) Real Love Number k2 Mantle []: 0.010000 
(Imk2Man) Imaginary Love Number k2 Mantle []: 0.000000 
(TidalQMantle) Mantle's Tidal Q []: 100.000000 
(HEcc) Poincare's h (=e*sin(varpi) []: 0.000000 
(HZLimitDryRunaway) Semi-major axis of Dry Runaway HZ Limit [m]: -1.000000 
(HZLimRecVenus) Recent Venus HZ Limit []: -1.000000 
(HZLimRunaway) Runaway Greenhouse HZ Limit []: -1.000000 
(HZLimMoistGreenhouse) Moist Greenhouse HZ Limit []: -1.000000 
(HZLimMaxGreenhouse) Maximum Greenhouse HZ Limit []: -1.000000 
(HZLimEarlyMars) Early Mars HZ Limit []: -1.000000 
(Instellation) Orbit-averaged INcident STELLar radiATION [kg*m^2/sec^2/(m^2*sec)]: -1.000000 
(KEcc) Poincare's k (=e*cos(varpi) []: 0.000000 
(Eccentricity) Orbital Eccentricity []: 0.000000 
(OrbEnergy) Body's Total Orbital Energy [kg*m^2/sec^2]: -7.838862e+34 
(MeanMotion) Orbital Mean Motion [/sec]: 8.298869e-05 
(OrbPeriod) Orbital Period [sec]: 7.571135e+04 
(SemiMajorAxis) Semi-major Axis [m]: 1.376625e+09 
(CriticalSemiMajorAxis) Holman & Wiegert (1999) P-type Critical Semi-major Axis [m]: -1.000000 
(COPP) Climate Obliquity Precession Parameter []: 0.000000 
(OrbAngMom) Orbital Angular Momentum [kg*m^2/sec]: 1.889140e+39 
(LongP) Body's Longitude of pericenter [rad]: 0.000000 
(TotOrbEnergy) System's Total Orbital Energy [kg*m^2/sec^2]: -1.861404e+35 
(OrbPotEnergy) Body's Orbital Potential Energy [kg*m^2/sec^2]: -1.567772e+35 
(LostEnergy) Body's Total Lost Energy [kg*m^2/sec^2]: 3.321575e+33 
----- EQTIDE PARAMETERS (b)------
(TidalRadius) In EqTide, the value of the radius that enters the tidal evolution equations. This parameter is distinct from others, such as the radius of XUV absorption or a pressure level in an atmosphere. [m]: 8.215631e+06 
(DsemiDtEqtide) Total da/dt from EqTide [m/sec]: 5.948711e-11 
(DeccDtEqtide) Total de/dt from EqTide [/sec]: -0.000000 
(DMeanMotionDtEqtide) Total dMeanMotion/dt from EqTide [/sec^2]: -5.379194e-24 
(DOrbPerDtEqtide) Total dOrbPer/dt from EqTide []: 4.907489e-15 
(EccTimeEqtide) Timescale for Eccentricity Evolution (e/[de/dt]) in EqTide [sec]: 0.000000 
(SemiTimeEqtide) Timescale for Semi-major Axis Evolution (a/[da/dt]) in EqTide [sec]: 2.314158e+19 
(DHEccDtEqtide) Time Rate of Change of Poincare's h in EqTide [/sec]: -0.000000 
(DKEccDtEqtide) Time Rate of Change of Poincare's k in EqTide [/sec]: -0.000000 
(DXoblDtEqtide) Time Rate of Change of Laskar's X in EqTide [/sec]: 0.000000 
(DYoblDtEqtide) Time Rate of Change of Laskar's Y in EqTide [/sec]: 0.000000 
(DZoblDtEqtide) Time Rate of Change of Laskar's Z in EqTide [/sec]: 0.000000 
(LockTime) Time when body tidally locked. [sec]: 0.000000 
(BodyDsemiDtEqtide) In EqTide, the total change in semi-major axis is due to dissipation in both bodies. This output parameter returns the change due to current body. []: -1.000000 
(BodyDeccDt) In EqTide, the total change in eccentricity is due to towrues on both bodies. This output parameter returns the change due to current body. []: -1.000000 
(DOblDtEqtide) Time Rate of Change of Obliquity in EqTide [rad/sec]: 0.000000 
(DRotPerDtEqtide) Time Rate of Change of Rotation Period in EqTide []: -5.074888e-300 
(DRotRateDtEqtide) Time Rate of Change of Rotational Frequency in EqTide [/sec^2]: 5.562685e-309 
(EqRotRateDiscrete) CPL2 Discrete Equilibrium Spin Rate [/sec]: 8.298869e-05 
(EqRotPerDiscrete) CPL2 Discrete Equilibrium Spin Period [sec]: 7.571135e+04 
(EqRotRateCont) CPL2 Continuous Equilibrium Spin Rate [/sec]: 8.298869e-05 
(EqRotPerCont) CPL2 Continuous Equilibrium Rotation Period [sec]: 7.571135e+04 
(EqRotPer) Equilibrium Rotation Period [sec]: 7.571135e+04 
(EqTidePower) Equilibrium Power from Tides [/sec]: 0.000000 
(GammaRot) Gamma_Rotation [sec]: -1.000000 
(GammaOrb) Gamma_Orbital [sec]: -1.000000 
(OceanK2) Ocean's Love number k_2 []: 0.010000 
(EnvTidalQ) Envelope Tidal Q []: -1.000000 
(OceanTidalQ) Ocean Tidal Q []: -1.000000 
(TideLock) Tidally Locked? []: 1.000000 
(RotTimeEqtide) Timescale for Rotational Evolution in EqTide [sec]: 1.491882e+304 
(EnvK2) Envelope's Love number k_2 []: 0.010000 
(OblTimeEqtide) Timescale for Obliquity Evolution in EqTide []: -1.000000 
(PowerEqtide) Internal Power due to Tides in EqTide [kg*m^2/sec^3]: 0.000000 
(SurfEnFluxEqtide) Surface Energy Flux due to Tides in EqTide [kg*m^2/sec^2/(m^2*sec)]: 0.000000 
Tidal Perturbers: star
Output Order: Time[year] TotEnergy[ergs] TotAngMom[kg*m^2/s] RotPer[days] SemiMajorAxis[au] Eccentricity[] SurfEnFluxTotal[W/m^2]
Grid Output Order:

----- BODY: c ----
Active Modules: EqTide
Module Bit Sum: 3
Color: 000000
(Mass) Mass [kg]: 4.032108e+25 
(Obliquity) Obliquity [rad]: 0.000000 
(PrecA) Body's precession angle [rad]: 0.000000 
(Xobl) Body's sin(obliquity)*cos(precession angle) []: 0.000000 
(Yobl) Body's sin(obliquity)*sin(precession angle) []: 0.000000 
(Zobl) Body's cos(obliquity) []: 1.000000 
(Radius) Radius [m]: 1.628675e+07 
(RadGyra) Radius of Gyration/Moment of Inertia Constant []: 0.400000 
(RotAngMom) Rotational Angular Momentum [kg*m^2/sec]: 2.430503e+34 
(RotKinEnergy) Body's Rotational Energy [kg*m^2/sec^2]: 1.726002e+29 
(RotVel) Rotational Velocity [m/sec]: 231.318055 
(BodyType) Type of Body (0 == planet) []: 0.000000 
(RotRate) Rotational Frequency [/sec]: 1.420284e-05 
(RotPer) Rotational Period [days]: 5.120248 
(Density) Average Density [kg/m^3]: 2228.128931 
(SurfEnFluxTotal) Total Surface Energy Flux [W/m^2]: 0.169896 
(TidalQ) Tidal Q []: 8.934850e+04 
(ImK2) Im(k_2) []: -3.357639e-06 
(K2) k_2 []: 0.300000 
(K2Man) Real Love Number k2 Mantle []: 0.010000 
(Imk2Man) Imaginary Love Number k2 Mantle []: 0.000000 
(TidalQMantle) Mantle's Tidal Q []: 100.000000 
(HEcc) Poincare's h (=e*sin(varpi) []: 0.000000 
(HZLimitDryRunaway) Semi-major axis of Dry Runaway HZ Limit [m]: -1.000000 
(HZLimRecVenus) Recent Venus HZ Limit []: -1.000000 
(HZLimRunaway) Runaway Greenhouse HZ Limit []: -1.000000 
(HZLimMoistGreenhouse) Moist Greenhouse HZ Limit []: -1.000000 
(HZLimMaxGreenhouse) Maximum Greenhouse HZ Limit []: -1.000000 
(HZLimEarlyMars) Early Mars HZ Limit []: -1.000000 
(Instellation) Orbit-averaged INcident STELLar radiATION [kg*m^2/sec^2/(m^2*sec)]: -1.000000 
(KEcc) Poincare's k (=e*cos(varpi) []: 0.040240 
(Eccentricity) Orbital Eccentricity []: 0.040240 
(OrbEnergy) Body's Total Orbital Energy [kg*m^2/sec^2]: -8.110379e+34 
(MeanMotion) Orbital Mean Motion [/sec]: 1.420284e-05 
(OrbPeriod) Orbital Period [sec]: 4.423894e+05 
(SemiMajorAxis) Semi-major Axis [m]: 4.466084e+09 
(CriticalSemiMajorAxis) Holman & Wiegert (1999) P-type Critical Semi-major Axis [m]: -1.000000 
(COPP) Climate Obliquity Precession Parameter []: 0.000000 
(OrbAngMom) Orbital Angular Momentum [kg*m^2/sec]: 1.141154e+40 
(LongP) Body's Longitude of pericenter [rad]: 0.000000 
(TotOrbEnergy) System's Total Orbital Energy [kg*m^2/sec^2]: -1.861404e+35 
(OrbPotEnergy) Body's Orbital Potential Energy [kg*m^2/sec^2]: -1.622076e+35 
(LostEnergy) Body's Total Lost Energy [kg*m^2/sec^2]: 4.704705e+30 
----- EQTIDE PARAMETERS (c)------
(TidalRadius) In EqTide, the value of the radius that enters the tidal evolution equations. This parameter is distinct from others, such as the radius of XUV absorption or a pressure level in an atmosphere. [m]: 1.628675e+07 
(DsemiDtEqtide) Total da/dt from EqTide [m/sec]: -3.087026e-11 
(DeccDtEqtide) Total de/dt from EqTide [/sec]: -8.675507e-20 
(DMeanMotionDtEqtide) Total dMeanMotion/dt from EqTide [/sec^2]: 1.472583e-25 
(DOrbPerDtEqtide) Total dOrbPer/dt from EqTide []: -4.586796e-15 
(EccTimeEqtide) Timescale for Eccentricity Evolution (e/[de/dt]) in EqTide [sec]: 4.638395e+17 
(SemiTimeEqtide) Timescale for Semi-major Axis Evolution (a/[da/dt]) in EqTide [sec]: 1.446727e+20 
(DHEccDtEqtide) Time Rate of Change of Poincare's h in EqTide [/sec]: -0.000000 
(DKEccDtEqtide) Time Rate of Change of Poincare's k in EqTide [/sec]: -8.675507e-20 
(DXoblDtEqtide) Time Rate of Change of Laskar's X in EqTide [/sec]: 0.000000 
(DYoblDtEqtide) Time Rate of Change of Laskar's Y in EqTide [/sec]: 0.000000 
(DZoblDtEqtide) Time Rate of Change of Laskar's Z in EqTide [/sec]: 0.000000 
(LockTime) Time when body tidally locked. [sec]: 2.799130e+13 
(BodyDsemiDtEqtide) In EqTide, the total change in semi-major axis is due to dissipation in both bodies. This output parameter returns the change due to current body. []: -1.000000 
(BodyDeccDt) In EqTide, the total change in eccentricity is due to towrues on both bodies. This output parameter returns the change due to current body. []: -1.000000 
(DOblDtEqtide) Time Rate of Change of Obliquity in EqTide [rad/sec]: 0.000000 
(DRotPerDtEqtide) Time Rate of Change of Rotation Period in EqTide []: -1.732663e-298 
(DRotRateDtEqtide) Time Rate of Change of Rotational Frequency in EqTide [/sec^2]: 5.562685e-309 
(EqRotRateDiscrete) CPL2 Discrete Equilibrium Spin Rate [/sec]: 1.420284e-05 
(EqRotPerDiscrete) CPL2 Discrete Equilibrium Spin Period [sec]: 4.423894e+05 
(EqRotRateCont) CPL2 Continuous Equilibrium Spin Rate [/sec]: 1.442132e-05 
(EqRotPerCont) CPL2 Continuous Equilibrium Rotation Period [sec]: 4.356871e+05 
(EqRotPer) Equilibrium Rotation Period [sec]: 4.423894e+05 
(EqTidePower) Equilibrium Power from Tides [/sec]: 0.000000 
(GammaRot) Gamma_Rotation [sec]: -1.000000 
(GammaOrb) Gamma_Orbital [sec]: -1.000000 
(OceanK2) Ocean's Love number k_2 []: 0.010000 
(EnvTidalQ) Envelope Tidal Q []: -1.000000 
(OceanTidalQ) Ocean Tidal Q []: -1.000000 
(TideLock) Tidally Locked? []: 1.000000 
(RotTimeEqtide) Timescale for Rotational Evolution in EqTide [sec]: 2.553234e+303 
(EnvK2) Envelope's Love number k_2 []: 0.010000 
(OblTimeEqtide) Timescale for Obliquity Evolution in EqTide []: -1.000000 
(PowerEqtide) Internal Power due to Tides in EqTide [kg*m^2/sec^3]: 5.663197e+14 
(SurfEnFluxEqtide) Surface Energy Flux due to Tides in EqTide [kg*m^2/sec^2/(m^2*sec)]: 0.169896 
Tidal Perturbers: star
Output Order: Time[year] RotPer[days] SemiMajorAxis[au] Eccentricity[] SurfEnFluxTotal[W/m^2]
Grid Output Order:

----- BODY: d ----
Active Modules: EqTide
Module Bit Sum: 3
Color: 000000
(Mass) Mass [kg]: 8.503891e+24 
(Obliquity) Obliquity [rad]: 0.000000 
(PrecA) Body's precession angle [rad]: 0.000000 
(Xobl) Body's sin(obliquity)*cos(precession angle) []: 0.000000 
(Yobl) Body's sin(obliquity)*sin(precession angle) []: 0.000000 
(Zobl) Body's cos(obliquity) []: 1.000000 
(Radius) Radius [m]: 6.287115e+06 
(RadGyra) Radius of Gyration/Moment of Inertia Constant []: 0.400000 
(RotAngMom) Rotational Angular Momentum [kg*m^2/sec]: 1.485243e+33 
(RotKinEnergy) Body's Rotational Energy [kg*m^2/sec^2]: 2.050807e+28 
(RotVel) Rotational Velocity [m/sec]: 173.623522 
(BodyType) Type of Body (0 == planet) []: 0.000000 
(RotRate) Rotational Frequency [/sec]: 2.761577e-05 
(RotPer) Rotational Period [days]: 2.633352 
(Density) Average Density [kg/m^3]: 8169.113379 
(SurfEnFluxTotal) Total Surface Energy Flux [W/m^2]: 2.608348 
(TidalQ) Tidal Q []: 115.495922 
(ImK2) Im(k_2) []: -0.002597 
(K2) k_2 []: 0.300000 
(K2Man) Real Love Number k2 Mantle []: 0.010000 
(Imk2Man) Imaginary Love Number k2 Mantle []: 0.000000 
(TidalQMantle) Mantle's Tidal Q []: 100.000000 
(HEcc) Poincare's h (=e*sin(varpi) []: 0.000000 
(HZLimitDryRunaway) Semi-major axis of Dry Runaway HZ Limit [m]: -1.000000 
(HZLimRecVenus) Recent Venus HZ Limit []: -1.000000 
(HZLimRunaway) Runaway Greenhouse HZ Limit []: -1.000000 
(HZLimMoistGreenhouse) Moist Greenhouse HZ Limit []: -1.000000 
(HZLimMaxGreenhouse) Maximum Greenhouse HZ Limit []: -1.000000 
(HZLimEarlyMars) Early Mars HZ Limit []: -1.000000 
(Instellation) Orbit-averaged INcident STELLar radiATION [kg*m^2/sec^2/(m^2*sec)]: -1.000000 
(KEcc) Poincare's k (=e*cos(varpi) []: 0.004483 
(Eccentricity) Orbital Eccentricity []: 0.004483 
(OrbEnergy) Body's Total Orbital Energy [kg*m^2/sec^2]: -2.664803e+34 
(MeanMotion) Orbital Mean Motion [/sec]: 2.761577e-05 
(OrbPeriod) Orbital Period [sec]: 2.275216e+05 
(SemiMajorAxis) Semi-major Axis [m]: 2.866741e+09 
(CriticalSemiMajorAxis) Holman & Wiegert (1999) P-type Critical Semi-major Axis [m]: -1.000000 
(COPP) Climate Obliquity Precession Parameter []: 0.000000 
(OrbAngMom) Orbital Angular Momentum [kg*m^2/sec]: 1.929895e+39 
(LongP) Body's Longitude of pericenter [rad]: 0.000000 
(TotOrbEnergy) System's Total Orbital Energy [kg*m^2/sec^2]: -1.861404e+35 
(OrbPotEnergy) Body's Orbital Potential Energy [kg*m^2/sec^2]: -5.329607e+34 
(LostEnergy) Body's Total Lost Energy [kg*m^2/sec^2]: 8.684051e+32 
----- EQTIDE PARAMETERS (d)------
(TidalRadius) In EqTide, the value of the radius that enters the tidal evolution equations. This parameter is distinct from others, such as the radius of XUV absorption or a pressure level in an atmosphere. [m]: 6.287115e+06 
(DsemiDtEqtide) Total da/dt from EqTide [m/sec]: -1.386349e-10 
(DeccDtEqtide) Total de/dt from EqTide [/sec]: -5.422769e-18 
(DMeanMotionDtEqtide) Total dMeanMotion/dt from EqTide [/sec^2]: 2.003239e-24 
(DOrbPerDtEqtide) Total dOrbPer/dt from EqTide []: -1.650434e-14 
(EccTimeEqtide) Timescale for Eccentricity Evolution (e/[de/dt]) in EqTide [sec]: 8.266859e+14 
(SemiTimeEqtide) Timescale for Semi-major Axis Evolution (a/[da/dt]) in EqTide [sec]: 2.067834e+19 
(DHEccDtEqtide) Time Rate of Change of Poincare's h in EqTide [/sec]: -0.000000 
(DKEccDtEqtide) Time Rate of Change of Poincare's k in EqTide [/sec]: -5.422769e-18 
(DXoblDtEqtide) Time Rate of Change of Laskar's X in EqTide [/sec]: 0.000000 
(DYoblDtEqtide) Time Rate of Change of Laskar's Y in EqTide [/sec]: 0.000000 
(DZoblDtEqtide) Time Rate of Change of Laskar's Z in EqTide [/sec]: 0.000000 
(LockTime) Time when body tidally locked. [sec]: 1.522196e+10 
(BodyDsemiDtEqtide) In EqTide, the total change in semi-major axis is due to dissipation in both bodies. This output parameter returns the change due to current body. []: -1.000000 
(BodyDeccDt) In EqTide, the total change in eccentricity is due to towrues on both bodies. This output parameter returns the change due to current body. []: -1.000000 
(DOblDtEqtide) Time Rate of Change of Obliquity in EqTide [rad/sec]: 0.000000 
(DRotPerDtEqtide) Time Rate of Change of Rotation Period in EqTide []: -4.583001e-299 
(DRotRateDtEqtide) Time Rate of Change of Rotational Frequency in EqTide [/sec^2]: 5.562685e-309 
(EqRotRateDiscrete) CPL2 Discrete Equilibrium Spin Rate [/sec]: 2.761577e-05 
(EqRotPerDiscrete) CPL2 Discrete Equilibrium Spin Period [sec]: 2.275216e+05 
(EqRotRateCont) CPL2 Continuous Equilibrium Spin Rate [/sec]: 2.762104e-05 
(EqRotPerCont) CPL2 Continuous Equilibrium Rotation Period [sec]: 2.274782e+05 
(EqRotPer) Equilibrium Rotation Period [sec]: 2.275216e+05 
(EqTidePower) Equilibrium Power from Tides [/sec]: -0.000000 
(GammaRot) Gamma_Rotation [sec]: -1.000000 
(GammaOrb) Gamma_Orbital [sec]: -1.000000 
(OceanK2) Ocean's Love number k_2 []: 0.010000 
(EnvTidalQ) Envelope Tidal Q []: -1.000000 
(OceanTidalQ) Ocean Tidal Q []: -1.000000 
(TideLock) Tidally Locked? []: 1.000000 
(RotTimeEqtide) Timescale for Rotational Evolution in EqTide [sec]: 4.964468e+303 
(EnvK2) Envelope's Love number k_2 []: 0.010000 
(OblTimeEqtide) Timescale for Obliquity Evolution in EqTide []: -1.000000 
(PowerEqtide) Internal Power due to Tides in EqTide [kg*m^2/sec^3]: 1.295621e+15 
(SurfEnFluxEqtide) Surface Energy Flux due to Tides in EqTide [kg*m^2/sec^2/(m^2*sec)]: 2.608348 
Tidal Perturbers: star
Output Order: Time[year] RotPer[days] SemiMajorAxis[au] Eccentricity[] SurfEnFluxTotal[W/m^2]
Grid Output Order:
