-------- Log file TGard.log -------

Executable: /home/xuanji/.local/bin/vplanet
Version: Unknown
System Name: TGard
Primary Input File: vpl.in
Body File #1: TGstar.in
Body File #2: TGb.in
Body File #3: TGc.in
Body File #4: TGd.in
Allow files to be overwitten: Yes
Mass Units: Grams
Length Units: Meters
Time Units: Seconds
Angle Units: Radians

------- FORMATTING -----
Verbosity Level: 0
Crossover Decade for Scientific Notation: 4
Number of Digits After Decimal: 6
Integration Method: Runge-Kutta4
Direction: Forward
Time Step: 3.155760e+07
Stop Time: 3.155760e+11
Output Interval: 3.155760e+09
Use Variable Timestep: Yes
dEta: 0.001000
Minimum Value of ecc and obl: 1.000000e-10


---- INITIAL SYSTEM PROPERTIES ----
(Age) System Age [sec]: 1.577880e+13 
(Time) Simulation Time [sec]: 0.000000 
(TotAngMom) Total Angular Momentum [kg*m^2/s]: 1.172382e+41 
(TotEnergy) Total System Energy [ergs]: -3.472134e+39 
(PotEnergy) Body's non-orbital Potential Energy [kg*m^2/sec^2]: -3.472071e+39 
(KinEnergy) Body's non-orbital Kinetic Energy [kg*m^2/sec^2]: 1.234771e+35 
(DeltaTime) Average Timestep Over Last Output Interval [sec]: 0.000000 

----- BODY: TGstar ----
Active Modules: EqTide STELLAR
Module Bit Sum: 67
Color: 000000
(Mass) Mass [kg]: 2.763898e+29 
(Obliquity) Obliquity [rad]: 0.000000 
(PrecA) Body's precession angle [rad]: 0.000000 
(Xobl) Body's sin(obliquity)*cos(precession angle) []: 0.000000 
(Yobl) Body's sin(obliquity)*sin(precession angle) []: 0.000000 
(Zobl) Body's cos(obliquity) []: 1.000000 
(Radius) Radius [Rearth]: 138.140123 
(RadGyra) Radius of Gyration/Moment of Inertia Constant []: 0.442579 
(RotAngMom) Rotational Angular Momentum [kg*m^2/sec]: 1.018760e+41 
(RotKinEnergy) Body's Rotational Energy [kg*m^2/sec^2]: 1.234771e+35 
(RotVel) Rotational Velocity [m/sec]: 2135.777626 
(BodyType) Type of Body (0 == planet) []: 0.000000 
(RotRate) Rotational Frequency [/sec]: 2.424068e-06 
(RotPer) Rotational Period [days]: 30.000000 
(Density) Average Density [kg/m^3]: 96.471705 
(SurfEnFluxTotal) Total Surface Energy Flux [kg*m^2/sec^2/(m^2*sec)]: 8.928463 
(TidalQ) Tidal Q []: 1.000000e+06 
(ImK2) Im(k_2) []: -1.500000e-06 
(K2) k_2 []: 1.500000 
(K2Man) Real Love Number k2 Mantle []: 0.010000 
(Imk2Man) Imaginary Love Number k2 Mantle []: 0.000000 
(TidalQMantle) Mantle's Tidal Q []: 100.000000 
(HEcc) Poincare's h (=e*sin(varpi) []: 0.000000 
(HZLimitDryRunaway) Semi-major axis of Dry Runaway HZ Limit [m]: 4.769228e+10 
(HZLimRecVenus) Recent Venus HZ Limit [m]: 4.285996e+10 
(HZLimRunaway) Runaway Greenhouse HZ Limit [m]: 5.644404e+10 
(HZLimMoistGreenhouse) Moist Greenhouse HZ Limit [m]: 5.671081e+10 
(HZLimMaxGreenhouse) Maximum Greenhouse HZ Limit [m]: 1.084715e+11 
(HZLimEarlyMars) Early Mars HZ Limit [m]: 1.182993e+11 
(Instellation) Orbit-averaged INcident STELLar radiATION [kg*m^2/sec^2/(m^2*sec)]: -1.000000 
(KEcc) Poincare's k (=e*cos(varpi) []: 0.000000 
(Eccentricity) Orbital Eccentricity []: -1.000000 
(OrbEnergy) Body's Total Orbital Energy [kg*m^2/sec^2]: 0.000000 
(MeanMotion) Orbital Mean Motion [/sec]: -1.000000 
(OrbPeriod) Orbital Period [sec]: -1.000000 
(SemiMajorAxis) Semi-major Axis [m]: -1.000000 
(CriticalSemiMajorAxis) Holman & Wiegert (1999) P-type Critical Semi-major Axis [m]: -1.000000 
(COPP) Climate Obliquity Precession Parameter []: 0.000000 
(OrbAngMom) Orbital Angular Momentum [kg*m^2/sec]: 0.000000 
(LongP) Body's Longitude of pericenter [rad]: 0.000000 
(LXUVTot) Total XUV Luminosity [kg*m^2/sec^2/(m^2*sec)]: 4.744759e+22 
(TotOrbEnergy) System's Total Orbital Energy [kg*m^2/sec^2]: -1.808829e+35 
(OrbPotEnergy) Body's Orbital Potential Energy [kg*m^2/sec^2]: -1.000000 
(LostEnergy) Body's Total Lost Energy [kg*m^2/sec^2]: 5.562685e-309 
(LostAngMom) Lost Angular Momentum due to Magnetic Braking [kg*m^2/sec]: 5.562685e-309 
----- EQTIDE PARAMETERS (TGstar)------
(LockTime) Time when body tidally locked. [sec]: -1.000000 
(BodyDsemiDtEqtide) In EqTide, the total change in semi-major axis is due to dissipation in both bodies. This output parameter returns the change due to current body. []: -1.000000 
(BodyDeccDt) In EqTide, the total change in eccentricity is due to towrues on both bodies. This output parameter returns the change due to current body. []: -1.000000 
(DOblDtEqtide) Time Rate of Change of Obliquity in EqTide [rad/sec]: 0.000000 
(DRotPerDtEqtide) Time Rate of Change of Rotation Period in EqTide []: -3.035649e-11 
(DRotRateDtEqtide) Time Rate of Change of Rotational Frequency in EqTide [/sec^2]: 2.838974e-23 
(EqRotRateDiscrete) CPL2 Discrete Equilibrium Spin Rate [/sec]: 7.654953e-05 
(EqRotPerDiscrete) CPL2 Discrete Equilibrium Spin Period [sec]: 8.208000e+04 
(EqRotRateCont) CPL2 Continuous Equilibrium Spin Rate [/sec]: 7.654953e-05 
(EqRotPerCont) CPL2 Continuous Equilibrium Rotation Period [sec]: 8.208000e+04 
(EqRotPer) Equilibrium Rotation Period [sec]: 8.208000e+04 
(EqTidePower) Equilibrium Power from Tides [/sec]: 0.000000 
(GammaRot) Gamma_Rotation [sec]: -1.000000 
(GammaOrb) Gamma_Orbital [sec]: -1.000000 
(OceanK2) Ocean's Love number k_2 []: 0.010000 
(EnvTidalQ) Envelope Tidal Q []: -1.000000 
(OceanTidalQ) Ocean Tidal Q []: -1.000000 
(TideLock) Tidally Locked? []: 0.000000 
(RotTimeEqtide) Timescale for Rotational Evolution in EqTide [sec]: 8.676692e+16 
(EnvK2) Envelope's Love number k_2 []: 0.010000 
(OblTimeEqtide) Timescale for Obliquity Evolution in EqTide []: -1.000000 
(PowerEqtide) Internal Power due to Tides in EqTide [kg*m^2/sec^3]: 8.709814e+19 
(SurfEnFluxEqtide) Surface Energy Flux due to Tides in EqTide [kg*m^2/sec^2/(m^2*sec)]: 8.928463 
Tidal Perturbers: TGb, TGc, TGd
----- STELLAR PARAMETERS (TGstar)------
(Luminosity) Luminosity [LSUN]: 0.123369 
(LXUVStellar) Base X-ray/XUV Luminosity [kg*m^2/sec^3]: 4.744759e+22 
(Temperature) Effective Temperature [K]: 3041.212295 
(LXUVFrac) Fraction of luminosity in XUV []: 0.001000 
(RossbyNumber) Rossby Number []: 0.453215 
(DRotPerDtStellar) Time Rate of Change of Rotation Period in STELLAR []: 9.134869e-08 
Output Order: Time[year] Radius[Rearth] RotPer[days] Luminosity[LSUN] TotEnergy[ergs] TotAngMom[kg*m^2/s]
Grid Output Order:

----- BODY: TGb ----
Active Modules: DistOrb DistRot EqTide
Module Bit Sum: 51
Color: 000000
(Mass) Mass [kg]: 1.206382e+25 
(Obliquity) Obliquity [rad]: 0.410152 
(PrecA) Body's precession angle [rad]: 0.000000 
(Xobl) Body's sin(obliquity)*cos(precession angle) []: 0.398749 
(Yobl) Body's sin(obliquity)*sin(precession angle) []: 0.000000 
(Zobl) Body's cos(obliquity) []: 0.917060 
(Radius) Radius [m]: 7.653720e+06 
(RadGyra) Radius of Gyration/Moment of Inertia Constant []: 0.500000 
(RotAngMom) Rotational Angular Momentum [kg*m^2/sec]: 1.284801e+34 
(RotKinEnergy) Body's Rotational Energy [kg*m^2/sec^2]: 4.671669e+29 
(RotVel) Rotational Velocity [m/sec]: 556.594225 
(BodyType) Type of Body (0 == planet) []: 0.000000 
(RotRate) Rotational Frequency [/sec]: 7.272205e-05 
(RotPer) Rotational Period [days]: 1.000000 
(Density) Average Density [kg/m^3]: 6423.598304 
(SurfEnFluxTotal) Total Surface Energy Flux [W/m^2]: 1.059291e+07 
(TidalQ) Tidal Q []: 12.000000 
(ImK2) Im(k_2) []: -0.025000 
(K2) k_2 []: 0.300000 
(K2Man) Real Love Number k2 Mantle []: 0.010000 
(Imk2Man) Imaginary Love Number k2 Mantle []: 0.000000 
(TidalQMantle) Mantle's Tidal Q []: 100.000000 
(HEcc) Poincare's h (=e*sin(varpi) []: 0.000000 
(HZLimitDryRunaway) Semi-major axis of Dry Runaway HZ Limit [m]: 4.769228e+10 
(HZLimRecVenus) Recent Venus HZ Limit [m]: 4.285996e+10 
(HZLimRunaway) Runaway Greenhouse HZ Limit [m]: 5.644404e+10 
(HZLimMoistGreenhouse) Moist Greenhouse HZ Limit [m]: 5.671081e+10 
(HZLimMaxGreenhouse) Maximum Greenhouse HZ Limit [m]: 1.084715e+11 
(HZLimEarlyMars) Early Mars HZ Limit [m]: 1.182993e+11 
(Instellation) Orbit-averaged INcident STELLar radiATION [kg*m^2/sec^2/(m^2*sec)]: 1.757778e+06 
(KEcc) Poincare's k (=e*cos(varpi) []: 0.000000 
(Eccentricity) Orbital Eccentricity []: 0.000000 
(OrbEnergy) Body's Total Orbital Energy [kg*m^2/sec^2]: -7.592085e+34 
(MeanMotion) Orbital Mean Motion [/sec]: 7.654953e-05 
(OrbPeriod) Orbital Period [sec]: 8.208000e+04 
(SemiMajorAxis) Semi-major Axis [m]: 1.465616e+09 
(CriticalSemiMajorAxis) Holman & Wiegert (1999) P-type Critical Semi-major Axis [m]: -1.000000 
(COPP) Climate Obliquity Precession Parameter []: 0.000000 
(OrbAngMom) Orbital Angular Momentum [kg*m^2/sec]: 1.983575e+39 
(ArgP) Body's argument of pericenter [rad]: 0.000000 
(Inc) Body's Inclination [rad]: 0.028449 
(LongA) Body's Longitude of ascending node [rad]: 0.000000 
(MeanLongitude) Orbital Mean Longitude [rad]: 0.000000 
(LongP) Body's Longitude of pericenter [rad]: 0.000000 
(TotOrbEnergy) System's Total Orbital Energy [kg*m^2/sec^2]: -1.808829e+35 
(OrbPotEnergy) Body's Orbital Potential Energy [kg*m^2/sec^2]: -1.518417e+35 
(LostEnergy) Body's Total Lost Energy [kg*m^2/sec^2]: 5.562685e-309 
----- EQTIDE PARAMETERS (TGb)------
(TidalRadius) In EqTide, the value of the radius that enters the tidal evolution equations. This parameter is distinct from others, such as the radius of XUV absorption or a pressure level in an atmosphere. [m]: 7.653720e+06 
(DsemiDtEqtide) Total da/dt from EqTide [m/sec]: -0.000750 
(DeccDtEqtide) Total de/dt from EqTide [/sec]: -0.000000 
(DMeanMotionDtEqtide) Total dMeanMotion/dt from EqTide [/sec^2]: 5.879489e-17 
(DOrbPerDtEqtide) Total dOrbPer/dt from EqTide []: -6.304264e-08 
(EccTimeEqtide) Timescale for Eccentricity Evolution (e/[de/dt]) in EqTide [sec]: 0.000000 
(SemiTimeEqtide) Timescale for Semi-major Axis Evolution (a/[da/dt]) in EqTide [sec]: 1.952964e+12 
(DHEccDtEqtide) Time Rate of Change of Poincare's h in EqTide [/sec]: -0.000000 
(DKEccDtEqtide) Time Rate of Change of Poincare's k in EqTide [/sec]: -0.000000 
(DXoblDtEqtide) Time Rate of Change of Laskar's X in EqTide [/sec]: -2.163095e-08 
(DYoblDtEqtide) Time Rate of Change of Laskar's Y in EqTide [/sec]: 0.000000 
(DZoblDtEqtide) Time Rate of Change of Laskar's Z in EqTide [/sec]: 9.405404e-09 
(LockTime) Time when body tidally locked. [sec]: -1.000000 
(BodyDsemiDtEqtide) In EqTide, the total change in semi-major axis is due to dissipation in both bodies. This output parameter returns the change due to current body. []: -1.000000 
(BodyDeccDt) In EqTide, the total change in eccentricity is due to towrues on both bodies. This output parameter returns the change due to current body. []: -1.000000 
(DOblDtEqtide) Time Rate of Change of Obliquity in EqTide [rad/sec]: -2.358728e-08 
(DRotPerDtEqtide) Time Rate of Change of Rotation Period in EqTide []: -0.002865 
(DRotRateDtEqtide) Time Rate of Change of Rotational Frequency in EqTide [/sec^2]: 2.411835e-12 
(EqRotRateDiscrete) CPL2 Discrete Equilibrium Spin Rate [/sec]: 7.654953e-05 
(EqRotPerDiscrete) CPL2 Discrete Equilibrium Spin Period [sec]: 8.208000e+04 
(EqRotRateCont) CPL2 Continuous Equilibrium Spin Rate [/sec]: 7.654953e-05 
(EqRotPerCont) CPL2 Continuous Equilibrium Rotation Period [sec]: 8.208000e+04 
(EqRotPer) Equilibrium Rotation Period [sec]: 8.208000e+04 
(EqTidePower) Equilibrium Power from Tides [/sec]: 0.000000 
(GammaRot) Gamma_Rotation [sec]: -1.000000 
(GammaOrb) Gamma_Orbital [sec]: -1.000000 
(OceanK2) Ocean's Love number k_2 []: 0.010000 
(EnvTidalQ) Envelope Tidal Q []: -1.000000 
(OceanTidalQ) Ocean Tidal Q []: -1.000000 
(TideLock) Tidally Locked? []: 0.000000 
(RotTimeEqtide) Timescale for Rotational Evolution in EqTide [sec]: 3.015217e+07 
(EnvK2) Envelope's Love number k_2 []: 0.010000 
(OblTimeEqtide) Timescale for Obliquity Evolution in EqTide []: -1.000000 
(PowerEqtide) Internal Power due to Tides in EqTide [kg*m^2/sec^3]: 7.797765e+21 
(SurfEnFluxEqtide) Surface Energy Flux due to Tides in EqTide [kg*m^2/sec^2/(m^2*sec)]: 1.059291e+07 
Tidal Perturbers: TGstar
----- DISTORB PARAMETERS (TGb)------
(Sinc) Body's sin(Inc/2) in DistOrb []: 0.014224 
(Pinc) Body's Poincare p in DistOrb []: 0.000000 
(Qinc) Body's Poincare q in DistOrb []: 0.014224 
(DIncDtDistOrb) Body's inclination derivative in DistOrb [rad/sec]: 0.000000 
(DSincDtDistOrb) Body's sin(Inc/2) derivative in DistOrb [/sec]: 0.000000 
(DLongADtDistOrb) Body's longitude of ascending node derivative in DistOrb [rad/sec]: 0.000000 
(DLongPDtDistOrb) Body's longitude of pericenter derivative in DistOrb [rad/sec]: -nan 
(DHeccDtDistOrb) Body's Poincare h derivative in DistOrb [/sec]: 0.000000 
(DKeccDtDistOrb) Body's Poincare k in DistOrb [/sec]: 0.000000 
(DPincDtDistOrb) Body's Poincare p in DistOrb [/sec]: -9.858374e-12 
(DQincDtDistOrb) Body's Poincare q in DistOrb [/sec]: -4.595711e-13 
-----DISTROT PARAMETERS (TGb)------
(CassiniOne) First Cassini parameter (misalignment of Cassini state vectors) []: 0.067323 
(CassiniTwo) Second Cassini parameter (alignment of Cassini state vectors []: 0.997731 
(DOblDtDistRot) Body's dobl/dt in DistRot [rad]: -9.192352e-13 
(DPrecADtDistRot) Body's dpA/dt in DistRot [rad/sec]: 3.111070e-07 
(DXoblDtDistRot) Body's dXobl/dt in DistRot [/sec]: -8.429939e-13 
(DYoblDtDistRot) Body's dYobl/dt in DistRot [/sec]: 1.240536e-07 
(DZoblDtDistRot) Body's dZobl/dt in DistRot [/sec]: 3.665442e-13 
(OblTimeDistRot) Obliquity timescale in DistRot [rad]: 3.417616e+12 
(PrecATimeDistRot) Axial precession timescale in DistRot [sec]: 2.019622e+07 
(XoblTimeDistRot) Xobl timescale in DistRot [/sec]: 1.186248e+12 
(YoblTimeDistRot) Yobl timescale in DistRot [/sec]: 8.061029e+06 
(ZoblTimeDistRot) Zobl timescale in DistRot [/sec]: 2.728184e+12 
(DynEllip) dynamical ellipticity of planet []: 0.002806 
(PrecFNat) natural precession freq of planet [rad/sec]: 3.110614e-07 
Output Order: Time[year] RotPer[days] LongP[deg] SemiMajorAxis[au] Eccentricity[] SurfEnFluxTotal[W/m^2] Obliquity[deg] PrecA[deg] CassiniOne[deg] CassiniTwo[deg] PrecFNat[deg/year] DynEllip[] LongA[deg] Inc[deg]
Grid Output Order:

----- BODY: TGc ----
Active Modules: DistOrb DistRot EqTide
Module Bit Sum: 51
Color: 000000
(Mass) Mass [kg]: 4.240252e+25 
(Obliquity) Obliquity [rad]: 0.401426 
(PrecA) Body's precession angle [rad]: 0.000000 
(Xobl) Body's sin(obliquity)*cos(precession angle) []: 0.390731 
(Yobl) Body's sin(obliquity)*sin(precession angle) []: 0.000000 
(Zobl) Body's cos(obliquity) []: 0.920505 
(Radius) Radius [m]: 1.554981e+07 
(RadGyra) Radius of Gyration/Moment of Inertia Constant []: 0.500000 
(RotAngMom) Rotational Angular Momentum [kg*m^2/sec]: 1.864008e+35 
(RotKinEnergy) Body's Rotational Energy [kg*m^2/sec^2]: 6.777726e+30 
(RotVel) Rotational Velocity [m/sec]: 1130.813934 
(BodyType) Type of Body (0 == planet) []: 0.000000 
(RotRate) Rotational Frequency [/sec]: 7.272205e-05 
(RotPer) Rotational Period [days]: 1.000000 
(Density) Average Density [kg/m^3]: 2692.328127 
(SurfEnFluxTotal) Total Surface Energy Flux [W/m^2]: 1469.394314 
(TidalQ) Tidal Q []: 1.200000e+04 
(ImK2) Im(k_2) []: -8.333333e-05 
(K2) k_2 []: 1.000000 
(K2Man) Real Love Number k2 Mantle []: 0.010000 
(Imk2Man) Imaginary Love Number k2 Mantle []: 0.000000 
(TidalQMantle) Mantle's Tidal Q []: 100.000000 
(HEcc) Poincare's h (=e*sin(varpi) []: 0.000000 
(HZLimitDryRunaway) Semi-major axis of Dry Runaway HZ Limit [m]: 4.769228e+10 
(HZLimRecVenus) Recent Venus HZ Limit [m]: 4.285996e+10 
(HZLimRunaway) Runaway Greenhouse HZ Limit [m]: 5.644404e+10 
(HZLimMoistGreenhouse) Moist Greenhouse HZ Limit [m]: 5.671081e+10 
(HZLimMaxGreenhouse) Maximum Greenhouse HZ Limit [m]: 1.084715e+11 
(HZLimEarlyMars) Early Mars HZ Limit [m]: 1.182993e+11 
(Instellation) Orbit-averaged INcident STELLar radiATION [kg*m^2/sec^2/(m^2*sec)]: 1.924995e+05 
(KEcc) Poincare's k (=e*cos(varpi) []: 0.000000 
(Eccentricity) Orbital Eccentricity []: 0.000000 
(OrbEnergy) Body's Total Orbital Energy [kg*m^2/sec^2]: -8.830816e+34 
(MeanMotion) Orbital Mean Motion [/sec]: 1.457356e-05 
(OrbPeriod) Orbital Period [sec]: 4.311360e+05 
(SemiMajorAxis) Semi-major Axis [m]: 4.428813e+09 
(CriticalSemiMajorAxis) Holman & Wiegert (1999) P-type Critical Semi-major Axis [m]: -1.000000 
(COPP) Climate Obliquity Precession Parameter []: 0.000000 
(OrbAngMom) Orbital Angular Momentum [kg*m^2/sec]: 1.211896e+40 
(ArgP) Body's argument of pericenter [rad]: 2.094395 
(Inc) Body's Inclination [rad]: 0.003840 
(LongA) Body's Longitude of ascending node [rad]: 4.188790 
(MeanLongitude) Orbital Mean Longitude [rad]: 0.000000 
(LongP) Body's Longitude of pericenter [rad]: 0.000000 
(TotOrbEnergy) System's Total Orbital Energy [kg*m^2/sec^2]: -1.808829e+35 
(OrbPotEnergy) Body's Orbital Potential Energy [kg*m^2/sec^2]: -1.766163e+35 
(LostEnergy) Body's Total Lost Energy [kg*m^2/sec^2]: 5.562685e-309 
----- EQTIDE PARAMETERS (TGc)------
(TidalRadius) In EqTide, the value of the radius that enters the tidal evolution equations. This parameter is distinct from others, such as the radius of XUV absorption or a pressure level in an atmosphere. [m]: 1.554981e+07 
(DsemiDtEqtide) Total da/dt from EqTide [m/sec]: 4.223398e-08 
(DeccDtEqtide) Total de/dt from EqTide [/sec]: 0.000000 
(DMeanMotionDtEqtide) Total dMeanMotion/dt from EqTide [/sec^2]: -2.084642e-22 
(DOrbPerDtEqtide) Total dOrbPer/dt from EqTide []: 6.167089e-12 
(EccTimeEqtide) Timescale for Eccentricity Evolution (e/[de/dt]) in EqTide [sec]: 0.000000 
(SemiTimeEqtide) Timescale for Semi-major Axis Evolution (a/[da/dt]) in EqTide [sec]: 1.048637e+17 
(DHEccDtEqtide) Time Rate of Change of Poincare's h in EqTide [/sec]: 0.000000 
(DKEccDtEqtide) Time Rate of Change of Poincare's k in EqTide [/sec]: 0.000000 
(DXoblDtEqtide) Time Rate of Change of Laskar's X in EqTide [/sec]: 7.407631e-14 
(DYoblDtEqtide) Time Rate of Change of Laskar's Y in EqTide [/sec]: 0.000000 
(DZoblDtEqtide) Time Rate of Change of Laskar's Z in EqTide [/sec]: -3.144353e-14 
(LockTime) Time when body tidally locked. [sec]: -1.000000 
(BodyDsemiDtEqtide) In EqTide, the total change in semi-major axis is due to dissipation in both bodies. This output parameter returns the change due to current body. []: -1.000000 
(BodyDeccDt) In EqTide, the total change in eccentricity is due to towrues on both bodies. This output parameter returns the change due to current body. []: -1.000000 
(DOblDtEqtide) Time Rate of Change of Obliquity in EqTide [rad/sec]: 8.047357e-14 
(DRotPerDtEqtide) Time Rate of Change of Rotation Period in EqTide []: 3.558981e-08 
(DRotRateDtEqtide) Time Rate of Change of Rotational Frequency in EqTide [/sec^2]: -2.995560e-17 
(EqRotRateDiscrete) CPL2 Discrete Equilibrium Spin Rate [/sec]: 1.457356e-05 
(EqRotPerDiscrete) CPL2 Discrete Equilibrium Spin Period [sec]: 4.311360e+05 
(EqRotRateCont) CPL2 Continuous Equilibrium Spin Rate [/sec]: 1.457356e-05 
(EqRotPerCont) CPL2 Continuous Equilibrium Rotation Period [sec]: 4.311360e+05 
(EqRotPer) Equilibrium Rotation Period [sec]: 4.311360e+05 
(EqTidePower) Equilibrium Power from Tides [/sec]: 0.000000 
(GammaRot) Gamma_Rotation [sec]: -1.000000 
(GammaOrb) Gamma_Orbital [sec]: -1.000000 
(OceanK2) Ocean's Love number k_2 []: 0.010000 
(EnvTidalQ) Envelope Tidal Q []: -1.000000 
(OceanTidalQ) Ocean Tidal Q []: -1.000000 
(TideLock) Tidally Locked? []: 0.000000 
(RotTimeEqtide) Timescale for Rotational Evolution in EqTide [sec]: 2.427661e+12 
(EnvK2) Envelope's Love number k_2 []: 0.010000 
(OblTimeEqtide) Timescale for Obliquity Evolution in EqTide []: -1.000000 
(PowerEqtide) Internal Power due to Tides in EqTide [kg*m^2/sec^3]: 4.464762e+18 
(SurfEnFluxEqtide) Surface Energy Flux due to Tides in EqTide [kg*m^2/sec^2/(m^2*sec)]: 1469.394314 
Tidal Perturbers: TGstar
----- DISTORB PARAMETERS (TGc)------
(Sinc) Body's sin(Inc/2) in DistOrb []: 0.001920 
(Pinc) Body's Poincare p in DistOrb []: -0.001663 
(Qinc) Body's Poincare q in DistOrb []: -0.000960 
(DIncDtDistOrb) Body's inclination derivative in DistOrb [rad/sec]: 1.393323e-12 
(DSincDtDistOrb) Body's sin(Inc/2) derivative in DistOrb [/sec]: 6.966605e-13 
(DLongADtDistOrb) Body's longitude of ascending node derivative in DistOrb [rad/sec]: -1.055130e-09 
(DLongPDtDistOrb) Body's longitude of pericenter derivative in DistOrb [rad/sec]: -nan 
(DHeccDtDistOrb) Body's Poincare h derivative in DistOrb [/sec]: 0.000000 
(DKeccDtDistOrb) Body's Poincare k in DistOrb [/sec]: 0.000000 
(DPincDtDistOrb) Body's Poincare p in DistOrb [/sec]: 4.095257e-13 
(DQincDtDistOrb) Body's Poincare q in DistOrb [/sec]: -2.102640e-12 
-----DISTROT PARAMETERS (TGc)------
(CassiniOne) First Cassini parameter (misalignment of Cassini state vectors) []: 0.388369 
(CassiniTwo) Second Cassini parameter (alignment of Cassini state vectors []: -0.921504 
(DOblDtDistRot) Body's dobl/dt in DistRot [rad]: -4.205275e-12 
(DPrecADtDistRot) Body's dpA/dt in DistRot [rad/sec]: 2.699556e-08 
(DXoblDtDistRot) Body's dXobl/dt in DistRot [/sec]: -3.870976e-12 
(DYoblDtDistRot) Body's dYobl/dt in DistRot [/sec]: 1.054801e-08 
(DZoblDtDistRot) Body's dZobl/dt in DistRot [/sec]: 1.643132e-12 
(OblTimeDistRot) Obliquity timescale in DistRot [rad]: 7.470600e+11 
(PrecATimeDistRot) Axial precession timescale in DistRot [sec]: 2.327488e+08 
(XoblTimeDistRot) Xobl timescale in DistRot [/sec]: 2.583328e+11 
(YoblTimeDistRot) Yobl timescale in DistRot [/sec]: 9.480465e+07 
(ZoblTimeDistRot) Zobl timescale in DistRot [/sec]: 6.085939e+11 
(DynEllip) dynamical ellipticity of planet []: 0.006696 
(PrecFNat) natural precession freq of planet [rad/sec]: 2.699748e-08 
Output Order: Time[year] RotPer[days] LongP[deg] SemiMajorAxis[au] Eccentricity[] SurfEnFluxTotal[W/m^2] Obliquity[deg] PrecA[deg] CassiniOne[deg] CassiniTwo[deg] PrecFNat[deg/year] DynEllip[] LongA[deg] Inc[deg]
Grid Output Order:

----- BODY: TGd ----
Active Modules: DistOrb DistRot EqTide
Module Bit Sum: 51
Color: 000000
(Mass) Mass [kg]: 5.374967e+24 
(Obliquity) Obliquity [rad]: 0.410152 
(PrecA) Body's precession angle [rad]: 0.000000 
(Xobl) Body's sin(obliquity)*cos(precession angle) []: 0.398749 
(Yobl) Body's sin(obliquity)*sin(precession angle) []: 0.000000 
(Zobl) Body's cos(obliquity) []: 0.917060 
(Radius) Radius [m]: 6.582199e+06 
(RadGyra) Radius of Gyration/Moment of Inertia Constant []: 0.500000 
(RotAngMom) Rotational Angular Momentum [kg*m^2/sec]: 4.233738e+33 
(RotKinEnergy) Body's Rotational Energy [kg*m^2/sec^2]: 1.539431e+29 
(RotVel) Rotational Velocity [m/sec]: 478.671034 
(BodyType) Type of Body (0 == planet) []: 0.000000 
(RotRate) Rotational Frequency [/sec]: 7.272205e-05 
(RotPer) Rotational Period [days]: 1.000000 
(Density) Average Density [kg/m^3]: 4499.602620 
(SurfEnFluxTotal) Total Surface Energy Flux [W/m^2]: 2.885482e+05 
(TidalQ) Tidal Q []: 12.000000 
(ImK2) Im(k_2) []: -0.025000 
(K2) k_2 []: 0.300000 
(K2Man) Real Love Number k2 Mantle []: 0.010000 
(Imk2Man) Imaginary Love Number k2 Mantle []: 0.000000 
(TidalQMantle) Mantle's Tidal Q []: 100.000000 
(HEcc) Poincare's h (=e*sin(varpi) []: 0.000000 
(HZLimitDryRunaway) Semi-major axis of Dry Runaway HZ Limit [m]: 4.769228e+10 
(HZLimRecVenus) Recent Venus HZ Limit [m]: 4.285996e+10 
(HZLimRunaway) Runaway Greenhouse HZ Limit [m]: 5.644404e+10 
(HZLimMoistGreenhouse) Moist Greenhouse HZ Limit [m]: 5.671081e+10 
(HZLimMaxGreenhouse) Maximum Greenhouse HZ Limit [m]: 1.084715e+11 
(HZLimEarlyMars) Early Mars HZ Limit [m]: 1.182993e+11 
(Instellation) Orbit-averaged INcident STELLar radiATION [kg*m^2/sec^2/(m^2*sec)]: 4.260811e+05 
(KEcc) Poincare's k (=e*cos(varpi) []: 0.000000 
(Eccentricity) Orbital Eccentricity []: 0.000000 
(OrbEnergy) Body's Total Orbital Energy [kg*m^2/sec^2]: -1.665391e+34 
(MeanMotion) Orbital Mean Motion [/sec]: 2.644438e-05 
(OrbPeriod) Orbital Period [sec]: 2.376000e+05 
(SemiMajorAxis) Semi-major Axis [m]: 2.976844e+09 
(CriticalSemiMajorAxis) Holman & Wiegert (1999) P-type Critical Semi-major Axis [m]: -1.000000 
(COPP) Climate Obliquity Precession Parameter []: 0.000000 
(OrbAngMom) Orbital Angular Momentum [kg*m^2/sec]: 1.259543e+39 
(ArgP) Body's argument of pericenter [rad]: 4.188790 
(Inc) Body's Inclination [rad]: 0.011519 
(LongA) Body's Longitude of ascending node [rad]: 2.094395 
(MeanLongitude) Orbital Mean Longitude [rad]: 0.000000 
(LongP) Body's Longitude of pericenter [rad]: 0.000000 
(TotOrbEnergy) System's Total Orbital Energy [kg*m^2/sec^2]: -1.808829e+35 
(OrbPotEnergy) Body's Orbital Potential Energy [kg*m^2/sec^2]: -3.330783e+34 
(LostEnergy) Body's Total Lost Energy [kg*m^2/sec^2]: 5.562685e-309 
----- EQTIDE PARAMETERS (TGd)------
(TidalRadius) In EqTide, the value of the radius that enters the tidal evolution equations. This parameter is distinct from others, such as the radius of XUV absorption or a pressure level in an atmosphere. [m]: 6.582199e+06 
(DsemiDtEqtide) Total da/dt from EqTide [m/sec]: 1.603054e-05 
(DeccDtEqtide) Total de/dt from EqTide [/sec]: 0.000000 
(DMeanMotionDtEqtide) Total dMeanMotion/dt from EqTide [/sec^2]: -2.136077e-19 
(DOrbPerDtEqtide) Total dOrbPer/dt from EqTide []: 1.919243e-09 
(EccTimeEqtide) Timescale for Eccentricity Evolution (e/[de/dt]) in EqTide [sec]: 0.000000 
(SemiTimeEqtide) Timescale for Semi-major Axis Evolution (a/[da/dt]) in EqTide [sec]: 1.856982e+14 
(DHEccDtEqtide) Time Rate of Change of Poincare's h in EqTide [/sec]: 0.000000 
(DKEccDtEqtide) Time Rate of Change of Poincare's k in EqTide [/sec]: 0.000000 
(DXoblDtEqtide) Time Rate of Change of Laskar's X in EqTide [/sec]: 1.466023e-10 
(DYoblDtEqtide) Time Rate of Change of Laskar's Y in EqTide [/sec]: 0.000000 
(DZoblDtEqtide) Time Rate of Change of Laskar's Z in EqTide [/sec]: -6.374450e-11 
(LockTime) Time when body tidally locked. [sec]: -1.000000 
(BodyDsemiDtEqtide) In EqTide, the total change in semi-major axis is due to dissipation in both bodies. This output parameter returns the change due to current body. []: -1.000000 
(BodyDeccDt) In EqTide, the total change in eccentricity is due to towrues on both bodies. This output parameter returns the change due to current body. []: -1.000000 
(DOblDtEqtide) Time Rate of Change of Obliquity in EqTide [rad/sec]: 1.598612e-10 
(DRotPerDtEqtide) Time Rate of Change of Rotation Period in EqTide []: 6.927691e-05 
(DRotRateDtEqtide) Time Rate of Change of Rotational Frequency in EqTide [/sec^2]: -5.830971e-14 
(EqRotRateDiscrete) CPL2 Discrete Equilibrium Spin Rate [/sec]: 2.644438e-05 
(EqRotPerDiscrete) CPL2 Discrete Equilibrium Spin Period [sec]: 2.376000e+05 
(EqRotRateCont) CPL2 Continuous Equilibrium Spin Rate [/sec]: 2.644438e-05 
(EqRotPerCont) CPL2 Continuous Equilibrium Rotation Period [sec]: 2.376000e+05 
(EqRotPer) Equilibrium Rotation Period [sec]: 2.376000e+05 
(EqTidePower) Equilibrium Power from Tides [/sec]: 0.000000 
(GammaRot) Gamma_Rotation [sec]: -1.000000 
(GammaOrb) Gamma_Orbital [sec]: -1.000000 
(OceanK2) Ocean's Love number k_2 []: 0.010000 
(EnvTidalQ) Envelope Tidal Q []: -1.000000 
(OceanTidalQ) Ocean Tidal Q []: -1.000000 
(TideLock) Tidally Locked? []: 0.000000 
(RotTimeEqtide) Timescale for Rotational Evolution in EqTide [sec]: 1.247169e+09 
(EnvK2) Envelope's Love number k_2 []: 0.010000 
(OblTimeEqtide) Timescale for Obliquity Evolution in EqTide []: -1.000000 
(PowerEqtide) Internal Power due to Tides in EqTide [kg*m^2/sec^3]: 1.570979e+20 
(SurfEnFluxEqtide) Surface Energy Flux due to Tides in EqTide [kg*m^2/sec^2/(m^2*sec)]: 2.885482e+05 
Tidal Perturbers: TGstar
----- DISTORB PARAMETERS (TGd)------
(Sinc) Body's sin(Inc/2) in DistOrb []: 0.005760 
(Pinc) Body's Poincare p in DistOrb []: 0.004988 
(Qinc) Body's Poincare q in DistOrb []: -0.002880 
(DIncDtDistOrb) Body's inclination derivative in DistOrb [rad/sec]: -8.944764e-13 
(DSincDtDistOrb) Body's sin(Inc/2) derivative in DistOrb [/sec]: -4.472308e-13 
(DLongADtDistOrb) Body's longitude of ascending node derivative in DistOrb [rad/sec]: -4.156832e-09 
(DLongPDtDistOrb) Body's longitude of pericenter derivative in DistOrb [rad/sec]: -nan 
(DHeccDtDistOrb) Body's Poincare h derivative in DistOrb [/sec]: 0.000000 
(DKeccDtDistOrb) Body's Poincare k in DistOrb [/sec]: 0.000000 
(DPincDtDistOrb) Body's Poincare p in DistOrb [/sec]: 1.158344e-11 
(DQincDtDistOrb) Body's Poincare q in DistOrb [/sec]: 2.095756e-11 
-----DISTROT PARAMETERS (TGd)------
(CassiniOne) First Cassini parameter (misalignment of Cassini state vectors) []: 0.845342 
(CassiniTwo) Second Cassini parameter (alignment of Cassini state vectors []: -0.534226 
(DOblDtDistRot) Body's dobl/dt in DistRot [rad]: 4.191444e-11 
(DPrecADtDistRot) Body's dpA/dt in DistRot [rad/sec]: 5.294294e-08 
(DXoblDtDistRot) Body's dXobl/dt in DistRot [/sec]: 3.843806e-11 
(DYoblDtDistRot) Body's dYobl/dt in DistRot [/sec]: 2.111095e-08 
(DZoblDtDistRot) Body's dZobl/dt in DistRot [/sec]: -1.671335e-11 
(OblTimeDistRot) Obliquity timescale in DistRot [rad]: 7.495251e+10 
(PrecATimeDistRot) Axial precession timescale in DistRot [sec]: 1.186784e+08 
(XoblTimeDistRot) Xobl timescale in DistRot [/sec]: 2.601588e+10 
(YoblTimeDistRot) Yobl timescale in DistRot [/sec]: 4.736878e+07 
(ZoblTimeDistRot) Zobl timescale in DistRot [/sec]: 5.983242e+10 
(DynEllip) dynamical ellipticity of planet []: 0.004006 
(PrecFNat) natural precession freq of planet [rad/sec]: 5.299595e-08 
Output Order: Time[year] RotPer[days] LongP[deg] SemiMajorAxis[au] Eccentricity[] SurfEnFluxTotal[W/m^2] Obliquity[deg] PrecA[deg] CassiniOne[deg] CassiniTwo[deg] PrecFNat[deg/year] DynEllip[] LongA[deg] Inc[deg]
Grid Output Order:



---- FINAL SYSTEM PROPERTIES ----
(Age) System Age [sec]: 1.609438e+13 
(Time) Simulation Time [sec]: 3.155760e+11 
(TotAngMom) Total Angular Momentum [kg*m^2/s]: 1.172382e+41 
(TotEnergy) Total System Energy [ergs]: -3.472134e+39 
(PotEnergy) Body's non-orbital Potential Energy [kg*m^2/sec^2]: -3.472071e+39 
(KinEnergy) Body's non-orbital Kinetic Energy [kg*m^2/sec^2]: 1.207618e+35 
(DeltaTime) Average Timestep Over Last Output Interval [sec]: 31.025926 

----- BODY: TGstar ----
Active Modules: EqTide STELLAR
Module Bit Sum: 67
Color: 000000
(Mass) Mass [kg]: 2.763898e+29 
(Obliquity) Obliquity [rad]: 0.000000 
(PrecA) Body's precession angle [rad]: 0.000000 
(Xobl) Body's sin(obliquity)*cos(precession angle) []: 0.000000 
(Yobl) Body's sin(obliquity)*sin(precession angle) []: 0.000000 
(Zobl) Body's cos(obliquity) []: 1.000000 
(Radius) Radius [Rearth]: 138.140123 
(RadGyra) Radius of Gyration/Moment of Inertia Constant []: 0.442579 
(RotAngMom) Rotational Angular Momentum [kg*m^2/sec]: 1.007496e+41 
(RotKinEnergy) Body's Rotational Energy [kg*m^2/sec^2]: 1.207618e+35 
(RotVel) Rotational Velocity [m/sec]: 2112.163600 
(BodyType) Type of Body (0 == planet) []: 0.000000 
(RotRate) Rotational Frequency [/sec]: 2.397267e-06 
(RotPer) Rotational Period [days]: 30.335401 
(Density) Average Density [kg/m^3]: 96.471705 
(SurfEnFluxTotal) Total Surface Energy Flux [kg*m^2/sec^2/(m^2*sec)]: 8.956944 
(TidalQ) Tidal Q []: 1.000000e+06 
(ImK2) Im(k_2) []: -1.500000e-06 
(K2) k_2 []: 1.500000 
(K2Man) Real Love Number k2 Mantle []: 0.010000 
(Imk2Man) Imaginary Love Number k2 Mantle []: 0.000000 
(TidalQMantle) Mantle's Tidal Q []: 100.000000 
(HEcc) Poincare's h (=e*sin(varpi) []: 0.000000 
(HZLimitDryRunaway) Semi-major axis of Dry Runaway HZ Limit [m]: 4.769228e+10 
(HZLimRecVenus) Recent Venus HZ Limit [m]: 4.285996e+10 
(HZLimRunaway) Runaway Greenhouse HZ Limit [m]: 5.644404e+10 
(HZLimMoistGreenhouse) Moist Greenhouse HZ Limit [m]: 5.671081e+10 
(HZLimMaxGreenhouse) Maximum Greenhouse HZ Limit [m]: 1.084715e+11 
(HZLimEarlyMars) Early Mars HZ Limit [m]: 1.182993e+11 
(Instellation) Orbit-averaged INcident STELLar radiATION [kg*m^2/sec^2/(m^2*sec)]: -1.000000 
(KEcc) Poincare's k (=e*cos(varpi) []: 0.000000 
(Eccentricity) Orbital Eccentricity []: -1.000000 
(OrbEnergy) Body's Total Orbital Energy [kg*m^2/sec^2]: 0.000000 
(MeanMotion) Orbital Mean Motion [/sec]: -1.000000 
(OrbPeriod) Orbital Period [sec]: -1.000000 
(SemiMajorAxis) Semi-major Axis [m]: -1.000000 
(CriticalSemiMajorAxis) Holman & Wiegert (1999) P-type Critical Semi-major Axis [m]: -1.000000 
(COPP) Climate Obliquity Precession Parameter []: 0.000000 
(OrbAngMom) Orbital Angular Momentum [kg*m^2/sec]: 0.000000 
(LongP) Body's Longitude of pericenter [rad]: 0.000000 
(LXUVTot) Total XUV Luminosity [kg*m^2/sec^2/(m^2*sec)]: 4.744759e+22 
(TotOrbEnergy) System's Total Orbital Energy [kg*m^2/sec^2]: -1.809111e+35 
(OrbPotEnergy) Body's Orbital Potential Energy [kg*m^2/sec^2]: -1.000000 
(LostEnergy) Body's Total Lost Energy [kg*m^2/sec^2]: 2.743771e+33 
(LostAngMom) Lost Angular Momentum due to Magnetic Braking [kg*m^2/sec]: 1.126759e+39 
----- EQTIDE PARAMETERS (TGstar)------
(LockTime) Time when body tidally locked. [sec]: -1.000000 
(BodyDsemiDtEqtide) In EqTide, the total change in semi-major axis is due to dissipation in both bodies. This output parameter returns the change due to current body. []: -1.000000 
(BodyDeccDt) In EqTide, the total change in eccentricity is due to towrues on both bodies. This output parameter returns the change due to current body. []: -1.000000 
(DOblDtEqtide) Time Rate of Change of Obliquity in EqTide [rad/sec]: 0.000000 
(DRotPerDtEqtide) Time Rate of Change of Rotation Period in EqTide []: -3.110759e-11 
(DRotRateDtEqtide) Time Rate of Change of Rotational Frequency in EqTide [/sec^2]: 2.845242e-23 
(EqRotRateDiscrete) CPL2 Discrete Equilibrium Spin Rate [/sec]: 7.659256e-05 
(EqRotPerDiscrete) CPL2 Discrete Equilibrium Spin Period [sec]: 8.203389e+04 
(EqRotRateCont) CPL2 Continuous Equilibrium Spin Rate [/sec]: 7.659256e-05 
(EqRotPerCont) CPL2 Continuous Equilibrium Rotation Period [sec]: 8.203389e+04 
(EqRotPer) Equilibrium Rotation Period [sec]: 8.203389e+04 
(EqTidePower) Equilibrium Power from Tides [/sec]: 0.000000 
(GammaRot) Gamma_Rotation [sec]: -1.000000 
(GammaOrb) Gamma_Orbital [sec]: -1.000000 
(OceanK2) Ocean's Love number k_2 []: 0.010000 
(EnvTidalQ) Envelope Tidal Q []: -1.000000 
(OceanTidalQ) Ocean Tidal Q []: -1.000000 
(TideLock) Tidally Locked? []: 0.000000 
(RotTimeEqtide) Timescale for Rotational Evolution in EqTide [sec]: 8.561548e+16 
(EnvK2) Envelope's Love number k_2 []: 0.010000 
(OblTimeEqtide) Timescale for Obliquity Evolution in EqTide []: -1.000000 
(PowerEqtide) Internal Power due to Tides in EqTide [kg*m^2/sec^3]: 8.737597e+19 
(SurfEnFluxEqtide) Surface Energy Flux due to Tides in EqTide [kg*m^2/sec^2/(m^2*sec)]: 8.956944 
Tidal Perturbers: TGb, TGc, TGd
----- STELLAR PARAMETERS (TGstar)------
(Luminosity) Luminosity [LSUN]: 0.123369 
(LXUVStellar) Base X-ray/XUV Luminosity [kg*m^2/sec^3]: 4.744759e+22 
(Temperature) Effective Temperature [K]: 3041.212295 
(LXUVFrac) Fraction of luminosity in XUV []: 0.001000 
(RossbyNumber) Rossby Number []: 0.458282 
(DRotPerDtStellar) Time Rate of Change of Rotation Period in STELLAR []: 9.236997e-08 
Output Order: Time[year] Radius[Rearth] RotPer[days] Luminosity[LSUN] TotEnergy[ergs] TotAngMom[kg*m^2/s]
Grid Output Order:

----- BODY: TGb ----
Active Modules: DistOrb DistRot EqTide
Module Bit Sum: 51
Color: 000000
(Mass) Mass [kg]: 1.206382e+25 
(Obliquity) Obliquity [rad]: 4.871753e-05 
(PrecA) Body's precession angle [rad]: 1.718581 
(Xobl) Body's sin(obliquity)*cos(precession angle) []: -7.173540e-06 
(Yobl) Body's sin(obliquity)*sin(precession angle) []: 4.818649e-05 
(Zobl) Body's cos(obliquity) []: 1.000000 
(Radius) Radius [m]: 7.653720e+06 
(RadGyra) Radius of Gyration/Moment of Inertia Constant []: 0.500000 
(RotAngMom) Rotational Angular Momentum [kg*m^2/sec]: 1.353183e+34 
(RotKinEnergy) Body's Rotational Energy [kg*m^2/sec^2]: 5.182186e+29 
(RotVel) Rotational Velocity [m/sec]: 586.217983 
(BodyType) Type of Body (0 == planet) []: 0.000000 
(RotRate) Rotational Frequency [/sec]: 7.659256e-05 
(RotPer) Rotational Period [days]: 0.949466 
(Density) Average Density [kg/m^3]: 6423.598304 
(SurfEnFluxTotal) Total Surface Energy Flux [W/m^2]: 0.125401 
(TidalQ) Tidal Q []: 12.000000 
(ImK2) Im(k_2) []: -0.025000 
(K2) k_2 []: 0.300000 
(K2Man) Real Love Number k2 Mantle []: 0.010000 
(Imk2Man) Imaginary Love Number k2 Mantle []: 0.000000 
(TidalQMantle) Mantle's Tidal Q []: 100.000000 
(HEcc) Poincare's h (=e*sin(varpi) []: 0.000000 
(HZLimitDryRunaway) Semi-major axis of Dry Runaway HZ Limit [m]: 4.769228e+10 
(HZLimRecVenus) Recent Venus HZ Limit [m]: 4.285996e+10 
(HZLimRunaway) Runaway Greenhouse HZ Limit [m]: 5.644404e+10 
(HZLimMoistGreenhouse) Moist Greenhouse HZ Limit [m]: 5.671081e+10 
(HZLimMaxGreenhouse) Maximum Greenhouse HZ Limit [m]: 1.084715e+11 
(HZLimEarlyMars) Early Mars HZ Limit [m]: 1.182993e+11 
(Instellation) Orbit-averaged INcident STELLar radiATION [kg*m^2/sec^2/(m^2*sec)]: 1.759096e+06 
(KEcc) Poincare's k (=e*cos(varpi) []: 0.000000 
(Eccentricity) Orbital Eccentricity []: 0.000000 
(OrbEnergy) Body's Total Orbital Energy [kg*m^2/sec^2]: -7.594929e+34 
(MeanMotion) Orbital Mean Motion [/sec]: 7.659256e-05 
(OrbPeriod) Orbital Period [sec]: 8.203389e+04 
(SemiMajorAxis) Semi-major Axis [m]: 1.465067e+09 
(CriticalSemiMajorAxis) Holman & Wiegert (1999) P-type Critical Semi-major Axis [m]: -1.000000 
(COPP) Climate Obliquity Precession Parameter []: 0.000000 
(OrbAngMom) Orbital Angular Momentum [kg*m^2/sec]: 1.983203e+39 
(ArgP) Body's argument of pericenter [rad]: 5.188464 
(Inc) Body's Inclination [rad]: 0.025242 
(LongA) Body's Longitude of ascending node [rad]: 1.094721 
(MeanLongitude) Orbital Mean Longitude [rad]: 0.000000 
(LongP) Body's Longitude of pericenter [rad]: 0.000000 
(TotOrbEnergy) System's Total Orbital Energy [kg*m^2/sec^2]: -1.809111e+35 
(OrbPotEnergy) Body's Orbital Potential Energy [kg*m^2/sec^2]: -1.518986e+35 
(LostEnergy) Body's Total Lost Energy [kg*m^2/sec^2]: 8.320123e+28 
----- EQTIDE PARAMETERS (TGb)------
(TidalRadius) In EqTide, the value of the radius that enters the tidal evolution equations. This parameter is distinct from others, such as the radius of XUV absorption or a pressure level in an atmosphere. [m]: 7.653720e+06 
(DsemiDtEqtide) Total da/dt from EqTide [m/sec]: -1.733757e-06 
(DeccDtEqtide) Total de/dt from EqTide [/sec]: -0.000000 
(DMeanMotionDtEqtide) Total dMeanMotion/dt from EqTide [/sec^2]: 1.359592e-19 
(DOrbPerDtEqtide) Total dOrbPer/dt from EqTide []: -1.456181e-10 
(EccTimeEqtide) Timescale for Eccentricity Evolution (e/[de/dt]) in EqTide [sec]: 0.000000 
(SemiTimeEqtide) Timescale for Semi-major Axis Evolution (a/[da/dt]) in EqTide [sec]: 8.450243e+14 
(DHEccDtEqtide) Time Rate of Change of Poincare's h in EqTide [/sec]: -0.000000 
(DKEccDtEqtide) Time Rate of Change of Poincare's k in EqTide [/sec]: -0.000000 
(DXoblDtEqtide) Time Rate of Change of Laskar's X in EqTide [/sec]: 2.692019e-13 
(DYoblDtEqtide) Time Rate of Change of Laskar's Y in EqTide [/sec]: -1.808298e-12 
(DZoblDtEqtide) Time Rate of Change of Laskar's Z in EqTide [/sec]: 8.906665e-17 
(LockTime) Time when body tidally locked. [sec]: 1.253610e+06 
(BodyDsemiDtEqtide) In EqTide, the total change in semi-major axis is due to dissipation in both bodies. This output parameter returns the change due to current body. []: -1.000000 
(BodyDeccDt) In EqTide, the total change in eccentricity is due to towrues on both bodies. This output parameter returns the change due to current body. []: -1.000000 
(DOblDtEqtide) Time Rate of Change of Obliquity in EqTide [rad/sec]: -1.828226e-12 
(DRotPerDtEqtide) Time Rate of Change of Rotation Period in EqTide []: -5.957872e-300 
(DRotRateDtEqtide) Time Rate of Change of Rotational Frequency in EqTide [/sec^2]: 5.562685e-309 
(EqRotRateDiscrete) CPL2 Discrete Equilibrium Spin Rate [/sec]: 7.659256e-05 
(EqRotPerDiscrete) CPL2 Discrete Equilibrium Spin Period [sec]: 8.203389e+04 
(EqRotRateCont) CPL2 Continuous Equilibrium Spin Rate [/sec]: 7.659256e-05 
(EqRotPerCont) CPL2 Continuous Equilibrium Rotation Period [sec]: 8.203389e+04 
(EqRotPer) Equilibrium Rotation Period [sec]: 8.203389e+04 
(EqTidePower) Equilibrium Power from Tides [/sec]: 0.000000 
(GammaRot) Gamma_Rotation [sec]: -1.000000 
(GammaOrb) Gamma_Orbital [sec]: -1.000000 
(OceanK2) Ocean's Love number k_2 []: 0.010000 
(EnvTidalQ) Envelope Tidal Q []: -1.000000 
(OceanTidalQ) Ocean Tidal Q []: -1.000000 
(TideLock) Tidally Locked? []: 1.000000 
(RotTimeEqtide) Timescale for Rotational Evolution in EqTide [sec]: 1.376899e+304 
(EnvK2) Envelope's Love number k_2 []: 0.010000 
(OblTimeEqtide) Timescale for Obliquity Evolution in EqTide []: -1.000000 
(PowerEqtide) Internal Power due to Tides in EqTide [kg*m^2/sec^3]: 9.231136e+13 
(SurfEnFluxEqtide) Surface Energy Flux due to Tides in EqTide [kg*m^2/sec^2/(m^2*sec)]: 0.125401 
Tidal Perturbers: TGstar
----- DISTORB PARAMETERS (TGb)------
(Sinc) Body's sin(Inc/2) in DistOrb []: 0.012621 
(Pinc) Body's Poincare p in DistOrb []: 0.011217 
(Qinc) Body's Poincare q in DistOrb []: 0.005784 
(DIncDtDistOrb) Body's inclination derivative in DistOrb [rad/sec]: 3.855396e-12 
(DSincDtDistOrb) Body's sin(Inc/2) derivative in DistOrb [/sec]: 1.927544e-12 
(DLongADtDistOrb) Body's longitude of ascending node derivative in DistOrb [rad/sec]: -6.760487e-10 
(DLongPDtDistOrb) Body's longitude of pericenter derivative in DistOrb [rad/sec]: -nan 
(DHeccDtDistOrb) Body's Poincare h derivative in DistOrb [/sec]: 0.000000 
(DKeccDtDistOrb) Body's Poincare k in DistOrb [/sec]: 0.000000 
(DPincDtDistOrb) Body's Poincare p in DistOrb [/sec]: -2.197080e-12 
(DQincDtDistOrb) Body's Poincare q in DistOrb [/sec]: 8.466851e-12 
-----DISTROT PARAMETERS (TGb)------
(CassiniOne) First Cassini parameter (misalignment of Cassini state vectors) []: 0.237034 
(CassiniTwo) Second Cassini parameter (alignment of Cassini state vectors []: -0.971501 
(DOblDtDistRot) Body's dobl/dt in DistRot [rad]: 1.852085e-12 
(DPrecADtDistRot) Body's dpA/dt in DistRot [rad/sec]: 5.915693e-10 
(DXoblDtDistRot) Body's dXobl/dt in DistRot [/sec]: -3.012208e-13 
(DYoblDtDistRot) Body's dYobl/dt in DistRot [/sec]: 1.827653e-12 
(DZoblDtDistRot) Body's dZobl/dt in DistRot [/sec]: -9.022901e-17 
(OblTimeDistRot) Obliquity timescale in DistRot [rad]: 1.696246e+12 
(PrecATimeDistRot) Axial precession timescale in DistRot [sec]: 1.062122e+10 
(XoblTimeDistRot) Xobl timescale in DistRot [/sec]: 3.319824e+12 
(YoblTimeDistRot) Yobl timescale in DistRot [/sec]: 5.471498e+11 
(ZoblTimeDistRot) Zobl timescale in DistRot [/sec]: 1.108291e+16 
(DynEllip) dynamical ellipticity of planet []: 0.003113 
(PrecFNat) natural precession freq of planet [rad/sec]: 3.576489e-07 
Output Order: Time[year] RotPer[days] LongP[deg] SemiMajorAxis[au] Eccentricity[] SurfEnFluxTotal[W/m^2] Obliquity[deg] PrecA[deg] CassiniOne[deg] CassiniTwo[deg] PrecFNat[deg/year] DynEllip[] LongA[deg] Inc[deg]
Grid Output Order:

----- BODY: TGc ----
Active Modules: DistOrb DistRot EqTide
Module Bit Sum: 51
Color: 000000
(Mass) Mass [kg]: 4.240252e+25 
(Obliquity) Obliquity [rad]: 0.429271 
(PrecA) Body's precession angle [rad]: 3.498357 
(Xobl) Body's sin(obliquity)*cos(precession angle) []: -0.390000 
(Yobl) Body's sin(obliquity)*sin(precession angle) []: -0.145358 
(Zobl) Body's cos(obliquity) []: 0.909269 
(Radius) Radius [m]: 1.554981e+07 
(RadGyra) Radius of Gyration/Moment of Inertia Constant []: 0.500000 
(RotAngMom) Rotational Angular Momentum [kg*m^2/sec]: 1.621705e+35 
(RotKinEnergy) Body's Rotational Energy [kg*m^2/sec^2]: 5.130171e+30 
(RotVel) Rotational Velocity [m/sec]: 983.818741 
(BodyType) Type of Body (0 == planet) []: 0.000000 
(RotRate) Rotational Frequency [/sec]: 6.326887e-05 
(RotPer) Rotational Period [days]: 1.149413 
(Density) Average Density [kg/m^3]: 2692.328127 
(SurfEnFluxTotal) Total Surface Energy Flux [W/m^2]: 1230.494752 
(TidalQ) Tidal Q []: 1.200000e+04 
(ImK2) Im(k_2) []: -8.333333e-05 
(K2) k_2 []: 1.000000 
(K2Man) Real Love Number k2 Mantle []: 0.010000 
(Imk2Man) Imaginary Love Number k2 Mantle []: 0.000000 
(TidalQMantle) Mantle's Tidal Q []: 100.000000 
(HEcc) Poincare's h (=e*sin(varpi) []: 0.000000 
(HZLimitDryRunaway) Semi-major axis of Dry Runaway HZ Limit [m]: 4.769228e+10 
(HZLimRecVenus) Recent Venus HZ Limit [m]: 4.285996e+10 
(HZLimRunaway) Runaway Greenhouse HZ Limit [m]: 5.644404e+10 
(HZLimMoistGreenhouse) Moist Greenhouse HZ Limit [m]: 5.671081e+10 
(HZLimMaxGreenhouse) Maximum Greenhouse HZ Limit [m]: 1.084715e+11 
(HZLimEarlyMars) Early Mars HZ Limit [m]: 1.182993e+11 
(Instellation) Orbit-averaged INcident STELLar radiATION [kg*m^2/sec^2/(m^2*sec)]: 1.924984e+05 
(KEcc) Poincare's k (=e*cos(varpi) []: 0.000000 
(Eccentricity) Orbital Eccentricity []: 0.000000 
(OrbEnergy) Body's Total Orbital Energy [kg*m^2/sec^2]: -8.830789e+34 
(MeanMotion) Orbital Mean Motion [/sec]: 1.457349e-05 
(OrbPeriod) Orbital Period [sec]: 4.311379e+05 
(SemiMajorAxis) Semi-major Axis [m]: 4.428826e+09 
(CriticalSemiMajorAxis) Holman & Wiegert (1999) P-type Critical Semi-major Axis [m]: -1.000000 
(COPP) Climate Obliquity Precession Parameter []: -0.000000 
(OrbAngMom) Orbital Angular Momentum [kg*m^2/sec]: 1.211898e+40 
(ArgP) Body's argument of pericenter [rad]: 1.796034 
(Inc) Body's Inclination [rad]: 0.005746 
(LongA) Body's Longitude of ascending node [rad]: 4.487151 
(MeanLongitude) Orbital Mean Longitude [rad]: 0.000000 
(LongP) Body's Longitude of pericenter [rad]: 0.000000 
(TotOrbEnergy) System's Total Orbital Energy [kg*m^2/sec^2]: -1.809111e+35 
(OrbPotEnergy) Body's Orbital Potential Energy [kg*m^2/sec^2]: -1.766158e+35 
(LostEnergy) Body's Total Lost Energy [kg*m^2/sec^2]: 1.294433e+30 
----- EQTIDE PARAMETERS (TGc)------
(TidalRadius) In EqTide, the value of the radius that enters the tidal evolution equations. This parameter is distinct from others, such as the radius of XUV absorption or a pressure level in an atmosphere. [m]: 1.554981e+07 
(DsemiDtEqtide) Total da/dt from EqTide [m/sec]: 4.223328e-08 
(DeccDtEqtide) Total de/dt from EqTide [/sec]: 0.000000 
(DMeanMotionDtEqtide) Total dMeanMotion/dt from EqTide [/sec^2]: -2.084592e-22 
(DOrbPerDtEqtide) Total dOrbPer/dt from EqTide []: 6.166997e-12 
(EccTimeEqtide) Timescale for Eccentricity Evolution (e/[de/dt]) in EqTide [sec]: 0.000000 
(SemiTimeEqtide) Timescale for Semi-major Axis Evolution (a/[da/dt]) in EqTide [sec]: 1.048658e+17 
(DHEccDtEqtide) Time Rate of Change of Poincare's h in EqTide [/sec]: 0.000000 
(DKEccDtEqtide) Time Rate of Change of Poincare's k in EqTide [/sec]: 0.000000 
(DXoblDtEqtide) Time Rate of Change of Laskar's X in EqTide [/sec]: -8.394637e-14 
(DYoblDtEqtide) Time Rate of Change of Laskar's Y in EqTide [/sec]: -3.128791e-14 
(DZoblDtEqtide) Time Rate of Change of Laskar's Z in EqTide [/sec]: -4.100773e-14 
(LockTime) Time when body tidally locked. [sec]: -1.000000 
(BodyDsemiDtEqtide) In EqTide, the total change in semi-major axis is due to dissipation in both bodies. This output parameter returns the change due to current body. []: -1.000000 
(BodyDeccDt) In EqTide, the total change in eccentricity is due to towrues on both bodies. This output parameter returns the change due to current body. []: -1.000000 
(DOblDtEqtide) Time Rate of Change of Obliquity in EqTide [rad/sec]: 9.852695e-14 
(DRotPerDtEqtide) Time Rate of Change of Rotation Period in EqTide []: 4.701863e-08 
(DRotRateDtEqtide) Time Rate of Change of Rotational Frequency in EqTide [/sec^2]: -2.995506e-17 
(EqRotRateDiscrete) CPL2 Discrete Equilibrium Spin Rate [/sec]: 1.457349e-05 
(EqRotPerDiscrete) CPL2 Discrete Equilibrium Spin Period [sec]: 4.311379e+05 
(EqRotRateCont) CPL2 Continuous Equilibrium Spin Rate [/sec]: 1.457349e-05 
(EqRotPerCont) CPL2 Continuous Equilibrium Rotation Period [sec]: 4.311379e+05 
(EqRotPer) Equilibrium Rotation Period [sec]: 4.311379e+05 
(EqTidePower) Equilibrium Power from Tides [/sec]: 0.000000 
(GammaRot) Gamma_Rotation [sec]: -1.000000 
(GammaOrb) Gamma_Orbital [sec]: -1.000000 
(OceanK2) Ocean's Love number k_2 []: 0.010000 
(EnvTidalQ) Envelope Tidal Q []: -1.000000 
(OceanTidalQ) Ocean Tidal Q []: -1.000000 
(TideLock) Tidally Locked? []: 0.000000 
(RotTimeEqtide) Timescale for Rotational Evolution in EqTide [sec]: 2.112126e+12 
(EnvK2) Envelope's Love number k_2 []: 0.010000 
(OblTimeEqtide) Timescale for Obliquity Evolution in EqTide []: -1.000000 
(PowerEqtide) Internal Power due to Tides in EqTide [kg*m^2/sec^3]: 3.738864e+18 
(SurfEnFluxEqtide) Surface Energy Flux due to Tides in EqTide [kg*m^2/sec^2/(m^2*sec)]: 1230.494752 
Tidal Perturbers: TGstar
----- DISTORB PARAMETERS (TGc)------
(Sinc) Body's sin(Inc/2) in DistOrb []: 0.002873 
(Pinc) Body's Poincare p in DistOrb []: -0.002800 
(Qinc) Body's Poincare q in DistOrb []: -0.000642 
(DIncDtDistOrb) Body's inclination derivative in DistOrb [rad/sec]: -4.933434e-12 
(DSincDtDistOrb) Body's sin(Inc/2) derivative in DistOrb [/sec]: -2.466707e-12 
(DLongADtDistOrb) Body's longitude of ascending node derivative in DistOrb [rad/sec]: -6.367102e-10 
(DLongPDtDistOrb) Body's longitude of pericenter derivative in DistOrb [rad/sec]: -nan 
(DHeccDtDistOrb) Body's Poincare h derivative in DistOrb [/sec]: 0.000000 
(DKeccDtDistOrb) Body's Poincare k in DistOrb [/sec]: 0.000000 
(DPincDtDistOrb) Body's Poincare p in DistOrb [/sec]: 2.812939e-12 
(DQincDtDistOrb) Body's Poincare q in DistOrb [/sec]: -1.232124e-12 
-----DISTROT PARAMETERS (TGc)------
(CassiniOne) First Cassini parameter (misalignment of Cassini state vectors) []: 0.953205 
(CassiniTwo) Second Cassini parameter (alignment of Cassini state vectors []: 0.302326 
(DOblDtDistRot) Body's dobl/dt in DistRot [rad]: 4.273871e-12 
(DPrecADtDistRot) Body's dpA/dt in DistRot [rad/sec]: 2.321081e-08 
(DXoblDtDistRot) Body's dXobl/dt in DistRot [/sec]: 3.370241e-09 
(DYoblDtDistRot) Body's dYobl/dt in DistRot [/sec]: -9.053582e-09 
(DZoblDtDistRot) Body's dZobl/dt in DistRot [/sec]: -1.778820e-12 
(OblTimeDistRot) Obliquity timescale in DistRot [rad]: 7.350696e+11 
(PrecATimeDistRot) Axial precession timescale in DistRot [sec]: 2.707008e+08 
(XoblTimeDistRot) Xobl timescale in DistRot [/sec]: 2.967147e+08 
(YoblTimeDistRot) Yobl timescale in DistRot [/sec]: 1.104535e+08 
(ZoblTimeDistRot) Zobl timescale in DistRot [/sec]: 5.621703e+11 
(DynEllip) dynamical ellipticity of planet []: 0.005068 
(PrecFNat) natural precession freq of planet [rad/sec]: 2.320116e-08 
Output Order: Time[year] RotPer[days] LongP[deg] SemiMajorAxis[au] Eccentricity[] SurfEnFluxTotal[W/m^2] Obliquity[deg] PrecA[deg] CassiniOne[deg] CassiniTwo[deg] PrecFNat[deg/year] DynEllip[] LongA[deg] Inc[deg]
Grid Output Order:

----- BODY: TGd ----
Active Modules: DistOrb DistRot EqTide
Module Bit Sum: 51
Color: 000000
(Mass) Mass [kg]: 5.374967e+24 
(Obliquity) Obliquity [rad]: 0.002686 
(PrecA) Body's precession angle [rad]: 3.076225 
(Xobl) Body's sin(obliquity)*cos(precession angle) []: -0.002680 
(Yobl) Body's sin(obliquity)*sin(precession angle) []: 0.000175 
(Zobl) Body's cos(obliquity) []: 0.999996 
(Radius) Radius [m]: 6.582199e+06 
(RadGyra) Radius of Gyration/Moment of Inertia Constant []: 0.500000 
(RotAngMom) Rotational Angular Momentum [kg*m^2/sec]: 1.539537e+33 
(RotKinEnergy) Body's Rotational Energy [kg*m^2/sec^2]: 2.035599e+28 
(RotVel) Rotational Velocity [m/sec]: 174.061670 
(BodyType) Type of Body (0 == planet) []: 0.000000 
(RotRate) Rotational Frequency [/sec]: 2.644430e-05 
(RotPer) Rotational Period [days]: 2.750008 
(Density) Average Density [kg/m^3]: 4499.602620 
(SurfEnFluxTotal) Total Surface Energy Flux [W/m^2]: 1.189629 
(TidalQ) Tidal Q []: 12.000000 
(ImK2) Im(k_2) []: -0.025000 
(K2) k_2 []: 0.300000 
(K2Man) Real Love Number k2 Mantle []: 0.010000 
(Imk2Man) Imaginary Love Number k2 Mantle []: 0.000000 
(TidalQMantle) Mantle's Tidal Q []: 100.000000 
(HEcc) Poincare's h (=e*sin(varpi) []: 0.000000 
(HZLimitDryRunaway) Semi-major axis of Dry Runaway HZ Limit [m]: 4.769228e+10 
(HZLimRecVenus) Recent Venus HZ Limit [m]: 4.285996e+10 
(HZLimRunaway) Runaway Greenhouse HZ Limit [m]: 5.644404e+10 
(HZLimMoistGreenhouse) Moist Greenhouse HZ Limit [m]: 5.671081e+10 
(HZLimMaxGreenhouse) Maximum Greenhouse HZ Limit [m]: 1.084715e+11 
(HZLimEarlyMars) Early Mars HZ Limit [m]: 1.182993e+11 
(Instellation) Orbit-averaged INcident STELLar radiATION [kg*m^2/sec^2/(m^2*sec)]: 4.260794e+05 
(KEcc) Poincare's k (=e*cos(varpi) []: 0.000000 
(Eccentricity) Orbital Eccentricity []: 0.000000 
(OrbEnergy) Body's Total Orbital Energy [kg*m^2/sec^2]: -1.665388e+34 
(MeanMotion) Orbital Mean Motion [/sec]: 2.644430e-05 
(OrbPeriod) Orbital Period [sec]: 2.376007e+05 
(SemiMajorAxis) Semi-major Axis [m]: 2.976850e+09 
(CriticalSemiMajorAxis) Holman & Wiegert (1999) P-type Critical Semi-major Axis [m]: -1.000000 
(COPP) Climate Obliquity Precession Parameter []: 0.000000 
(OrbAngMom) Orbital Angular Momentum [kg*m^2/sec]: 1.259544e+39 
(ArgP) Body's argument of pericenter [rad]: 0.230506 
(Inc) Body's Inclination [rad]: 0.015098 
(LongA) Body's Longitude of ascending node [rad]: 6.052679 
(MeanLongitude) Orbital Mean Longitude [rad]: 0.000000 
(LongP) Body's Longitude of pericenter [rad]: 0.000000 
(TotOrbEnergy) System's Total Orbital Energy [kg*m^2/sec^2]: -1.809111e+35 
(OrbPotEnergy) Body's Orbital Potential Energy [kg*m^2/sec^2]: -3.330776e+34 
(LostEnergy) Body's Total Lost Energy [kg*m^2/sec^2]: 7.211209e+28 
----- EQTIDE PARAMETERS (TGd)------
(TidalRadius) In EqTide, the value of the radius that enters the tidal evolution equations. This parameter is distinct from others, such as the radius of XUV absorption or a pressure level in an atmosphere. [m]: 6.582199e+06 
(DsemiDtEqtide) Total da/dt from EqTide [m/sec]: -1.576261e-08 
(DeccDtEqtide) Total de/dt from EqTide [/sec]: -0.000000 
(DMeanMotionDtEqtide) Total dMeanMotion/dt from EqTide [/sec^2]: 2.100365e-22 
(DOrbPerDtEqtide) Total dOrbPer/dt from EqTide []: -1.887167e-12 
(EccTimeEqtide) Timescale for Eccentricity Evolution (e/[de/dt]) in EqTide [sec]: 0.000000 
(SemiTimeEqtide) Timescale for Semi-major Axis Evolution (a/[da/dt]) in EqTide [sec]: 1.888551e+17 
(DHEccDtEqtide) Time Rate of Change of Poincare's h in EqTide [/sec]: -0.000000 
(DKEccDtEqtide) Time Rate of Change of Poincare's k in EqTide [/sec]: -0.000000 
(DXoblDtEqtide) Time Rate of Change of Laskar's X in EqTide [/sec]: 5.910072e-12 
(DYoblDtEqtide) Time Rate of Change of Laskar's Y in EqTide [/sec]: -3.868813e-13 
(DZoblDtEqtide) Time Rate of Change of Laskar's Z in EqTide [/sec]: 1.590896e-14 
(LockTime) Time when body tidally locked. [sec]: 8.723573e+08 
(BodyDsemiDtEqtide) In EqTide, the total change in semi-major axis is due to dissipation in both bodies. This output parameter returns the change due to current body. []: -1.000000 
(BodyDeccDt) In EqTide, the total change in eccentricity is due to towrues on both bodies. This output parameter returns the change due to current body. []: -1.000000 
(DOblDtEqtide) Time Rate of Change of Obliquity in EqTide [rad/sec]: -5.922743e-12 
(DRotPerDtEqtide) Time Rate of Change of Rotation Period in EqTide []: -4.998044e-299 
(DRotRateDtEqtide) Time Rate of Change of Rotational Frequency in EqTide [/sec^2]: 5.562685e-309 
(EqRotRateDiscrete) CPL2 Discrete Equilibrium Spin Rate [/sec]: 2.644430e-05 
(EqRotPerDiscrete) CPL2 Discrete Equilibrium Spin Period [sec]: 2.376007e+05 
(EqRotRateCont) CPL2 Continuous Equilibrium Spin Rate [/sec]: 2.644430e-05 
(EqRotPerCont) CPL2 Continuous Equilibrium Rotation Period [sec]: 2.376007e+05 
(EqRotPer) Equilibrium Rotation Period [sec]: 2.376007e+05 
(EqTidePower) Equilibrium Power from Tides [/sec]: 0.000000 
(GammaRot) Gamma_Rotation [sec]: -1.000000 
(GammaOrb) Gamma_Orbital [sec]: -1.000000 
(OceanK2) Ocean's Love number k_2 []: 0.010000 
(EnvTidalQ) Envelope Tidal Q []: -1.000000 
(OceanTidalQ) Ocean Tidal Q []: -1.000000 
(TideLock) Tidally Locked? []: 1.000000 
(RotTimeEqtide) Timescale for Rotational Evolution in EqTide [sec]: 4.753874e+303 
(EnvK2) Envelope's Love number k_2 []: 0.010000 
(OblTimeEqtide) Timescale for Obliquity Evolution in EqTide []: -1.000000 
(PowerEqtide) Internal Power due to Tides in EqTide [kg*m^2/sec^3]: 6.476841e+14 
(SurfEnFluxEqtide) Surface Energy Flux due to Tides in EqTide [kg*m^2/sec^2/(m^2*sec)]: 1.189629 
Tidal Perturbers: TGstar
----- DISTORB PARAMETERS (TGd)------
(Sinc) Body's sin(Inc/2) in DistOrb []: 0.007549 
(Pinc) Body's Poincare p in DistOrb []: -0.001725 
(Qinc) Body's Poincare q in DistOrb []: 0.007349 
(DIncDtDistOrb) Body's inclination derivative in DistOrb [rad/sec]: 7.919353e-12 
(DSincDtDistOrb) Body's sin(Inc/2) derivative in DistOrb [/sec]: 3.959564e-12 
(DLongADtDistOrb) Body's longitude of ascending node derivative in DistOrb [rad/sec]: -3.089402e-09 
(DLongPDtDistOrb) Body's longitude of pericenter derivative in DistOrb [rad/sec]: -nan 
(DHeccDtDistOrb) Body's Poincare h derivative in DistOrb [/sec]: 0.000000 
(DKeccDtDistOrb) Body's Poincare k in DistOrb [/sec]: 0.000000 
(DPincDtDistOrb) Body's Poincare p in DistOrb [/sec]: -2.360973e-11 
(DQincDtDistOrb) Body's Poincare q in DistOrb [/sec]: -1.473530e-12 
-----DISTROT PARAMETERS (TGd)------
(CassiniOne) First Cassini parameter (misalignment of Cassini state vectors) []: 0.189864 
(CassiniTwo) Second Cassini parameter (alignment of Cassini state vectors []: -0.981810 
(DOblDtDistRot) Body's dobl/dt in DistRot [rad]: 6.024611e-12 
(DPrecADtDistRot) Body's dpA/dt in DistRot [rad/sec]: 3.544654e-09 
(DXoblDtDistRot) Body's dXobl/dt in DistRot [/sec]: -6.633663e-12 
(DYoblDtDistRot) Body's dYobl/dt in DistRot [/sec]: -9.107352e-12 
(DZoblDtDistRot) Body's dZobl/dt in DistRot [/sec]: -1.618258e-14 
(OblTimeDistRot) Obliquity timescale in DistRot [rad]: 5.214598e+11 
(PrecATimeDistRot) Axial precession timescale in DistRot [sec]: 1.772581e+09 
(XoblTimeDistRot) Xobl timescale in DistRot [/sec]: 1.507463e+11 
(YoblTimeDistRot) Yobl timescale in DistRot [/sec]: 1.098014e+11 
(ZoblTimeDistRot) Zobl timescale in DistRot [/sec]: 6.179484e+13 
(DynEllip) dynamical ellipticity of planet []: 0.000530 
(PrecFNat) natural precession freq of planet [rad/sec]: 2.101390e-08 
Output Order: Time[year] RotPer[days] LongP[deg] SemiMajorAxis[au] Eccentricity[] SurfEnFluxTotal[W/m^2] Obliquity[deg] PrecA[deg] CassiniOne[deg] CassiniTwo[deg] PrecFNat[deg/year] DynEllip[] LongA[deg] Inc[deg]
Grid Output Order:
