-------- Log file LP791-18.log -------

Executable: /Users/noahvowell/opt/anaconda3/envs/exo/bin/vplanet
Version: Unknown
System Name: LP791-18
Primary Input File: vpl.in
Body File #1: star.in
Body File #2: b.in
Body File #3: c.in
Body File #4: d.in
Allow files to be overwitten: Yes
Mass Units: Grams
Length Units: Meters
Time Units: Seconds
Angle Units: Radians

------- FORMATTING -----
Verbosity Level: 5
Crossover Decade for Scientific Notation: 4
Number of Digits After Decimal: 6
Integration Method: Runge-Kutta4
Direction: Forward
Time Step: 3.155760e+07
Stop Time: 3.155760e+12
Output Interval: 3.155760e+09
Use Variable Timestep: Yes
dEta: 0.010000
Minimum Value of ecc and obl: 1.000000e-10


---- INITIAL SYSTEM PROPERTIES ----
(Age) System Age [sec]: 3.155760e+13 
(Time) Simulation Time [sec]: 0.000000 
(TotAngMom) Total Angular Momentum [kg*m^2/sec]: 1.625212e+41 
(TotEnergy) Total System Energy [kg*m^2/sec^2]: -2.125318e+40 
(PotEnergy) Body's non-orbital Potential Energy [kg*m^2/sec^2]: -2.126382e+40 
(KinEnergy) Body's non-orbital Kinetic Energy [kg*m^2/sec^2]: 1.080495e+37 
(DeltaTime) Average Timestep Over Last Output Interval [sec]: 0.000000 

----- BODY: star ----
Active Modules: 
Module Bit Sum: 1
Color: 000000
(Mass) Mass [kg]: 2.695264e+29 
(Radius) Radius [m]: 1.368097e+08 
(RadGyra) Radius of Gyration/Moment of Inertia Constant []: 0.450000 
(BodyType) Type of Body (0 == planet) []: 0.000000 
(Density) Average Density [kg/m^3]: 2.512821e+04 
(HZLimitDryRunaway) Semi-major axis of Dry Runaway HZ Limit [m]: -1.000000 
(HZLimRecVenus) Recent Venus HZ Limit []: -1.000000 
(HZLimRunaway) Runaway Greenhouse HZ Limit []: -1.000000 
(HZLimMoistGreenhouse) Moist Greenhouse HZ Limit []: -1.000000 
(HZLimMaxGreenhouse) Maximum Greenhouse HZ Limit []: -1.000000 
(HZLimEarlyMars) Early Mars HZ Limit []: -1.000000 
(Instellation) Orbit-averaged INcident STELLar radiATION [kg*m^2/sec^2/(m^2*sec)]: -1.000000 
Output Order:
Grid Output Order:

----- BODY: b ----
Active Modules: DistOrb
Module Bit Sum: 17
Color: 000000
(Mass) Mass [kg]: 9.909973e+24 
(Radius) Radius [m]: 7.498323e+06 
(RadGyra) Radius of Gyration/Moment of Inertia Constant []: 0.400000 
(RotKinEnergy) Body's Rotational Energy [kg*m^2/sec^2]: 2.357344e+29 
(RotVel) Rotational Velocity [m/sec]: 545.293468 
(BodyType) Type of Body (0 == planet) []: 0.000000 
(Density) Average Density [kg/m^3]: 5611.659788 
(HEcc) Poincare's h (=e*sin(varpi) []: -0.016761 
(HZLimitDryRunaway) Semi-major axis of Dry Runaway HZ Limit [m]: -1.000000 
(HZLimRecVenus) Recent Venus HZ Limit []: -1.000000 
(HZLimRunaway) Runaway Greenhouse HZ Limit []: -1.000000 
(HZLimMoistGreenhouse) Moist Greenhouse HZ Limit []: -1.000000 
(HZLimMaxGreenhouse) Maximum Greenhouse HZ Limit []: -1.000000 
(HZLimEarlyMars) Early Mars HZ Limit []: -1.000000 
(Instellation) Orbit-averaged INcident STELLar radiATION [kg*m^2/sec^2/(m^2*sec)]: -1.000000 
(KEcc) Poincare's k (=e*cos(varpi) []: 0.000893 
(Eccentricity) Orbital Eccentricity []: 0.016784 
(OrbEnergy) Body's Total Orbital Energy [kg*m^2/sec^2]: -6.141565e+34 
(MeanMotion) Orbital Mean Motion [/sec]: 7.671092e-05 
(OrbPeriod) Orbital Period [sec]: 8.190731e+04 
(SemiMajorAxis) Semi-major Axis [m]: 1.451340e+09 
(OrbAngMom) Orbital Angular Momentum [kg*m^2/sec]: 1.600998e+39 
(ArgP) Body's argument of pericenter [rad]: 0.884552 
(Inc) Body's Inclination [rad]: 0.036472 
(LongA) Body's Longitude of ascending node [rad]: 3.881040 
(MeanLongitude) Orbital Mean Longitude [rad]: -1.517592 
(LongP) Body's Longitude of pericenter [rad]: 4.765593 
(TotOrbEnergy) System's Total Orbital Energy [kg*m^2/sec^2]: -1.643306e+35 
(OrbPotEnergy) Body's Orbital Potential Energy [kg*m^2/sec^2]: -1.228313e+35 
----- DISTORB PARAMETERS (b)------
(Sinc) Body's sin(Inc/2) in DistOrb []: 0.018235 
(Pinc) Body's Poincare p in DistOrb []: -0.012288 
(Qinc) Body's Poincare q in DistOrb []: -0.013473 
(DIncDtDistOrb) Body's inclination derivative in DistOrb [rad/sec]: -6.051273e-12 
(DSincDtDistOrb) Body's sin(Inc/2) derivative in DistOrb [/sec]: -3.025133e-12 
(DLongADtDistOrb) Body's longitude of ascending node derivative in DistOrb [rad/sec]: -6.259869e-10 
(DLongPDtDistOrb) Body's longitude of pericenter derivative in DistOrb [rad/sec]: 1.116071e-09 
(DHeccDtDistOrb) Body's Poincare h derivative in DistOrb [/sec]: 2.781538e-12 
(DKeccDtDistOrb) Body's Poincare k in DistOrb [/sec]: 1.861108e-11 
(DPincDtDistOrb) Body's Poincare p in DistOrb [/sec]: 1.047231e-11 
(DQincDtDistOrb) Body's Poincare q in DistOrb [/sec]: -5.457123e-12 
Output Order: Time[year] TotEnergy[ergs] TotAngMom[kg*m^2/s] LongP[deg] SemiMajorAxis[au] Eccentricity[] Inc[deg] LongA[deg]
Grid Output Order:

----- BODY: c ----
Active Modules: DistOrb
Module Bit Sum: 17
Color: 000000
(Mass) Mass [kg]: 3.613245e+25 
(Radius) Radius [m]: 1.628069e+07 
(RadGyra) Radius of Gyration/Moment of Inertia Constant []: 0.400000 
(RotKinEnergy) Body's Rotational Energy [kg*m^2/sec^2]: 4.051960e+30 
(RotVel) Rotational Velocity [m/sec]: 1183.965099 
(BodyType) Type of Body (0 == planet) []: 0.000000 
(Density) Average Density [kg/m^3]: 1998.897110 
(HEcc) Poincare's h (=e*sin(varpi) []: 0.022846 
(HZLimitDryRunaway) Semi-major axis of Dry Runaway HZ Limit [m]: -1.000000 
(HZLimRecVenus) Recent Venus HZ Limit []: -1.000000 
(HZLimRunaway) Runaway Greenhouse HZ Limit []: -1.000000 
(HZLimMoistGreenhouse) Moist Greenhouse HZ Limit []: -1.000000 
(HZLimMaxGreenhouse) Maximum Greenhouse HZ Limit []: -1.000000 
(HZLimEarlyMars) Early Mars HZ Limit []: -1.000000 
(Instellation) Orbit-averaged INcident STELLar radiATION [kg*m^2/sec^2/(m^2*sec)]: -1.000000 
(KEcc) Poincare's k (=e*cos(varpi) []: 0.008590 
(Eccentricity) Orbital Eccentricity []: 0.024407 
(OrbEnergy) Body's Total Orbital Energy [kg*m^2/sec^2]: -7.400038e+34 
(MeanMotion) Orbital Mean Motion [/sec]: 1.457381e-05 
(OrbPeriod) Orbital Period [sec]: 4.311284e+05 
(SemiMajorAxis) Semi-major Axis [m]: 4.391766e+09 
(OrbAngMom) Orbital Angular Momentum [kg*m^2/sec]: 1.015223e+40 
(ArgP) Body's argument of pericenter [rad]: 1.781343 
(Inc) Body's Inclination [rad]: 0.001934 
(LongA) Body's Longitude of ascending node [rad]: 5.712987 
(MeanLongitude) Orbital Mean Longitude [rad]: 1.211145 
(LongP) Body's Longitude of pericenter [rad]: 1.211145 
(TotOrbEnergy) System's Total Orbital Energy [kg*m^2/sec^2]: -1.643306e+35 
(OrbPotEnergy) Body's Orbital Potential Energy [kg*m^2/sec^2]: -1.480008e+35 
----- DISTORB PARAMETERS (c)------
(Sinc) Body's sin(Inc/2) in DistOrb []: 0.000967 
(Pinc) Body's Poincare p in DistOrb []: -0.000522 
(Qinc) Body's Poincare q in DistOrb []: 0.000814 
(DIncDtDistOrb) Body's inclination derivative in DistOrb [rad/sec]: 1.011216e-11 
(DSincDtDistOrb) Body's sin(Inc/2) derivative in DistOrb [/sec]: 5.056079e-12 
(DLongADtDistOrb) Body's longitude of ascending node derivative in DistOrb [rad/sec]: 1.908033e-09 
(DLongPDtDistOrb) Body's longitude of pericenter derivative in DistOrb [rad/sec]: 5.045308e-10 
(DHeccDtDistOrb) Body's Poincare h derivative in DistOrb [/sec]: 1.115666e-11 
(DKeccDtDistOrb) Body's Poincare k in DistOrb [/sec]: -8.960937e-12 
(DPincDtDistOrb) Body's Poincare p in DistOrb [/sec]: -1.176221e-12 
(DQincDtDistOrb) Body's Poincare q in DistOrb [/sec]: 5.252066e-12 
Output Order: Time[year] LongP[deg] SemiMajorAxis[au] Eccentricity[] Inc[deg] LongA[deg]
Grid Output Order:

----- BODY: d ----
Active Modules: DistOrb
Module Bit Sum: 17
Color: 000000
(Mass) Mass [kg]: 9.497710e+24 
(Radius) Radius [m]: 6.579961e+06 
(RadGyra) Radius of Gyration/Moment of Inertia Constant []: 0.400000 
(RotKinEnergy) Body's Rotational Energy [kg*m^2/sec^2]: 1.739754e+29 
(RotVel) Rotational Velocity [m/sec]: 478.508292 
(BodyType) Type of Body (0 == planet) []: 0.000000 
(Density) Average Density [kg/m^3]: 7959.031922 
(HEcc) Poincare's h (=e*sin(varpi) []: 0.012037 
(HZLimitDryRunaway) Semi-major axis of Dry Runaway HZ Limit [m]: -1.000000 
(HZLimRecVenus) Recent Venus HZ Limit []: -1.000000 
(HZLimRunaway) Runaway Greenhouse HZ Limit []: -1.000000 
(HZLimMoistGreenhouse) Moist Greenhouse HZ Limit []: -1.000000 
(HZLimMaxGreenhouse) Maximum Greenhouse HZ Limit []: -1.000000 
(HZLimEarlyMars) Early Mars HZ Limit []: -1.000000 
(Instellation) Orbit-averaged INcident STELLar radiATION [kg*m^2/sec^2/(m^2*sec)]: -1.000000 
(KEcc) Poincare's k (=e*cos(varpi) []: -0.014015 
(Eccentricity) Orbital Eccentricity []: 0.018475 
(OrbEnergy) Body's Total Orbital Energy [kg*m^2/sec^2]: -2.891452e+34 
(MeanMotion) Orbital Mean Motion [/sec]: 2.641147e-05 
(OrbPeriod) Orbital Period [sec]: 2.378961e+05 
(SemiMajorAxis) Semi-major Axis [m]: 2.954464e+09 
(OrbAngMom) Orbital Angular Momentum [kg*m^2/sec]: 2.189169e+39 
(ArgP) Body's argument of pericenter [rad]: 3.992785 
(Inc) Body's Inclination [rad]: 0.017767 
(LongA) Body's Longitude of ascending node [rad]: 4.722355 
(MeanLongitude) Orbital Mean Longitude [rad]: 2.431955 
(LongP) Body's Longitude of pericenter [rad]: 2.431955 
(TotOrbEnergy) System's Total Orbital Energy [kg*m^2/sec^2]: -1.643306e+35 
(OrbPotEnergy) Body's Orbital Potential Energy [kg*m^2/sec^2]: -5.782904e+34 
----- DISTORB PARAMETERS (d)------
(Sinc) Body's sin(Inc/2) in DistOrb []: 0.008883 
(Pinc) Body's Poincare p in DistOrb []: -0.008883 
(Qinc) Body's Poincare q in DistOrb []: 8.853156e-05 
(DIncDtDistOrb) Body's inclination derivative in DistOrb [rad/sec]: 3.983896e-12 
(DSincDtDistOrb) Body's sin(Inc/2) derivative in DistOrb [/sec]: 1.991869e-12 
(DLongADtDistOrb) Body's longitude of ascending node derivative in DistOrb [rad/sec]: -2.295167e-09 
(DLongPDtDistOrb) Body's longitude of pericenter derivative in DistOrb [rad/sec]: 2.032159e-09 
(DHeccDtDistOrb) Body's Poincare h derivative in DistOrb [/sec]: -5.682240e-11 
(DKeccDtDistOrb) Body's Poincare k in DistOrb [/sec]: 8.536744e-12 
(DPincDtDistOrb) Body's Poincare p in DistOrb [/sec]: -2.194965e-12 
(DQincDtDistOrb) Body's Poincare q in DistOrb [/sec]: -2.036780e-11 
Output Order: Time[year] LongP[deg] SemiMajorAxis[au] Eccentricity[] Inc[deg] LongA[deg]
Grid Output Order:



---- FINAL SYSTEM PROPERTIES ----
(Age) System Age [sec]: 3.471336e+13 
(Time) Simulation Time [sec]: 3.155760e+12 
(TotAngMom) Total Angular Momentum [kg*m^2/sec]: 1.625212e+41 
(TotEnergy) Total System Energy [kg*m^2/sec^2]: -2.125318e+40 
(PotEnergy) Body's non-orbital Potential Energy [kg*m^2/sec^2]: -2.126382e+40 
(KinEnergy) Body's non-orbital Kinetic Energy [kg*m^2/sec^2]: 1.080495e+37 
(DeltaTime) Average Timestep Over Last Output Interval [sec]: 2864.929542 

----- BODY: star ----
Active Modules: 
Module Bit Sum: 1
Color: 000000
(Mass) Mass [kg]: 2.695264e+29 
(Radius) Radius [m]: 1.368097e+08 
(RadGyra) Radius of Gyration/Moment of Inertia Constant []: 0.450000 
(BodyType) Type of Body (0 == planet) []: 0.000000 
(Density) Average Density [kg/m^3]: 2.512821e+04 
(HZLimitDryRunaway) Semi-major axis of Dry Runaway HZ Limit [m]: -1.000000 
(HZLimRecVenus) Recent Venus HZ Limit []: -1.000000 
(HZLimRunaway) Runaway Greenhouse HZ Limit []: -1.000000 
(HZLimMoistGreenhouse) Moist Greenhouse HZ Limit []: -1.000000 
(HZLimMaxGreenhouse) Maximum Greenhouse HZ Limit []: -1.000000 
(HZLimEarlyMars) Early Mars HZ Limit []: -1.000000 
(Instellation) Orbit-averaged INcident STELLar radiATION [kg*m^2/sec^2/(m^2*sec)]: -1.000000 
Output Order:
Grid Output Order:

----- BODY: b ----
Active Modules: DistOrb
Module Bit Sum: 17
Color: 000000
(Mass) Mass [kg]: 9.909973e+24 
(Radius) Radius [m]: 7.498323e+06 
(RadGyra) Radius of Gyration/Moment of Inertia Constant []: 0.400000 
(RotKinEnergy) Body's Rotational Energy [kg*m^2/sec^2]: 2.357344e+29 
(RotVel) Rotational Velocity [m/sec]: 545.293468 
(BodyType) Type of Body (0 == planet) []: 0.000000 
(Density) Average Density [kg/m^3]: 5611.659788 
(HEcc) Poincare's h (=e*sin(varpi) []: -0.023869 
(HZLimitDryRunaway) Semi-major axis of Dry Runaway HZ Limit [m]: -1.000000 
(HZLimRecVenus) Recent Venus HZ Limit []: -1.000000 
(HZLimRunaway) Runaway Greenhouse HZ Limit []: -1.000000 
(HZLimMoistGreenhouse) Moist Greenhouse HZ Limit []: -1.000000 
(HZLimMaxGreenhouse) Maximum Greenhouse HZ Limit []: -1.000000 
(HZLimEarlyMars) Early Mars HZ Limit []: -1.000000 
(Instellation) Orbit-averaged INcident STELLar radiATION [kg*m^2/sec^2/(m^2*sec)]: -1.000000 
(KEcc) Poincare's k (=e*cos(varpi) []: 0.033667 
(Eccentricity) Orbital Eccentricity []: 0.041270 
(OrbEnergy) Body's Total Orbital Energy [kg*m^2/sec^2]: -6.141565e+34 
(MeanMotion) Orbital Mean Motion [/sec]: 7.671092e-05 
(OrbPeriod) Orbital Period [sec]: 8.190731e+04 
(SemiMajorAxis) Semi-major Axis [m]: 1.451340e+09 
(OrbAngMom) Orbital Angular Momentum [kg*m^2/sec]: 1.599859e+39 
(ArgP) Body's argument of pericenter [rad]: 2.960892 
(Inc) Body's Inclination [rad]: 0.031023 
(LongA) Body's Longitude of ascending node [rad]: 2.705580 
(MeanLongitude) Orbital Mean Longitude [rad]: -0.616713 
(LongP) Body's Longitude of pericenter [rad]: 5.666473 
(TotOrbEnergy) System's Total Orbital Energy [kg*m^2/sec^2]: -1.643306e+35 
(OrbPotEnergy) Body's Orbital Potential Energy [kg*m^2/sec^2]: -1.228313e+35 
----- DISTORB PARAMETERS (b)------
(Sinc) Body's sin(Inc/2) in DistOrb []: 0.015511 
(Pinc) Body's Poincare p in DistOrb []: 0.006551 
(Qinc) Body's Poincare q in DistOrb []: -0.014060 
(DIncDtDistOrb) Body's inclination derivative in DistOrb [rad/sec]: -9.103640e-12 
(DSincDtDistOrb) Body's sin(Inc/2) derivative in DistOrb [/sec]: -4.551273e-12 
(DLongADtDistOrb) Body's longitude of ascending node derivative in DistOrb [rad/sec]: -8.977612e-10 
(DLongPDtDistOrb) Body's longitude of pericenter derivative in DistOrb [rad/sec]: 6.379705e-10 
(DHeccDtDistOrb) Body's Poincare h derivative in DistOrb [/sec]: 2.081179e-11 
(DKeccDtDistOrb) Body's Poincare k in DistOrb [/sec]: 1.616847e-11 
(DPincDtDistOrb) Body's Poincare p in DistOrb [/sec]: 1.070019e-11 
(DQincDtDistOrb) Body's Poincare q in DistOrb [/sec]: 1.000644e-11 
Output Order: Time[year] TotEnergy[ergs] TotAngMom[kg*m^2/s] LongP[deg] SemiMajorAxis[au] Eccentricity[] Inc[deg] LongA[deg]
Grid Output Order:

----- BODY: c ----
Active Modules: DistOrb
Module Bit Sum: 17
Color: 000000
(Mass) Mass [kg]: 3.613245e+25 
(Radius) Radius [m]: 1.628069e+07 
(RadGyra) Radius of Gyration/Moment of Inertia Constant []: 0.400000 
(RotKinEnergy) Body's Rotational Energy [kg*m^2/sec^2]: 4.051960e+30 
(RotVel) Rotational Velocity [m/sec]: 1183.965099 
(BodyType) Type of Body (0 == planet) []: 0.000000 
(Density) Average Density [kg/m^3]: 1998.897110 
(HEcc) Poincare's h (=e*sin(varpi) []: -0.018880 
(HZLimitDryRunaway) Semi-major axis of Dry Runaway HZ Limit [m]: -1.000000 
(HZLimRecVenus) Recent Venus HZ Limit []: -1.000000 
(HZLimRunaway) Runaway Greenhouse HZ Limit []: -1.000000 
(HZLimMoistGreenhouse) Moist Greenhouse HZ Limit []: -1.000000 
(HZLimMaxGreenhouse) Maximum Greenhouse HZ Limit []: -1.000000 
(HZLimEarlyMars) Early Mars HZ Limit []: -1.000000 
(Instellation) Orbit-averaged INcident STELLar radiATION [kg*m^2/sec^2/(m^2*sec)]: -1.000000 
(KEcc) Poincare's k (=e*cos(varpi) []: 0.006104 
(Eccentricity) Orbital Eccentricity []: 0.019842 
(OrbEnergy) Body's Total Orbital Energy [kg*m^2/sec^2]: -7.400038e+34 
(MeanMotion) Orbital Mean Motion [/sec]: 1.457381e-05 
(OrbPeriod) Orbital Period [sec]: 4.311284e+05 
(SemiMajorAxis) Semi-major Axis [m]: 4.391766e+09 
(OrbAngMom) Orbital Angular Momentum [kg*m^2/sec]: 1.015325e+40 
(ArgP) Body's argument of pericenter [rad]: 0.015144 
(Inc) Body's Inclination [rad]: 0.006881 
(LongA) Body's Longitude of ascending node [rad]: 5.009945 
(MeanLongitude) Orbital Mean Longitude [rad]: -1.258096 
(LongP) Body's Longitude of pericenter [rad]: 5.025090 
(TotOrbEnergy) System's Total Orbital Energy [kg*m^2/sec^2]: -1.643306e+35 
(OrbPotEnergy) Body's Orbital Potential Energy [kg*m^2/sec^2]: -1.480008e+35 
----- DISTORB PARAMETERS (c)------
(Sinc) Body's sin(Inc/2) in DistOrb []: 0.003441 
(Pinc) Body's Poincare p in DistOrb []: -0.003289 
(Qinc) Body's Poincare q in DistOrb []: 0.001009 
(DIncDtDistOrb) Body's inclination derivative in DistOrb [rad/sec]: 4.806868e-12 
(DSincDtDistOrb) Body's sin(Inc/2) derivative in DistOrb [/sec]: 2.403420e-12 
(DLongADtDistOrb) Body's longitude of ascending node derivative in DistOrb [rad/sec]: 7.121817e-10 
(DLongPDtDistOrb) Body's longitude of pericenter derivative in DistOrb [rad/sec]: 5.436674e-10 
(DHeccDtDistOrb) Body's Poincare h derivative in DistOrb [/sec]: -3.459629e-12 
(DKeccDtDistOrb) Body's Poincare k in DistOrb [/sec]: 1.245570e-11 
(DPincDtDistOrb) Body's Poincare p in DistOrb [/sec]: -1.579408e-12 
(DQincDtDistOrb) Body's Poincare q in DistOrb [/sec]: 3.047282e-12 
Output Order: Time[year] LongP[deg] SemiMajorAxis[au] Eccentricity[] Inc[deg] LongA[deg]
Grid Output Order:

----- BODY: d ----
Active Modules: DistOrb
Module Bit Sum: 17
Color: 000000
(Mass) Mass [kg]: 9.497710e+24 
(Radius) Radius [m]: 6.579961e+06 
(RadGyra) Radius of Gyration/Moment of Inertia Constant []: 0.400000 
(RotKinEnergy) Body's Rotational Energy [kg*m^2/sec^2]: 1.739754e+29 
(RotVel) Rotational Velocity [m/sec]: 478.508292 
(BodyType) Type of Body (0 == planet) []: 0.000000 
(Density) Average Density [kg/m^3]: 7959.031922 
(HEcc) Poincare's h (=e*sin(varpi) []: 0.003730 
(HZLimitDryRunaway) Semi-major axis of Dry Runaway HZ Limit [m]: -1.000000 
(HZLimRecVenus) Recent Venus HZ Limit []: -1.000000 
(HZLimRunaway) Runaway Greenhouse HZ Limit []: -1.000000 
(HZLimMoistGreenhouse) Moist Greenhouse HZ Limit []: -1.000000 
(HZLimMaxGreenhouse) Maximum Greenhouse HZ Limit []: -1.000000 
(HZLimEarlyMars) Early Mars HZ Limit []: -1.000000 
(Instellation) Orbit-averaged INcident STELLar radiATION [kg*m^2/sec^2/(m^2*sec)]: -1.000000 
(KEcc) Poincare's k (=e*cos(varpi) []: 0.014872 
(Eccentricity) Orbital Eccentricity []: 0.015333 
(OrbEnergy) Body's Total Orbital Energy [kg*m^2/sec^2]: -2.891452e+34 
(MeanMotion) Orbital Mean Motion [/sec]: 2.641147e-05 
(OrbPeriod) Orbital Period [sec]: 2.378961e+05 
(SemiMajorAxis) Semi-major Axis [m]: 2.954464e+09 
(OrbAngMom) Orbital Angular Momentum [kg*m^2/sec]: 2.189285e+39 
(ArgP) Body's argument of pericenter [rad]: 1.856519 
(Inc) Body's Inclination [rad]: 0.019651 
(LongA) Body's Longitude of ascending node [rad]: 4.672399 
(MeanLongitude) Orbital Mean Longitude [rad]: 0.245733 
(LongP) Body's Longitude of pericenter [rad]: 0.245733 
(TotOrbEnergy) System's Total Orbital Energy [kg*m^2/sec^2]: -1.643306e+35 
(OrbPotEnergy) Body's Orbital Potential Energy [kg*m^2/sec^2]: -5.782904e+34 
----- DISTORB PARAMETERS (d)------
(Sinc) Body's sin(Inc/2) in DistOrb []: 0.009826 
(Pinc) Body's Poincare p in DistOrb []: -0.009818 
(Qinc) Body's Poincare q in DistOrb []: -0.000393 
(DIncDtDistOrb) Body's inclination derivative in DistOrb [rad/sec]: 2.691437e-12 
(DSincDtDistOrb) Body's sin(Inc/2) derivative in DistOrb [/sec]: 1.345654e-12 
(DLongADtDistOrb) Body's longitude of ascending node derivative in DistOrb [rad/sec]: -2.178843e-09 
(DLongPDtDistOrb) Body's longitude of pericenter derivative in DistOrb [rad/sec]: 2.352772e-09 
(DHeccDtDistOrb) Body's Poincare h derivative in DistOrb [/sec]: 2.403507e-11 
(DKeccDtDistOrb) Body's Poincare k in DistOrb [/sec]: -5.246116e-11 
(DPincDtDistOrb) Body's Poincare p in DistOrb [/sec]: -4.886943e-13 
(DQincDtDistOrb) Body's Poincare q in DistOrb [/sec]: -2.144504e-11 
Output Order: Time[year] LongP[deg] SemiMajorAxis[au] Eccentricity[] Inc[deg] LongA[deg]
Grid Output Order:
